19:45:40 DEBUG : Logs will be stored at 'D:/ITCL_video/movDataZynq/prj_vitis/Wr_direct/IDE.log'.
19:45:51 INFO  : Launching XSCT server: xsct.bat -n  -interactive D:\ITCL_video\movDataZynq\prj_vitis\Wr_direct\temp_xsdb_launch_script.tcl
19:45:51 INFO  : Registering command handlers for Vitis TCF services
19:45:55 INFO  : Platform repository initialization has completed.
19:45:57 INFO  : XSCT server has started successfully.
19:45:57 INFO  : plnx-install-location is set to ''
19:46:00 INFO  : Successfully done setting XSCT server connection channel  
19:46:00 INFO  : Successfully done query RDI_DATADIR 
19:46:00 INFO  : Successfully done setting workspace for the tool. 
19:47:46 INFO  : Result from executing command 'getProjects': platfm
19:47:46 INFO  : Result from executing command 'getPlatforms': xilinx_vck190_base_202310_1|C:/Xilinx/Vitis/2023.1/base_platforms/xilinx_vck190_base_202310_1/xilinx_vck190_base_202310_1.xpfm;xilinx_vck190_base_dfx_202310_1|C:/Xilinx/Vitis/2023.1/base_platforms/xilinx_vck190_base_dfx_202310_1/xilinx_vck190_base_dfx_202310_1.xpfm;xilinx_vek280_es1_base_202310_1|C:/Xilinx/Vitis/2023.1/base_platforms/xilinx_vek280_es1_base_202310_1/xilinx_vek280_es1_base_202310_1.xpfm;xilinx_vmk180_base_202310_1|C:/Xilinx/Vitis/2023.1/base_platforms/xilinx_vmk180_base_202310_1/xilinx_vmk180_base_202310_1.xpfm;xilinx_zcu102_base_202310_1|C:/Xilinx/Vitis/2023.1/base_platforms/xilinx_zcu102_base_202310_1/xilinx_zcu102_base_202310_1.xpfm;xilinx_zcu102_base_dfx_202310_1|C:/Xilinx/Vitis/2023.1/base_platforms/xilinx_zcu102_base_dfx_202310_1/xilinx_zcu102_base_dfx_202310_1.xpfm;xilinx_zcu104_base_202310_1|C:/Xilinx/Vitis/2023.1/base_platforms/xilinx_zcu104_base_202310_1/xilinx_zcu104_base_202310_1.xpfm
19:50:18 INFO  : Result from executing command 'getProjects': platfm
19:50:18 INFO  : Result from executing command 'getPlatforms': platfm|D:/ITCL_video/movDataZynq/prj_vitis/Wr_direct/platfm/export/platfm/platfm.xpfm;xilinx_vck190_base_202310_1|C:/Xilinx/Vitis/2023.1/base_platforms/xilinx_vck190_base_202310_1/xilinx_vck190_base_202310_1.xpfm;xilinx_vck190_base_dfx_202310_1|C:/Xilinx/Vitis/2023.1/base_platforms/xilinx_vck190_base_dfx_202310_1/xilinx_vck190_base_dfx_202310_1.xpfm;xilinx_vek280_es1_base_202310_1|C:/Xilinx/Vitis/2023.1/base_platforms/xilinx_vek280_es1_base_202310_1/xilinx_vek280_es1_base_202310_1.xpfm;xilinx_vmk180_base_202310_1|C:/Xilinx/Vitis/2023.1/base_platforms/xilinx_vmk180_base_202310_1/xilinx_vmk180_base_202310_1.xpfm;xilinx_zcu102_base_202310_1|C:/Xilinx/Vitis/2023.1/base_platforms/xilinx_zcu102_base_202310_1/xilinx_zcu102_base_202310_1.xpfm;xilinx_zcu102_base_dfx_202310_1|C:/Xilinx/Vitis/2023.1/base_platforms/xilinx_zcu102_base_dfx_202310_1/xilinx_zcu102_base_dfx_202310_1.xpfm;xilinx_zcu104_base_202310_1|C:/Xilinx/Vitis/2023.1/base_platforms/xilinx_zcu104_base_202310_1/xilinx_zcu104_base_202310_1.xpfm
19:50:21 INFO  : Checking for BSP changes to sync application flags for project 'app'...
19:51:11 INFO  : Checking for BSP changes to sync application flags for project 'app'...
19:52:02 INFO  : Checking for BSP changes to sync application flags for project 'app'...
19:53:19 INFO  : Checking for BSP changes to sync application flags for project 'app'...
19:53:37 INFO  : Connected to target on host '127.0.0.1' and port '3121'.
19:53:37 INFO  : Jtag cable 'Digilent Zybo Z7 210351A6B445A' is selected.
19:53:37 INFO  : 'jtag frequency' command is executed.
19:53:37 INFO  : Context for 'APU' is selected.
19:53:37 INFO  : System reset is completed.
19:53:40 INFO  : 'after 3000' command is executed.
19:53:41 INFO  : 'targets -set -filter {jtag_cable_name =~ "Digilent Zybo Z7 210351A6B445A" && level==0 && jtag_device_ctx=="jsn-Zybo Z7-210351A6B445A-23727093-0"}' command is executed.
19:53:43 INFO  : Device configured successfully with "D:/ITCL_video/movDataZynq/prj_vitis/Wr_direct/app/_ide/bitstream/design_1_wrapper.bit"
19:53:43 INFO  : Context for 'APU' is selected.
19:53:43 INFO  : Hardware design and registers information is loaded from 'D:/ITCL_video/movDataZynq/prj_vitis/Wr_direct/platfm/export/platfm/hw/design_1_wrapper.xsa'.
19:53:43 INFO  : 'configparams force-mem-access 1' command is executed.
19:53:43 INFO  : Context for 'APU' is selected.
19:53:43 INFO  : Sourcing of 'D:/ITCL_video/movDataZynq/prj_vitis/Wr_direct/app/_ide/psinit/ps7_init.tcl' is done.
19:53:44 INFO  : 'ps7_init' command is executed.
19:53:44 INFO  : 'ps7_post_config' command is executed.
19:53:44 INFO  : Context for processor 'ps7_cortexa9_0' is selected.
19:53:46 INFO  : The application 'D:/ITCL_video/movDataZynq/prj_vitis/Wr_direct/app/Debug/app.elf' is downloaded to processor 'ps7_cortexa9_0'.
19:53:46 INFO  : 'configparams force-mem-access 0' command is executed.
19:53:46 INFO  : ----------------XSDB Script----------------
connect -url tcp:127.0.0.1:3121
targets -set -nocase -filter {name =~"APU*"}
rst -system
after 3000
targets -set -filter {jtag_cable_name =~ "Digilent Zybo Z7 210351A6B445A" && level==0 && jtag_device_ctx=="jsn-Zybo Z7-210351A6B445A-23727093-0"}
fpga -file D:/ITCL_video/movDataZynq/prj_vitis/Wr_direct/app/_ide/bitstream/design_1_wrapper.bit
targets -set -nocase -filter {name =~"APU*"}
loadhw -hw D:/ITCL_video/movDataZynq/prj_vitis/Wr_direct/platfm/export/platfm/hw/design_1_wrapper.xsa -mem-ranges [list {0x40000000 0xbfffffff}] -regs
configparams force-mem-access 1
targets -set -nocase -filter {name =~"APU*"}
source D:/ITCL_video/movDataZynq/prj_vitis/Wr_direct/app/_ide/psinit/ps7_init.tcl
ps7_init
ps7_post_config
targets -set -nocase -filter {name =~ "*A9*#0"}
dow D:/ITCL_video/movDataZynq/prj_vitis/Wr_direct/app/Debug/app.elf
configparams force-mem-access 0
----------------End of Script----------------

19:53:46 INFO  : Context for processor 'ps7_cortexa9_0' is selected.
19:53:46 INFO  : 'con' command is executed.
19:53:46 INFO  : ----------------XSDB Script (After Launch)----------------
targets -set -nocase -filter {name =~ "*A9*#0"}
con
----------------End of Script----------------

19:53:46 INFO  : Launch script is exported to file 'D:\ITCL_video\movDataZynq\prj_vitis\Wr_direct\app_system\_ide\scripts\debugger_app-default.tcl'
19:54:08 INFO  : Disconnected from the channel tcfchan#2.
19:54:09 INFO  : Connected to target on host '127.0.0.1' and port '3121'.
19:54:19 INFO  : ----------------XSDB Script----------------
connect -url tcp:127.0.0.1:3121
----------------End of Script----------------

19:54:19 ERROR : Could not find ARM device on the board for connection 'Local'.
Check if the target is in:
1. Split JTAG - No operations are possible with ARM DAP.
2. Non JTAG bootmode - Bootrom may need time to enable DAP.
Please try again.


Troubleshooting hints:
1. Check whether board is connected to system properly.
2. In case of zynq board, check whether Digilent/Xilinx cable switch settings are correct.
3. If you are using Xilinx Platform Cable USB, ensure that status LED is green.
19:57:46 INFO  : Connected to target on host '127.0.0.1' and port '3121'.
19:57:47 INFO  : Jtag cable 'Digilent Zybo Z7 210351A6B445A' is selected.
19:57:47 INFO  : 'jtag frequency' command is executed.
19:57:47 INFO  : Context for 'APU' is selected.
19:57:47 INFO  : System reset is completed.
19:57:50 INFO  : 'after 3000' command is executed.
19:57:50 INFO  : 'targets -set -filter {jtag_cable_name =~ "Digilent Zybo Z7 210351A6B445A" && level==0 && jtag_device_ctx=="jsn-Zybo Z7-210351A6B445A-23727093-0"}' command is executed.
19:57:52 INFO  : Device configured successfully with "D:/ITCL_video/movDataZynq/prj_vitis/Wr_direct/app/_ide/bitstream/design_1_wrapper.bit"
19:57:52 INFO  : Context for 'APU' is selected.
19:57:52 INFO  : Hardware design and registers information is loaded from 'D:/ITCL_video/movDataZynq/prj_vitis/Wr_direct/platfm/export/platfm/hw/design_1_wrapper.xsa'.
19:57:52 INFO  : 'configparams force-mem-access 1' command is executed.
19:57:52 INFO  : Context for 'APU' is selected.
19:57:52 INFO  : Sourcing of 'D:/ITCL_video/movDataZynq/prj_vitis/Wr_direct/app/_ide/psinit/ps7_init.tcl' is done.
19:57:53 INFO  : 'ps7_init' command is executed.
19:57:53 INFO  : 'ps7_post_config' command is executed.
19:57:53 INFO  : Context for processor 'ps7_cortexa9_0' is selected.
19:57:55 INFO  : The application 'D:/ITCL_video/movDataZynq/prj_vitis/Wr_direct/app/Debug/app.elf' is downloaded to processor 'ps7_cortexa9_0'.
19:57:55 INFO  : 'configparams force-mem-access 0' command is executed.
19:57:55 INFO  : ----------------XSDB Script----------------
connect -url tcp:127.0.0.1:3121
targets -set -nocase -filter {name =~"APU*"}
rst -system
after 3000
targets -set -filter {jtag_cable_name =~ "Digilent Zybo Z7 210351A6B445A" && level==0 && jtag_device_ctx=="jsn-Zybo Z7-210351A6B445A-23727093-0"}
fpga -file D:/ITCL_video/movDataZynq/prj_vitis/Wr_direct/app/_ide/bitstream/design_1_wrapper.bit
targets -set -nocase -filter {name =~"APU*"}
loadhw -hw D:/ITCL_video/movDataZynq/prj_vitis/Wr_direct/platfm/export/platfm/hw/design_1_wrapper.xsa -mem-ranges [list {0x40000000 0xbfffffff}] -regs
configparams force-mem-access 1
targets -set -nocase -filter {name =~"APU*"}
source D:/ITCL_video/movDataZynq/prj_vitis/Wr_direct/app/_ide/psinit/ps7_init.tcl
ps7_init
ps7_post_config
targets -set -nocase -filter {name =~ "*A9*#0"}
dow D:/ITCL_video/movDataZynq/prj_vitis/Wr_direct/app/Debug/app.elf
configparams force-mem-access 0
----------------End of Script----------------

19:57:55 INFO  : Context for processor 'ps7_cortexa9_0' is selected.
19:57:55 INFO  : 'con' command is executed.
19:57:55 INFO  : ----------------XSDB Script (After Launch)----------------
targets -set -nocase -filter {name =~ "*A9*#0"}
con
----------------End of Script----------------

19:57:55 INFO  : Launch script is exported to file 'D:\ITCL_video\movDataZynq\prj_vitis\Wr_direct\app_system\_ide\scripts\debugger_app-default.tcl'
19:59:24 INFO  : Disconnected from the channel tcfchan#3.
19:59:26 INFO  : 'targets -set -filter {jtag_cable_name =~ "Digilent Zybo Z7 210351A6B445A" && level==0 && jtag_device_ctx=="jsn-Zybo Z7-210351A6B445A-23727093-0"}' command is executed.
19:59:26 INFO  : 'fpga -state' command is executed.
19:59:26 INFO  : Connected to target on host '127.0.0.1' and port '3121'.
19:59:35 INFO  : ----------------XSDB Script----------------
connect -url tcp:127.0.0.1:3121
----------------End of Script----------------

19:59:35 ERROR : Could not find ARM device on the board for connection 'Local'.
Check if the target is in:
1. Split JTAG - No operations are possible with ARM DAP.
2. Non JTAG bootmode - Bootrom may need time to enable DAP.
Please try again.


Troubleshooting hints:
1. Check whether board is connected to system properly.
2. In case of zynq board, check whether Digilent/Xilinx cable switch settings are correct.
3. If you are using Xilinx Platform Cable USB, ensure that status LED is green.
19:59:41 INFO  : 'targets -set -filter {jtag_cable_name =~ "Digilent Zybo Z7 210351A6B445A" && level==0 && jtag_device_ctx=="jsn-Zybo Z7-210351A6B445A-23727093-0"}' command is executed.
19:59:41 INFO  : 'fpga -state' command is executed.
19:59:41 INFO  : Connected to target on host '127.0.0.1' and port '3121'.
19:59:42 INFO  : Jtag cable 'Digilent Zybo Z7 210351A6B445A' is selected.
19:59:42 INFO  : 'jtag frequency' command is executed.
19:59:42 INFO  : Context for 'APU' is selected.
19:59:42 INFO  : Hardware design and registers information is loaded from 'D:/ITCL_video/movDataZynq/prj_vitis/Wr_direct/platfm/export/platfm/hw/design_1_wrapper.xsa'.
19:59:42 INFO  : 'configparams force-mem-access 1' command is executed.
19:59:42 INFO  : Context for 'APU' is selected.
19:59:42 INFO  : 'stop' command is executed.
19:59:42 INFO  : Context for processor 'ps7_cortexa9_0' is selected.
19:59:42 INFO  : Processor reset is completed for 'ps7_cortexa9_0'.
19:59:42 INFO  : Context for processor 'ps7_cortexa9_0' is selected.
19:59:43 INFO  : The application 'D:/ITCL_video/movDataZynq/prj_vitis/Wr_direct/app/Debug/app.elf' is downloaded to processor 'ps7_cortexa9_0'.
19:59:43 INFO  : 'configparams force-mem-access 0' command is executed.
19:59:43 INFO  : ----------------XSDB Script----------------
connect -url tcp:127.0.0.1:3121
targets -set -nocase -filter {name =~"APU*"}
loadhw -hw D:/ITCL_video/movDataZynq/prj_vitis/Wr_direct/platfm/export/platfm/hw/design_1_wrapper.xsa -mem-ranges [list {0x40000000 0xbfffffff}] -regs
configparams force-mem-access 1
targets -set -nocase -filter {name =~"APU*"}
stop
targets -set -nocase -filter {name =~ "*A9*#0"}
rst -processor
targets -set -nocase -filter {name =~ "*A9*#0"}
dow D:/ITCL_video/movDataZynq/prj_vitis/Wr_direct/app/Debug/app.elf
configparams force-mem-access 0
----------------End of Script----------------

19:59:43 INFO  : Context for processor 'ps7_cortexa9_0' is selected.
19:59:44 INFO  : 'con' command is executed.
19:59:44 INFO  : ----------------XSDB Script (After Launch)----------------
targets -set -nocase -filter {name =~ "*A9*#0"}
con
----------------End of Script----------------

19:59:44 INFO  : Launch script is exported to file 'D:\ITCL_video\movDataZynq\prj_vitis\Wr_direct\app_system\_ide\scripts\app-noreset.tcl'
20:00:59 INFO  : Checking for BSP changes to sync application flags for project 'app'...
20:01:06 INFO  : Disconnected from the channel tcfchan#4.
20:01:07 INFO  : 'targets -set -filter {jtag_cable_name =~ "Digilent Zybo Z7 210351A6B445A" && level==0 && jtag_device_ctx=="jsn-Zybo Z7-210351A6B445A-23727093-0"}' command is executed.
20:01:07 ERROR : No supported FPGA device found
20:01:07 ERROR : No supported FPGA device found
20:01:21 INFO  : 'targets -set -filter {jtag_cable_name =~ "Digilent Zybo Z7 210351A6B445A" && level==0 && jtag_device_ctx=="jsn-Zybo Z7-210351A6B445A-23727093-0"}' command is executed.
20:01:21 INFO  : 'fpga -state' command is executed.
20:01:21 INFO  : Connected to target on host '127.0.0.1' and port '3121'.
20:01:21 INFO  : Jtag cable 'Digilent Zybo Z7 210351A6B445A' is selected.
20:01:21 INFO  : 'jtag frequency' command is executed.
20:01:21 INFO  : Context for 'APU' is selected.
20:01:21 INFO  : Hardware design and registers information is loaded from 'D:/ITCL_video/movDataZynq/prj_vitis/Wr_direct/platfm/export/platfm/hw/design_1_wrapper.xsa'.
20:01:21 INFO  : 'configparams force-mem-access 1' command is executed.
20:01:21 INFO  : Context for 'APU' is selected.
20:01:22 INFO  : 'stop' command is executed.
20:01:22 INFO  : Context for processor 'ps7_cortexa9_0' is selected.
20:01:22 INFO  : Processor reset is completed for 'ps7_cortexa9_0'.
20:01:22 INFO  : Context for processor 'ps7_cortexa9_0' is selected.
20:01:23 INFO  : The application 'D:/ITCL_video/movDataZynq/prj_vitis/Wr_direct/app/Debug/app.elf' is downloaded to processor 'ps7_cortexa9_0'.
20:01:23 INFO  : 'configparams force-mem-access 0' command is executed.
20:01:23 INFO  : ----------------XSDB Script----------------
connect -url tcp:127.0.0.1:3121
targets -set -nocase -filter {name =~"APU*"}
loadhw -hw D:/ITCL_video/movDataZynq/prj_vitis/Wr_direct/platfm/export/platfm/hw/design_1_wrapper.xsa -mem-ranges [list {0x40000000 0xbfffffff}] -regs
configparams force-mem-access 1
targets -set -nocase -filter {name =~"APU*"}
stop
targets -set -nocase -filter {name =~ "*A9*#0"}
rst -processor
targets -set -nocase -filter {name =~ "*A9*#0"}
dow D:/ITCL_video/movDataZynq/prj_vitis/Wr_direct/app/Debug/app.elf
configparams force-mem-access 0
----------------End of Script----------------

20:01:23 INFO  : Context for processor 'ps7_cortexa9_0' is selected.
20:01:23 INFO  : 'con' command is executed.
20:01:23 INFO  : ----------------XSDB Script (After Launch)----------------
targets -set -nocase -filter {name =~ "*A9*#0"}
con
----------------End of Script----------------

20:01:23 INFO  : Launch script is exported to file 'D:\ITCL_video\movDataZynq\prj_vitis\Wr_direct\app_system\_ide\scripts\app-noreset.tcl'
20:03:18 INFO  : Checking for BSP changes to sync application flags for project 'app'...
20:12:53 INFO  : Checking for BSP changes to sync application flags for project 'app'...
20:13:55 INFO  : Checking for BSP changes to sync application flags for project 'app'...
20:14:07 INFO  : Disconnected from the channel tcfchan#5.
20:14:10 INFO  : 'targets -set -filter {jtag_cable_name =~ "Digilent Zybo Z7 210351A6B445A" && level==0 && jtag_device_ctx=="jsn-Zybo Z7-210351A6B445A-23727093-0"}' command is executed.
20:14:10 INFO  : 'fpga -state' command is executed.
20:14:10 INFO  : Connected to target on host '127.0.0.1' and port '3121'.
20:14:10 INFO  : Jtag cable 'Digilent Zybo Z7 210351A6B445A' is selected.
20:14:10 INFO  : 'jtag frequency' command is executed.
20:14:10 INFO  : Context for 'APU' is selected.
20:14:10 INFO  : Hardware design and registers information is loaded from 'D:/ITCL_video/movDataZynq/prj_vitis/Wr_direct/platfm/export/platfm/hw/design_1_wrapper.xsa'.
20:14:10 INFO  : 'configparams force-mem-access 1' command is executed.
20:14:10 INFO  : Context for 'APU' is selected.
20:14:10 INFO  : 'stop' command is executed.
20:14:10 INFO  : Context for processor 'ps7_cortexa9_0' is selected.
20:14:10 INFO  : Processor reset is completed for 'ps7_cortexa9_0'.
20:14:10 INFO  : Context for processor 'ps7_cortexa9_0' is selected.
20:14:12 INFO  : The application 'D:/ITCL_video/movDataZynq/prj_vitis/Wr_direct/app/Debug/app.elf' is downloaded to processor 'ps7_cortexa9_0'.
20:14:12 INFO  : 'configparams force-mem-access 0' command is executed.
20:14:12 INFO  : ----------------XSDB Script----------------
connect -url tcp:127.0.0.1:3121
targets -set -nocase -filter {name =~"APU*"}
loadhw -hw D:/ITCL_video/movDataZynq/prj_vitis/Wr_direct/platfm/export/platfm/hw/design_1_wrapper.xsa -mem-ranges [list {0x40000000 0xbfffffff}] -regs
configparams force-mem-access 1
targets -set -nocase -filter {name =~"APU*"}
stop
targets -set -nocase -filter {name =~ "*A9*#0"}
rst -processor
targets -set -nocase -filter {name =~ "*A9*#0"}
dow D:/ITCL_video/movDataZynq/prj_vitis/Wr_direct/app/Debug/app.elf
configparams force-mem-access 0
----------------End of Script----------------

20:14:12 INFO  : Context for processor 'ps7_cortexa9_0' is selected.
20:14:12 INFO  : 'con' command is executed.
20:14:12 INFO  : ----------------XSDB Script (After Launch)----------------
targets -set -nocase -filter {name =~ "*A9*#0"}
con
----------------End of Script----------------

20:14:12 INFO  : Launch script is exported to file 'D:\ITCL_video\movDataZynq\prj_vitis\Wr_direct\app_system\_ide\scripts\app-noreset.tcl'
20:17:26 INFO  : Checking for BSP changes to sync application flags for project 'app'...
20:17:33 INFO  : Disconnected from the channel tcfchan#6.
20:17:34 INFO  : 'targets -set -filter {jtag_cable_name =~ "Digilent Zybo Z7 210351A6B445A" && level==0 && jtag_device_ctx=="jsn-Zybo Z7-210351A6B445A-23727093-0"}' command is executed.
20:17:34 INFO  : 'fpga -state' command is executed.
20:17:34 INFO  : Connected to target on host '127.0.0.1' and port '3121'.
20:17:34 INFO  : Jtag cable 'Digilent Zybo Z7 210351A6B445A' is selected.
20:17:34 INFO  : 'jtag frequency' command is executed.
20:17:34 INFO  : Context for 'APU' is selected.
20:17:34 INFO  : Hardware design and registers information is loaded from 'D:/ITCL_video/movDataZynq/prj_vitis/Wr_direct/platfm/export/platfm/hw/design_1_wrapper.xsa'.
20:17:34 INFO  : 'configparams force-mem-access 1' command is executed.
20:17:34 INFO  : Context for 'APU' is selected.
20:17:34 INFO  : 'stop' command is executed.
20:17:34 INFO  : Context for processor 'ps7_cortexa9_0' is selected.
20:17:34 INFO  : Processor reset is completed for 'ps7_cortexa9_0'.
20:17:34 INFO  : Context for processor 'ps7_cortexa9_0' is selected.
20:17:36 INFO  : The application 'D:/ITCL_video/movDataZynq/prj_vitis/Wr_direct/app/Debug/app.elf' is downloaded to processor 'ps7_cortexa9_0'.
20:17:36 INFO  : 'configparams force-mem-access 0' command is executed.
20:17:36 INFO  : ----------------XSDB Script----------------
connect -url tcp:127.0.0.1:3121
targets -set -nocase -filter {name =~"APU*"}
loadhw -hw D:/ITCL_video/movDataZynq/prj_vitis/Wr_direct/platfm/export/platfm/hw/design_1_wrapper.xsa -mem-ranges [list {0x40000000 0xbfffffff}] -regs
configparams force-mem-access 1
targets -set -nocase -filter {name =~"APU*"}
stop
targets -set -nocase -filter {name =~ "*A9*#0"}
rst -processor
targets -set -nocase -filter {name =~ "*A9*#0"}
dow D:/ITCL_video/movDataZynq/prj_vitis/Wr_direct/app/Debug/app.elf
configparams force-mem-access 0
----------------End of Script----------------

20:17:36 INFO  : Context for processor 'ps7_cortexa9_0' is selected.
20:17:36 INFO  : 'con' command is executed.
20:17:36 INFO  : ----------------XSDB Script (After Launch)----------------
targets -set -nocase -filter {name =~ "*A9*#0"}
con
----------------End of Script----------------

20:17:36 INFO  : Launch script is exported to file 'D:\ITCL_video\movDataZynq\prj_vitis\Wr_direct\app_system\_ide\scripts\app-noreset.tcl'
20:19:14 INFO  : Checking for BSP changes to sync application flags for project 'app'...
20:19:48 INFO  : Checking for BSP changes to sync application flags for project 'app'...
20:19:55 INFO  : Disconnected from the channel tcfchan#7.
20:19:56 INFO  : 'targets -set -filter {jtag_cable_name =~ "Digilent Zybo Z7 210351A6B445A" && level==0 && jtag_device_ctx=="jsn-Zybo Z7-210351A6B445A-23727093-0"}' command is executed.
20:19:56 INFO  : 'fpga -state' command is executed.
20:19:56 INFO  : Connected to target on host '127.0.0.1' and port '3121'.
20:19:56 INFO  : Jtag cable 'Digilent Zybo Z7 210351A6B445A' is selected.
20:19:56 INFO  : 'jtag frequency' command is executed.
20:19:56 INFO  : Context for 'APU' is selected.
20:19:56 INFO  : Hardware design and registers information is loaded from 'D:/ITCL_video/movDataZynq/prj_vitis/Wr_direct/platfm/export/platfm/hw/design_1_wrapper.xsa'.
20:19:56 INFO  : 'configparams force-mem-access 1' command is executed.
20:19:56 INFO  : Context for 'APU' is selected.
20:19:56 INFO  : 'stop' command is executed.
20:19:56 INFO  : Context for processor 'ps7_cortexa9_0' is selected.
20:19:56 INFO  : Processor reset is completed for 'ps7_cortexa9_0'.
20:19:56 INFO  : Context for processor 'ps7_cortexa9_0' is selected.
20:19:58 INFO  : The application 'D:/ITCL_video/movDataZynq/prj_vitis/Wr_direct/app/Debug/app.elf' is downloaded to processor 'ps7_cortexa9_0'.
20:19:58 INFO  : 'configparams force-mem-access 0' command is executed.
20:19:58 INFO  : ----------------XSDB Script----------------
connect -url tcp:127.0.0.1:3121
targets -set -nocase -filter {name =~"APU*"}
loadhw -hw D:/ITCL_video/movDataZynq/prj_vitis/Wr_direct/platfm/export/platfm/hw/design_1_wrapper.xsa -mem-ranges [list {0x40000000 0xbfffffff}] -regs
configparams force-mem-access 1
targets -set -nocase -filter {name =~"APU*"}
stop
targets -set -nocase -filter {name =~ "*A9*#0"}
rst -processor
targets -set -nocase -filter {name =~ "*A9*#0"}
dow D:/ITCL_video/movDataZynq/prj_vitis/Wr_direct/app/Debug/app.elf
configparams force-mem-access 0
----------------End of Script----------------

20:19:58 INFO  : Context for processor 'ps7_cortexa9_0' is selected.
20:19:58 INFO  : 'con' command is executed.
20:19:58 INFO  : ----------------XSDB Script (After Launch)----------------
targets -set -nocase -filter {name =~ "*A9*#0"}
con
----------------End of Script----------------

20:19:58 INFO  : Launch script is exported to file 'D:\ITCL_video\movDataZynq\prj_vitis\Wr_direct\app_system\_ide\scripts\app-noreset.tcl'
20:20:13 INFO  : Checking for BSP changes to sync application flags for project 'app'...
20:20:35 INFO  : Disconnected from the channel tcfchan#8.
20:20:36 INFO  : 'targets -set -filter {jtag_cable_name =~ "Digilent Zybo Z7 210351A6B445A" && level==0 && jtag_device_ctx=="jsn-Zybo Z7-210351A6B445A-23727093-0"}' command is executed.
20:20:36 INFO  : 'fpga -state' command is executed.
20:20:36 INFO  : Connected to target on host '127.0.0.1' and port '3121'.
20:20:36 INFO  : Jtag cable 'Digilent Zybo Z7 210351A6B445A' is selected.
20:20:36 INFO  : 'jtag frequency' command is executed.
20:20:36 INFO  : Context for 'APU' is selected.
20:20:36 INFO  : Hardware design and registers information is loaded from 'D:/ITCL_video/movDataZynq/prj_vitis/Wr_direct/platfm/export/platfm/hw/design_1_wrapper.xsa'.
20:20:36 INFO  : 'configparams force-mem-access 1' command is executed.
20:20:36 INFO  : Context for 'APU' is selected.
20:20:36 INFO  : 'stop' command is executed.
20:20:36 INFO  : Context for processor 'ps7_cortexa9_0' is selected.
20:20:36 INFO  : Processor reset is completed for 'ps7_cortexa9_0'.
20:20:36 INFO  : Context for processor 'ps7_cortexa9_0' is selected.
20:20:38 INFO  : The application 'D:/ITCL_video/movDataZynq/prj_vitis/Wr_direct/app/Debug/app.elf' is downloaded to processor 'ps7_cortexa9_0'.
20:20:38 INFO  : 'configparams force-mem-access 0' command is executed.
20:20:38 INFO  : ----------------XSDB Script----------------
connect -url tcp:127.0.0.1:3121
targets -set -nocase -filter {name =~"APU*"}
loadhw -hw D:/ITCL_video/movDataZynq/prj_vitis/Wr_direct/platfm/export/platfm/hw/design_1_wrapper.xsa -mem-ranges [list {0x40000000 0xbfffffff}] -regs
configparams force-mem-access 1
targets -set -nocase -filter {name =~"APU*"}
stop
targets -set -nocase -filter {name =~ "*A9*#0"}
rst -processor
targets -set -nocase -filter {name =~ "*A9*#0"}
dow D:/ITCL_video/movDataZynq/prj_vitis/Wr_direct/app/Debug/app.elf
configparams force-mem-access 0
----------------End of Script----------------

20:20:38 INFO  : Context for processor 'ps7_cortexa9_0' is selected.
20:20:38 INFO  : 'con' command is executed.
20:20:38 INFO  : ----------------XSDB Script (After Launch)----------------
targets -set -nocase -filter {name =~ "*A9*#0"}
con
----------------End of Script----------------

20:20:38 INFO  : Launch script is exported to file 'D:\ITCL_video\movDataZynq\prj_vitis\Wr_direct\app_system\_ide\scripts\app-noreset.tcl'
20:21:55 INFO  : Checking for BSP changes to sync application flags for project 'app'...
20:22:03 INFO  : Disconnected from the channel tcfchan#9.
20:22:04 INFO  : 'targets -set -filter {jtag_cable_name =~ "Digilent Zybo Z7 210351A6B445A" && level==0 && jtag_device_ctx=="jsn-Zybo Z7-210351A6B445A-23727093-0"}' command is executed.
20:22:04 INFO  : 'fpga -state' command is executed.
20:22:04 INFO  : Connected to target on host '127.0.0.1' and port '3121'.
20:22:13 INFO  : ----------------XSDB Script----------------
connect -url tcp:127.0.0.1:3121
----------------End of Script----------------

20:22:13 ERROR : Could not find ARM device on the board for connection 'Local'.
Check if the target is in:
1. Split JTAG - No operations are possible with ARM DAP.
2. Non JTAG bootmode - Bootrom may need time to enable DAP.
Please try again.


Troubleshooting hints:
1. Check whether board is connected to system properly.
2. In case of zynq board, check whether Digilent/Xilinx cable switch settings are correct.
3. If you are using Xilinx Platform Cable USB, ensure that status LED is green.
20:22:19 INFO  : 'targets -set -filter {jtag_cable_name =~ "Digilent Zybo Z7 210351A6B445A" && level==0 && jtag_device_ctx=="jsn-Zybo Z7-210351A6B445A-23727093-0"}' command is executed.
20:22:19 INFO  : 'fpga -state' command is executed.
20:22:19 INFO  : Connected to target on host '127.0.0.1' and port '3121'.
20:22:19 INFO  : Jtag cable 'Digilent Zybo Z7 210351A6B445A' is selected.
20:22:19 INFO  : 'jtag frequency' command is executed.
20:22:19 INFO  : Context for 'APU' is selected.
20:22:19 INFO  : Hardware design and registers information is loaded from 'D:/ITCL_video/movDataZynq/prj_vitis/Wr_direct/platfm/export/platfm/hw/design_1_wrapper.xsa'.
20:22:19 INFO  : 'configparams force-mem-access 1' command is executed.
20:22:19 INFO  : Context for 'APU' is selected.
20:22:19 INFO  : 'stop' command is executed.
20:22:19 INFO  : Context for processor 'ps7_cortexa9_0' is selected.
20:22:19 INFO  : Processor reset is completed for 'ps7_cortexa9_0'.
20:22:20 INFO  : Context for processor 'ps7_cortexa9_0' is selected.
20:22:21 INFO  : The application 'D:/ITCL_video/movDataZynq/prj_vitis/Wr_direct/app/Debug/app.elf' is downloaded to processor 'ps7_cortexa9_0'.
20:22:21 INFO  : 'configparams force-mem-access 0' command is executed.
20:22:21 INFO  : ----------------XSDB Script----------------
connect -url tcp:127.0.0.1:3121
targets -set -nocase -filter {name =~"APU*"}
loadhw -hw D:/ITCL_video/movDataZynq/prj_vitis/Wr_direct/platfm/export/platfm/hw/design_1_wrapper.xsa -mem-ranges [list {0x40000000 0xbfffffff}] -regs
configparams force-mem-access 1
targets -set -nocase -filter {name =~"APU*"}
stop
targets -set -nocase -filter {name =~ "*A9*#0"}
rst -processor
targets -set -nocase -filter {name =~ "*A9*#0"}
dow D:/ITCL_video/movDataZynq/prj_vitis/Wr_direct/app/Debug/app.elf
configparams force-mem-access 0
----------------End of Script----------------

20:22:21 INFO  : Context for processor 'ps7_cortexa9_0' is selected.
20:22:21 INFO  : 'con' command is executed.
20:22:21 INFO  : ----------------XSDB Script (After Launch)----------------
targets -set -nocase -filter {name =~ "*A9*#0"}
con
----------------End of Script----------------

20:22:21 INFO  : Launch script is exported to file 'D:\ITCL_video\movDataZynq\prj_vitis\Wr_direct\app_system\_ide\scripts\app-noreset.tcl'
20:26:53 INFO  : Checking for BSP changes to sync application flags for project 'app'...
20:27:20 INFO  : Checking for BSP changes to sync application flags for project 'app'...
20:27:32 INFO  : Disconnected from the channel tcfchan#10.
20:27:33 INFO  : 'targets -set -filter {jtag_cable_name =~ "Digilent Zybo Z7 210351A6B445A" && level==0 && jtag_device_ctx=="jsn-Zybo Z7-210351A6B445A-23727093-0"}' command is executed.
20:27:33 ERROR : No supported FPGA device found
20:27:33 ERROR : No supported FPGA device found
20:27:37 INFO  : 'targets -set -filter {jtag_cable_name =~ "Digilent Zybo Z7 210351A6B445A" && level==0 && jtag_device_ctx=="jsn-Zybo Z7-210351A6B445A-23727093-0"}' command is executed.
20:27:37 INFO  : 'fpga -state' command is executed.
20:27:37 INFO  : Connected to target on host '127.0.0.1' and port '3121'.
20:27:38 INFO  : Jtag cable 'Digilent Zybo Z7 210351A6B445A' is selected.
20:27:38 INFO  : 'jtag frequency' command is executed.
20:27:38 INFO  : Context for 'APU' is selected.
20:27:38 INFO  : Hardware design and registers information is loaded from 'D:/ITCL_video/movDataZynq/prj_vitis/Wr_direct/platfm/export/platfm/hw/design_1_wrapper.xsa'.
20:27:38 INFO  : 'configparams force-mem-access 1' command is executed.
20:27:38 INFO  : Context for 'APU' is selected.
20:27:38 INFO  : 'stop' command is executed.
20:27:38 INFO  : Context for processor 'ps7_cortexa9_0' is selected.
20:27:38 INFO  : Processor reset is completed for 'ps7_cortexa9_0'.
20:27:38 INFO  : Context for processor 'ps7_cortexa9_0' is selected.
20:27:39 INFO  : The application 'D:/ITCL_video/movDataZynq/prj_vitis/Wr_direct/app/Debug/app.elf' is downloaded to processor 'ps7_cortexa9_0'.
20:27:39 INFO  : 'configparams force-mem-access 0' command is executed.
20:27:39 INFO  : ----------------XSDB Script----------------
connect -url tcp:127.0.0.1:3121
targets -set -nocase -filter {name =~"APU*"}
loadhw -hw D:/ITCL_video/movDataZynq/prj_vitis/Wr_direct/platfm/export/platfm/hw/design_1_wrapper.xsa -mem-ranges [list {0x40000000 0xbfffffff}] -regs
configparams force-mem-access 1
targets -set -nocase -filter {name =~"APU*"}
stop
targets -set -nocase -filter {name =~ "*A9*#0"}
rst -processor
targets -set -nocase -filter {name =~ "*A9*#0"}
dow D:/ITCL_video/movDataZynq/prj_vitis/Wr_direct/app/Debug/app.elf
configparams force-mem-access 0
----------------End of Script----------------

20:27:40 INFO  : Context for processor 'ps7_cortexa9_0' is selected.
20:27:40 INFO  : 'con' command is executed.
20:27:40 INFO  : ----------------XSDB Script (After Launch)----------------
targets -set -nocase -filter {name =~ "*A9*#0"}
con
----------------End of Script----------------

20:27:40 INFO  : Launch script is exported to file 'D:\ITCL_video\movDataZynq\prj_vitis\Wr_direct\app_system\_ide\scripts\app-noreset.tcl'
20:27:57 INFO  : Checking for BSP changes to sync application flags for project 'app'...
20:28:04 INFO  : Disconnected from the channel tcfchan#11.
20:28:06 INFO  : 'targets -set -filter {jtag_cable_name =~ "Digilent Zybo Z7 210351A6B445A" && level==0 && jtag_device_ctx=="jsn-Zybo Z7-210351A6B445A-23727093-0"}' command is executed.
20:28:06 INFO  : 'fpga -state' command is executed.
20:28:06 INFO  : Connected to target on host '127.0.0.1' and port '3121'.
20:28:07 INFO  : Jtag cable 'Digilent Zybo Z7 210351A6B445A' is selected.
20:28:07 INFO  : 'jtag frequency' command is executed.
20:28:07 INFO  : Context for 'APU' is selected.
20:28:07 INFO  : Hardware design and registers information is loaded from 'D:/ITCL_video/movDataZynq/prj_vitis/Wr_direct/platfm/export/platfm/hw/design_1_wrapper.xsa'.
20:28:07 INFO  : 'configparams force-mem-access 1' command is executed.
20:28:07 INFO  : Context for 'APU' is selected.
20:28:07 INFO  : 'stop' command is executed.
20:28:07 INFO  : Context for processor 'ps7_cortexa9_0' is selected.
20:28:07 INFO  : Processor reset is completed for 'ps7_cortexa9_0'.
20:28:07 INFO  : Context for processor 'ps7_cortexa9_0' is selected.
20:28:08 INFO  : The application 'D:/ITCL_video/movDataZynq/prj_vitis/Wr_direct/app/Debug/app.elf' is downloaded to processor 'ps7_cortexa9_0'.
20:28:08 INFO  : 'configparams force-mem-access 0' command is executed.
20:28:08 INFO  : ----------------XSDB Script----------------
connect -url tcp:127.0.0.1:3121
targets -set -nocase -filter {name =~"APU*"}
loadhw -hw D:/ITCL_video/movDataZynq/prj_vitis/Wr_direct/platfm/export/platfm/hw/design_1_wrapper.xsa -mem-ranges [list {0x40000000 0xbfffffff}] -regs
configparams force-mem-access 1
targets -set -nocase -filter {name =~"APU*"}
stop
targets -set -nocase -filter {name =~ "*A9*#0"}
rst -processor
targets -set -nocase -filter {name =~ "*A9*#0"}
dow D:/ITCL_video/movDataZynq/prj_vitis/Wr_direct/app/Debug/app.elf
configparams force-mem-access 0
----------------End of Script----------------

20:28:08 INFO  : Context for processor 'ps7_cortexa9_0' is selected.
20:28:08 INFO  : 'con' command is executed.
20:28:08 INFO  : ----------------XSDB Script (After Launch)----------------
targets -set -nocase -filter {name =~ "*A9*#0"}
con
----------------End of Script----------------

20:28:08 INFO  : Launch script is exported to file 'D:\ITCL_video\movDataZynq\prj_vitis\Wr_direct\app_system\_ide\scripts\app-noreset.tcl'
20:29:16 INFO  : Disconnected from the channel tcfchan#12.
20:29:17 INFO  : 'targets -set -filter {jtag_cable_name =~ "Digilent Zybo Z7 210351A6B445A" && level==0 && jtag_device_ctx=="jsn-Zybo Z7-210351A6B445A-23727093-0"}' command is executed.
20:29:17 INFO  : 'fpga -state' command is executed.
20:29:17 INFO  : Connected to target on host '127.0.0.1' and port '3121'.
20:29:17 INFO  : Jtag cable 'Digilent Zybo Z7 210351A6B445A' is selected.
20:29:17 INFO  : 'jtag frequency' command is executed.
20:29:17 INFO  : Context for 'APU' is selected.
20:29:17 INFO  : Hardware design and registers information is loaded from 'D:/ITCL_video/movDataZynq/prj_vitis/Wr_direct/platfm/export/platfm/hw/design_1_wrapper.xsa'.
20:29:17 INFO  : 'configparams force-mem-access 1' command is executed.
20:29:17 INFO  : Context for 'APU' is selected.
20:29:17 INFO  : 'stop' command is executed.
20:29:17 INFO  : Context for processor 'ps7_cortexa9_0' is selected.
20:29:17 INFO  : Processor reset is completed for 'ps7_cortexa9_0'.
20:29:17 INFO  : Context for processor 'ps7_cortexa9_0' is selected.
20:29:19 INFO  : The application 'D:/ITCL_video/movDataZynq/prj_vitis/Wr_direct/app/Debug/app.elf' is downloaded to processor 'ps7_cortexa9_0'.
20:29:19 INFO  : 'configparams force-mem-access 0' command is executed.
20:29:19 INFO  : ----------------XSDB Script----------------
connect -url tcp:127.0.0.1:3121
targets -set -nocase -filter {name =~"APU*"}
loadhw -hw D:/ITCL_video/movDataZynq/prj_vitis/Wr_direct/platfm/export/platfm/hw/design_1_wrapper.xsa -mem-ranges [list {0x40000000 0xbfffffff}] -regs
configparams force-mem-access 1
targets -set -nocase -filter {name =~"APU*"}
stop
targets -set -nocase -filter {name =~ "*A9*#0"}
rst -processor
targets -set -nocase -filter {name =~ "*A9*#0"}
dow D:/ITCL_video/movDataZynq/prj_vitis/Wr_direct/app/Debug/app.elf
configparams force-mem-access 0
----------------End of Script----------------

20:29:19 INFO  : Context for processor 'ps7_cortexa9_0' is selected.
20:29:19 INFO  : 'con' command is executed.
20:29:19 INFO  : ----------------XSDB Script (After Launch)----------------
targets -set -nocase -filter {name =~ "*A9*#0"}
con
----------------End of Script----------------

20:29:19 INFO  : Launch script is exported to file 'D:\ITCL_video\movDataZynq\prj_vitis\Wr_direct\app_system\_ide\scripts\app-noreset.tcl'
20:42:50 INFO  : Checking for BSP changes to sync application flags for project 'app'...
20:43:50 INFO  : Checking for BSP changes to sync application flags for project 'app'...
20:43:59 INFO  : Disconnected from the channel tcfchan#13.
20:44:04 ERROR : no targets found with "jtag_cable_name =~ "Digilent Zybo Z7 210351A6B445A" && level==0 && jtag_device_ctx=="jsn-Zybo Z7-210351A6B445A-23727093-0"". available targets:
  1  APU
     2* ARM Cortex-A9 MPCore #0 (Hardware Breakpoint)
     3  ARM Cortex-A9 MPCore #1 (Suspended)
  4  xc7z020
     5  Legacy Debug Hub
20:44:04 ERROR : no targets found with "jtag_cable_name =~ "Digilent Zybo Z7 210351A6B445A" && level==0 && jtag_device_ctx=="jsn-Zybo Z7-210351A6B445A-23727093-0"". available targets:
  1  APU
     2* ARM Cortex-A9 MPCore #0 (Hardware Breakpoint)
     3  ARM Cortex-A9 MPCore #1 (Suspended)
  4  xc7z020
     5  Legacy Debug Hub
20:44:08 INFO  : 'targets -set -filter {jtag_cable_name =~ "Digilent Zybo Z7 210351A6B445A" && level==0 && jtag_device_ctx=="jsn-Zybo Z7-210351A6B445A-23727093-0"}' command is executed.
20:44:08 INFO  : 'fpga -state' command is executed.
20:44:08 INFO  : Connected to target on host '127.0.0.1' and port '3121'.
20:44:09 INFO  : Jtag cable 'Digilent Zybo Z7 210351A6B445A' is selected.
20:44:09 INFO  : 'jtag frequency' command is executed.
20:44:09 INFO  : Context for 'APU' is selected.
20:44:09 INFO  : Hardware design and registers information is loaded from 'D:/ITCL_video/movDataZynq/prj_vitis/Wr_direct/platfm/export/platfm/hw/design_1_wrapper.xsa'.
20:44:09 INFO  : 'configparams force-mem-access 1' command is executed.
20:44:09 INFO  : Context for 'APU' is selected.
20:44:09 INFO  : 'stop' command is executed.
20:44:09 INFO  : Context for processor 'ps7_cortexa9_0' is selected.
20:44:09 INFO  : Processor reset is completed for 'ps7_cortexa9_0'.
20:44:09 INFO  : Context for processor 'ps7_cortexa9_0' is selected.
20:44:10 INFO  : The application 'D:/ITCL_video/movDataZynq/prj_vitis/Wr_direct/app/Debug/app.elf' is downloaded to processor 'ps7_cortexa9_0'.
20:44:10 INFO  : 'configparams force-mem-access 0' command is executed.
20:44:10 INFO  : ----------------XSDB Script----------------
connect -url tcp:127.0.0.1:3121
targets -set -nocase -filter {name =~"APU*"}
loadhw -hw D:/ITCL_video/movDataZynq/prj_vitis/Wr_direct/platfm/export/platfm/hw/design_1_wrapper.xsa -mem-ranges [list {0x40000000 0xbfffffff}] -regs
configparams force-mem-access 1
targets -set -nocase -filter {name =~"APU*"}
stop
targets -set -nocase -filter {name =~ "*A9*#0"}
rst -processor
targets -set -nocase -filter {name =~ "*A9*#0"}
dow D:/ITCL_video/movDataZynq/prj_vitis/Wr_direct/app/Debug/app.elf
configparams force-mem-access 0
----------------End of Script----------------

20:44:10 INFO  : Context for processor 'ps7_cortexa9_0' is selected.
20:44:10 INFO  : 'con' command is executed.
20:44:10 INFO  : ----------------XSDB Script (After Launch)----------------
targets -set -nocase -filter {name =~ "*A9*#0"}
con
----------------End of Script----------------

20:44:10 INFO  : Launch script is exported to file 'D:\ITCL_video\movDataZynq\prj_vitis\Wr_direct\app_system\_ide\scripts\app-noreset.tcl'
21:03:17 INFO  : Disconnected from the channel tcfchan#14.
21:03:18 INFO  : 'targets -set -filter {jtag_cable_name =~ "Digilent Zybo Z7 210351A6B445A" && level==0 && jtag_device_ctx=="jsn-Zybo Z7-210351A6B445A-23727093-0"}' command is executed.
21:03:18 INFO  : 'fpga -state' command is executed.
21:03:18 INFO  : Connected to target on host '127.0.0.1' and port '3121'.
21:03:18 INFO  : Jtag cable 'Digilent Zybo Z7 210351A6B445A' is selected.
21:03:18 INFO  : 'jtag frequency' command is executed.
21:03:18 INFO  : Context for 'APU' is selected.
21:03:18 INFO  : Hardware design and registers information is loaded from 'D:/ITCL_video/movDataZynq/prj_vitis/Wr_direct/platfm/export/platfm/hw/design_1_wrapper.xsa'.
21:03:18 INFO  : 'configparams force-mem-access 1' command is executed.
21:03:18 INFO  : Context for 'APU' is selected.
21:03:18 INFO  : 'stop' command is executed.
21:03:18 INFO  : Context for processor 'ps7_cortexa9_0' is selected.
21:03:18 INFO  : Processor reset is completed for 'ps7_cortexa9_0'.
21:03:18 INFO  : Context for processor 'ps7_cortexa9_0' is selected.
21:03:20 INFO  : The application 'D:/ITCL_video/movDataZynq/prj_vitis/Wr_direct/app/Debug/app.elf' is downloaded to processor 'ps7_cortexa9_0'.
21:03:20 INFO  : 'configparams force-mem-access 0' command is executed.
21:03:20 INFO  : ----------------XSDB Script----------------
connect -url tcp:127.0.0.1:3121
targets -set -nocase -filter {name =~"APU*"}
loadhw -hw D:/ITCL_video/movDataZynq/prj_vitis/Wr_direct/platfm/export/platfm/hw/design_1_wrapper.xsa -mem-ranges [list {0x40000000 0xbfffffff}] -regs
configparams force-mem-access 1
targets -set -nocase -filter {name =~"APU*"}
stop
targets -set -nocase -filter {name =~ "*A9*#0"}
rst -processor
targets -set -nocase -filter {name =~ "*A9*#0"}
dow D:/ITCL_video/movDataZynq/prj_vitis/Wr_direct/app/Debug/app.elf
configparams force-mem-access 0
----------------End of Script----------------

21:03:20 INFO  : Context for processor 'ps7_cortexa9_0' is selected.
21:03:20 INFO  : 'con' command is executed.
21:03:20 INFO  : ----------------XSDB Script (After Launch)----------------
targets -set -nocase -filter {name =~ "*A9*#0"}
con
----------------End of Script----------------

21:03:20 INFO  : Launch script is exported to file 'D:\ITCL_video\movDataZynq\prj_vitis\Wr_direct\app_system\_ide\scripts\app-noreset.tcl'
21:03:53 INFO  : Checking for BSP changes to sync application flags for project 'app'...
21:04:38 INFO  : Disconnected from the channel tcfchan#15.
21:04:39 INFO  : 'targets -set -filter {jtag_cable_name =~ "Digilent Zybo Z7 210351A6B445A" && level==0 && jtag_device_ctx=="jsn-Zybo Z7-210351A6B445A-23727093-0"}' command is executed.
21:04:39 INFO  : 'fpga -state' command is executed.
21:04:39 INFO  : Connected to target on host '127.0.0.1' and port '3121'.
21:04:40 INFO  : Jtag cable 'Digilent Zybo Z7 210351A6B445A' is selected.
21:04:40 INFO  : 'jtag frequency' command is executed.
21:04:40 INFO  : Context for 'APU' is selected.
21:04:40 INFO  : Hardware design and registers information is loaded from 'D:/ITCL_video/movDataZynq/prj_vitis/Wr_direct/platfm/export/platfm/hw/design_1_wrapper.xsa'.
21:04:40 INFO  : 'configparams force-mem-access 1' command is executed.
21:04:40 INFO  : Context for 'APU' is selected.
21:04:40 INFO  : 'stop' command is executed.
21:04:40 INFO  : Context for processor 'ps7_cortexa9_0' is selected.
21:04:40 INFO  : Processor reset is completed for 'ps7_cortexa9_0'.
21:04:40 INFO  : Context for processor 'ps7_cortexa9_0' is selected.
21:04:42 INFO  : The application 'D:/ITCL_video/movDataZynq/prj_vitis/Wr_direct/app/Debug/app.elf' is downloaded to processor 'ps7_cortexa9_0'.
21:04:42 INFO  : 'configparams force-mem-access 0' command is executed.
21:04:42 INFO  : ----------------XSDB Script----------------
connect -url tcp:127.0.0.1:3121
targets -set -nocase -filter {name =~"APU*"}
loadhw -hw D:/ITCL_video/movDataZynq/prj_vitis/Wr_direct/platfm/export/platfm/hw/design_1_wrapper.xsa -mem-ranges [list {0x40000000 0xbfffffff}] -regs
configparams force-mem-access 1
targets -set -nocase -filter {name =~"APU*"}
stop
targets -set -nocase -filter {name =~ "*A9*#0"}
rst -processor
targets -set -nocase -filter {name =~ "*A9*#0"}
dow D:/ITCL_video/movDataZynq/prj_vitis/Wr_direct/app/Debug/app.elf
configparams force-mem-access 0
----------------End of Script----------------

21:04:42 INFO  : Context for processor 'ps7_cortexa9_0' is selected.
21:04:42 INFO  : 'con' command is executed.
21:04:42 INFO  : ----------------XSDB Script (After Launch)----------------
targets -set -nocase -filter {name =~ "*A9*#0"}
con
----------------End of Script----------------

21:04:42 INFO  : Launch script is exported to file 'D:\ITCL_video\movDataZynq\prj_vitis\Wr_direct\app_system\_ide\scripts\app-noreset.tcl'
21:20:30 INFO  : Checking for BSP changes to sync application flags for project 'app'...
21:20:36 INFO  : Disconnected from the channel tcfchan#16.
21:20:37 INFO  : 'targets -set -filter {jtag_cable_name =~ "Digilent Zybo Z7 210351A6B445A" && level==0 && jtag_device_ctx=="jsn-Zybo Z7-210351A6B445A-23727093-0"}' command is executed.
21:20:37 INFO  : 'fpga -state' command is executed.
21:20:37 INFO  : Connected to target on host '127.0.0.1' and port '3121'.
21:20:38 INFO  : Jtag cable 'Digilent Zybo Z7 210351A6B445A' is selected.
21:20:38 INFO  : 'jtag frequency' command is executed.
21:20:38 INFO  : Context for 'APU' is selected.
21:20:38 INFO  : Hardware design and registers information is loaded from 'D:/ITCL_video/movDataZynq/prj_vitis/Wr_direct/platfm/export/platfm/hw/design_1_wrapper.xsa'.
21:20:38 INFO  : 'configparams force-mem-access 1' command is executed.
21:20:38 INFO  : Context for 'APU' is selected.
21:20:38 INFO  : 'stop' command is executed.
21:20:38 INFO  : Context for processor 'ps7_cortexa9_0' is selected.
21:20:38 INFO  : Processor reset is completed for 'ps7_cortexa9_0'.
21:20:38 INFO  : Context for processor 'ps7_cortexa9_0' is selected.
21:20:39 INFO  : The application 'D:/ITCL_video/movDataZynq/prj_vitis/Wr_direct/app/Debug/app.elf' is downloaded to processor 'ps7_cortexa9_0'.
21:20:39 INFO  : 'configparams force-mem-access 0' command is executed.
21:20:39 INFO  : ----------------XSDB Script----------------
connect -url tcp:127.0.0.1:3121
targets -set -nocase -filter {name =~"APU*"}
loadhw -hw D:/ITCL_video/movDataZynq/prj_vitis/Wr_direct/platfm/export/platfm/hw/design_1_wrapper.xsa -mem-ranges [list {0x40000000 0xbfffffff}] -regs
configparams force-mem-access 1
targets -set -nocase -filter {name =~"APU*"}
stop
targets -set -nocase -filter {name =~ "*A9*#0"}
rst -processor
targets -set -nocase -filter {name =~ "*A9*#0"}
dow D:/ITCL_video/movDataZynq/prj_vitis/Wr_direct/app/Debug/app.elf
configparams force-mem-access 0
----------------End of Script----------------

21:20:39 INFO  : Context for processor 'ps7_cortexa9_0' is selected.
21:20:39 INFO  : 'con' command is executed.
21:20:39 INFO  : ----------------XSDB Script (After Launch)----------------
targets -set -nocase -filter {name =~ "*A9*#0"}
con
----------------End of Script----------------

21:20:39 INFO  : Launch script is exported to file 'D:\ITCL_video\movDataZynq\prj_vitis\Wr_direct\app_system\_ide\scripts\app-noreset.tcl'
21:37:07 INFO  : Checking for BSP changes to sync application flags for project 'app'...
21:37:23 INFO  : Disconnected from the channel tcfchan#17.
21:37:24 INFO  : 'targets -set -filter {jtag_cable_name =~ "Digilent Zybo Z7 210351A6B445A" && level==0 && jtag_device_ctx=="jsn-Zybo Z7-210351A6B445A-23727093-0"}' command is executed.
21:37:24 INFO  : 'fpga -state' command is executed.
21:37:24 INFO  : Connected to target on host '127.0.0.1' and port '3121'.
21:37:25 INFO  : Jtag cable 'Digilent Zybo Z7 210351A6B445A' is selected.
21:37:25 INFO  : 'jtag frequency' command is executed.
21:37:25 INFO  : Context for 'APU' is selected.
21:37:25 INFO  : Hardware design and registers information is loaded from 'D:/ITCL_video/movDataZynq/prj_vitis/Wr_direct/platfm/export/platfm/hw/design_1_wrapper.xsa'.
21:37:25 INFO  : 'configparams force-mem-access 1' command is executed.
21:37:25 INFO  : Context for 'APU' is selected.
21:37:25 INFO  : 'stop' command is executed.
21:37:25 INFO  : Context for processor 'ps7_cortexa9_0' is selected.
21:37:25 INFO  : Processor reset is completed for 'ps7_cortexa9_0'.
21:37:25 INFO  : Context for processor 'ps7_cortexa9_0' is selected.
21:37:26 INFO  : The application 'D:/ITCL_video/movDataZynq/prj_vitis/Wr_direct/app/Debug/app.elf' is downloaded to processor 'ps7_cortexa9_0'.
21:37:26 INFO  : 'configparams force-mem-access 0' command is executed.
21:37:26 INFO  : ----------------XSDB Script----------------
connect -url tcp:127.0.0.1:3121
targets -set -nocase -filter {name =~"APU*"}
loadhw -hw D:/ITCL_video/movDataZynq/prj_vitis/Wr_direct/platfm/export/platfm/hw/design_1_wrapper.xsa -mem-ranges [list {0x40000000 0xbfffffff}] -regs
configparams force-mem-access 1
targets -set -nocase -filter {name =~"APU*"}
stop
targets -set -nocase -filter {name =~ "*A9*#0"}
rst -processor
targets -set -nocase -filter {name =~ "*A9*#0"}
dow D:/ITCL_video/movDataZynq/prj_vitis/Wr_direct/app/Debug/app.elf
configparams force-mem-access 0
----------------End of Script----------------

21:37:26 INFO  : Context for processor 'ps7_cortexa9_0' is selected.
21:37:26 INFO  : 'con' command is executed.
21:37:26 INFO  : ----------------XSDB Script (After Launch)----------------
targets -set -nocase -filter {name =~ "*A9*#0"}
con
----------------End of Script----------------

21:37:26 INFO  : Launch script is exported to file 'D:\ITCL_video\movDataZynq\prj_vitis\Wr_direct\app_system\_ide\scripts\app-noreset.tcl'
21:44:45 INFO  : Disconnected from the channel tcfchan#18.
21:44:47 INFO  : 'targets -set -filter {jtag_cable_name =~ "Digilent Zybo Z7 210351A6B445A" && level==0 && jtag_device_ctx=="jsn-Zybo Z7-210351A6B445A-23727093-0"}' command is executed.
21:44:47 INFO  : 'fpga -state' command is executed.
21:44:47 INFO  : Connected to target on host '127.0.0.1' and port '3121'.
21:44:47 INFO  : Jtag cable 'Digilent Zybo Z7 210351A6B445A' is selected.
21:44:47 INFO  : 'jtag frequency' command is executed.
21:44:47 INFO  : Context for 'APU' is selected.
21:44:47 INFO  : Hardware design and registers information is loaded from 'D:/ITCL_video/movDataZynq/prj_vitis/Wr_direct/platfm/export/platfm/hw/design_1_wrapper.xsa'.
21:44:47 INFO  : 'configparams force-mem-access 1' command is executed.
21:44:47 INFO  : Context for 'APU' is selected.
21:44:47 INFO  : 'stop' command is executed.
21:44:47 INFO  : Context for processor 'ps7_cortexa9_0' is selected.
21:44:47 INFO  : Processor reset is completed for 'ps7_cortexa9_0'.
21:44:47 INFO  : Context for processor 'ps7_cortexa9_0' is selected.
21:44:49 INFO  : The application 'D:/ITCL_video/movDataZynq/prj_vitis/Wr_direct/app/Debug/app.elf' is downloaded to processor 'ps7_cortexa9_0'.
21:44:49 INFO  : 'configparams force-mem-access 0' command is executed.
21:44:49 INFO  : ----------------XSDB Script----------------
connect -url tcp:127.0.0.1:3121
targets -set -nocase -filter {name =~"APU*"}
loadhw -hw D:/ITCL_video/movDataZynq/prj_vitis/Wr_direct/platfm/export/platfm/hw/design_1_wrapper.xsa -mem-ranges [list {0x40000000 0xbfffffff}] -regs
configparams force-mem-access 1
targets -set -nocase -filter {name =~"APU*"}
stop
targets -set -nocase -filter {name =~ "*A9*#0"}
rst -processor
targets -set -nocase -filter {name =~ "*A9*#0"}
dow D:/ITCL_video/movDataZynq/prj_vitis/Wr_direct/app/Debug/app.elf
configparams force-mem-access 0
----------------End of Script----------------

21:44:49 INFO  : Context for processor 'ps7_cortexa9_0' is selected.
21:44:49 INFO  : 'con' command is executed.
21:44:49 INFO  : ----------------XSDB Script (After Launch)----------------
targets -set -nocase -filter {name =~ "*A9*#0"}
con
----------------End of Script----------------

21:44:49 INFO  : Launch script is exported to file 'D:\ITCL_video\movDataZynq\prj_vitis\Wr_direct\app_system\_ide\scripts\app-noreset.tcl'
21:46:41 INFO  : Checking for BSP changes to sync application flags for project 'app'...
21:46:55 INFO  : Checking for BSP changes to sync application flags for project 'app'...
21:47:04 INFO  : Disconnected from the channel tcfchan#19.
21:47:05 INFO  : 'targets -set -filter {jtag_cable_name =~ "Digilent Zybo Z7 210351A6B445A" && level==0 && jtag_device_ctx=="jsn-Zybo Z7-210351A6B445A-23727093-0"}' command is executed.
21:47:06 INFO  : 'fpga -state' command is executed.
21:47:06 INFO  : Connected to target on host '127.0.0.1' and port '3121'.
21:47:06 INFO  : Jtag cable 'Digilent Zybo Z7 210351A6B445A' is selected.
21:47:06 INFO  : 'jtag frequency' command is executed.
21:47:06 INFO  : Context for 'APU' is selected.
21:47:06 INFO  : Hardware design and registers information is loaded from 'D:/ITCL_video/movDataZynq/prj_vitis/Wr_direct/platfm/export/platfm/hw/design_1_wrapper.xsa'.
21:47:06 INFO  : 'configparams force-mem-access 1' command is executed.
21:47:06 INFO  : Context for 'APU' is selected.
21:47:06 INFO  : 'stop' command is executed.
21:47:06 INFO  : Context for processor 'ps7_cortexa9_0' is selected.
21:47:06 INFO  : Processor reset is completed for 'ps7_cortexa9_0'.
21:47:06 INFO  : Context for processor 'ps7_cortexa9_0' is selected.
21:47:08 INFO  : The application 'D:/ITCL_video/movDataZynq/prj_vitis/Wr_direct/app/Debug/app.elf' is downloaded to processor 'ps7_cortexa9_0'.
21:47:08 INFO  : 'configparams force-mem-access 0' command is executed.
21:47:08 INFO  : ----------------XSDB Script----------------
connect -url tcp:127.0.0.1:3121
targets -set -nocase -filter {name =~"APU*"}
loadhw -hw D:/ITCL_video/movDataZynq/prj_vitis/Wr_direct/platfm/export/platfm/hw/design_1_wrapper.xsa -mem-ranges [list {0x40000000 0xbfffffff}] -regs
configparams force-mem-access 1
targets -set -nocase -filter {name =~"APU*"}
stop
targets -set -nocase -filter {name =~ "*A9*#0"}
rst -processor
targets -set -nocase -filter {name =~ "*A9*#0"}
dow D:/ITCL_video/movDataZynq/prj_vitis/Wr_direct/app/Debug/app.elf
configparams force-mem-access 0
----------------End of Script----------------

21:47:08 INFO  : Context for processor 'ps7_cortexa9_0' is selected.
21:47:08 INFO  : 'con' command is executed.
21:47:08 INFO  : ----------------XSDB Script (After Launch)----------------
targets -set -nocase -filter {name =~ "*A9*#0"}
con
----------------End of Script----------------

21:47:08 INFO  : Launch script is exported to file 'D:\ITCL_video\movDataZynq\prj_vitis\Wr_direct\app_system\_ide\scripts\app-noreset.tcl'
08:09:47 INFO  : Disconnected from the channel tcfchan#20.
