Copyright 1986-2022 Xilinx, Inc. All Rights Reserved. Copyright 2022-2023 Advanced Micro Devices, Inc. All Rights Reserved.
---------------------------------------------------------------------------------------------------------------------------------------------
| Tool Version : Vivado v.2023.1 (win64) Build 3865809 Sun May  7 15:05:29 MDT 2023
| Date         : Sat Sep  2 15:48:47 2023
| Host         : Fryg-X1 running 64-bit major release  (build 9200)
| Command      : upgrade_ip
| Device       : xc7z020clg400-1
---------------------------------------------------------------------------------------------------------------------------------------------

Upgrade Log for IP 'design_1_colector_display_1_0'

1. Summary
----------

CAUTION (success, with warnings) in the upgrade of design_1_colector_display_1_0 (xilinx.com:hls:colector_display:1.0) from (Rev. 2113190131) to (Rev. 2113190207)

After upgrade, an IP may have parameter and port differences compared to the original customization. Please review the parameters within the IP customization GUI to ensure proper functionality. Also, please review the updated IP instantiation template to ensure proper connectivity, and update your design if required.

2. Connection Warnings
----------------------

Detected external port differences while upgrading 'design_1_colector_display_1_0'. These changes may impact your design.


-Upgrade has removed port 'received_V'

-Upgrade has added port 'received'







Copyright 1986-2022 Xilinx, Inc. All Rights Reserved. Copyright 2022-2023 Advanced Micro Devices, Inc. All Rights Reserved.
---------------------------------------------------------------------------------------------------------------------------------------------
| Tool Version : Vivado v.2023.1 (win64) Build 3865809 Sun May  7 15:05:29 MDT 2023
| Date         : Sat Sep  2 15:48:47 2023
| Host         : Fryg-X1 running 64-bit major release  (build 9200)
| Command      : upgrade_ip
| Device       : xc7z020clg400-1
---------------------------------------------------------------------------------------------------------------------------------------------

Upgrade Log for IP 'design_1_colector_display_0_0'

1. Summary
----------

CAUTION (success, with warnings) in the upgrade of design_1_colector_display_0_0 (xilinx.com:hls:colector_display:1.0) from (Rev. 2113190131) to (Rev. 2113190207)

After upgrade, an IP may have parameter and port differences compared to the original customization. Please review the parameters within the IP customization GUI to ensure proper functionality. Also, please review the updated IP instantiation template to ensure proper connectivity, and update your design if required.

2. Connection Warnings
----------------------

Detected external port differences while upgrading 'design_1_colector_display_0_0'. These changes may impact your design.


-Upgrade has removed port 'received_V'

-Upgrade has added port 'received'







Copyright 1986-2022 Xilinx, Inc. All Rights Reserved. Copyright 2022-2023 Advanced Micro Devices, Inc. All Rights Reserved.
---------------------------------------------------------------------------------------------------------------------------------------------
| Tool Version : Vivado v.2023.1 (win64) Build 3865809 Sun May  7 15:05:29 MDT 2023
| Date         : Sat Sep  2 15:33:51 2023
| Host         : Fryg-X1 running 64-bit major release  (build 9200)
| Command      : upgrade_ip
| Device       : xc7z020clg400-1
---------------------------------------------------------------------------------------------------------------------------------------------

Upgrade Log for IP 'design_1_wr_data_dir_adv_1_0'

1. Summary
----------

SUCCESS in the upgrade of design_1_wr_data_dir_adv_1_0 (xilinx.com:hls:wr_data_dir_adv:1.0) from (Rev. 2113190077) to (Rev. 2113190190)






Copyright 1986-2022 Xilinx, Inc. All Rights Reserved. Copyright 2022-2023 Advanced Micro Devices, Inc. All Rights Reserved.
---------------------------------------------------------------------------------------------------------------------------------------------
| Tool Version : Vivado v.2023.1 (win64) Build 3865809 Sun May  7 15:05:29 MDT 2023
| Date         : Sat Sep  2 15:33:51 2023
| Host         : Fryg-X1 running 64-bit major release  (build 9200)
| Command      : upgrade_ip
| Device       : xc7z020clg400-1
---------------------------------------------------------------------------------------------------------------------------------------------

Upgrade Log for IP 'design_1_wr_data_dir_adv_0_0'

1. Summary
----------

SUCCESS in the upgrade of design_1_wr_data_dir_adv_0_0 (xilinx.com:hls:wr_data_dir_adv:1.0) from (Rev. 2113190077) to (Rev. 2113190190)

