08:10:19 DEBUG : Logs will be stored at 'D:/ITCL_video/movDataZynq/prj_vitis/Wr_dir_FIFO/IDE.log'.
08:10:32 INFO  : Registering command handlers for Vitis TCF services
08:10:32 INFO  : Launching XSCT server: xsct.bat -n  -interactive D:\ITCL_video\movDataZynq\prj_vitis\Wr_dir_FIFO\temp_xsdb_launch_script.tcl
08:10:36 INFO  : Platform repository initialization has completed.
08:10:40 INFO  : XSCT server has started successfully.
08:10:43 INFO  : Successfully done setting XSCT server connection channel  
08:10:43 INFO  : plnx-install-location is set to ''
08:10:43 INFO  : Successfully done query RDI_DATADIR 
08:10:43 INFO  : Successfully done setting workspace for the tool. 
08:13:10 INFO  : Result from executing command 'getProjects': platfm
08:13:10 INFO  : Result from executing command 'getPlatforms': xilinx_vck190_base_202310_1|C:/Xilinx/Vitis/2023.1/base_platforms/xilinx_vck190_base_202310_1/xilinx_vck190_base_202310_1.xpfm;xilinx_vck190_base_dfx_202310_1|C:/Xilinx/Vitis/2023.1/base_platforms/xilinx_vck190_base_dfx_202310_1/xilinx_vck190_base_dfx_202310_1.xpfm;xilinx_vek280_es1_base_202310_1|C:/Xilinx/Vitis/2023.1/base_platforms/xilinx_vek280_es1_base_202310_1/xilinx_vek280_es1_base_202310_1.xpfm;xilinx_vmk180_base_202310_1|C:/Xilinx/Vitis/2023.1/base_platforms/xilinx_vmk180_base_202310_1/xilinx_vmk180_base_202310_1.xpfm;xilinx_zcu102_base_202310_1|C:/Xilinx/Vitis/2023.1/base_platforms/xilinx_zcu102_base_202310_1/xilinx_zcu102_base_202310_1.xpfm;xilinx_zcu102_base_dfx_202310_1|C:/Xilinx/Vitis/2023.1/base_platforms/xilinx_zcu102_base_dfx_202310_1/xilinx_zcu102_base_dfx_202310_1.xpfm;xilinx_zcu104_base_202310_1|C:/Xilinx/Vitis/2023.1/base_platforms/xilinx_zcu104_base_202310_1/xilinx_zcu104_base_202310_1.xpfm
08:19:03 INFO  : Result from executing command 'getProjects': platfm
08:19:03 INFO  : Result from executing command 'getPlatforms': platfm|D:/ITCL_video/movDataZynq/prj_vitis/Wr_dir_FIFO/platfm/export/platfm/platfm.xpfm;xilinx_vck190_base_202310_1|C:/Xilinx/Vitis/2023.1/base_platforms/xilinx_vck190_base_202310_1/xilinx_vck190_base_202310_1.xpfm;xilinx_vck190_base_dfx_202310_1|C:/Xilinx/Vitis/2023.1/base_platforms/xilinx_vck190_base_dfx_202310_1/xilinx_vck190_base_dfx_202310_1.xpfm;xilinx_vek280_es1_base_202310_1|C:/Xilinx/Vitis/2023.1/base_platforms/xilinx_vek280_es1_base_202310_1/xilinx_vek280_es1_base_202310_1.xpfm;xilinx_vmk180_base_202310_1|C:/Xilinx/Vitis/2023.1/base_platforms/xilinx_vmk180_base_202310_1/xilinx_vmk180_base_202310_1.xpfm;xilinx_zcu102_base_202310_1|C:/Xilinx/Vitis/2023.1/base_platforms/xilinx_zcu102_base_202310_1/xilinx_zcu102_base_202310_1.xpfm;xilinx_zcu102_base_dfx_202310_1|C:/Xilinx/Vitis/2023.1/base_platforms/xilinx_zcu102_base_dfx_202310_1/xilinx_zcu102_base_dfx_202310_1.xpfm;xilinx_zcu104_base_202310_1|C:/Xilinx/Vitis/2023.1/base_platforms/xilinx_zcu104_base_202310_1/xilinx_zcu104_base_202310_1.xpfm
08:19:05 INFO  : Checking for BSP changes to sync application flags for project 'app'...
08:19:37 INFO  : Connected to target on host '127.0.0.1' and port '3121'.
08:19:37 INFO  : Jtag cable 'Digilent Zybo Z7 210351A6B445A' is selected.
08:19:37 INFO  : 'jtag frequency' command is executed.
08:19:37 INFO  : Context for 'APU' is selected.
08:19:37 INFO  : System reset is completed.
08:19:40 INFO  : 'after 3000' command is executed.
08:19:40 INFO  : 'targets -set -filter {jtag_cable_name =~ "Digilent Zybo Z7 210351A6B445A" && level==0 && jtag_device_ctx=="jsn-Zybo Z7-210351A6B445A-23727093-0"}' command is executed.
08:19:43 INFO  : Device configured successfully with "D:/ITCL_video/movDataZynq/prj_vitis/Wr_dir_FIFO/app/_ide/bitstream/design_1_wrapper.bit"
08:19:43 INFO  : Context for 'APU' is selected.
08:19:43 INFO  : Hardware design and registers information is loaded from 'D:/ITCL_video/movDataZynq/prj_vitis/Wr_dir_FIFO/platfm/export/platfm/hw/design_1_wrapper.xsa'.
08:19:43 INFO  : 'configparams force-mem-access 1' command is executed.
08:19:43 INFO  : Context for 'APU' is selected.
08:19:43 INFO  : Sourcing of 'D:/ITCL_video/movDataZynq/prj_vitis/Wr_dir_FIFO/app/_ide/psinit/ps7_init.tcl' is done.
08:19:43 INFO  : 'ps7_init' command is executed.
08:19:43 INFO  : 'ps7_post_config' command is executed.
08:19:43 INFO  : Context for processor 'ps7_cortexa9_0' is selected.
08:19:45 INFO  : The application 'D:/ITCL_video/movDataZynq/prj_vitis/Wr_dir_FIFO/app/Debug/app.elf' is downloaded to processor 'ps7_cortexa9_0'.
08:19:45 INFO  : 'configparams force-mem-access 0' command is executed.
08:19:45 INFO  : ----------------XSDB Script----------------
connect -url tcp:127.0.0.1:3121
targets -set -nocase -filter {name =~"APU*"}
rst -system
after 3000
targets -set -filter {jtag_cable_name =~ "Digilent Zybo Z7 210351A6B445A" && level==0 && jtag_device_ctx=="jsn-Zybo Z7-210351A6B445A-23727093-0"}
fpga -file D:/ITCL_video/movDataZynq/prj_vitis/Wr_dir_FIFO/app/_ide/bitstream/design_1_wrapper.bit
targets -set -nocase -filter {name =~"APU*"}
loadhw -hw D:/ITCL_video/movDataZynq/prj_vitis/Wr_dir_FIFO/platfm/export/platfm/hw/design_1_wrapper.xsa -mem-ranges [list {0x40000000 0xbfffffff}] -regs
configparams force-mem-access 1
targets -set -nocase -filter {name =~"APU*"}
source D:/ITCL_video/movDataZynq/prj_vitis/Wr_dir_FIFO/app/_ide/psinit/ps7_init.tcl
ps7_init
ps7_post_config
targets -set -nocase -filter {name =~ "*A9*#0"}
dow D:/ITCL_video/movDataZynq/prj_vitis/Wr_dir_FIFO/app/Debug/app.elf
configparams force-mem-access 0
----------------End of Script----------------

08:19:45 INFO  : Context for processor 'ps7_cortexa9_0' is selected.
08:19:45 INFO  : 'con' command is executed.
08:19:45 INFO  : ----------------XSDB Script (After Launch)----------------
targets -set -nocase -filter {name =~ "*A9*#0"}
con
----------------End of Script----------------

08:19:45 INFO  : Launch script is exported to file 'D:\ITCL_video\movDataZynq\prj_vitis\Wr_dir_FIFO\app_system\_ide\scripts\debugger_app-default.tcl'
08:42:17 INFO  : Checking for BSP changes to sync application flags for project 'app'...
08:42:31 INFO  : Disconnected from the channel tcfchan#2.
08:42:32 INFO  : Connected to target on host '127.0.0.1' and port '3121'.
08:42:33 INFO  : Jtag cable 'Digilent Zybo Z7 210351A6B445A' is selected.
08:42:33 INFO  : 'jtag frequency' command is executed.
08:42:33 INFO  : Context for 'APU' is selected.
08:42:33 INFO  : System reset is completed.
08:42:36 INFO  : 'after 3000' command is executed.
08:42:36 INFO  : 'targets -set -filter {jtag_cable_name =~ "Digilent Zybo Z7 210351A6B445A" && level==0 && jtag_device_ctx=="jsn-Zybo Z7-210351A6B445A-23727093-0"}' command is executed.
08:42:38 INFO  : Device configured successfully with "D:/ITCL_video/movDataZynq/prj_vitis/Wr_dir_FIFO/app/_ide/bitstream/design_1_wrapper.bit"
08:42:38 INFO  : Context for 'APU' is selected.
08:42:38 INFO  : Hardware design and registers information is loaded from 'D:/ITCL_video/movDataZynq/prj_vitis/Wr_dir_FIFO/platfm/export/platfm/hw/design_1_wrapper.xsa'.
08:42:38 INFO  : 'configparams force-mem-access 1' command is executed.
08:42:38 INFO  : Context for 'APU' is selected.
08:42:38 INFO  : Sourcing of 'D:/ITCL_video/movDataZynq/prj_vitis/Wr_dir_FIFO/app/_ide/psinit/ps7_init.tcl' is done.
08:42:39 INFO  : 'ps7_init' command is executed.
08:42:39 INFO  : 'ps7_post_config' command is executed.
08:42:39 INFO  : Context for processor 'ps7_cortexa9_0' is selected.
08:42:41 INFO  : The application 'D:/ITCL_video/movDataZynq/prj_vitis/Wr_dir_FIFO/app/Debug/app.elf' is downloaded to processor 'ps7_cortexa9_0'.
08:42:41 INFO  : 'configparams force-mem-access 0' command is executed.
08:42:41 INFO  : ----------------XSDB Script----------------
connect -url tcp:127.0.0.1:3121
targets -set -nocase -filter {name =~"APU*"}
rst -system
after 3000
targets -set -filter {jtag_cable_name =~ "Digilent Zybo Z7 210351A6B445A" && level==0 && jtag_device_ctx=="jsn-Zybo Z7-210351A6B445A-23727093-0"}
fpga -file D:/ITCL_video/movDataZynq/prj_vitis/Wr_dir_FIFO/app/_ide/bitstream/design_1_wrapper.bit
targets -set -nocase -filter {name =~"APU*"}
loadhw -hw D:/ITCL_video/movDataZynq/prj_vitis/Wr_dir_FIFO/platfm/export/platfm/hw/design_1_wrapper.xsa -mem-ranges [list {0x40000000 0xbfffffff}] -regs
configparams force-mem-access 1
targets -set -nocase -filter {name =~"APU*"}
source D:/ITCL_video/movDataZynq/prj_vitis/Wr_dir_FIFO/app/_ide/psinit/ps7_init.tcl
ps7_init
ps7_post_config
targets -set -nocase -filter {name =~ "*A9*#0"}
dow D:/ITCL_video/movDataZynq/prj_vitis/Wr_dir_FIFO/app/Debug/app.elf
configparams force-mem-access 0
----------------End of Script----------------

08:42:41 INFO  : Context for processor 'ps7_cortexa9_0' is selected.
08:42:41 INFO  : 'con' command is executed.
08:42:41 INFO  : ----------------XSDB Script (After Launch)----------------
targets -set -nocase -filter {name =~ "*A9*#0"}
con
----------------End of Script----------------

08:42:41 INFO  : Launch script is exported to file 'D:\ITCL_video\movDataZynq\prj_vitis\Wr_dir_FIFO\app_system\_ide\scripts\debugger_app-default.tcl'
09:00:24 INFO  : Hardware specification for platform project 'platfm' is updated.
09:01:43 ERROR : Failed to openhw "D:/ITCL_video/movDataZynq/prj_vitis/Wr_dir_FIFO/platfm/hw/design_1_wrapper.xsa"
java.io.IOException: Command [C 213 xsdb eval "::hsi::utils::openhw D:/ITCL_video/movDataZynq/prj_vit...] aborted
	at org.eclipse.tcf.core.AbstractChannel$9.run(AbstractChannel.java:844) ~[org.eclipse.tcf.core_1.7.0.202305040745.jar:?]
	at org.eclipse.tcf.EventQueue.run(EventQueue.java:98) ~[?:?]
	at java.lang.Thread.run(Thread.java:829) ~[?:?]
Caused by: java.net.SocketException: Connection reset
	at java.net.SocketInputStream.read(SocketInputStream.java:186) ~[?:?]
	at java.net.SocketInputStream.read(SocketInputStream.java:140) ~[?:?]
	at java.io.BufferedInputStream.read1(BufferedInputStream.java:290) ~[?:?]
	at java.io.BufferedInputStream.read(BufferedInputStream.java:351) ~[?:?]
	at java.io.FilterInputStream.read(FilterInputStream.java:107) ~[?:?]
	at org.eclipse.tcf.core.ChannelTCP.get(ChannelTCP.java:186) ~[org.eclipse.tcf.core_1.7.0.202305040745.jar:?]
	at org.eclipse.tcf.core.StreamChannel.read(StreamChannel.java:85) ~[org.eclipse.tcf.core_1.7.0.202305040745.jar:?]
	at org.eclipse.tcf.core.AbstractChannel$1.run(AbstractChannel.java:329) ~[org.eclipse.tcf.core_1.7.0.202305040745.jar:?]
09:01:43 INFO  : Checking for BSP changes to sync application flags for project 'app'...
09:01:44 INFO  : Launching XSCT server: xsct.bat -n  -interactive D:\ITCL_video\movDataZynq\prj_vitis\Wr_dir_FIFO\temp_xsdb_launch_script.tcl
09:01:49 INFO  : XSCT server has started successfully.
09:01:49 WARN  : Failed to closehw "D:/ITCL_video/movDataZynq/prj_vitis/Wr_dir_FIFO/platfm/export/platfm/hw/design_1_wrapper.xsa"
Reason: Invalid workspace. set workspace using setws command
09:01:49 ERROR : Failed to openhw "D:/ITCL_video/movDataZynq/prj_vitis/Wr_dir_FIFO/platfm/export/platfm/hw/design_1_wrapper.xsa"
Reason: Invalid workspace. set workspace using setws command
09:01:49 ERROR : Failed to update application flags from BSP for 'app'. Reason: null
java.lang.NullPointerException: null
	at com.xilinx.sdx.sw.internal.SDxSwPlatform.<init>(SDxSwPlatform.java:305) ~[com.xilinx.sdx.sw_1.0.0.202305040745.jar:?]
	at com.xilinx.sdx.sw.internal.SDxSwPlatform.create(SDxSwPlatform.java:214) ~[com.xilinx.sdx.sw_1.0.0.202305040745.jar:?]
	at com.xilinx.sdx.sdk.core.util.SdkPlatformHelper.getSwPlatform(SdkPlatformHelper.java:64) ~[com.xilinx.sdx.sdk.core_1.0.0.202305040745.jar:?]
	at com.xilinx.sdx.sdk.core.build.SdkMakefileGenerationListener.getSwPlatform(SdkMakefileGenerationListener.java:160) ~[com.xilinx.sdx.sdk.core_1.0.0.202305040745.jar:?]
	at com.xilinx.sdx.sdk.core.build.SdkMakefileGenerationListener.syncAppFlags(SdkMakefileGenerationListener.java:78) [com.xilinx.sdx.sdk.core_1.0.0.202305040745.jar:?]
	at com.xilinx.sdx.sdk.core.build.SdkMakefileGenerationListener.preMakefileGeneration(SdkMakefileGenerationListener.java:48) [com.xilinx.sdx.sdk.core_1.0.0.202305040745.jar:?]
	at com.xilinx.sdk.managedbuilder.XilinxGnuMakefileGenerator.notifyPreMakefileGenerationListeners(XilinxGnuMakefileGenerator.java:91) [com.xilinx.sdk.managedbuilder_1.0.0.202305040745.jar:?]
	at com.xilinx.sdk.managedbuilder.XilinxGnuMakefileGenerator.generateMakefiles(XilinxGnuMakefileGenerator.java:40) [com.xilinx.sdk.managedbuilder_1.0.0.202305040745.jar:?]
	at org.eclipse.cdt.managedbuilder.internal.core.CommonBuilder.performMakefileGeneration(CommonBuilder.java:1008) [org.eclipse.cdt.managedbuilder.core_8.6.0.201802261533.jar:?]
	at org.eclipse.cdt.managedbuilder.internal.core.CommonBuilder.performPrebuildGeneration(CommonBuilder.java:873) [org.eclipse.cdt.managedbuilder.core_8.6.0.201802261533.jar:?]
	at org.eclipse.cdt.managedbuilder.internal.core.CommonBuilder.build(CommonBuilder.java:748) [org.eclipse.cdt.managedbuilder.core_8.6.0.201802261533.jar:?]
	at org.eclipse.cdt.managedbuilder.internal.core.CommonBuilder.build(CommonBuilder.java:510) [org.eclipse.cdt.managedbuilder.core_8.6.0.201802261533.jar:?]
	at org.eclipse.cdt.managedbuilder.internal.core.CommonBuilder.build(CommonBuilder.java:459) [org.eclipse.cdt.managedbuilder.core_8.6.0.201802261533.jar:?]
	at org.eclipse.core.internal.events.BuildManager$2.run(BuildManager.java:832) [org.eclipse.core.resources_3.13.700.v20200209-1624.jar:?]
	at org.eclipse.core.runtime.SafeRunner.run(SafeRunner.java:45) [org.eclipse.equinox.common_3.11.0.v20200206-0817.jar:?]
	at org.eclipse.core.internal.events.BuildManager.basicBuild(BuildManager.java:220) [org.eclipse.core.resources_3.13.700.v20200209-1624.jar:?]
	at org.eclipse.core.internal.events.BuildManager.basicBuild(BuildManager.java:263) [org.eclipse.core.resources_3.13.700.v20200209-1624.jar:?]
	at org.eclipse.core.internal.events.BuildManager$1.run(BuildManager.java:316) [org.eclipse.core.resources_3.13.700.v20200209-1624.jar:?]
	at org.eclipse.core.runtime.SafeRunner.run(SafeRunner.java:45) [org.eclipse.equinox.common_3.11.0.v20200206-0817.jar:?]
	at org.eclipse.core.internal.events.BuildManager.basicBuild(BuildManager.java:319) [org.eclipse.core.resources_3.13.700.v20200209-1624.jar:?]
	at org.eclipse.core.internal.events.BuildManager.basicBuildLoop(BuildManager.java:371) [org.eclipse.core.resources_3.13.700.v20200209-1624.jar:?]
	at org.eclipse.core.internal.events.BuildManager.build(BuildManager.java:392) [org.eclipse.core.resources_3.13.700.v20200209-1624.jar:?]
	at org.eclipse.core.internal.resources.Workspace.buildInternal(Workspace.java:515) [org.eclipse.core.resources_3.13.700.v20200209-1624.jar:?]
	at org.eclipse.core.internal.resources.Workspace.build(Workspace.java:412) [org.eclipse.core.resources_3.13.700.v20200209-1624.jar:?]
	at org.eclipse.ui.actions.BuildAction$1.runInWorkspace(BuildAction.java:291) [org.eclipse.ui.ide_3.17.0.v20200217-1511.jar:?]
	at org.eclipse.core.internal.resources.InternalWorkspaceJob.run(InternalWorkspaceJob.java:42) [org.eclipse.core.resources_3.13.700.v20200209-1624.jar:?]
	at org.eclipse.core.internal.jobs.Worker.run(Worker.java:63) [org.eclipse.core.jobs_3.10.700.v20200106-1020.jar:?]
09:01:56 INFO  : Checking for BSP changes to sync application flags for project 'app'...
09:01:56 ERROR : Failed to openhw "D:/ITCL_video/movDataZynq/prj_vitis/Wr_dir_FIFO/platfm/export/platfm/hw/design_1_wrapper.xsa"
Reason: Invalid workspace. set workspace using setws command
09:01:56 ERROR : Failed to update application flags from BSP for 'app'. Reason: null
java.lang.NullPointerException: null
	at com.xilinx.sdx.sw.internal.SDxSwPlatform.<init>(SDxSwPlatform.java:305) ~[com.xilinx.sdx.sw_1.0.0.202305040745.jar:?]
	at com.xilinx.sdx.sw.internal.SDxSwPlatform.create(SDxSwPlatform.java:214) ~[com.xilinx.sdx.sw_1.0.0.202305040745.jar:?]
	at com.xilinx.sdx.sdk.core.util.SdkPlatformHelper.getSwPlatform(SdkPlatformHelper.java:64) ~[com.xilinx.sdx.sdk.core_1.0.0.202305040745.jar:?]
	at com.xilinx.sdx.sdk.core.build.SdkMakefileGenerationListener.getSwPlatform(SdkMakefileGenerationListener.java:160) ~[com.xilinx.sdx.sdk.core_1.0.0.202305040745.jar:?]
	at com.xilinx.sdx.sdk.core.build.SdkMakefileGenerationListener.syncAppFlags(SdkMakefileGenerationListener.java:78) [com.xilinx.sdx.sdk.core_1.0.0.202305040745.jar:?]
	at com.xilinx.sdx.sdk.core.build.SdkMakefileGenerationListener.preMakefileGeneration(SdkMakefileGenerationListener.java:48) [com.xilinx.sdx.sdk.core_1.0.0.202305040745.jar:?]
	at com.xilinx.sdk.managedbuilder.XilinxGnuMakefileGenerator.notifyPreMakefileGenerationListeners(XilinxGnuMakefileGenerator.java:91) [com.xilinx.sdk.managedbuilder_1.0.0.202305040745.jar:?]
	at com.xilinx.sdk.managedbuilder.XilinxGnuMakefileGenerator.generateMakefiles(XilinxGnuMakefileGenerator.java:40) [com.xilinx.sdk.managedbuilder_1.0.0.202305040745.jar:?]
	at org.eclipse.cdt.managedbuilder.internal.core.CommonBuilder.performMakefileGeneration(CommonBuilder.java:1008) [org.eclipse.cdt.managedbuilder.core_8.6.0.201802261533.jar:?]
	at org.eclipse.cdt.managedbuilder.internal.core.CommonBuilder.performPrebuildGeneration(CommonBuilder.java:873) [org.eclipse.cdt.managedbuilder.core_8.6.0.201802261533.jar:?]
	at org.eclipse.cdt.managedbuilder.internal.core.CommonBuilder.build(CommonBuilder.java:748) [org.eclipse.cdt.managedbuilder.core_8.6.0.201802261533.jar:?]
	at org.eclipse.cdt.managedbuilder.internal.core.CommonBuilder.build(CommonBuilder.java:510) [org.eclipse.cdt.managedbuilder.core_8.6.0.201802261533.jar:?]
	at org.eclipse.cdt.managedbuilder.internal.core.CommonBuilder.build(CommonBuilder.java:459) [org.eclipse.cdt.managedbuilder.core_8.6.0.201802261533.jar:?]
	at org.eclipse.core.internal.events.BuildManager$2.run(BuildManager.java:832) [org.eclipse.core.resources_3.13.700.v20200209-1624.jar:?]
	at org.eclipse.core.runtime.SafeRunner.run(SafeRunner.java:45) [org.eclipse.equinox.common_3.11.0.v20200206-0817.jar:?]
	at org.eclipse.core.internal.events.BuildManager.basicBuild(BuildManager.java:220) [org.eclipse.core.resources_3.13.700.v20200209-1624.jar:?]
	at org.eclipse.core.internal.events.BuildManager.basicBuild(BuildManager.java:263) [org.eclipse.core.resources_3.13.700.v20200209-1624.jar:?]
	at org.eclipse.core.internal.events.BuildManager$1.run(BuildManager.java:316) [org.eclipse.core.resources_3.13.700.v20200209-1624.jar:?]
	at org.eclipse.core.runtime.SafeRunner.run(SafeRunner.java:45) [org.eclipse.equinox.common_3.11.0.v20200206-0817.jar:?]
	at org.eclipse.core.internal.events.BuildManager.basicBuild(BuildManager.java:319) [org.eclipse.core.resources_3.13.700.v20200209-1624.jar:?]
	at org.eclipse.core.internal.events.BuildManager.basicBuildLoop(BuildManager.java:371) [org.eclipse.core.resources_3.13.700.v20200209-1624.jar:?]
	at org.eclipse.core.internal.events.BuildManager.build(BuildManager.java:392) [org.eclipse.core.resources_3.13.700.v20200209-1624.jar:?]
	at org.eclipse.core.internal.resources.Workspace.buildInternal(Workspace.java:515) [org.eclipse.core.resources_3.13.700.v20200209-1624.jar:?]
	at org.eclipse.core.internal.resources.Workspace.build(Workspace.java:412) [org.eclipse.core.resources_3.13.700.v20200209-1624.jar:?]
	at org.eclipse.ui.actions.BuildAction$1.runInWorkspace(BuildAction.java:291) [org.eclipse.ui.ide_3.17.0.v20200217-1511.jar:?]
	at org.eclipse.core.internal.resources.InternalWorkspaceJob.run(InternalWorkspaceJob.java:42) [org.eclipse.core.resources_3.13.700.v20200209-1624.jar:?]
	at org.eclipse.core.internal.jobs.Worker.run(Worker.java:63) [org.eclipse.core.jobs_3.10.700.v20200106-1020.jar:?]
09:02:03 INFO  : Checking for BSP changes to sync application flags for project 'app'...
09:02:03 ERROR : Failed to openhw "D:/ITCL_video/movDataZynq/prj_vitis/Wr_dir_FIFO/platfm/export/platfm/hw/design_1_wrapper.xsa"
Reason: Invalid workspace. set workspace using setws command
09:02:03 ERROR : Failed to update application flags from BSP for 'app'. Reason: null
java.lang.NullPointerException: null
	at com.xilinx.sdx.sw.internal.SDxSwPlatform.<init>(SDxSwPlatform.java:305) ~[com.xilinx.sdx.sw_1.0.0.202305040745.jar:?]
	at com.xilinx.sdx.sw.internal.SDxSwPlatform.create(SDxSwPlatform.java:214) ~[com.xilinx.sdx.sw_1.0.0.202305040745.jar:?]
	at com.xilinx.sdx.sdk.core.util.SdkPlatformHelper.getSwPlatform(SdkPlatformHelper.java:64) ~[com.xilinx.sdx.sdk.core_1.0.0.202305040745.jar:?]
	at com.xilinx.sdx.sdk.core.build.SdkMakefileGenerationListener.getSwPlatform(SdkMakefileGenerationListener.java:160) ~[com.xilinx.sdx.sdk.core_1.0.0.202305040745.jar:?]
	at com.xilinx.sdx.sdk.core.build.SdkMakefileGenerationListener.syncAppFlags(SdkMakefileGenerationListener.java:78) [com.xilinx.sdx.sdk.core_1.0.0.202305040745.jar:?]
	at com.xilinx.sdx.sdk.core.build.SdkMakefileGenerationListener.preMakefileGeneration(SdkMakefileGenerationListener.java:48) [com.xilinx.sdx.sdk.core_1.0.0.202305040745.jar:?]
	at com.xilinx.sdk.managedbuilder.XilinxGnuMakefileGenerator.notifyPreMakefileGenerationListeners(XilinxGnuMakefileGenerator.java:91) [com.xilinx.sdk.managedbuilder_1.0.0.202305040745.jar:?]
	at com.xilinx.sdk.managedbuilder.XilinxGnuMakefileGenerator.generateMakefiles(XilinxGnuMakefileGenerator.java:40) [com.xilinx.sdk.managedbuilder_1.0.0.202305040745.jar:?]
	at org.eclipse.cdt.managedbuilder.internal.core.CommonBuilder.performMakefileGeneration(CommonBuilder.java:1008) [org.eclipse.cdt.managedbuilder.core_8.6.0.201802261533.jar:?]
	at org.eclipse.cdt.managedbuilder.internal.core.CommonBuilder.performPrebuildGeneration(CommonBuilder.java:873) [org.eclipse.cdt.managedbuilder.core_8.6.0.201802261533.jar:?]
	at org.eclipse.cdt.managedbuilder.internal.core.CommonBuilder.build(CommonBuilder.java:748) [org.eclipse.cdt.managedbuilder.core_8.6.0.201802261533.jar:?]
	at org.eclipse.cdt.managedbuilder.internal.core.CommonBuilder.build(CommonBuilder.java:510) [org.eclipse.cdt.managedbuilder.core_8.6.0.201802261533.jar:?]
	at org.eclipse.cdt.managedbuilder.internal.core.CommonBuilder.build(CommonBuilder.java:459) [org.eclipse.cdt.managedbuilder.core_8.6.0.201802261533.jar:?]
	at org.eclipse.core.internal.events.BuildManager$2.run(BuildManager.java:832) [org.eclipse.core.resources_3.13.700.v20200209-1624.jar:?]
	at org.eclipse.core.runtime.SafeRunner.run(SafeRunner.java:45) [org.eclipse.equinox.common_3.11.0.v20200206-0817.jar:?]
	at org.eclipse.core.internal.events.BuildManager.basicBuild(BuildManager.java:220) [org.eclipse.core.resources_3.13.700.v20200209-1624.jar:?]
	at org.eclipse.core.internal.events.BuildManager.basicBuild(BuildManager.java:263) [org.eclipse.core.resources_3.13.700.v20200209-1624.jar:?]
	at org.eclipse.core.internal.events.BuildManager$1.run(BuildManager.java:316) [org.eclipse.core.resources_3.13.700.v20200209-1624.jar:?]
	at org.eclipse.core.runtime.SafeRunner.run(SafeRunner.java:45) [org.eclipse.equinox.common_3.11.0.v20200206-0817.jar:?]
	at org.eclipse.core.internal.events.BuildManager.basicBuild(BuildManager.java:319) [org.eclipse.core.resources_3.13.700.v20200209-1624.jar:?]
	at org.eclipse.core.internal.events.BuildManager.basicBuildLoop(BuildManager.java:371) [org.eclipse.core.resources_3.13.700.v20200209-1624.jar:?]
	at org.eclipse.core.internal.events.BuildManager.build(BuildManager.java:392) [org.eclipse.core.resources_3.13.700.v20200209-1624.jar:?]
	at org.eclipse.core.internal.resources.Workspace.buildInternal(Workspace.java:515) [org.eclipse.core.resources_3.13.700.v20200209-1624.jar:?]
	at org.eclipse.core.internal.resources.Workspace.build(Workspace.java:412) [org.eclipse.core.resources_3.13.700.v20200209-1624.jar:?]
	at org.eclipse.ui.actions.BuildAction$1.runInWorkspace(BuildAction.java:291) [org.eclipse.ui.ide_3.17.0.v20200217-1511.jar:?]
	at org.eclipse.core.internal.resources.InternalWorkspaceJob.run(InternalWorkspaceJob.java:42) [org.eclipse.core.resources_3.13.700.v20200209-1624.jar:?]
	at org.eclipse.core.internal.jobs.Worker.run(Worker.java:63) [org.eclipse.core.jobs_3.10.700.v20200106-1020.jar:?]
09:03:28 ERROR : Failed to update hardware specification for project 'platfm'.
Reason: Failed to execute command 'platform config -updatehw {D:/ITCL_video/movDataZynq/prj_vivado/wrData_dir_FIFO/design_1_wrapper.xsa}'. Click on details for more information.
09:03:41 WARN  : channel "tcfchan#3" closed
09:04:27 DEBUG : Logs will be stored at 'D:/ITCL_video/movDataZynq/prj_vitis/Wr_dir_FIFO/IDE.log'.
09:04:27 INFO  : Launching XSCT server: xsct.bat -n  -interactive D:\ITCL_video\movDataZynq\prj_vitis\Wr_dir_FIFO\temp_xsdb_launch_script.tcl
09:04:32 INFO  : XSCT server has started successfully.
09:04:32 INFO  : plnx-install-location is set to ''
09:04:32 INFO  : Successfully done setting XSCT server connection channel  
09:04:32 INFO  : Successfully done setting workspace for the tool. 
09:04:34 INFO  : Successfully done query RDI_DATADIR 
09:04:34 INFO  : Registering command handlers for Vitis TCF services
09:04:37 INFO  : Platform repository initialization has completed.
09:06:06 INFO  : Result from executing command 'getProjects': platfm
09:06:06 INFO  : Result from executing command 'getPlatforms': xilinx_vck190_base_202310_1|C:/Xilinx/Vitis/2023.1/base_platforms/xilinx_vck190_base_202310_1/xilinx_vck190_base_202310_1.xpfm;xilinx_vck190_base_dfx_202310_1|C:/Xilinx/Vitis/2023.1/base_platforms/xilinx_vck190_base_dfx_202310_1/xilinx_vck190_base_dfx_202310_1.xpfm;xilinx_vek280_es1_base_202310_1|C:/Xilinx/Vitis/2023.1/base_platforms/xilinx_vek280_es1_base_202310_1/xilinx_vek280_es1_base_202310_1.xpfm;xilinx_vmk180_base_202310_1|C:/Xilinx/Vitis/2023.1/base_platforms/xilinx_vmk180_base_202310_1/xilinx_vmk180_base_202310_1.xpfm;xilinx_zcu102_base_202310_1|C:/Xilinx/Vitis/2023.1/base_platforms/xilinx_zcu102_base_202310_1/xilinx_zcu102_base_202310_1.xpfm;xilinx_zcu102_base_dfx_202310_1|C:/Xilinx/Vitis/2023.1/base_platforms/xilinx_zcu102_base_dfx_202310_1/xilinx_zcu102_base_dfx_202310_1.xpfm;xilinx_zcu104_base_202310_1|C:/Xilinx/Vitis/2023.1/base_platforms/xilinx_zcu104_base_202310_1/xilinx_zcu104_base_202310_1.xpfm
09:10:29 INFO  : Checking for BSP changes to sync application flags for project 'app'...
09:11:03 INFO  : The hardware specification used by project 'app' is out of sync with the platform. Resource files extracted from the hardware specification will be updated.
09:11:03 INFO  : The file 'D:\ITCL_video\movDataZynq\prj_vitis\Wr_dir_FIFO\app\_ide\bitstream\design_1_wrapper.bit' stored in project is removed.
09:11:03 INFO  : The updated bitstream files are copied from platform to folder 'D:\ITCL_video\movDataZynq\prj_vitis\Wr_dir_FIFO\app\_ide\bitstream' in project 'app'.
09:11:03 INFO  : The file 'D:\ITCL_video\movDataZynq\prj_vitis\Wr_dir_FIFO\app\_ide\psinit\ps7_init.tcl' stored in project is removed.
09:11:20 INFO  : The updated ps init files are copied from platform to folder 'D:\ITCL_video\movDataZynq\prj_vitis\Wr_dir_FIFO\app\_ide\psinit' in project 'app'.
09:11:24 INFO  : Connected to target on host '127.0.0.1' and port '3121'.
09:11:24 INFO  : Jtag cable 'Digilent Zybo Z7 210351A6B445A' is selected.
09:11:24 INFO  : 'jtag frequency' command is executed.
09:11:24 INFO  : Context for 'APU' is selected.
09:11:24 INFO  : System reset is completed.
09:11:28 INFO  : 'after 3000' command is executed.
09:11:28 INFO  : 'targets -set -filter {jtag_cable_name =~ "Digilent Zybo Z7 210351A6B445A" && level==0 && jtag_device_ctx=="jsn-Zybo Z7-210351A6B445A-23727093-0"}' command is executed.
09:11:30 INFO  : Device configured successfully with "D:/ITCL_video/movDataZynq/prj_vitis/Wr_dir_FIFO/app/_ide/bitstream/design_1_wrapper.bit"
09:11:30 INFO  : Context for 'APU' is selected.
09:11:31 INFO  : Hardware design and registers information is loaded from 'D:/ITCL_video/movDataZynq/prj_vitis/Wr_dir_FIFO/platfm/export/platfm/hw/design_1_wrapper.xsa'.
09:11:31 INFO  : 'configparams force-mem-access 1' command is executed.
09:11:31 INFO  : Context for 'APU' is selected.
09:11:31 INFO  : Sourcing of 'D:/ITCL_video/movDataZynq/prj_vitis/Wr_dir_FIFO/app/_ide/psinit/ps7_init.tcl' is done.
09:11:32 INFO  : 'ps7_init' command is executed.
09:11:32 INFO  : 'ps7_post_config' command is executed.
09:11:32 INFO  : Context for processor 'ps7_cortexa9_0' is selected.
09:11:33 INFO  : The application 'D:/ITCL_video/movDataZynq/prj_vitis/Wr_dir_FIFO/app/Debug/app.elf' is downloaded to processor 'ps7_cortexa9_0'.
09:11:34 INFO  : 'configparams force-mem-access 0' command is executed.
09:11:34 INFO  : ----------------XSDB Script----------------
connect -url tcp:127.0.0.1:3121
targets -set -nocase -filter {name =~"APU*"}
rst -system
after 3000
targets -set -filter {jtag_cable_name =~ "Digilent Zybo Z7 210351A6B445A" && level==0 && jtag_device_ctx=="jsn-Zybo Z7-210351A6B445A-23727093-0"}
fpga -file D:/ITCL_video/movDataZynq/prj_vitis/Wr_dir_FIFO/app/_ide/bitstream/design_1_wrapper.bit
targets -set -nocase -filter {name =~"APU*"}
loadhw -hw D:/ITCL_video/movDataZynq/prj_vitis/Wr_dir_FIFO/platfm/export/platfm/hw/design_1_wrapper.xsa -mem-ranges [list {0x40000000 0xbfffffff}] -regs
configparams force-mem-access 1
targets -set -nocase -filter {name =~"APU*"}
source D:/ITCL_video/movDataZynq/prj_vitis/Wr_dir_FIFO/app/_ide/psinit/ps7_init.tcl
ps7_init
ps7_post_config
targets -set -nocase -filter {name =~ "*A9*#0"}
dow D:/ITCL_video/movDataZynq/prj_vitis/Wr_dir_FIFO/app/Debug/app.elf
configparams force-mem-access 0
----------------End of Script----------------

09:11:34 INFO  : Context for processor 'ps7_cortexa9_0' is selected.
09:11:34 INFO  : 'con' command is executed.
09:11:34 INFO  : ----------------XSDB Script (After Launch)----------------
targets -set -nocase -filter {name =~ "*A9*#0"}
con
----------------End of Script----------------

09:11:34 INFO  : Launch script is exported to file 'D:\ITCL_video\movDataZynq\prj_vitis\Wr_dir_FIFO\app_system\_ide\scripts\debugger_app-default.tcl'
09:13:55 INFO  : Checking for BSP changes to sync application flags for project 'app'...
09:14:56 INFO  : Checking for BSP changes to sync application flags for project 'app'...
09:15:11 INFO  : Disconnected from the channel tcfchan#2.
09:15:12 INFO  : Connected to target on host '127.0.0.1' and port '3121'.
09:15:21 INFO  : ----------------XSDB Script----------------
connect -url tcp:127.0.0.1:3121
----------------End of Script----------------

09:15:21 ERROR : Could not find ARM device on the board for connection 'Local'.
Check if the target is in:
1. Split JTAG - No operations are possible with ARM DAP.
2. Non JTAG bootmode - Bootrom may need time to enable DAP.
Please try again.


Troubleshooting hints:
1. Check whether board is connected to system properly.
2. In case of zynq board, check whether Digilent/Xilinx cable switch settings are correct.
3. If you are using Xilinx Platform Cable USB, ensure that status LED is green.
09:15:29 INFO  : Connected to target on host '127.0.0.1' and port '3121'.
09:15:29 INFO  : Jtag cable 'Digilent Zybo Z7 210351A6B445A' is selected.
09:15:29 INFO  : 'jtag frequency' command is executed.
09:15:29 INFO  : Context for 'APU' is selected.
09:15:30 INFO  : System reset is completed.
09:15:33 INFO  : 'after 3000' command is executed.
09:15:33 INFO  : 'targets -set -filter {jtag_cable_name =~ "Digilent Zybo Z7 210351A6B445A" && level==0 && jtag_device_ctx=="jsn-Zybo Z7-210351A6B445A-23727093-0"}' command is executed.
09:15:35 INFO  : Device configured successfully with "D:/ITCL_video/movDataZynq/prj_vitis/Wr_dir_FIFO/app/_ide/bitstream/design_1_wrapper.bit"
09:15:35 INFO  : Context for 'APU' is selected.
09:15:35 INFO  : Hardware design and registers information is loaded from 'D:/ITCL_video/movDataZynq/prj_vitis/Wr_dir_FIFO/platfm/export/platfm/hw/design_1_wrapper.xsa'.
09:15:35 INFO  : 'configparams force-mem-access 1' command is executed.
09:15:35 INFO  : Context for 'APU' is selected.
09:15:35 INFO  : Sourcing of 'D:/ITCL_video/movDataZynq/prj_vitis/Wr_dir_FIFO/app/_ide/psinit/ps7_init.tcl' is done.
09:15:36 INFO  : 'ps7_init' command is executed.
09:15:36 INFO  : 'ps7_post_config' command is executed.
09:15:36 INFO  : Context for processor 'ps7_cortexa9_0' is selected.
09:15:38 INFO  : The application 'D:/ITCL_video/movDataZynq/prj_vitis/Wr_dir_FIFO/app/Debug/app.elf' is downloaded to processor 'ps7_cortexa9_0'.
09:15:38 INFO  : 'configparams force-mem-access 0' command is executed.
09:15:38 INFO  : ----------------XSDB Script----------------
connect -url tcp:127.0.0.1:3121
targets -set -nocase -filter {name =~"APU*"}
rst -system
after 3000
targets -set -filter {jtag_cable_name =~ "Digilent Zybo Z7 210351A6B445A" && level==0 && jtag_device_ctx=="jsn-Zybo Z7-210351A6B445A-23727093-0"}
fpga -file D:/ITCL_video/movDataZynq/prj_vitis/Wr_dir_FIFO/app/_ide/bitstream/design_1_wrapper.bit
targets -set -nocase -filter {name =~"APU*"}
loadhw -hw D:/ITCL_video/movDataZynq/prj_vitis/Wr_dir_FIFO/platfm/export/platfm/hw/design_1_wrapper.xsa -mem-ranges [list {0x40000000 0xbfffffff}] -regs
configparams force-mem-access 1
targets -set -nocase -filter {name =~"APU*"}
source D:/ITCL_video/movDataZynq/prj_vitis/Wr_dir_FIFO/app/_ide/psinit/ps7_init.tcl
ps7_init
ps7_post_config
targets -set -nocase -filter {name =~ "*A9*#0"}
dow D:/ITCL_video/movDataZynq/prj_vitis/Wr_dir_FIFO/app/Debug/app.elf
configparams force-mem-access 0
----------------End of Script----------------

09:15:38 INFO  : Context for processor 'ps7_cortexa9_0' is selected.
09:15:38 INFO  : 'con' command is executed.
09:15:38 INFO  : ----------------XSDB Script (After Launch)----------------
targets -set -nocase -filter {name =~ "*A9*#0"}
con
----------------End of Script----------------

09:15:38 INFO  : Launch script is exported to file 'D:\ITCL_video\movDataZynq\prj_vitis\Wr_dir_FIFO\app_system\_ide\scripts\debugger_app-default.tcl'
22:41:33 INFO  : Disconnected from the channel tcfchan#3.
