22:42:14 DEBUG : Logs will be stored at 'D:/ITCL_video/movDataZynq/prj_vitis/proj_4HP_2GP/IDE.log'.
22:42:32 INFO  : Launching XSCT server: xsct.bat -n  -interactive D:\ITCL_video\movDataZynq\prj_vitis\proj_4HP_2GP\temp_xsdb_launch_script.tcl
22:42:32 INFO  : Registering command handlers for Vitis TCF services
22:42:36 INFO  : Platform repository initialization has completed.
22:42:40 INFO  : XSCT server has started successfully.
22:42:45 INFO  : plnx-install-location is set to ''
22:42:45 INFO  : Successfully done setting XSCT server connection channel  
22:42:45 INFO  : Successfully done query RDI_DATADIR 
22:42:45 INFO  : Successfully done setting workspace for the tool. 
10:37:13 INFO  : Result from executing command 'getProjects': platfm
10:37:13 INFO  : Result from executing command 'getPlatforms': xilinx_vck190_base_202310_1|C:/Xilinx/Vitis/2023.1/base_platforms/xilinx_vck190_base_202310_1/xilinx_vck190_base_202310_1.xpfm;xilinx_vck190_base_dfx_202310_1|C:/Xilinx/Vitis/2023.1/base_platforms/xilinx_vck190_base_dfx_202310_1/xilinx_vck190_base_dfx_202310_1.xpfm;xilinx_vek280_es1_base_202310_1|C:/Xilinx/Vitis/2023.1/base_platforms/xilinx_vek280_es1_base_202310_1/xilinx_vek280_es1_base_202310_1.xpfm;xilinx_vmk180_base_202310_1|C:/Xilinx/Vitis/2023.1/base_platforms/xilinx_vmk180_base_202310_1/xilinx_vmk180_base_202310_1.xpfm;xilinx_zcu102_base_202310_1|C:/Xilinx/Vitis/2023.1/base_platforms/xilinx_zcu102_base_202310_1/xilinx_zcu102_base_202310_1.xpfm;xilinx_zcu102_base_dfx_202310_1|C:/Xilinx/Vitis/2023.1/base_platforms/xilinx_zcu102_base_dfx_202310_1/xilinx_zcu102_base_dfx_202310_1.xpfm;xilinx_zcu104_base_202310_1|C:/Xilinx/Vitis/2023.1/base_platforms/xilinx_zcu104_base_202310_1/xilinx_zcu104_base_202310_1.xpfm
10:51:03 INFO  : Result from executing command 'getProjects': platfm
10:51:03 INFO  : Result from executing command 'getPlatforms': platfm|D:/ITCL_video/movDataZynq/prj_vitis/proj_4HP_2GP/platfm/export/platfm/platfm.xpfm;xilinx_vck190_base_202310_1|C:/Xilinx/Vitis/2023.1/base_platforms/xilinx_vck190_base_202310_1/xilinx_vck190_base_202310_1.xpfm;xilinx_vck190_base_dfx_202310_1|C:/Xilinx/Vitis/2023.1/base_platforms/xilinx_vck190_base_dfx_202310_1/xilinx_vck190_base_dfx_202310_1.xpfm;xilinx_vek280_es1_base_202310_1|C:/Xilinx/Vitis/2023.1/base_platforms/xilinx_vek280_es1_base_202310_1/xilinx_vek280_es1_base_202310_1.xpfm;xilinx_vmk180_base_202310_1|C:/Xilinx/Vitis/2023.1/base_platforms/xilinx_vmk180_base_202310_1/xilinx_vmk180_base_202310_1.xpfm;xilinx_zcu102_base_202310_1|C:/Xilinx/Vitis/2023.1/base_platforms/xilinx_zcu102_base_202310_1/xilinx_zcu102_base_202310_1.xpfm;xilinx_zcu102_base_dfx_202310_1|C:/Xilinx/Vitis/2023.1/base_platforms/xilinx_zcu102_base_dfx_202310_1/xilinx_zcu102_base_dfx_202310_1.xpfm;xilinx_zcu104_base_202310_1|C:/Xilinx/Vitis/2023.1/base_platforms/xilinx_zcu104_base_202310_1/xilinx_zcu104_base_202310_1.xpfm
10:51:06 INFO  : Checking for BSP changes to sync application flags for project 'inic_sys'...
10:54:04 INFO  : Hardware specification for platform project 'platfm' is updated.
10:54:38 INFO  : Result from executing command 'getProjects': platfm
10:54:38 INFO  : Result from executing command 'getPlatforms': platfm|D:/ITCL_video/movDataZynq/prj_vitis/proj_4HP_2GP/platfm/export/platfm/platfm.xpfm;xilinx_vck190_base_202310_1|C:/Xilinx/Vitis/2023.1/base_platforms/xilinx_vck190_base_202310_1/xilinx_vck190_base_202310_1.xpfm;xilinx_vck190_base_dfx_202310_1|C:/Xilinx/Vitis/2023.1/base_platforms/xilinx_vck190_base_dfx_202310_1/xilinx_vck190_base_dfx_202310_1.xpfm;xilinx_vek280_es1_base_202310_1|C:/Xilinx/Vitis/2023.1/base_platforms/xilinx_vek280_es1_base_202310_1/xilinx_vek280_es1_base_202310_1.xpfm;xilinx_vmk180_base_202310_1|C:/Xilinx/Vitis/2023.1/base_platforms/xilinx_vmk180_base_202310_1/xilinx_vmk180_base_202310_1.xpfm;xilinx_zcu102_base_202310_1|C:/Xilinx/Vitis/2023.1/base_platforms/xilinx_zcu102_base_202310_1/xilinx_zcu102_base_202310_1.xpfm;xilinx_zcu102_base_dfx_202310_1|C:/Xilinx/Vitis/2023.1/base_platforms/xilinx_zcu102_base_dfx_202310_1/xilinx_zcu102_base_dfx_202310_1.xpfm;xilinx_zcu104_base_202310_1|C:/Xilinx/Vitis/2023.1/base_platforms/xilinx_zcu104_base_202310_1/xilinx_zcu104_base_202310_1.xpfm
10:55:10 INFO  : No changes in MSS file content so sources will not be generated.
11:09:14 INFO  : Result from executing command 'getProjects': platfm;platfm2
11:09:14 INFO  : Result from executing command 'getPlatforms': platfm|D:/ITCL_video/movDataZynq/prj_vitis/proj_4HP_2GP/platfm/export/platfm/platfm.xpfm;xilinx_vck190_base_202310_1|C:/Xilinx/Vitis/2023.1/base_platforms/xilinx_vck190_base_202310_1/xilinx_vck190_base_202310_1.xpfm;xilinx_vck190_base_dfx_202310_1|C:/Xilinx/Vitis/2023.1/base_platforms/xilinx_vck190_base_dfx_202310_1/xilinx_vck190_base_dfx_202310_1.xpfm;xilinx_vek280_es1_base_202310_1|C:/Xilinx/Vitis/2023.1/base_platforms/xilinx_vek280_es1_base_202310_1/xilinx_vek280_es1_base_202310_1.xpfm;xilinx_vmk180_base_202310_1|C:/Xilinx/Vitis/2023.1/base_platforms/xilinx_vmk180_base_202310_1/xilinx_vmk180_base_202310_1.xpfm;xilinx_zcu102_base_202310_1|C:/Xilinx/Vitis/2023.1/base_platforms/xilinx_zcu102_base_202310_1/xilinx_zcu102_base_202310_1.xpfm;xilinx_zcu102_base_dfx_202310_1|C:/Xilinx/Vitis/2023.1/base_platforms/xilinx_zcu102_base_dfx_202310_1/xilinx_zcu102_base_dfx_202310_1.xpfm;xilinx_zcu104_base_202310_1|C:/Xilinx/Vitis/2023.1/base_platforms/xilinx_zcu104_base_202310_1/xilinx_zcu104_base_202310_1.xpfm
11:14:57 INFO  : Result from executing command 'getProjects': platfm;platfm2
11:14:57 INFO  : Result from executing command 'getPlatforms': platfm2|D:/ITCL_video/movDataZynq/prj_vitis/proj_4HP_2GP/platfm2/export/platfm2/platfm2.xpfm;xilinx_vck190_base_202310_1|C:/Xilinx/Vitis/2023.1/base_platforms/xilinx_vck190_base_202310_1/xilinx_vck190_base_202310_1.xpfm;xilinx_vck190_base_dfx_202310_1|C:/Xilinx/Vitis/2023.1/base_platforms/xilinx_vck190_base_dfx_202310_1/xilinx_vck190_base_dfx_202310_1.xpfm;xilinx_vek280_es1_base_202310_1|C:/Xilinx/Vitis/2023.1/base_platforms/xilinx_vek280_es1_base_202310_1/xilinx_vek280_es1_base_202310_1.xpfm;xilinx_vmk180_base_202310_1|C:/Xilinx/Vitis/2023.1/base_platforms/xilinx_vmk180_base_202310_1/xilinx_vmk180_base_202310_1.xpfm;xilinx_zcu102_base_202310_1|C:/Xilinx/Vitis/2023.1/base_platforms/xilinx_zcu102_base_202310_1/xilinx_zcu102_base_202310_1.xpfm;xilinx_zcu102_base_dfx_202310_1|C:/Xilinx/Vitis/2023.1/base_platforms/xilinx_zcu102_base_dfx_202310_1/xilinx_zcu102_base_dfx_202310_1.xpfm;xilinx_zcu104_base_202310_1|C:/Xilinx/Vitis/2023.1/base_platforms/xilinx_zcu104_base_202310_1/xilinx_zcu104_base_202310_1.xpfm
11:21:03 INFO  : Hardware specification for platform project 'platfm' is updated.
11:21:42 INFO  : No changes in MSS file content so sources will not be generated.
11:30:52 INFO  : Hardware specification for platform project 'platfm' is updated.
12:15:30 INFO  : Hardware specification for platform project 'platfm2' is updated.
12:21:14 INFO  : Launching XSCT server: xsct.bat -n  -interactive D:\ITCL_video\movDataZynq\prj_vitis\proj_4HP_2GP\temp_xsdb_launch_script.tcl
12:21:17 INFO  : XSCT server has started successfully.
12:21:20 WARN  : Failed to closehw "D:/ITCL_video/movDataZynq/prj_vitis/proj_4HP_2GP/platfm2/hw/design_1_wrapper.xsa"
Reason: Invalid workspace. set workspace using setws command
12:21:20 ERROR : An unexpected exception occurred in the module 'platform project logging'
12:35:08 DEBUG : Logs will be stored at 'D:/ITCL_video/movDataZynq/prj_vitis/proj_4HP_2GP/IDE.log'.
12:35:09 INFO  : Launching XSCT server: xsct.bat -n  -interactive D:\ITCL_video\movDataZynq\prj_vitis\proj_4HP_2GP\temp_xsdb_launch_script.tcl
12:35:14 INFO  : XSCT server has started successfully.
12:35:14 INFO  : plnx-install-location is set to ''
12:35:14 INFO  : Successfully done setting XSCT server connection channel  
12:35:14 INFO  : Successfully done query RDI_DATADIR 
12:35:14 INFO  : Successfully done setting workspace for the tool. 
12:35:21 INFO  : Registering command handlers for Vitis TCF services
12:35:23 INFO  : Platform repository initialization has completed.
12:44:56 INFO  : Result from executing command 'getProjects': platfm4hp
12:44:56 INFO  : Result from executing command 'getPlatforms': xilinx_vck190_base_202310_1|C:/Xilinx/Vitis/2023.1/base_platforms/xilinx_vck190_base_202310_1/xilinx_vck190_base_202310_1.xpfm;xilinx_vck190_base_dfx_202310_1|C:/Xilinx/Vitis/2023.1/base_platforms/xilinx_vck190_base_dfx_202310_1/xilinx_vck190_base_dfx_202310_1.xpfm;xilinx_vek280_es1_base_202310_1|C:/Xilinx/Vitis/2023.1/base_platforms/xilinx_vek280_es1_base_202310_1/xilinx_vek280_es1_base_202310_1.xpfm;xilinx_vmk180_base_202310_1|C:/Xilinx/Vitis/2023.1/base_platforms/xilinx_vmk180_base_202310_1/xilinx_vmk180_base_202310_1.xpfm;xilinx_zcu102_base_202310_1|C:/Xilinx/Vitis/2023.1/base_platforms/xilinx_zcu102_base_202310_1/xilinx_zcu102_base_202310_1.xpfm;xilinx_zcu102_base_dfx_202310_1|C:/Xilinx/Vitis/2023.1/base_platforms/xilinx_zcu102_base_dfx_202310_1/xilinx_zcu102_base_dfx_202310_1.xpfm;xilinx_zcu104_base_202310_1|C:/Xilinx/Vitis/2023.1/base_platforms/xilinx_zcu104_base_202310_1/xilinx_zcu104_base_202310_1.xpfm
12:48:09 INFO  : Result from executing command 'getProjects': platfm4hp
12:48:09 INFO  : Result from executing command 'getPlatforms': platfm4hp|D:/ITCL_video/movDataZynq/prj_vitis/proj_4HP_2GP/platfm4hp/export/platfm4hp/platfm4hp.xpfm;xilinx_vck190_base_202310_1|C:/Xilinx/Vitis/2023.1/base_platforms/xilinx_vck190_base_202310_1/xilinx_vck190_base_202310_1.xpfm;xilinx_vck190_base_dfx_202310_1|C:/Xilinx/Vitis/2023.1/base_platforms/xilinx_vck190_base_dfx_202310_1/xilinx_vck190_base_dfx_202310_1.xpfm;xilinx_vek280_es1_base_202310_1|C:/Xilinx/Vitis/2023.1/base_platforms/xilinx_vek280_es1_base_202310_1/xilinx_vek280_es1_base_202310_1.xpfm;xilinx_vmk180_base_202310_1|C:/Xilinx/Vitis/2023.1/base_platforms/xilinx_vmk180_base_202310_1/xilinx_vmk180_base_202310_1.xpfm;xilinx_zcu102_base_202310_1|C:/Xilinx/Vitis/2023.1/base_platforms/xilinx_zcu102_base_202310_1/xilinx_zcu102_base_202310_1.xpfm;xilinx_zcu102_base_dfx_202310_1|C:/Xilinx/Vitis/2023.1/base_platforms/xilinx_zcu102_base_dfx_202310_1/xilinx_zcu102_base_dfx_202310_1.xpfm;xilinx_zcu104_base_202310_1|C:/Xilinx/Vitis/2023.1/base_platforms/xilinx_zcu104_base_202310_1/xilinx_zcu104_base_202310_1.xpfm
12:48:13 INFO  : Checking for BSP changes to sync application flags for project 'init_syst'...
12:49:20 INFO  : Checking for BSP changes to sync application flags for project 'init_syst'...
12:53:19 INFO  : Checking for BSP changes to sync application flags for project 'init_syst'...
12:54:37 INFO  : Checking for BSP changes to sync application flags for project 'init_syst'...
12:56:34 INFO  : Checking for BSP changes to sync application flags for project 'init_syst'...
13:00:36 INFO  : Checking for BSP changes to sync application flags for project 'init_syst'...
13:04:15 INFO  : Checking for BSP changes to sync application flags for project 'init_syst'...
13:05:36 INFO  : Checking for BSP changes to sync application flags for project 'init_syst'...
13:07:00 INFO  : Checking for BSP changes to sync application flags for project 'init_syst'...
13:07:45 INFO  : Connected to target on host '127.0.0.1' and port '3121'.
13:07:45 INFO  : Jtag cable 'Digilent Zybo Z7 210351A6B445A' is selected.
13:07:45 INFO  : 'jtag frequency' command is executed.
13:07:45 INFO  : Context for 'APU' is selected.
13:07:45 INFO  : System reset is completed.
13:07:48 INFO  : 'after 3000' command is executed.
13:07:48 INFO  : 'targets -set -filter {jtag_cable_name =~ "Digilent Zybo Z7 210351A6B445A" && level==0 && jtag_device_ctx=="jsn-Zybo Z7-210351A6B445A-23727093-0"}' command is executed.
13:07:51 INFO  : Device configured successfully with "D:/ITCL_video/movDataZynq/prj_vitis/proj_4HP_2GP/init_syst/_ide/bitstream/design_1_wrapper.bit"
13:07:51 INFO  : Context for 'APU' is selected.
13:07:52 INFO  : Hardware design and registers information is loaded from 'D:/ITCL_video/movDataZynq/prj_vitis/proj_4HP_2GP/platfm4hp/export/platfm4hp/hw/design_1_wrapper.xsa'.
13:07:52 INFO  : 'configparams force-mem-access 1' command is executed.
13:07:52 INFO  : Context for 'APU' is selected.
13:07:52 INFO  : Sourcing of 'D:/ITCL_video/movDataZynq/prj_vitis/proj_4HP_2GP/init_syst/_ide/psinit/ps7_init.tcl' is done.
13:07:52 INFO  : 'ps7_init' command is executed.
13:07:53 INFO  : 'ps7_post_config' command is executed.
13:07:53 INFO  : Context for processor 'ps7_cortexa9_0' is selected.
13:07:54 INFO  : The application 'D:/ITCL_video/movDataZynq/prj_vitis/proj_4HP_2GP/init_syst/Debug/init_syst.elf' is downloaded to processor 'ps7_cortexa9_0'.
13:07:54 INFO  : 'configparams force-mem-access 0' command is executed.
13:07:54 INFO  : ----------------XSDB Script----------------
connect -url tcp:127.0.0.1:3121
targets -set -nocase -filter {name =~"APU*"}
rst -system
after 3000
targets -set -filter {jtag_cable_name =~ "Digilent Zybo Z7 210351A6B445A" && level==0 && jtag_device_ctx=="jsn-Zybo Z7-210351A6B445A-23727093-0"}
fpga -file D:/ITCL_video/movDataZynq/prj_vitis/proj_4HP_2GP/init_syst/_ide/bitstream/design_1_wrapper.bit
targets -set -nocase -filter {name =~"APU*"}
loadhw -hw D:/ITCL_video/movDataZynq/prj_vitis/proj_4HP_2GP/platfm4hp/export/platfm4hp/hw/design_1_wrapper.xsa -mem-ranges [list {0x40000000 0xbfffffff}] -regs
configparams force-mem-access 1
targets -set -nocase -filter {name =~"APU*"}
source D:/ITCL_video/movDataZynq/prj_vitis/proj_4HP_2GP/init_syst/_ide/psinit/ps7_init.tcl
ps7_init
ps7_post_config
targets -set -nocase -filter {name =~ "*A9*#0"}
dow D:/ITCL_video/movDataZynq/prj_vitis/proj_4HP_2GP/init_syst/Debug/init_syst.elf
configparams force-mem-access 0
----------------End of Script----------------

13:07:55 INFO  : Context for processor 'ps7_cortexa9_0' is selected.
13:07:55 INFO  : 'con' command is executed.
13:07:55 INFO  : ----------------XSDB Script (After Launch)----------------
targets -set -nocase -filter {name =~ "*A9*#0"}
con
----------------End of Script----------------

13:07:55 INFO  : Launch script is exported to file 'D:\ITCL_video\movDataZynq\prj_vitis\proj_4HP_2GP\init_syst_system\_ide\scripts\debugger_init_syst-default.tcl'
13:20:23 INFO  : Checking for BSP changes to sync application flags for project 'mov_contnuo'...
13:27:21 INFO  : Checking for BSP changes to sync application flags for project 'init_syst'...
13:28:05 INFO  : Checking for BSP changes to sync application flags for project 'init_syst'...
13:33:32 INFO  : Checking for BSP changes to sync application flags for project 'init_syst'...
13:34:14 INFO  : Checking for BSP changes to sync application flags for project 'init_syst'...
13:34:27 INFO  : Disconnected from the channel tcfchan#2.
13:34:28 INFO  : Connected to target on host '127.0.0.1' and port '3121'.
13:34:28 INFO  : Jtag cable 'Digilent Zybo Z7 210351A6B445A' is selected.
13:34:28 INFO  : 'jtag frequency' command is executed.
13:34:28 INFO  : Context for 'APU' is selected.
13:34:28 INFO  : System reset is completed.
13:34:31 INFO  : 'after 3000' command is executed.
13:34:31 INFO  : 'targets -set -filter {jtag_cable_name =~ "Digilent Zybo Z7 210351A6B445A" && level==0 && jtag_device_ctx=="jsn-Zybo Z7-210351A6B445A-23727093-0"}' command is executed.
13:34:34 INFO  : Device configured successfully with "D:/ITCL_video/movDataZynq/prj_vitis/proj_4HP_2GP/init_syst/_ide/bitstream/design_1_wrapper.bit"
13:34:34 INFO  : Context for 'APU' is selected.
13:34:34 INFO  : Hardware design and registers information is loaded from 'D:/ITCL_video/movDataZynq/prj_vitis/proj_4HP_2GP/platfm4hp/export/platfm4hp/hw/design_1_wrapper.xsa'.
13:34:34 INFO  : 'configparams force-mem-access 1' command is executed.
13:34:34 INFO  : Context for 'APU' is selected.
13:34:34 INFO  : Sourcing of 'D:/ITCL_video/movDataZynq/prj_vitis/proj_4HP_2GP/init_syst/_ide/psinit/ps7_init.tcl' is done.
13:34:34 INFO  : 'ps7_init' command is executed.
13:34:34 INFO  : 'ps7_post_config' command is executed.
13:34:34 INFO  : Context for processor 'ps7_cortexa9_0' is selected.
13:34:36 INFO  : The application 'D:/ITCL_video/movDataZynq/prj_vitis/proj_4HP_2GP/init_syst/Debug/init_syst.elf' is downloaded to processor 'ps7_cortexa9_0'.
13:34:36 INFO  : 'configparams force-mem-access 0' command is executed.
13:34:36 INFO  : ----------------XSDB Script----------------
connect -url tcp:127.0.0.1:3121
targets -set -nocase -filter {name =~"APU*"}
rst -system
after 3000
targets -set -filter {jtag_cable_name =~ "Digilent Zybo Z7 210351A6B445A" && level==0 && jtag_device_ctx=="jsn-Zybo Z7-210351A6B445A-23727093-0"}
fpga -file D:/ITCL_video/movDataZynq/prj_vitis/proj_4HP_2GP/init_syst/_ide/bitstream/design_1_wrapper.bit
targets -set -nocase -filter {name =~"APU*"}
loadhw -hw D:/ITCL_video/movDataZynq/prj_vitis/proj_4HP_2GP/platfm4hp/export/platfm4hp/hw/design_1_wrapper.xsa -mem-ranges [list {0x40000000 0xbfffffff}] -regs
configparams force-mem-access 1
targets -set -nocase -filter {name =~"APU*"}
source D:/ITCL_video/movDataZynq/prj_vitis/proj_4HP_2GP/init_syst/_ide/psinit/ps7_init.tcl
ps7_init
ps7_post_config
targets -set -nocase -filter {name =~ "*A9*#0"}
dow D:/ITCL_video/movDataZynq/prj_vitis/proj_4HP_2GP/init_syst/Debug/init_syst.elf
configparams force-mem-access 0
----------------End of Script----------------

13:34:36 INFO  : Context for processor 'ps7_cortexa9_0' is selected.
13:34:36 INFO  : 'con' command is executed.
13:34:36 INFO  : ----------------XSDB Script (After Launch)----------------
targets -set -nocase -filter {name =~ "*A9*#0"}
con
----------------End of Script----------------

13:34:36 INFO  : Launch script is exported to file 'D:\ITCL_video\movDataZynq\prj_vitis\proj_4HP_2GP\init_syst_system\_ide\scripts\debugger_init_syst-default.tcl'
13:36:08 INFO  : Checking for BSP changes to sync application flags for project 'init_syst'...
13:36:57 INFO  : Disconnected from the channel tcfchan#3.
13:36:58 INFO  : 'targets -set -filter {jtag_cable_name =~ "Digilent Zybo Z7 210351A6B445A" && level==0 && jtag_device_ctx=="jsn-Zybo Z7-210351A6B445A-23727093-0"}' command is executed.
13:36:58 INFO  : 'fpga -state' command is executed.
13:36:58 INFO  : Connected to target on host '127.0.0.1' and port '3121'.
13:36:59 INFO  : Jtag cable 'Digilent Zybo Z7 210351A6B445A' is selected.
13:36:59 INFO  : 'jtag frequency' command is executed.
13:36:59 INFO  : Context for 'APU' is selected.
13:36:59 INFO  : Hardware design and registers information is loaded from 'D:/ITCL_video/movDataZynq/prj_vitis/proj_4HP_2GP/platfm4hp/export/platfm4hp/hw/design_1_wrapper.xsa'.
13:36:59 INFO  : 'configparams force-mem-access 1' command is executed.
13:36:59 INFO  : Context for 'APU' is selected.
13:36:59 INFO  : 'stop' command is executed.
13:36:59 INFO  : Context for processor 'ps7_cortexa9_0' is selected.
13:36:59 INFO  : Processor reset is completed for 'ps7_cortexa9_0'.
13:36:59 INFO  : Context for processor 'ps7_cortexa9_0' is selected.
13:37:01 INFO  : The application 'D:/ITCL_video/movDataZynq/prj_vitis/proj_4HP_2GP/init_syst/Debug/init_syst.elf' is downloaded to processor 'ps7_cortexa9_0'.
13:37:01 INFO  : 'configparams force-mem-access 0' command is executed.
13:37:01 INFO  : ----------------XSDB Script----------------
connect -url tcp:127.0.0.1:3121
targets -set -nocase -filter {name =~"APU*"}
loadhw -hw D:/ITCL_video/movDataZynq/prj_vitis/proj_4HP_2GP/platfm4hp/export/platfm4hp/hw/design_1_wrapper.xsa -mem-ranges [list {0x40000000 0xbfffffff}] -regs
configparams force-mem-access 1
targets -set -nocase -filter {name =~"APU*"}
stop
targets -set -nocase -filter {name =~ "*A9*#0"}
rst -processor
targets -set -nocase -filter {name =~ "*A9*#0"}
dow D:/ITCL_video/movDataZynq/prj_vitis/proj_4HP_2GP/init_syst/Debug/init_syst.elf
configparams force-mem-access 0
----------------End of Script----------------

13:37:01 INFO  : Context for processor 'ps7_cortexa9_0' is selected.
13:37:01 INFO  : 'con' command is executed.
13:37:01 INFO  : ----------------XSDB Script (After Launch)----------------
targets -set -nocase -filter {name =~ "*A9*#0"}
con
----------------End of Script----------------

13:37:01 INFO  : Launch script is exported to file 'D:\ITCL_video\movDataZynq\prj_vitis\proj_4HP_2GP\init_syst_system\_ide\scripts\init_syst-borrar.tcl'
13:39:20 INFO  : Disconnected from the channel tcfchan#4.
13:39:21 INFO  : Connected to target on host '127.0.0.1' and port '3121'.
13:39:21 INFO  : Jtag cable 'Digilent Zybo Z7 210351A6B445A' is selected.
13:39:21 INFO  : 'jtag frequency' command is executed.
13:39:21 INFO  : Context for 'APU' is selected.
13:39:21 INFO  : System reset is completed.
13:39:24 INFO  : 'after 3000' command is executed.
13:39:24 INFO  : 'targets -set -filter {jtag_cable_name =~ "Digilent Zybo Z7 210351A6B445A" && level==0 && jtag_device_ctx=="jsn-Zybo Z7-210351A6B445A-23727093-0"}' command is executed.
13:39:27 INFO  : Device configured successfully with "D:/ITCL_video/movDataZynq/prj_vitis/proj_4HP_2GP/init_syst/_ide/bitstream/design_1_wrapper.bit"
13:39:27 INFO  : Context for 'APU' is selected.
13:39:27 INFO  : Hardware design and registers information is loaded from 'D:/ITCL_video/movDataZynq/prj_vitis/proj_4HP_2GP/platfm4hp/export/platfm4hp/hw/design_1_wrapper.xsa'.
13:39:27 INFO  : 'configparams force-mem-access 1' command is executed.
13:39:27 INFO  : Context for 'APU' is selected.
13:39:27 INFO  : Sourcing of 'D:/ITCL_video/movDataZynq/prj_vitis/proj_4HP_2GP/init_syst/_ide/psinit/ps7_init.tcl' is done.
13:39:27 INFO  : 'ps7_init' command is executed.
13:39:27 INFO  : 'ps7_post_config' command is executed.
13:39:27 INFO  : Context for processor 'ps7_cortexa9_0' is selected.
13:39:29 INFO  : The application 'D:/ITCL_video/movDataZynq/prj_vitis/proj_4HP_2GP/init_syst/Debug/init_syst.elf' is downloaded to processor 'ps7_cortexa9_0'.
13:39:29 INFO  : 'configparams force-mem-access 0' command is executed.
13:39:29 INFO  : ----------------XSDB Script----------------
connect -url tcp:127.0.0.1:3121
targets -set -nocase -filter {name =~"APU*"}
rst -system
after 3000
targets -set -filter {jtag_cable_name =~ "Digilent Zybo Z7 210351A6B445A" && level==0 && jtag_device_ctx=="jsn-Zybo Z7-210351A6B445A-23727093-0"}
fpga -file D:/ITCL_video/movDataZynq/prj_vitis/proj_4HP_2GP/init_syst/_ide/bitstream/design_1_wrapper.bit
targets -set -nocase -filter {name =~"APU*"}
loadhw -hw D:/ITCL_video/movDataZynq/prj_vitis/proj_4HP_2GP/platfm4hp/export/platfm4hp/hw/design_1_wrapper.xsa -mem-ranges [list {0x40000000 0xbfffffff}] -regs
configparams force-mem-access 1
targets -set -nocase -filter {name =~"APU*"}
source D:/ITCL_video/movDataZynq/prj_vitis/proj_4HP_2GP/init_syst/_ide/psinit/ps7_init.tcl
ps7_init
ps7_post_config
targets -set -nocase -filter {name =~ "*A9*#0"}
dow D:/ITCL_video/movDataZynq/prj_vitis/proj_4HP_2GP/init_syst/Debug/init_syst.elf
configparams force-mem-access 0
----------------End of Script----------------

13:39:29 INFO  : Context for processor 'ps7_cortexa9_0' is selected.
13:39:29 INFO  : 'con' command is executed.
13:39:29 INFO  : ----------------XSDB Script (After Launch)----------------
targets -set -nocase -filter {name =~ "*A9*#0"}
con
----------------End of Script----------------

13:39:29 INFO  : Launch script is exported to file 'D:\ITCL_video\movDataZynq\prj_vitis\proj_4HP_2GP\init_syst_system\_ide\scripts\debugger_init_syst-default.tcl'
13:41:21 INFO  : Checking for BSP changes to sync application flags for project 'init_syst'...
13:41:32 INFO  : Disconnected from the channel tcfchan#5.
13:41:33 INFO  : 'targets -set -filter {jtag_cable_name =~ "Digilent Zybo Z7 210351A6B445A" && level==0 && jtag_device_ctx=="jsn-Zybo Z7-210351A6B445A-23727093-0"}' command is executed.
13:41:33 INFO  : 'fpga -state' command is executed.
13:41:33 INFO  : Connected to target on host '127.0.0.1' and port '3121'.
13:41:34 INFO  : Jtag cable 'Digilent Zybo Z7 210351A6B445A' is selected.
13:41:34 INFO  : 'jtag frequency' command is executed.
13:41:34 INFO  : Context for 'APU' is selected.
13:41:34 INFO  : Hardware design and registers information is loaded from 'D:/ITCL_video/movDataZynq/prj_vitis/proj_4HP_2GP/platfm4hp/export/platfm4hp/hw/design_1_wrapper.xsa'.
13:41:34 INFO  : 'configparams force-mem-access 1' command is executed.
13:41:34 INFO  : Context for 'APU' is selected.
13:41:34 INFO  : 'stop' command is executed.
13:41:34 INFO  : Context for processor 'ps7_cortexa9_0' is selected.
13:41:34 INFO  : Processor reset is completed for 'ps7_cortexa9_0'.
13:41:34 INFO  : Context for processor 'ps7_cortexa9_0' is selected.
13:41:36 INFO  : The application 'D:/ITCL_video/movDataZynq/prj_vitis/proj_4HP_2GP/init_syst/Debug/init_syst.elf' is downloaded to processor 'ps7_cortexa9_0'.
13:41:36 INFO  : 'configparams force-mem-access 0' command is executed.
13:41:36 INFO  : ----------------XSDB Script----------------
connect -url tcp:127.0.0.1:3121
targets -set -nocase -filter {name =~"APU*"}
loadhw -hw D:/ITCL_video/movDataZynq/prj_vitis/proj_4HP_2GP/platfm4hp/export/platfm4hp/hw/design_1_wrapper.xsa -mem-ranges [list {0x40000000 0xbfffffff}] -regs
configparams force-mem-access 1
targets -set -nocase -filter {name =~"APU*"}
stop
targets -set -nocase -filter {name =~ "*A9*#0"}
rst -processor
targets -set -nocase -filter {name =~ "*A9*#0"}
dow D:/ITCL_video/movDataZynq/prj_vitis/proj_4HP_2GP/init_syst/Debug/init_syst.elf
configparams force-mem-access 0
----------------End of Script----------------

13:41:36 INFO  : Context for processor 'ps7_cortexa9_0' is selected.
13:41:36 INFO  : 'con' command is executed.
13:41:36 INFO  : ----------------XSDB Script (After Launch)----------------
targets -set -nocase -filter {name =~ "*A9*#0"}
con
----------------End of Script----------------

13:41:36 INFO  : Launch script is exported to file 'D:\ITCL_video\movDataZynq\prj_vitis\proj_4HP_2GP\init_syst_system\_ide\scripts\init_syst-borrar.tcl'
13:43:32 INFO  : Checking for BSP changes to sync application flags for project 'init_syst'...
13:43:47 INFO  : Disconnected from the channel tcfchan#6.
13:43:48 INFO  : 'targets -set -filter {jtag_cable_name =~ "Digilent Zybo Z7 210351A6B445A" && level==0 && jtag_device_ctx=="jsn-Zybo Z7-210351A6B445A-23727093-0"}' command is executed.
13:43:48 INFO  : 'fpga -state' command is executed.
13:43:48 INFO  : Connected to target on host '127.0.0.1' and port '3121'.
13:43:48 INFO  : Jtag cable 'Digilent Zybo Z7 210351A6B445A' is selected.
13:43:48 INFO  : 'jtag frequency' command is executed.
13:43:48 INFO  : Context for 'APU' is selected.
13:43:48 INFO  : Hardware design and registers information is loaded from 'D:/ITCL_video/movDataZynq/prj_vitis/proj_4HP_2GP/platfm4hp/export/platfm4hp/hw/design_1_wrapper.xsa'.
13:43:48 INFO  : 'configparams force-mem-access 1' command is executed.
13:43:48 INFO  : Context for 'APU' is selected.
13:43:48 INFO  : 'stop' command is executed.
13:43:48 INFO  : Context for processor 'ps7_cortexa9_0' is selected.
13:43:49 INFO  : Processor reset is completed for 'ps7_cortexa9_0'.
13:43:49 INFO  : Context for processor 'ps7_cortexa9_0' is selected.
13:43:50 INFO  : The application 'D:/ITCL_video/movDataZynq/prj_vitis/proj_4HP_2GP/init_syst/Debug/init_syst.elf' is downloaded to processor 'ps7_cortexa9_0'.
13:43:50 INFO  : 'configparams force-mem-access 0' command is executed.
13:43:50 INFO  : ----------------XSDB Script----------------
connect -url tcp:127.0.0.1:3121
targets -set -nocase -filter {name =~"APU*"}
loadhw -hw D:/ITCL_video/movDataZynq/prj_vitis/proj_4HP_2GP/platfm4hp/export/platfm4hp/hw/design_1_wrapper.xsa -mem-ranges [list {0x40000000 0xbfffffff}] -regs
configparams force-mem-access 1
targets -set -nocase -filter {name =~"APU*"}
stop
targets -set -nocase -filter {name =~ "*A9*#0"}
rst -processor
targets -set -nocase -filter {name =~ "*A9*#0"}
dow D:/ITCL_video/movDataZynq/prj_vitis/proj_4HP_2GP/init_syst/Debug/init_syst.elf
configparams force-mem-access 0
----------------End of Script----------------

13:43:50 INFO  : Context for processor 'ps7_cortexa9_0' is selected.
13:43:50 INFO  : 'con' command is executed.
13:43:50 INFO  : ----------------XSDB Script (After Launch)----------------
targets -set -nocase -filter {name =~ "*A9*#0"}
con
----------------End of Script----------------

13:43:50 INFO  : Launch script is exported to file 'D:\ITCL_video\movDataZynq\prj_vitis\proj_4HP_2GP\init_syst_system\_ide\scripts\init_syst-borrar.tcl'
13:52:03 INFO  : Checking for BSP changes to sync application flags for project 'init_syst'...
13:52:09 INFO  : Disconnected from the channel tcfchan#7.
13:52:10 INFO  : 'targets -set -filter {jtag_cable_name =~ "Digilent Zybo Z7 210351A6B445A" && level==0 && jtag_device_ctx=="jsn-Zybo Z7-210351A6B445A-23727093-0"}' command is executed.
13:52:10 INFO  : 'fpga -state' command is executed.
13:52:10 INFO  : Connected to target on host '127.0.0.1' and port '3121'.
13:52:10 INFO  : Jtag cable 'Digilent Zybo Z7 210351A6B445A' is selected.
13:52:10 INFO  : 'jtag frequency' command is executed.
13:52:10 INFO  : Context for 'APU' is selected.
13:52:10 INFO  : Hardware design and registers information is loaded from 'D:/ITCL_video/movDataZynq/prj_vitis/proj_4HP_2GP/platfm4hp/export/platfm4hp/hw/design_1_wrapper.xsa'.
13:52:10 INFO  : 'configparams force-mem-access 1' command is executed.
13:52:10 INFO  : Context for 'APU' is selected.
13:52:10 INFO  : 'stop' command is executed.
13:52:10 INFO  : Context for processor 'ps7_cortexa9_0' is selected.
13:52:10 INFO  : Processor reset is completed for 'ps7_cortexa9_0'.
13:52:10 INFO  : Context for processor 'ps7_cortexa9_0' is selected.
13:52:12 INFO  : The application 'D:/ITCL_video/movDataZynq/prj_vitis/proj_4HP_2GP/init_syst/Debug/init_syst.elf' is downloaded to processor 'ps7_cortexa9_0'.
13:52:12 INFO  : 'configparams force-mem-access 0' command is executed.
13:52:12 INFO  : ----------------XSDB Script----------------
connect -url tcp:127.0.0.1:3121
targets -set -nocase -filter {name =~"APU*"}
loadhw -hw D:/ITCL_video/movDataZynq/prj_vitis/proj_4HP_2GP/platfm4hp/export/platfm4hp/hw/design_1_wrapper.xsa -mem-ranges [list {0x40000000 0xbfffffff}] -regs
configparams force-mem-access 1
targets -set -nocase -filter {name =~"APU*"}
stop
targets -set -nocase -filter {name =~ "*A9*#0"}
rst -processor
targets -set -nocase -filter {name =~ "*A9*#0"}
dow D:/ITCL_video/movDataZynq/prj_vitis/proj_4HP_2GP/init_syst/Debug/init_syst.elf
configparams force-mem-access 0
----------------End of Script----------------

13:52:12 INFO  : Context for processor 'ps7_cortexa9_0' is selected.
13:52:12 INFO  : 'con' command is executed.
13:52:12 INFO  : ----------------XSDB Script (After Launch)----------------
targets -set -nocase -filter {name =~ "*A9*#0"}
con
----------------End of Script----------------

13:52:12 INFO  : Launch script is exported to file 'D:\ITCL_video\movDataZynq\prj_vitis\proj_4HP_2GP\init_syst_system\_ide\scripts\init_syst-borrar.tcl'
13:54:19 INFO  : Checking for BSP changes to sync application flags for project 'init_syst'...
13:54:28 INFO  : Disconnected from the channel tcfchan#8.
13:54:29 INFO  : 'targets -set -filter {jtag_cable_name =~ "Digilent Zybo Z7 210351A6B445A" && level==0 && jtag_device_ctx=="jsn-Zybo Z7-210351A6B445A-23727093-0"}' command is executed.
13:54:29 INFO  : 'fpga -state' command is executed.
13:54:29 INFO  : Connected to target on host '127.0.0.1' and port '3121'.
13:54:29 INFO  : Jtag cable 'Digilent Zybo Z7 210351A6B445A' is selected.
13:54:29 INFO  : 'jtag frequency' command is executed.
13:54:29 INFO  : Context for 'APU' is selected.
13:54:29 INFO  : Hardware design and registers information is loaded from 'D:/ITCL_video/movDataZynq/prj_vitis/proj_4HP_2GP/platfm4hp/export/platfm4hp/hw/design_1_wrapper.xsa'.
13:54:29 INFO  : 'configparams force-mem-access 1' command is executed.
13:54:29 INFO  : Context for 'APU' is selected.
13:54:29 INFO  : 'stop' command is executed.
13:54:29 INFO  : Context for processor 'ps7_cortexa9_0' is selected.
13:54:29 INFO  : Processor reset is completed for 'ps7_cortexa9_0'.
13:54:30 INFO  : Context for processor 'ps7_cortexa9_0' is selected.
13:54:31 INFO  : The application 'D:/ITCL_video/movDataZynq/prj_vitis/proj_4HP_2GP/init_syst/Debug/init_syst.elf' is downloaded to processor 'ps7_cortexa9_0'.
13:54:31 INFO  : 'configparams force-mem-access 0' command is executed.
13:54:31 INFO  : ----------------XSDB Script----------------
connect -url tcp:127.0.0.1:3121
targets -set -nocase -filter {name =~"APU*"}
loadhw -hw D:/ITCL_video/movDataZynq/prj_vitis/proj_4HP_2GP/platfm4hp/export/platfm4hp/hw/design_1_wrapper.xsa -mem-ranges [list {0x40000000 0xbfffffff}] -regs
configparams force-mem-access 1
targets -set -nocase -filter {name =~"APU*"}
stop
targets -set -nocase -filter {name =~ "*A9*#0"}
rst -processor
targets -set -nocase -filter {name =~ "*A9*#0"}
dow D:/ITCL_video/movDataZynq/prj_vitis/proj_4HP_2GP/init_syst/Debug/init_syst.elf
configparams force-mem-access 0
----------------End of Script----------------

13:54:31 INFO  : Context for processor 'ps7_cortexa9_0' is selected.
13:54:31 INFO  : 'con' command is executed.
13:54:31 INFO  : ----------------XSDB Script (After Launch)----------------
targets -set -nocase -filter {name =~ "*A9*#0"}
con
----------------End of Script----------------

13:54:31 INFO  : Launch script is exported to file 'D:\ITCL_video\movDataZynq\prj_vitis\proj_4HP_2GP\init_syst_system\_ide\scripts\init_syst-borrar.tcl'
13:56:30 INFO  : Checking for BSP changes to sync application flags for project 'init_syst'...
13:56:38 INFO  : Disconnected from the channel tcfchan#9.
13:56:39 INFO  : 'targets -set -filter {jtag_cable_name =~ "Digilent Zybo Z7 210351A6B445A" && level==0 && jtag_device_ctx=="jsn-Zybo Z7-210351A6B445A-23727093-0"}' command is executed.
13:56:39 INFO  : 'fpga -state' command is executed.
13:56:39 INFO  : Connected to target on host '127.0.0.1' and port '3121'.
13:56:39 INFO  : Jtag cable 'Digilent Zybo Z7 210351A6B445A' is selected.
13:56:39 INFO  : 'jtag frequency' command is executed.
13:56:39 INFO  : Context for 'APU' is selected.
13:56:39 INFO  : Hardware design and registers information is loaded from 'D:/ITCL_video/movDataZynq/prj_vitis/proj_4HP_2GP/platfm4hp/export/platfm4hp/hw/design_1_wrapper.xsa'.
13:56:39 INFO  : 'configparams force-mem-access 1' command is executed.
13:56:39 INFO  : Context for 'APU' is selected.
13:56:39 INFO  : 'stop' command is executed.
13:56:39 INFO  : Context for processor 'ps7_cortexa9_0' is selected.
13:56:39 INFO  : Processor reset is completed for 'ps7_cortexa9_0'.
13:56:39 INFO  : Context for processor 'ps7_cortexa9_0' is selected.
13:56:41 INFO  : The application 'D:/ITCL_video/movDataZynq/prj_vitis/proj_4HP_2GP/init_syst/Debug/init_syst.elf' is downloaded to processor 'ps7_cortexa9_0'.
13:56:41 INFO  : 'configparams force-mem-access 0' command is executed.
13:56:41 INFO  : ----------------XSDB Script----------------
connect -url tcp:127.0.0.1:3121
targets -set -nocase -filter {name =~"APU*"}
loadhw -hw D:/ITCL_video/movDataZynq/prj_vitis/proj_4HP_2GP/platfm4hp/export/platfm4hp/hw/design_1_wrapper.xsa -mem-ranges [list {0x40000000 0xbfffffff}] -regs
configparams force-mem-access 1
targets -set -nocase -filter {name =~"APU*"}
stop
targets -set -nocase -filter {name =~ "*A9*#0"}
rst -processor
targets -set -nocase -filter {name =~ "*A9*#0"}
dow D:/ITCL_video/movDataZynq/prj_vitis/proj_4HP_2GP/init_syst/Debug/init_syst.elf
configparams force-mem-access 0
----------------End of Script----------------

13:56:41 INFO  : Context for processor 'ps7_cortexa9_0' is selected.
13:56:41 INFO  : 'con' command is executed.
13:56:41 INFO  : ----------------XSDB Script (After Launch)----------------
targets -set -nocase -filter {name =~ "*A9*#0"}
con
----------------End of Script----------------

13:56:41 INFO  : Launch script is exported to file 'D:\ITCL_video\movDataZynq\prj_vitis\proj_4HP_2GP\init_syst_system\_ide\scripts\init_syst-borrar.tcl'
13:58:20 INFO  : Checking for BSP changes to sync application flags for project 'init_syst'...
13:58:40 INFO  : Disconnected from the channel tcfchan#10.
13:58:41 INFO  : 'targets -set -filter {jtag_cable_name =~ "Digilent Zybo Z7 210351A6B445A" && level==0 && jtag_device_ctx=="jsn-Zybo Z7-210351A6B445A-23727093-0"}' command is executed.
13:58:41 INFO  : 'fpga -state' command is executed.
13:58:41 INFO  : Connected to target on host '127.0.0.1' and port '3121'.
13:58:41 INFO  : Jtag cable 'Digilent Zybo Z7 210351A6B445A' is selected.
13:58:41 INFO  : 'jtag frequency' command is executed.
13:58:41 INFO  : Context for 'APU' is selected.
13:58:41 INFO  : Hardware design and registers information is loaded from 'D:/ITCL_video/movDataZynq/prj_vitis/proj_4HP_2GP/platfm4hp/export/platfm4hp/hw/design_1_wrapper.xsa'.
13:58:41 INFO  : 'configparams force-mem-access 1' command is executed.
13:58:41 INFO  : Context for 'APU' is selected.
13:58:41 INFO  : 'stop' command is executed.
13:58:41 INFO  : Context for processor 'ps7_cortexa9_0' is selected.
13:58:41 INFO  : Processor reset is completed for 'ps7_cortexa9_0'.
13:58:42 INFO  : Context for processor 'ps7_cortexa9_0' is selected.
13:58:43 INFO  : The application 'D:/ITCL_video/movDataZynq/prj_vitis/proj_4HP_2GP/init_syst/Debug/init_syst.elf' is downloaded to processor 'ps7_cortexa9_0'.
13:58:43 INFO  : 'configparams force-mem-access 0' command is executed.
13:58:43 INFO  : ----------------XSDB Script----------------
connect -url tcp:127.0.0.1:3121
targets -set -nocase -filter {name =~"APU*"}
loadhw -hw D:/ITCL_video/movDataZynq/prj_vitis/proj_4HP_2GP/platfm4hp/export/platfm4hp/hw/design_1_wrapper.xsa -mem-ranges [list {0x40000000 0xbfffffff}] -regs
configparams force-mem-access 1
targets -set -nocase -filter {name =~"APU*"}
stop
targets -set -nocase -filter {name =~ "*A9*#0"}
rst -processor
targets -set -nocase -filter {name =~ "*A9*#0"}
dow D:/ITCL_video/movDataZynq/prj_vitis/proj_4HP_2GP/init_syst/Debug/init_syst.elf
configparams force-mem-access 0
----------------End of Script----------------

13:58:43 INFO  : Context for processor 'ps7_cortexa9_0' is selected.
13:58:43 INFO  : 'con' command is executed.
13:58:43 INFO  : ----------------XSDB Script (After Launch)----------------
targets -set -nocase -filter {name =~ "*A9*#0"}
con
----------------End of Script----------------

13:58:43 INFO  : Launch script is exported to file 'D:\ITCL_video\movDataZynq\prj_vitis\proj_4HP_2GP\init_syst_system\_ide\scripts\init_syst-borrar.tcl'
14:15:04 INFO  : Disconnected from the channel tcfchan#11.
14:15:05 INFO  : Connected to target on host '127.0.0.1' and port '3121'.
14:15:05 INFO  : Jtag cable 'Digilent Zybo Z7 210351A6B445A' is selected.
14:15:05 INFO  : 'jtag frequency' command is executed.
14:15:05 INFO  : Context for 'APU' is selected.
14:15:05 INFO  : System reset is completed.
14:15:08 INFO  : 'after 3000' command is executed.
14:15:08 INFO  : 'targets -set -filter {jtag_cable_name =~ "Digilent Zybo Z7 210351A6B445A" && level==0 && jtag_device_ctx=="jsn-Zybo Z7-210351A6B445A-23727093-0"}' command is executed.
14:15:11 INFO  : Device configured successfully with "D:/ITCL_video/movDataZynq/prj_vitis/proj_4HP_2GP/mov_contnuo/_ide/bitstream/design_1_wrapper.bit"
14:15:11 INFO  : Context for 'APU' is selected.
14:15:11 INFO  : Hardware design and registers information is loaded from 'D:/ITCL_video/movDataZynq/prj_vitis/proj_4HP_2GP/platfm4hp/export/platfm4hp/hw/design_1_wrapper.xsa'.
14:15:11 INFO  : 'configparams force-mem-access 1' command is executed.
14:15:11 INFO  : Context for 'APU' is selected.
14:15:11 INFO  : Sourcing of 'D:/ITCL_video/movDataZynq/prj_vitis/proj_4HP_2GP/mov_contnuo/_ide/psinit/ps7_init.tcl' is done.
14:15:12 INFO  : 'ps7_init' command is executed.
14:15:12 INFO  : 'ps7_post_config' command is executed.
14:15:12 INFO  : Context for processor 'ps7_cortexa9_0' is selected.
14:15:13 INFO  : The application 'D:/ITCL_video/movDataZynq/prj_vitis/proj_4HP_2GP/mov_contnuo/Debug/mov_contnuo.elf' is downloaded to processor 'ps7_cortexa9_0'.
14:15:13 INFO  : 'configparams force-mem-access 0' command is executed.
14:15:13 INFO  : ----------------XSDB Script----------------
connect -url tcp:127.0.0.1:3121
targets -set -nocase -filter {name =~"APU*"}
rst -system
after 3000
targets -set -filter {jtag_cable_name =~ "Digilent Zybo Z7 210351A6B445A" && level==0 && jtag_device_ctx=="jsn-Zybo Z7-210351A6B445A-23727093-0"}
fpga -file D:/ITCL_video/movDataZynq/prj_vitis/proj_4HP_2GP/mov_contnuo/_ide/bitstream/design_1_wrapper.bit
targets -set -nocase -filter {name =~"APU*"}
loadhw -hw D:/ITCL_video/movDataZynq/prj_vitis/proj_4HP_2GP/platfm4hp/export/platfm4hp/hw/design_1_wrapper.xsa -mem-ranges [list {0x40000000 0xbfffffff}] -regs
configparams force-mem-access 1
targets -set -nocase -filter {name =~"APU*"}
source D:/ITCL_video/movDataZynq/prj_vitis/proj_4HP_2GP/mov_contnuo/_ide/psinit/ps7_init.tcl
ps7_init
ps7_post_config
targets -set -nocase -filter {name =~ "*A9*#0"}
dow D:/ITCL_video/movDataZynq/prj_vitis/proj_4HP_2GP/mov_contnuo/Debug/mov_contnuo.elf
configparams force-mem-access 0
----------------End of Script----------------

14:15:13 INFO  : Context for processor 'ps7_cortexa9_0' is selected.
14:15:13 INFO  : 'con' command is executed.
14:15:13 INFO  : ----------------XSDB Script (After Launch)----------------
targets -set -nocase -filter {name =~ "*A9*#0"}
con
----------------End of Script----------------

14:15:13 INFO  : Launch script is exported to file 'D:\ITCL_video\movDataZynq\prj_vitis\proj_4HP_2GP\mov_contnuo_system\_ide\scripts\mov_contnuo-noreset.tcl'
14:16:39 INFO  : Disconnected from the channel tcfchan#12.
14:16:40 INFO  : Connected to target on host '127.0.0.1' and port '3121'.
14:16:40 INFO  : Jtag cable 'Digilent Zybo Z7 210351A6B445A' is selected.
14:16:40 INFO  : 'jtag frequency' command is executed.
14:16:40 INFO  : Context for 'APU' is selected.
14:16:40 INFO  : System reset is completed.
14:16:43 INFO  : 'after 3000' command is executed.
14:16:43 INFO  : 'targets -set -filter {jtag_cable_name =~ "Digilent Zybo Z7 210351A6B445A" && level==0 && jtag_device_ctx=="jsn-Zybo Z7-210351A6B445A-23727093-0"}' command is executed.
14:16:45 INFO  : Device configured successfully with "D:/ITCL_video/movDataZynq/prj_vitis/proj_4HP_2GP/init_syst/_ide/bitstream/design_1_wrapper.bit"
14:16:45 INFO  : Context for 'APU' is selected.
14:16:46 INFO  : Hardware design and registers information is loaded from 'D:/ITCL_video/movDataZynq/prj_vitis/proj_4HP_2GP/platfm4hp/export/platfm4hp/hw/design_1_wrapper.xsa'.
14:16:46 INFO  : 'configparams force-mem-access 1' command is executed.
14:16:46 INFO  : Context for 'APU' is selected.
14:16:46 INFO  : Sourcing of 'D:/ITCL_video/movDataZynq/prj_vitis/proj_4HP_2GP/init_syst/_ide/psinit/ps7_init.tcl' is done.
14:16:46 INFO  : 'ps7_init' command is executed.
14:16:46 INFO  : 'ps7_post_config' command is executed.
14:16:46 INFO  : Context for processor 'ps7_cortexa9_0' is selected.
14:16:48 INFO  : The application 'D:/ITCL_video/movDataZynq/prj_vitis/proj_4HP_2GP/init_syst/Debug/init_syst.elf' is downloaded to processor 'ps7_cortexa9_0'.
14:16:48 INFO  : 'configparams force-mem-access 0' command is executed.
14:16:48 INFO  : ----------------XSDB Script----------------
connect -url tcp:127.0.0.1:3121
targets -set -nocase -filter {name =~"APU*"}
rst -system
after 3000
targets -set -filter {jtag_cable_name =~ "Digilent Zybo Z7 210351A6B445A" && level==0 && jtag_device_ctx=="jsn-Zybo Z7-210351A6B445A-23727093-0"}
fpga -file D:/ITCL_video/movDataZynq/prj_vitis/proj_4HP_2GP/init_syst/_ide/bitstream/design_1_wrapper.bit
targets -set -nocase -filter {name =~"APU*"}
loadhw -hw D:/ITCL_video/movDataZynq/prj_vitis/proj_4HP_2GP/platfm4hp/export/platfm4hp/hw/design_1_wrapper.xsa -mem-ranges [list {0x40000000 0xbfffffff}] -regs
configparams force-mem-access 1
targets -set -nocase -filter {name =~"APU*"}
source D:/ITCL_video/movDataZynq/prj_vitis/proj_4HP_2GP/init_syst/_ide/psinit/ps7_init.tcl
ps7_init
ps7_post_config
targets -set -nocase -filter {name =~ "*A9*#0"}
dow D:/ITCL_video/movDataZynq/prj_vitis/proj_4HP_2GP/init_syst/Debug/init_syst.elf
configparams force-mem-access 0
----------------End of Script----------------

14:16:48 INFO  : Context for processor 'ps7_cortexa9_0' is selected.
14:16:48 INFO  : 'con' command is executed.
14:16:48 INFO  : ----------------XSDB Script (After Launch)----------------
targets -set -nocase -filter {name =~ "*A9*#0"}
con
----------------End of Script----------------

14:16:48 INFO  : Launch script is exported to file 'D:\ITCL_video\movDataZynq\prj_vitis\proj_4HP_2GP\init_syst_system\_ide\scripts\debugger_init_syst-default.tcl'
14:17:31 INFO  : Disconnected from the channel tcfchan#13.
14:17:32 INFO  : 'targets -set -filter {jtag_cable_name =~ "Digilent Zybo Z7 210351A6B445A" && level==0 && jtag_device_ctx=="jsn-Zybo Z7-210351A6B445A-23727093-0"}' command is executed.
14:17:32 INFO  : 'fpga -state' command is executed.
14:17:32 INFO  : Connected to target on host '127.0.0.1' and port '3121'.
14:17:32 INFO  : Jtag cable 'Digilent Zybo Z7 210351A6B445A' is selected.
14:17:32 INFO  : 'jtag frequency' command is executed.
14:17:32 INFO  : Context for 'APU' is selected.
14:17:32 INFO  : Hardware design and registers information is loaded from 'D:/ITCL_video/movDataZynq/prj_vitis/proj_4HP_2GP/platfm4hp/export/platfm4hp/hw/design_1_wrapper.xsa'.
14:17:32 INFO  : 'configparams force-mem-access 1' command is executed.
14:17:32 INFO  : Context for 'APU' is selected.
14:17:32 INFO  : 'stop' command is executed.
14:17:32 INFO  : Context for processor 'ps7_cortexa9_0' is selected.
14:17:32 INFO  : Processor reset is completed for 'ps7_cortexa9_0'.
14:17:32 INFO  : Context for processor 'ps7_cortexa9_0' is selected.
14:17:34 INFO  : The application 'D:/ITCL_video/movDataZynq/prj_vitis/proj_4HP_2GP/mov_contnuo/Debug/mov_contnuo.elf' is downloaded to processor 'ps7_cortexa9_0'.
14:17:34 INFO  : 'configparams force-mem-access 0' command is executed.
14:17:34 INFO  : ----------------XSDB Script----------------
connect -url tcp:127.0.0.1:3121
targets -set -nocase -filter {name =~"APU*"}
loadhw -hw D:/ITCL_video/movDataZynq/prj_vitis/proj_4HP_2GP/platfm4hp/export/platfm4hp/hw/design_1_wrapper.xsa -mem-ranges [list {0x40000000 0xbfffffff}] -regs
configparams force-mem-access 1
targets -set -nocase -filter {name =~"APU*"}
stop
targets -set -nocase -filter {name =~ "*A9*#0"}
rst -processor
targets -set -nocase -filter {name =~ "*A9*#0"}
dow D:/ITCL_video/movDataZynq/prj_vitis/proj_4HP_2GP/mov_contnuo/Debug/mov_contnuo.elf
configparams force-mem-access 0
----------------End of Script----------------

14:17:34 INFO  : Context for processor 'ps7_cortexa9_0' is selected.
14:17:34 INFO  : 'con' command is executed.
14:17:34 INFO  : ----------------XSDB Script (After Launch)----------------
targets -set -nocase -filter {name =~ "*A9*#0"}
con
----------------End of Script----------------

14:17:34 INFO  : Launch script is exported to file 'D:\ITCL_video\movDataZynq\prj_vitis\proj_4HP_2GP\mov_contnuo_system\_ide\scripts\mov_contnuo-noreset.tcl'
15:18:21 INFO  : Disconnected from the channel tcfchan#14.
15:18:22 INFO  : Connected to target on host '127.0.0.1' and port '3121'.
15:18:23 INFO  : Jtag cable 'Digilent Zybo Z7 210351A6B445A' is selected.
15:18:23 INFO  : 'jtag frequency' command is executed.
15:18:23 INFO  : Context for 'APU' is selected.
15:18:23 INFO  : System reset is completed.
15:18:26 INFO  : 'after 3000' command is executed.
15:18:26 INFO  : 'targets -set -filter {jtag_cable_name =~ "Digilent Zybo Z7 210351A6B445A" && level==0 && jtag_device_ctx=="jsn-Zybo Z7-210351A6B445A-23727093-0"}' command is executed.
15:18:26 INFO  : Checking for BSP changes to sync application flags for project 'mov_contnuo'...
15:18:28 INFO  : Device configured successfully with "D:/ITCL_video/movDataZynq/prj_vitis/proj_4HP_2GP/init_syst/_ide/bitstream/design_1_wrapper.bit"
15:18:29 INFO  : Context for 'APU' is selected.
15:18:29 INFO  : Hardware design and registers information is loaded from 'D:/ITCL_video/movDataZynq/prj_vitis/proj_4HP_2GP/platfm4hp/export/platfm4hp/hw/design_1_wrapper.xsa'.
15:18:29 INFO  : 'configparams force-mem-access 1' command is executed.
15:18:29 INFO  : Context for 'APU' is selected.
15:18:29 INFO  : Sourcing of 'D:/ITCL_video/movDataZynq/prj_vitis/proj_4HP_2GP/init_syst/_ide/psinit/ps7_init.tcl' is done.
15:18:29 INFO  : 'ps7_init' command is executed.
15:18:29 INFO  : 'ps7_post_config' command is executed.
15:18:29 INFO  : Context for processor 'ps7_cortexa9_0' is selected.
15:18:31 INFO  : The application 'D:/ITCL_video/movDataZynq/prj_vitis/proj_4HP_2GP/init_syst/Debug/init_syst.elf' is downloaded to processor 'ps7_cortexa9_0'.
15:18:31 INFO  : 'configparams force-mem-access 0' command is executed.
15:18:31 INFO  : ----------------XSDB Script----------------
connect -url tcp:127.0.0.1:3121
targets -set -nocase -filter {name =~"APU*"}
rst -system
after 3000
targets -set -filter {jtag_cable_name =~ "Digilent Zybo Z7 210351A6B445A" && level==0 && jtag_device_ctx=="jsn-Zybo Z7-210351A6B445A-23727093-0"}
fpga -file D:/ITCL_video/movDataZynq/prj_vitis/proj_4HP_2GP/init_syst/_ide/bitstream/design_1_wrapper.bit
targets -set -nocase -filter {name =~"APU*"}
loadhw -hw D:/ITCL_video/movDataZynq/prj_vitis/proj_4HP_2GP/platfm4hp/export/platfm4hp/hw/design_1_wrapper.xsa -mem-ranges [list {0x40000000 0xbfffffff}] -regs
configparams force-mem-access 1
targets -set -nocase -filter {name =~"APU*"}
source D:/ITCL_video/movDataZynq/prj_vitis/proj_4HP_2GP/init_syst/_ide/psinit/ps7_init.tcl
ps7_init
ps7_post_config
targets -set -nocase -filter {name =~ "*A9*#0"}
dow D:/ITCL_video/movDataZynq/prj_vitis/proj_4HP_2GP/init_syst/Debug/init_syst.elf
configparams force-mem-access 0
----------------End of Script----------------

15:18:31 INFO  : Context for processor 'ps7_cortexa9_0' is selected.
15:18:31 INFO  : 'con' command is executed.
15:18:31 INFO  : ----------------XSDB Script (After Launch)----------------
targets -set -nocase -filter {name =~ "*A9*#0"}
con
----------------End of Script----------------

15:18:31 INFO  : Launch script is exported to file 'D:\ITCL_video\movDataZynq\prj_vitis\proj_4HP_2GP\init_syst_system\_ide\scripts\debugger_init_syst-default.tcl'
15:18:54 INFO  : Disconnected from the channel tcfchan#15.
15:18:55 INFO  : 'targets -set -filter {jtag_cable_name =~ "Digilent Zybo Z7 210351A6B445A" && level==0 && jtag_device_ctx=="jsn-Zybo Z7-210351A6B445A-23727093-0"}' command is executed.
15:18:55 INFO  : 'fpga -state' command is executed.
15:18:55 INFO  : Connected to target on host '127.0.0.1' and port '3121'.
15:18:55 INFO  : Jtag cable 'Digilent Zybo Z7 210351A6B445A' is selected.
15:18:55 INFO  : 'jtag frequency' command is executed.
15:18:55 INFO  : Context for 'APU' is selected.
15:18:55 INFO  : Hardware design and registers information is loaded from 'D:/ITCL_video/movDataZynq/prj_vitis/proj_4HP_2GP/platfm4hp/export/platfm4hp/hw/design_1_wrapper.xsa'.
15:18:55 INFO  : 'configparams force-mem-access 1' command is executed.
15:18:55 INFO  : Context for 'APU' is selected.
15:18:55 INFO  : 'stop' command is executed.
15:18:55 INFO  : Context for processor 'ps7_cortexa9_0' is selected.
15:18:55 INFO  : Processor reset is completed for 'ps7_cortexa9_0'.
15:18:55 INFO  : Context for processor 'ps7_cortexa9_0' is selected.
15:18:57 INFO  : The application 'D:/ITCL_video/movDataZynq/prj_vitis/proj_4HP_2GP/mov_contnuo/Debug/mov_contnuo.elf' is downloaded to processor 'ps7_cortexa9_0'.
15:18:57 INFO  : 'configparams force-mem-access 0' command is executed.
15:18:57 INFO  : ----------------XSDB Script----------------
connect -url tcp:127.0.0.1:3121
targets -set -nocase -filter {name =~"APU*"}
loadhw -hw D:/ITCL_video/movDataZynq/prj_vitis/proj_4HP_2GP/platfm4hp/export/platfm4hp/hw/design_1_wrapper.xsa -mem-ranges [list {0x40000000 0xbfffffff}] -regs
configparams force-mem-access 1
targets -set -nocase -filter {name =~"APU*"}
stop
targets -set -nocase -filter {name =~ "*A9*#0"}
rst -processor
targets -set -nocase -filter {name =~ "*A9*#0"}
dow D:/ITCL_video/movDataZynq/prj_vitis/proj_4HP_2GP/mov_contnuo/Debug/mov_contnuo.elf
configparams force-mem-access 0
----------------End of Script----------------

15:18:57 INFO  : Context for processor 'ps7_cortexa9_0' is selected.
15:18:57 INFO  : 'con' command is executed.
15:18:57 INFO  : ----------------XSDB Script (After Launch)----------------
targets -set -nocase -filter {name =~ "*A9*#0"}
con
----------------End of Script----------------

15:18:57 INFO  : Launch script is exported to file 'D:\ITCL_video\movDataZynq\prj_vitis\proj_4HP_2GP\mov_contnuo_system\_ide\scripts\mov_contnuo-noreset.tcl'
15:22:19 INFO  : Checking for BSP changes to sync application flags for project 'mov_contnuo'...
15:22:30 INFO  : Disconnected from the channel tcfchan#16.
15:22:31 INFO  : 'targets -set -filter {jtag_cable_name =~ "Digilent Zybo Z7 210351A6B445A" && level==0 && jtag_device_ctx=="jsn-Zybo Z7-210351A6B445A-23727093-0"}' command is executed.
15:22:31 INFO  : 'fpga -state' command is executed.
15:22:31 INFO  : Connected to target on host '127.0.0.1' and port '3121'.
15:22:31 INFO  : Jtag cable 'Digilent Zybo Z7 210351A6B445A' is selected.
15:22:31 INFO  : 'jtag frequency' command is executed.
15:22:31 INFO  : Context for 'APU' is selected.
15:22:31 INFO  : Hardware design and registers information is loaded from 'D:/ITCL_video/movDataZynq/prj_vitis/proj_4HP_2GP/platfm4hp/export/platfm4hp/hw/design_1_wrapper.xsa'.
15:22:31 INFO  : 'configparams force-mem-access 1' command is executed.
15:22:31 INFO  : Context for 'APU' is selected.
15:22:31 INFO  : 'stop' command is executed.
15:22:31 INFO  : Context for processor 'ps7_cortexa9_0' is selected.
15:22:32 INFO  : Processor reset is completed for 'ps7_cortexa9_0'.
15:22:32 INFO  : Context for processor 'ps7_cortexa9_0' is selected.
15:22:33 INFO  : The application 'D:/ITCL_video/movDataZynq/prj_vitis/proj_4HP_2GP/mov_contnuo/Debug/mov_contnuo.elf' is downloaded to processor 'ps7_cortexa9_0'.
15:22:33 INFO  : 'configparams force-mem-access 0' command is executed.
15:22:33 INFO  : ----------------XSDB Script----------------
connect -url tcp:127.0.0.1:3121
targets -set -nocase -filter {name =~"APU*"}
loadhw -hw D:/ITCL_video/movDataZynq/prj_vitis/proj_4HP_2GP/platfm4hp/export/platfm4hp/hw/design_1_wrapper.xsa -mem-ranges [list {0x40000000 0xbfffffff}] -regs
configparams force-mem-access 1
targets -set -nocase -filter {name =~"APU*"}
stop
targets -set -nocase -filter {name =~ "*A9*#0"}
rst -processor
targets -set -nocase -filter {name =~ "*A9*#0"}
dow D:/ITCL_video/movDataZynq/prj_vitis/proj_4HP_2GP/mov_contnuo/Debug/mov_contnuo.elf
configparams force-mem-access 0
----------------End of Script----------------

15:22:33 INFO  : Context for processor 'ps7_cortexa9_0' is selected.
15:22:33 INFO  : 'con' command is executed.
15:22:33 INFO  : ----------------XSDB Script (After Launch)----------------
targets -set -nocase -filter {name =~ "*A9*#0"}
con
----------------End of Script----------------

15:22:33 INFO  : Launch script is exported to file 'D:\ITCL_video\movDataZynq\prj_vitis\proj_4HP_2GP\mov_contnuo_system\_ide\scripts\mov_contnuo-noreset.tcl'
15:50:50 INFO  : Checking for BSP changes to sync application flags for project 'mov_contnuo'...
15:51:02 INFO  : Disconnected from the channel tcfchan#17.
15:51:03 INFO  : 'targets -set -filter {jtag_cable_name =~ "Digilent Zybo Z7 210351A6B445A" && level==0 && jtag_device_ctx=="jsn-Zybo Z7-210351A6B445A-23727093-0"}' command is executed.
15:51:03 INFO  : 'fpga -state' command is executed.
15:51:03 INFO  : Connected to target on host '127.0.0.1' and port '3121'.
15:51:03 INFO  : Jtag cable 'Digilent Zybo Z7 210351A6B445A' is selected.
15:51:03 INFO  : 'jtag frequency' command is executed.
15:51:03 INFO  : Context for 'APU' is selected.
15:51:03 INFO  : Hardware design and registers information is loaded from 'D:/ITCL_video/movDataZynq/prj_vitis/proj_4HP_2GP/platfm4hp/export/platfm4hp/hw/design_1_wrapper.xsa'.
15:51:03 INFO  : 'configparams force-mem-access 1' command is executed.
15:51:03 INFO  : Context for 'APU' is selected.
15:51:03 INFO  : 'stop' command is executed.
15:51:03 INFO  : Context for processor 'ps7_cortexa9_0' is selected.
15:51:03 INFO  : Processor reset is completed for 'ps7_cortexa9_0'.
15:51:03 INFO  : Context for processor 'ps7_cortexa9_0' is selected.
15:51:05 INFO  : The application 'D:/ITCL_video/movDataZynq/prj_vitis/proj_4HP_2GP/mov_contnuo/Debug/mov_contnuo.elf' is downloaded to processor 'ps7_cortexa9_0'.
15:51:05 INFO  : 'configparams force-mem-access 0' command is executed.
15:51:05 INFO  : ----------------XSDB Script----------------
connect -url tcp:127.0.0.1:3121
targets -set -nocase -filter {name =~"APU*"}
loadhw -hw D:/ITCL_video/movDataZynq/prj_vitis/proj_4HP_2GP/platfm4hp/export/platfm4hp/hw/design_1_wrapper.xsa -mem-ranges [list {0x40000000 0xbfffffff}] -regs
configparams force-mem-access 1
targets -set -nocase -filter {name =~"APU*"}
stop
targets -set -nocase -filter {name =~ "*A9*#0"}
rst -processor
targets -set -nocase -filter {name =~ "*A9*#0"}
dow D:/ITCL_video/movDataZynq/prj_vitis/proj_4HP_2GP/mov_contnuo/Debug/mov_contnuo.elf
configparams force-mem-access 0
----------------End of Script----------------

15:51:05 INFO  : Context for processor 'ps7_cortexa9_0' is selected.
15:51:05 INFO  : 'con' command is executed.
15:51:05 INFO  : ----------------XSDB Script (After Launch)----------------
targets -set -nocase -filter {name =~ "*A9*#0"}
con
----------------End of Script----------------

15:51:05 INFO  : Launch script is exported to file 'D:\ITCL_video\movDataZynq\prj_vitis\proj_4HP_2GP\mov_contnuo_system\_ide\scripts\mov_contnuo-noreset.tcl'
15:52:57 INFO  : Checking for BSP changes to sync application flags for project 'mov_contnuo'...
15:53:09 INFO  : Disconnected from the channel tcfchan#18.
15:53:10 INFO  : 'targets -set -filter {jtag_cable_name =~ "Digilent Zybo Z7 210351A6B445A" && level==0 && jtag_device_ctx=="jsn-Zybo Z7-210351A6B445A-23727093-0"}' command is executed.
15:53:11 INFO  : 'fpga -state' command is executed.
15:53:11 INFO  : Connected to target on host '127.0.0.1' and port '3121'.
15:53:11 INFO  : Jtag cable 'Digilent Zybo Z7 210351A6B445A' is selected.
15:53:11 INFO  : 'jtag frequency' command is executed.
15:53:11 INFO  : Context for 'APU' is selected.
15:53:11 INFO  : Hardware design and registers information is loaded from 'D:/ITCL_video/movDataZynq/prj_vitis/proj_4HP_2GP/platfm4hp/export/platfm4hp/hw/design_1_wrapper.xsa'.
15:53:11 INFO  : 'configparams force-mem-access 1' command is executed.
15:53:11 INFO  : Context for 'APU' is selected.
15:53:11 INFO  : 'stop' command is executed.
15:53:11 INFO  : Context for processor 'ps7_cortexa9_0' is selected.
15:53:11 INFO  : Processor reset is completed for 'ps7_cortexa9_0'.
15:53:11 INFO  : Context for processor 'ps7_cortexa9_0' is selected.
15:53:13 INFO  : The application 'D:/ITCL_video/movDataZynq/prj_vitis/proj_4HP_2GP/mov_contnuo/Debug/mov_contnuo.elf' is downloaded to processor 'ps7_cortexa9_0'.
15:53:13 INFO  : 'configparams force-mem-access 0' command is executed.
15:53:13 INFO  : ----------------XSDB Script----------------
connect -url tcp:127.0.0.1:3121
targets -set -nocase -filter {name =~"APU*"}
loadhw -hw D:/ITCL_video/movDataZynq/prj_vitis/proj_4HP_2GP/platfm4hp/export/platfm4hp/hw/design_1_wrapper.xsa -mem-ranges [list {0x40000000 0xbfffffff}] -regs
configparams force-mem-access 1
targets -set -nocase -filter {name =~"APU*"}
stop
targets -set -nocase -filter {name =~ "*A9*#0"}
rst -processor
targets -set -nocase -filter {name =~ "*A9*#0"}
dow D:/ITCL_video/movDataZynq/prj_vitis/proj_4HP_2GP/mov_contnuo/Debug/mov_contnuo.elf
configparams force-mem-access 0
----------------End of Script----------------

15:53:13 INFO  : Context for processor 'ps7_cortexa9_0' is selected.
15:53:13 INFO  : 'con' command is executed.
15:53:13 INFO  : ----------------XSDB Script (After Launch)----------------
targets -set -nocase -filter {name =~ "*A9*#0"}
con
----------------End of Script----------------

15:53:13 INFO  : Launch script is exported to file 'D:\ITCL_video\movDataZynq\prj_vitis\proj_4HP_2GP\mov_contnuo_system\_ide\scripts\mov_contnuo-noreset.tcl'
15:57:10 INFO  : Checking for BSP changes to sync application flags for project 'mov_contnuo'...
15:57:45 INFO  : Disconnected from the channel tcfchan#19.
15:57:46 INFO  : 'targets -set -filter {jtag_cable_name =~ "Digilent Zybo Z7 210351A6B445A" && level==0 && jtag_device_ctx=="jsn-Zybo Z7-210351A6B445A-23727093-0"}' command is executed.
15:57:46 INFO  : 'fpga -state' command is executed.
15:57:46 INFO  : Connected to target on host '127.0.0.1' and port '3121'.
15:57:47 INFO  : Jtag cable 'Digilent Zybo Z7 210351A6B445A' is selected.
15:57:47 INFO  : 'jtag frequency' command is executed.
15:57:47 INFO  : Context for 'APU' is selected.
15:57:47 INFO  : Hardware design and registers information is loaded from 'D:/ITCL_video/movDataZynq/prj_vitis/proj_4HP_2GP/platfm4hp/export/platfm4hp/hw/design_1_wrapper.xsa'.
15:57:47 INFO  : 'configparams force-mem-access 1' command is executed.
15:57:47 INFO  : Context for 'APU' is selected.
15:57:47 INFO  : 'stop' command is executed.
15:57:47 INFO  : Context for processor 'ps7_cortexa9_0' is selected.
15:57:47 INFO  : Processor reset is completed for 'ps7_cortexa9_0'.
15:57:47 INFO  : Context for processor 'ps7_cortexa9_0' is selected.
15:57:48 INFO  : The application 'D:/ITCL_video/movDataZynq/prj_vitis/proj_4HP_2GP/mov_contnuo/Debug/mov_contnuo.elf' is downloaded to processor 'ps7_cortexa9_0'.
15:57:48 INFO  : 'configparams force-mem-access 0' command is executed.
15:57:48 INFO  : ----------------XSDB Script----------------
connect -url tcp:127.0.0.1:3121
targets -set -nocase -filter {name =~"APU*"}
loadhw -hw D:/ITCL_video/movDataZynq/prj_vitis/proj_4HP_2GP/platfm4hp/export/platfm4hp/hw/design_1_wrapper.xsa -mem-ranges [list {0x40000000 0xbfffffff}] -regs
configparams force-mem-access 1
targets -set -nocase -filter {name =~"APU*"}
stop
targets -set -nocase -filter {name =~ "*A9*#0"}
rst -processor
targets -set -nocase -filter {name =~ "*A9*#0"}
dow D:/ITCL_video/movDataZynq/prj_vitis/proj_4HP_2GP/mov_contnuo/Debug/mov_contnuo.elf
configparams force-mem-access 0
----------------End of Script----------------

15:57:48 INFO  : Context for processor 'ps7_cortexa9_0' is selected.
15:57:49 INFO  : 'con' command is executed.
15:57:49 INFO  : ----------------XSDB Script (After Launch)----------------
targets -set -nocase -filter {name =~ "*A9*#0"}
con
----------------End of Script----------------

15:57:49 INFO  : Launch script is exported to file 'D:\ITCL_video\movDataZynq\prj_vitis\proj_4HP_2GP\mov_contnuo_system\_ide\scripts\mov_contnuo-noreset.tcl'
15:58:12 INFO  : Disconnected from the channel tcfchan#20.
15:58:13 INFO  : 'targets -set -filter {jtag_cable_name =~ "Digilent Zybo Z7 210351A6B445A" && level==0 && jtag_device_ctx=="jsn-Zybo Z7-210351A6B445A-23727093-0"}' command is executed.
15:58:13 INFO  : 'fpga -state' command is executed.
15:58:13 INFO  : Connected to target on host '127.0.0.1' and port '3121'.
15:58:13 INFO  : Jtag cable 'Digilent Zybo Z7 210351A6B445A' is selected.
15:58:13 INFO  : 'jtag frequency' command is executed.
15:58:13 INFO  : Context for 'APU' is selected.
15:58:13 INFO  : Hardware design and registers information is loaded from 'D:/ITCL_video/movDataZynq/prj_vitis/proj_4HP_2GP/platfm4hp/export/platfm4hp/hw/design_1_wrapper.xsa'.
15:58:13 INFO  : 'configparams force-mem-access 1' command is executed.
15:58:13 INFO  : Context for 'APU' is selected.
15:58:13 INFO  : 'stop' command is executed.
15:58:14 INFO  : Context for processor 'ps7_cortexa9_0' is selected.
15:58:14 INFO  : Processor reset is completed for 'ps7_cortexa9_0'.
15:58:14 INFO  : Context for processor 'ps7_cortexa9_0' is selected.
15:58:15 INFO  : The application 'D:/ITCL_video/movDataZynq/prj_vitis/proj_4HP_2GP/init_syst/Debug/init_syst.elf' is downloaded to processor 'ps7_cortexa9_0'.
15:58:15 INFO  : 'configparams force-mem-access 0' command is executed.
15:58:15 INFO  : ----------------XSDB Script----------------
connect -url tcp:127.0.0.1:3121
targets -set -nocase -filter {name =~"APU*"}
loadhw -hw D:/ITCL_video/movDataZynq/prj_vitis/proj_4HP_2GP/platfm4hp/export/platfm4hp/hw/design_1_wrapper.xsa -mem-ranges [list {0x40000000 0xbfffffff}] -regs
configparams force-mem-access 1
targets -set -nocase -filter {name =~"APU*"}
stop
targets -set -nocase -filter {name =~ "*A9*#0"}
rst -processor
targets -set -nocase -filter {name =~ "*A9*#0"}
dow D:/ITCL_video/movDataZynq/prj_vitis/proj_4HP_2GP/init_syst/Debug/init_syst.elf
configparams force-mem-access 0
----------------End of Script----------------

15:58:15 INFO  : Context for processor 'ps7_cortexa9_0' is selected.
15:58:15 INFO  : 'con' command is executed.
15:58:15 INFO  : ----------------XSDB Script (After Launch)----------------
targets -set -nocase -filter {name =~ "*A9*#0"}
con
----------------End of Script----------------

15:58:15 INFO  : Launch script is exported to file 'D:\ITCL_video\movDataZynq\prj_vitis\proj_4HP_2GP\init_syst_system\_ide\scripts\init_syst-borrar.tcl'
15:58:36 INFO  : Checking for BSP changes to sync application flags for project 'init_syst'...
15:58:42 INFO  : Disconnected from the channel tcfchan#21.
15:58:43 INFO  : 'targets -set -filter {jtag_cable_name =~ "Digilent Zybo Z7 210351A6B445A" && level==0 && jtag_device_ctx=="jsn-Zybo Z7-210351A6B445A-23727093-0"}' command is executed.
15:58:43 INFO  : 'fpga -state' command is executed.
15:58:43 INFO  : Connected to target on host '127.0.0.1' and port '3121'.
15:58:43 INFO  : Jtag cable 'Digilent Zybo Z7 210351A6B445A' is selected.
15:58:43 INFO  : 'jtag frequency' command is executed.
15:58:44 INFO  : Context for 'APU' is selected.
15:58:44 INFO  : Hardware design and registers information is loaded from 'D:/ITCL_video/movDataZynq/prj_vitis/proj_4HP_2GP/platfm4hp/export/platfm4hp/hw/design_1_wrapper.xsa'.
15:58:44 INFO  : 'configparams force-mem-access 1' command is executed.
15:58:44 INFO  : Context for 'APU' is selected.
15:58:44 INFO  : 'stop' command is executed.
15:58:44 INFO  : Context for processor 'ps7_cortexa9_0' is selected.
15:58:44 INFO  : Processor reset is completed for 'ps7_cortexa9_0'.
15:58:44 INFO  : Context for processor 'ps7_cortexa9_0' is selected.
15:58:45 INFO  : The application 'D:/ITCL_video/movDataZynq/prj_vitis/proj_4HP_2GP/init_syst/Debug/init_syst.elf' is downloaded to processor 'ps7_cortexa9_0'.
15:58:45 INFO  : 'configparams force-mem-access 0' command is executed.
15:58:45 INFO  : ----------------XSDB Script----------------
connect -url tcp:127.0.0.1:3121
targets -set -nocase -filter {name =~"APU*"}
loadhw -hw D:/ITCL_video/movDataZynq/prj_vitis/proj_4HP_2GP/platfm4hp/export/platfm4hp/hw/design_1_wrapper.xsa -mem-ranges [list {0x40000000 0xbfffffff}] -regs
configparams force-mem-access 1
targets -set -nocase -filter {name =~"APU*"}
stop
targets -set -nocase -filter {name =~ "*A9*#0"}
rst -processor
targets -set -nocase -filter {name =~ "*A9*#0"}
dow D:/ITCL_video/movDataZynq/prj_vitis/proj_4HP_2GP/init_syst/Debug/init_syst.elf
configparams force-mem-access 0
----------------End of Script----------------

15:58:45 INFO  : Context for processor 'ps7_cortexa9_0' is selected.
15:58:45 INFO  : 'con' command is executed.
15:58:45 INFO  : ----------------XSDB Script (After Launch)----------------
targets -set -nocase -filter {name =~ "*A9*#0"}
con
----------------End of Script----------------

15:58:45 INFO  : Launch script is exported to file 'D:\ITCL_video\movDataZynq\prj_vitis\proj_4HP_2GP\init_syst_system\_ide\scripts\init_syst-borrar.tcl'
15:59:26 INFO  : Disconnected from the channel tcfchan#22.
15:59:27 INFO  : 'targets -set -filter {jtag_cable_name =~ "Digilent Zybo Z7 210351A6B445A" && level==0 && jtag_device_ctx=="jsn-Zybo Z7-210351A6B445A-23727093-0"}' command is executed.
15:59:27 INFO  : 'fpga -state' command is executed.
15:59:27 INFO  : Connected to target on host '127.0.0.1' and port '3121'.
15:59:27 INFO  : Jtag cable 'Digilent Zybo Z7 210351A6B445A' is selected.
15:59:27 INFO  : 'jtag frequency' command is executed.
15:59:27 INFO  : Context for 'APU' is selected.
15:59:27 INFO  : Hardware design and registers information is loaded from 'D:/ITCL_video/movDataZynq/prj_vitis/proj_4HP_2GP/platfm4hp/export/platfm4hp/hw/design_1_wrapper.xsa'.
15:59:27 INFO  : 'configparams force-mem-access 1' command is executed.
15:59:27 INFO  : Context for 'APU' is selected.
15:59:27 INFO  : 'stop' command is executed.
15:59:27 INFO  : Context for processor 'ps7_cortexa9_0' is selected.
15:59:28 INFO  : Processor reset is completed for 'ps7_cortexa9_0'.
15:59:28 INFO  : Context for processor 'ps7_cortexa9_0' is selected.
15:59:29 INFO  : The application 'D:/ITCL_video/movDataZynq/prj_vitis/proj_4HP_2GP/mov_contnuo/Debug/mov_contnuo.elf' is downloaded to processor 'ps7_cortexa9_0'.
15:59:29 INFO  : 'configparams force-mem-access 0' command is executed.
15:59:29 INFO  : ----------------XSDB Script----------------
connect -url tcp:127.0.0.1:3121
targets -set -nocase -filter {name =~"APU*"}
loadhw -hw D:/ITCL_video/movDataZynq/prj_vitis/proj_4HP_2GP/platfm4hp/export/platfm4hp/hw/design_1_wrapper.xsa -mem-ranges [list {0x40000000 0xbfffffff}] -regs
configparams force-mem-access 1
targets -set -nocase -filter {name =~"APU*"}
stop
targets -set -nocase -filter {name =~ "*A9*#0"}
rst -processor
targets -set -nocase -filter {name =~ "*A9*#0"}
dow D:/ITCL_video/movDataZynq/prj_vitis/proj_4HP_2GP/mov_contnuo/Debug/mov_contnuo.elf
configparams force-mem-access 0
----------------End of Script----------------

15:59:29 INFO  : Context for processor 'ps7_cortexa9_0' is selected.
15:59:29 INFO  : 'con' command is executed.
15:59:29 INFO  : ----------------XSDB Script (After Launch)----------------
targets -set -nocase -filter {name =~ "*A9*#0"}
con
----------------End of Script----------------

15:59:29 INFO  : Launch script is exported to file 'D:\ITCL_video\movDataZynq\prj_vitis\proj_4HP_2GP\mov_contnuo_system\_ide\scripts\mov_contnuo-noreset.tcl'
16:00:46 INFO  : Checking for BSP changes to sync application flags for project 'mov_contnuo'...
16:00:57 INFO  : Disconnected from the channel tcfchan#23.
16:00:58 INFO  : 'targets -set -filter {jtag_cable_name =~ "Digilent Zybo Z7 210351A6B445A" && level==0 && jtag_device_ctx=="jsn-Zybo Z7-210351A6B445A-23727093-0"}' command is executed.
16:00:58 INFO  : 'fpga -state' command is executed.
16:00:58 INFO  : Connected to target on host '127.0.0.1' and port '3121'.
16:00:58 INFO  : Jtag cable 'Digilent Zybo Z7 210351A6B445A' is selected.
16:00:58 INFO  : 'jtag frequency' command is executed.
16:00:58 INFO  : Context for 'APU' is selected.
16:00:58 INFO  : Hardware design and registers information is loaded from 'D:/ITCL_video/movDataZynq/prj_vitis/proj_4HP_2GP/platfm4hp/export/platfm4hp/hw/design_1_wrapper.xsa'.
16:00:58 INFO  : 'configparams force-mem-access 1' command is executed.
16:00:58 INFO  : Context for 'APU' is selected.
16:00:58 INFO  : 'stop' command is executed.
16:00:58 INFO  : Context for processor 'ps7_cortexa9_0' is selected.
16:00:58 INFO  : Processor reset is completed for 'ps7_cortexa9_0'.
16:00:58 INFO  : Context for processor 'ps7_cortexa9_0' is selected.
16:01:00 INFO  : The application 'D:/ITCL_video/movDataZynq/prj_vitis/proj_4HP_2GP/mov_contnuo/Debug/mov_contnuo.elf' is downloaded to processor 'ps7_cortexa9_0'.
16:01:00 INFO  : 'configparams force-mem-access 0' command is executed.
16:01:00 INFO  : ----------------XSDB Script----------------
connect -url tcp:127.0.0.1:3121
targets -set -nocase -filter {name =~"APU*"}
loadhw -hw D:/ITCL_video/movDataZynq/prj_vitis/proj_4HP_2GP/platfm4hp/export/platfm4hp/hw/design_1_wrapper.xsa -mem-ranges [list {0x40000000 0xbfffffff}] -regs
configparams force-mem-access 1
targets -set -nocase -filter {name =~"APU*"}
stop
targets -set -nocase -filter {name =~ "*A9*#0"}
rst -processor
targets -set -nocase -filter {name =~ "*A9*#0"}
dow D:/ITCL_video/movDataZynq/prj_vitis/proj_4HP_2GP/mov_contnuo/Debug/mov_contnuo.elf
configparams force-mem-access 0
----------------End of Script----------------

16:01:00 INFO  : Context for processor 'ps7_cortexa9_0' is selected.
16:01:00 INFO  : 'con' command is executed.
16:01:00 INFO  : ----------------XSDB Script (After Launch)----------------
targets -set -nocase -filter {name =~ "*A9*#0"}
con
----------------End of Script----------------

16:01:00 INFO  : Launch script is exported to file 'D:\ITCL_video\movDataZynq\prj_vitis\proj_4HP_2GP\mov_contnuo_system\_ide\scripts\mov_contnuo-noreset.tcl'
16:24:11 INFO  : Checking for BSP changes to sync application flags for project 'mov_contnuo'...
16:24:35 INFO  : Disconnected from the channel tcfchan#24.
16:24:36 INFO  : 'targets -set -filter {jtag_cable_name =~ "Digilent Zybo Z7 210351A6B445A" && level==0 && jtag_device_ctx=="jsn-Zybo Z7-210351A6B445A-23727093-0"}' command is executed.
16:24:36 INFO  : 'fpga -state' command is executed.
16:24:46 INFO  : Connected to target on host '127.0.0.1' and port '3121'.
16:24:46 INFO  : Connected to target on host '127.0.0.1' and port '3121'.
16:24:47 INFO  : Jtag cable 'Digilent Zybo Z7 210351A6B445A' is selected.
16:24:47 INFO  : 'jtag frequency' command is executed.
16:24:47 INFO  : Context for 'APU' is selected.
16:24:47 INFO  : System reset is completed.
16:24:50 INFO  : 'after 3000' command is executed.
16:24:51 INFO  : 'targets -set -filter {jtag_cable_name =~ "Digilent Zybo Z7 210351A6B445A" && level==0 && jtag_device_ctx=="jsn-Zybo Z7-210351A6B445A-23727093-0"}' command is executed.
16:24:51 INFO  : Jtag cable 'Digilent Zybo Z7 210351A6B445A' is selected.
16:24:53 INFO  : Device configured successfully with "D:/ITCL_video/movDataZynq/prj_vitis/proj_4HP_2GP/init_syst/_ide/bitstream/design_1_wrapper.bit"
16:24:53 INFO  : 'jtag frequency' command is executed.
16:24:54 INFO  : Context for 'APU' is selected.
16:24:54 INFO  : Context for 'APU' is selected.
16:24:54 INFO  : Hardware design and registers information is loaded from 'D:/ITCL_video/movDataZynq/prj_vitis/proj_4HP_2GP/platfm4hp/export/platfm4hp/hw/design_1_wrapper.xsa'.
16:24:54 INFO  : Hardware design and registers information is loaded from 'D:/ITCL_video/movDataZynq/prj_vitis/proj_4HP_2GP/platfm4hp/export/platfm4hp/hw/design_1_wrapper.xsa'.
16:24:54 INFO  : 'configparams force-mem-access 1' command is executed.
16:24:54 INFO  : 'configparams force-mem-access 1' command is executed.
16:24:54 INFO  : Context for 'APU' is selected.
16:24:54 INFO  : Context for 'APU' is selected.
16:24:54 INFO  : 'stop' command is executed.
16:24:54 INFO  : Sourcing of 'D:/ITCL_video/movDataZynq/prj_vitis/proj_4HP_2GP/init_syst/_ide/psinit/ps7_init.tcl' is done.
16:24:54 INFO  : Context for processor 'ps7_cortexa9_0' is selected.
16:24:55 INFO  : 'ps7_init' command is executed.
16:24:55 INFO  : Processor reset is completed for 'ps7_cortexa9_0'.
16:24:55 INFO  : 'ps7_post_config' command is executed.
16:24:55 INFO  : Context for processor 'ps7_cortexa9_0' is selected.
16:24:55 INFO  : Context for processor 'ps7_cortexa9_0' is selected.
16:24:56 INFO  : The application 'D:/ITCL_video/movDataZynq/prj_vitis/proj_4HP_2GP/mov_contnuo/Debug/mov_contnuo.elf' is downloaded to processor 'ps7_cortexa9_0'.
16:24:58 INFO  : The application 'D:/ITCL_video/movDataZynq/prj_vitis/proj_4HP_2GP/init_syst/Debug/init_syst.elf' is downloaded to processor 'ps7_cortexa9_0'.
16:24:58 INFO  : 'configparams force-mem-access 0' command is executed.
16:24:58 INFO  : ----------------XSDB Script----------------
connect -url tcp:127.0.0.1:3121
targets -set -nocase -filter {name =~"APU*"}
loadhw -hw D:/ITCL_video/movDataZynq/prj_vitis/proj_4HP_2GP/platfm4hp/export/platfm4hp/hw/design_1_wrapper.xsa -mem-ranges [list {0x40000000 0xbfffffff}] -regs
configparams force-mem-access 1
targets -set -nocase -filter {name =~"APU*"}
stop
targets -set -nocase -filter {name =~ "*A9*#0"}
rst -processor
targets -set -nocase -filter {name =~ "*A9*#0"}
dow D:/ITCL_video/movDataZynq/prj_vitis/proj_4HP_2GP/mov_contnuo/Debug/mov_contnuo.elf
configparams force-mem-access 0
----------------End of Script----------------

16:24:58 INFO  : 'configparams force-mem-access 0' command is executed.
16:24:58 INFO  : ----------------XSDB Script----------------
connect -url tcp:127.0.0.1:3121
targets -set -nocase -filter {name =~"APU*"}
rst -system
after 3000
targets -set -filter {jtag_cable_name =~ "Digilent Zybo Z7 210351A6B445A" && level==0 && jtag_device_ctx=="jsn-Zybo Z7-210351A6B445A-23727093-0"}
fpga -file D:/ITCL_video/movDataZynq/prj_vitis/proj_4HP_2GP/init_syst/_ide/bitstream/design_1_wrapper.bit
targets -set -nocase -filter {name =~"APU*"}
loadhw -hw D:/ITCL_video/movDataZynq/prj_vitis/proj_4HP_2GP/platfm4hp/export/platfm4hp/hw/design_1_wrapper.xsa -mem-ranges [list {0x40000000 0xbfffffff}] -regs
configparams force-mem-access 1
targets -set -nocase -filter {name =~"APU*"}
source D:/ITCL_video/movDataZynq/prj_vitis/proj_4HP_2GP/init_syst/_ide/psinit/ps7_init.tcl
ps7_init
ps7_post_config
targets -set -nocase -filter {name =~ "*A9*#0"}
dow D:/ITCL_video/movDataZynq/prj_vitis/proj_4HP_2GP/init_syst/Debug/init_syst.elf
configparams force-mem-access 0
----------------End of Script----------------

16:24:58 INFO  : Context for processor 'ps7_cortexa9_0' is selected.
16:24:58 INFO  : 'con' command is executed.
16:24:58 INFO  : ----------------XSDB Script (After Launch)----------------
targets -set -nocase -filter {name =~ "*A9*#0"}
con
----------------End of Script----------------

16:24:58 INFO  : Launch script is exported to file 'D:\ITCL_video\movDataZynq\prj_vitis\proj_4HP_2GP\init_syst_system\_ide\scripts\debugger_init_syst-default.tcl'
16:24:58 INFO  : Context for processor 'ps7_cortexa9_0' is selected.
16:24:58 ERROR : Already running
16:24:58 INFO  : Disconnected from the channel tcfchan#25.
16:25:32 INFO  : 'targets -set -filter {jtag_cable_name =~ "Digilent Zybo Z7 210351A6B445A" && level==0 && jtag_device_ctx=="jsn-Zybo Z7-210351A6B445A-23727093-0"}' command is executed.
16:25:32 INFO  : 'fpga -state' command is executed.
16:25:32 INFO  : Connected to target on host '127.0.0.1' and port '3121'.
16:25:33 INFO  : Jtag cable 'Digilent Zybo Z7 210351A6B445A' is selected.
16:25:33 INFO  : 'jtag frequency' command is executed.
16:25:33 INFO  : Context for 'APU' is selected.
16:25:33 INFO  : Hardware design and registers information is loaded from 'D:/ITCL_video/movDataZynq/prj_vitis/proj_4HP_2GP/platfm4hp/export/platfm4hp/hw/design_1_wrapper.xsa'.
16:25:33 INFO  : 'configparams force-mem-access 1' command is executed.
16:25:33 INFO  : Context for 'APU' is selected.
16:25:33 INFO  : 'stop' command is executed.
16:25:33 INFO  : Context for processor 'ps7_cortexa9_0' is selected.
16:25:33 INFO  : Processor reset is completed for 'ps7_cortexa9_0'.
16:25:33 INFO  : Context for processor 'ps7_cortexa9_0' is selected.
16:25:34 INFO  : The application 'D:/ITCL_video/movDataZynq/prj_vitis/proj_4HP_2GP/init_syst/Debug/init_syst.elf' is downloaded to processor 'ps7_cortexa9_0'.
16:25:34 INFO  : 'configparams force-mem-access 0' command is executed.
16:25:34 INFO  : ----------------XSDB Script----------------
connect -url tcp:127.0.0.1:3121
targets -set -nocase -filter {name =~"APU*"}
loadhw -hw D:/ITCL_video/movDataZynq/prj_vitis/proj_4HP_2GP/platfm4hp/export/platfm4hp/hw/design_1_wrapper.xsa -mem-ranges [list {0x40000000 0xbfffffff}] -regs
configparams force-mem-access 1
targets -set -nocase -filter {name =~"APU*"}
stop
targets -set -nocase -filter {name =~ "*A9*#0"}
rst -processor
targets -set -nocase -filter {name =~ "*A9*#0"}
dow D:/ITCL_video/movDataZynq/prj_vitis/proj_4HP_2GP/init_syst/Debug/init_syst.elf
configparams force-mem-access 0
----------------End of Script----------------

16:25:34 INFO  : Context for processor 'ps7_cortexa9_0' is selected.
16:25:34 INFO  : 'con' command is executed.
16:25:34 INFO  : ----------------XSDB Script (After Launch)----------------
targets -set -nocase -filter {name =~ "*A9*#0"}
con
----------------End of Script----------------

16:25:34 INFO  : Launch script is exported to file 'D:\ITCL_video\movDataZynq\prj_vitis\proj_4HP_2GP\init_syst_system\_ide\scripts\init_syst-borrar.tcl'
16:25:48 INFO  : Disconnected from the channel tcfchan#26.
16:25:49 INFO  : 'targets -set -filter {jtag_cable_name =~ "Digilent Zybo Z7 210351A6B445A" && level==0 && jtag_device_ctx=="jsn-Zybo Z7-210351A6B445A-23727093-0"}' command is executed.
16:25:49 INFO  : 'fpga -state' command is executed.
16:25:49 INFO  : Connected to target on host '127.0.0.1' and port '3121'.
16:25:49 INFO  : Jtag cable 'Digilent Zybo Z7 210351A6B445A' is selected.
16:25:49 INFO  : 'jtag frequency' command is executed.
16:25:49 INFO  : Context for 'APU' is selected.
16:25:49 INFO  : Hardware design and registers information is loaded from 'D:/ITCL_video/movDataZynq/prj_vitis/proj_4HP_2GP/platfm4hp/export/platfm4hp/hw/design_1_wrapper.xsa'.
16:25:50 INFO  : 'configparams force-mem-access 1' command is executed.
16:25:50 INFO  : Context for 'APU' is selected.
16:25:50 INFO  : 'stop' command is executed.
16:25:50 INFO  : Context for processor 'ps7_cortexa9_0' is selected.
16:25:50 INFO  : Processor reset is completed for 'ps7_cortexa9_0'.
16:25:50 INFO  : Context for processor 'ps7_cortexa9_0' is selected.
16:25:51 INFO  : The application 'D:/ITCL_video/movDataZynq/prj_vitis/proj_4HP_2GP/mov_contnuo/Debug/mov_contnuo.elf' is downloaded to processor 'ps7_cortexa9_0'.
16:25:51 INFO  : 'configparams force-mem-access 0' command is executed.
16:25:51 INFO  : ----------------XSDB Script----------------
connect -url tcp:127.0.0.1:3121
targets -set -nocase -filter {name =~"APU*"}
loadhw -hw D:/ITCL_video/movDataZynq/prj_vitis/proj_4HP_2GP/platfm4hp/export/platfm4hp/hw/design_1_wrapper.xsa -mem-ranges [list {0x40000000 0xbfffffff}] -regs
configparams force-mem-access 1
targets -set -nocase -filter {name =~"APU*"}
stop
targets -set -nocase -filter {name =~ "*A9*#0"}
rst -processor
targets -set -nocase -filter {name =~ "*A9*#0"}
dow D:/ITCL_video/movDataZynq/prj_vitis/proj_4HP_2GP/mov_contnuo/Debug/mov_contnuo.elf
configparams force-mem-access 0
----------------End of Script----------------

16:25:51 INFO  : Context for processor 'ps7_cortexa9_0' is selected.
16:25:51 INFO  : 'con' command is executed.
16:25:51 INFO  : ----------------XSDB Script (After Launch)----------------
targets -set -nocase -filter {name =~ "*A9*#0"}
con
----------------End of Script----------------

16:25:51 INFO  : Launch script is exported to file 'D:\ITCL_video\movDataZynq\prj_vitis\proj_4HP_2GP\mov_contnuo_system\_ide\scripts\mov_contnuo-noreset.tcl'
16:28:21 INFO  : Checking for BSP changes to sync application flags for project 'mov_contnuo'...
16:28:28 INFO  : Disconnected from the channel tcfchan#27.
16:28:29 INFO  : 'targets -set -filter {jtag_cable_name =~ "Digilent Zybo Z7 210351A6B445A" && level==0 && jtag_device_ctx=="jsn-Zybo Z7-210351A6B445A-23727093-0"}' command is executed.
16:28:29 INFO  : 'fpga -state' command is executed.
16:28:29 INFO  : Connected to target on host '127.0.0.1' and port '3121'.
16:28:30 INFO  : Jtag cable 'Digilent Zybo Z7 210351A6B445A' is selected.
16:28:30 INFO  : 'jtag frequency' command is executed.
16:28:30 INFO  : Context for 'APU' is selected.
16:28:30 INFO  : Hardware design and registers information is loaded from 'D:/ITCL_video/movDataZynq/prj_vitis/proj_4HP_2GP/platfm4hp/export/platfm4hp/hw/design_1_wrapper.xsa'.
16:28:30 INFO  : 'configparams force-mem-access 1' command is executed.
16:28:30 INFO  : Context for 'APU' is selected.
16:28:30 INFO  : 'stop' command is executed.
16:28:30 INFO  : Context for processor 'ps7_cortexa9_0' is selected.
16:28:30 INFO  : Processor reset is completed for 'ps7_cortexa9_0'.
16:28:30 INFO  : Context for processor 'ps7_cortexa9_0' is selected.
16:28:31 INFO  : The application 'D:/ITCL_video/movDataZynq/prj_vitis/proj_4HP_2GP/mov_contnuo/Debug/mov_contnuo.elf' is downloaded to processor 'ps7_cortexa9_0'.
16:28:31 INFO  : 'configparams force-mem-access 0' command is executed.
16:28:31 INFO  : ----------------XSDB Script----------------
connect -url tcp:127.0.0.1:3121
targets -set -nocase -filter {name =~"APU*"}
loadhw -hw D:/ITCL_video/movDataZynq/prj_vitis/proj_4HP_2GP/platfm4hp/export/platfm4hp/hw/design_1_wrapper.xsa -mem-ranges [list {0x40000000 0xbfffffff}] -regs
configparams force-mem-access 1
targets -set -nocase -filter {name =~"APU*"}
stop
targets -set -nocase -filter {name =~ "*A9*#0"}
rst -processor
targets -set -nocase -filter {name =~ "*A9*#0"}
dow D:/ITCL_video/movDataZynq/prj_vitis/proj_4HP_2GP/mov_contnuo/Debug/mov_contnuo.elf
configparams force-mem-access 0
----------------End of Script----------------

16:28:31 INFO  : Context for processor 'ps7_cortexa9_0' is selected.
16:28:31 INFO  : 'con' command is executed.
16:28:31 INFO  : ----------------XSDB Script (After Launch)----------------
targets -set -nocase -filter {name =~ "*A9*#0"}
con
----------------End of Script----------------

16:28:31 INFO  : Launch script is exported to file 'D:\ITCL_video\movDataZynq\prj_vitis\proj_4HP_2GP\mov_contnuo_system\_ide\scripts\mov_contnuo-noreset.tcl'
16:29:52 INFO  : Checking for BSP changes to sync application flags for project 'mov_contnuo'...
16:29:58 INFO  : Disconnected from the channel tcfchan#28.
16:29:59 INFO  : 'targets -set -filter {jtag_cable_name =~ "Digilent Zybo Z7 210351A6B445A" && level==0 && jtag_device_ctx=="jsn-Zybo Z7-210351A6B445A-23727093-0"}' command is executed.
16:29:59 INFO  : 'fpga -state' command is executed.
16:29:59 INFO  : Connected to target on host '127.0.0.1' and port '3121'.
16:29:59 INFO  : Jtag cable 'Digilent Zybo Z7 210351A6B445A' is selected.
16:29:59 INFO  : 'jtag frequency' command is executed.
16:29:59 INFO  : Context for 'APU' is selected.
16:29:59 INFO  : Hardware design and registers information is loaded from 'D:/ITCL_video/movDataZynq/prj_vitis/proj_4HP_2GP/platfm4hp/export/platfm4hp/hw/design_1_wrapper.xsa'.
16:29:59 INFO  : 'configparams force-mem-access 1' command is executed.
16:29:59 INFO  : Context for 'APU' is selected.
16:29:59 INFO  : 'stop' command is executed.
16:29:59 INFO  : Context for processor 'ps7_cortexa9_0' is selected.
16:29:59 INFO  : Processor reset is completed for 'ps7_cortexa9_0'.
16:29:59 INFO  : Context for processor 'ps7_cortexa9_0' is selected.
16:30:01 INFO  : The application 'D:/ITCL_video/movDataZynq/prj_vitis/proj_4HP_2GP/mov_contnuo/Debug/mov_contnuo.elf' is downloaded to processor 'ps7_cortexa9_0'.
16:30:01 INFO  : 'configparams force-mem-access 0' command is executed.
16:30:01 INFO  : ----------------XSDB Script----------------
connect -url tcp:127.0.0.1:3121
targets -set -nocase -filter {name =~"APU*"}
loadhw -hw D:/ITCL_video/movDataZynq/prj_vitis/proj_4HP_2GP/platfm4hp/export/platfm4hp/hw/design_1_wrapper.xsa -mem-ranges [list {0x40000000 0xbfffffff}] -regs
configparams force-mem-access 1
targets -set -nocase -filter {name =~"APU*"}
stop
targets -set -nocase -filter {name =~ "*A9*#0"}
rst -processor
targets -set -nocase -filter {name =~ "*A9*#0"}
dow D:/ITCL_video/movDataZynq/prj_vitis/proj_4HP_2GP/mov_contnuo/Debug/mov_contnuo.elf
configparams force-mem-access 0
----------------End of Script----------------

16:30:01 INFO  : Context for processor 'ps7_cortexa9_0' is selected.
16:30:01 INFO  : 'con' command is executed.
16:30:01 INFO  : ----------------XSDB Script (After Launch)----------------
targets -set -nocase -filter {name =~ "*A9*#0"}
con
----------------End of Script----------------

16:30:01 INFO  : Launch script is exported to file 'D:\ITCL_video\movDataZynq\prj_vitis\proj_4HP_2GP\mov_contnuo_system\_ide\scripts\mov_contnuo-noreset.tcl'
16:51:37 INFO  : Disconnected from the channel tcfchan#29.
