INFO-FLOW: Workspace D:/ITCL_video/movDataZynq/prj_hls/hls_path_Thr/solution1 opened at Wed Aug 30 10:21:55 +0200 2023
Execute     ap_set_clock -name default -period 10 -default=false 
INFO: [SYN 201-201] Setting up clock 'default' with a period of 10ns.
Execute     set_part xc7z020-clg484-1 
Execute       create_platform xc7z020-clg484-1 -board  
DBG:HLSDevice: Trying to load device library: C:/Xilinx/Vitis_HLS/2023.1\lib\win64.o\xv_hlsvwrap.dll
DBG:HLSDevice: first parts/arch.xml in RDI_DATADIR: C:/Xilinx/Vivado/2023.1/data/parts/arch.xml
DBG:HLSDevice: init success
INFO: [HLS 200-1611] Setting target device to 'xc7z020-clg484-1'
Command       create_platform done; 5.284 sec.
Execute       source C:/Xilinx/Vitis_HLS/2023.1/common/technology/xilinx/common/xilinx.gen 
Execute         source C:/Xilinx/Vitis_HLS/2023.1/common/technology/xilinx/interface/plb46.gen 
Execute         source C:/Xilinx/Vitis_HLS/2023.1/common/technology/xilinx/interface/axi4.gen 
Execute         source C:/Xilinx/Vitis_HLS/2023.1/common/technology/xilinx/interface/nativeAXI4.gen 
Execute           source C:/Xilinx/Vitis_HLS/2023.1/common/technology/xilinx/interface/saxilite.gen 
Execute         source C:/Xilinx/Vitis_HLS/2023.1/common/technology/xilinx/scripts/xilinxcoregen.gen 
Execute         source C:/Xilinx/Vitis_HLS/2023.1/common/technology/xilinx/interface/XilEDKCoreGen.gen 
Execute         source C:/Xilinx/Vitis_HLS/2023.1/common/technology/xilinx/ip/dds_compiler.gen 
Execute         source C:/Xilinx/Vitis_HLS/2023.1/common/technology/xilinx/ip/util.gen 
Execute         source C:/Xilinx/Vitis_HLS/2023.1/common/technology/xilinx/ip/xfft.gen 
Command         ap_source done; 0.104 sec.
Execute         source C:/Xilinx/Vitis_HLS/2023.1/common/technology/xilinx/ip/xfir.gen 
Execute         source C:/Xilinx/Vitis_HLS/2023.1/common/technology/xilinx/DSP48/dsp48.gen 
Command       ap_source done; 0.138 sec.
Execute       ap_part_info -name xc7z020-clg484-1 -data info 
Execute       config_compile -quiet -complex-mul-dsp=0 
Command     set_part done; 5.478 sec.
Execute     send_msg_by_id INFO @200-1505@%s%s  vivado 
INFO: [HLS 200-1505] Using flow_target 'vivado'
Execute     send_msg_by_id INFO @200-1464@%s config_export -format=ip_catalog 
INFO: [HLS 200-1464] Running solution command: config_export -format=ip_catalog
Execute     config_export -format=ip_catalog 
Execute     send_msg_by_id INFO @200-1464@%s config_export -rtl=verilog 
INFO: [HLS 200-1464] Running solution command: config_export -rtl=verilog
Execute     config_export -rtl=verilog 
Command   open_solution done; 5.628 sec.
Execute   set_part xc7z020-clg484-1 
INFO: [HLS 200-1510] Running: set_part xc7z020-clg484-1 
Execute     create_platform xc7z020-clg484-1 -board  
Execute     source C:/Xilinx/Vitis_HLS/2023.1/common/technology/xilinx/common/xilinx.gen 
Execute       source C:/Xilinx/Vitis_HLS/2023.1/common/technology/xilinx/interface/plb46.gen 
Execute       source C:/Xilinx/Vitis_HLS/2023.1/common/technology/xilinx/interface/axi4.gen 
Execute       source C:/Xilinx/Vitis_HLS/2023.1/common/technology/xilinx/interface/nativeAXI4.gen 
Execute         source C:/Xilinx/Vitis_HLS/2023.1/common/technology/xilinx/interface/saxilite.gen 
Execute       source C:/Xilinx/Vitis_HLS/2023.1/common/technology/xilinx/scripts/xilinxcoregen.gen 
Execute       source C:/Xilinx/Vitis_HLS/2023.1/common/technology/xilinx/interface/XilEDKCoreGen.gen 
Execute       source C:/Xilinx/Vitis_HLS/2023.1/common/technology/xilinx/ip/dds_compiler.gen 
Execute       source C:/Xilinx/Vitis_HLS/2023.1/common/technology/xilinx/ip/util.gen 
Execute       source C:/Xilinx/Vitis_HLS/2023.1/common/technology/xilinx/ip/xfft.gen 
Execute       source C:/Xilinx/Vitis_HLS/2023.1/common/technology/xilinx/ip/xfir.gen 
Execute       source C:/Xilinx/Vitis_HLS/2023.1/common/technology/xilinx/DSP48/dsp48.gen 
Command     ap_source done; 0.112 sec.
Execute     ap_part_info -name xc7z020-clg484-1 -data info 
Execute     config_compile -quiet -complex-mul-dsp=0 
Command   set_part done; 0.196 sec.
Execute   create_clock -period 10 -name default 
INFO: [HLS 200-1510] Running: create_clock -period 10 -name default 
Execute   config_export -format ip_catalog -rtl verilog 
INFO: [HLS 200-1510] Running: config_export -format ip_catalog -rtl verilog 
Execute   source ./hls_path_Thr/solution1/directives.tcl 
INFO: [HLS 200-1510] Running: source ./hls_path_Thr/solution1/directives.tcl
Execute     set_directive_top -name path_thr_axis path_thr_axis 
INFO: [HLS 200-1510] Running: set_directive_top -name path_thr_axis path_thr_axis 
Execute   csynth_design 
INFO: [HLS 200-1510] Running: csynth_design 
INFO-FLOW: Running SLX 'csynth' proc: ::SLX::run_csynth
Execute     elaborate -effort=medium -skip_syncheck=0 -keep_printf=0 -skip_cdt=0 -skip_transform=0 -ng=0 -g=0 -opt_fp=0 -from_csynth_design=1 
INFO: [HLS 200-111] Finished File checks and directory preparation: CPU user time: 0 seconds. CPU system time: 0 seconds. Elapsed time: 0.121 seconds; current allocated memory: 1.025 GB.
Execute       set_directive_top path_thr_axis -name=path_thr_axis 
Execute       source C:/Xilinx/Vitis_HLS/2023.1/tps/tcl/tcllib1.11.1/yaml/huddle.tcl 
Execute       source C:/Xilinx/Vitis_HLS/2023.1/tps/tcl/tcllib1.11.1/yaml/json2huddle.tcl 
Execute         source C:/Xilinx/Vitis_HLS/2023.1/tps/tcl/tcllib1.11.1/try/try.tcl 
INFO: [HLS 200-10] Analyzing design file '../hls_src/path_thr_axis.cpp' ... 
INFO-FLOW: Compiling one TU...
INFO-FLOW: Handling ../hls_src/path_thr_axis.cpp as C++
Execute       ap_part_info -name xc7z020-clg484-1 -data info 
INFO-FLOW: Running: GCC PP 39
INFO-FLOW: Source preprocessing
INFO-FLOW: run_clang exec: C:/Xilinx/Vitis_HLS/2023.1/win64/tools/clang-3.9-csynth/bin/clang ../hls_src/path_thr_axis.cpp -foptimization-record-file=D:/ITCL_video/movDataZynq/prj_hls/hls_path_Thr/solution1/.autopilot/db/path_thr_axis.cpp.clang.diag.yml -mllvm -pass-remarks-missed=reflow|pasta|unroll -mllvm -pass-remarks=reflow|pasta|unroll|inline -fno-limit-debug-info --sysroot C:/Xilinx/Vitis_HLS/2023.1/tps/mingw/8.3.0/win64.o/nt -fhls -fno-exceptions -insert-hls-directive=D:/ITCL_video/movDataZynq/prj_hls/hls_path_Thr/solution1/.autopilot/db/all.directive.json -E -fno-math-errno -c -emit-llvm -mllvm -disable-llvm-optzns -Werror=implicit-function-declaration -Werror=implicit-hls-streams -Werror=return-type -Wpragmas -Wunused-parameter -Wdump-hls-pragmas -Wno-error=dump-hls-pragmas -fno-threadsafe-statics -fno-use-cxa-atexit -std=gnu++14 -target fpga64-xilinx-mingw32 -fno-threadsafe-statics -fno-use-cxa-atexit -D__VITIS_HLS__ -DAESL_SYN -D__SYNTHESIS__ -D__HLS_SYN__ -I C:/Xilinx/Vitis_HLS/2023.1/common/technology/autopilot -I C:/Xilinx/Vitis_HLS/2023.1/common/technology/autopilot/ap_sysc -include etc/autopilot_ssdm_op.h -D__DSP48E1__ -I /usr/include/x86_64-linux-gnu -o D:/ITCL_video/movDataZynq/prj_hls/hls_path_Thr/solution1/.autopilot/db/path_thr_axis.pp.0.cpp {-hls-platform-db-name=C:/Xilinx/Vitis_HLS/2023.1/common/technology\xilinx/common/platform.db} -hls-platform-name=zynq_slow -device-resource-info=BRAM_280.000000_DSP_220.000000_FF_106400.000000_LUT_53200.000000_SLICE_13300.000000_URAM_0.000000 -device-name-info=xc7z020clg484-1 > D:/ITCL_video/movDataZynq/prj_hls/hls_path_Thr/solution1/.autopilot/db/path_thr_axis.cpp.clang.out.log 2> D:/ITCL_video/movDataZynq/prj_hls/hls_path_Thr/solution1/.autopilot/db/path_thr_axis.cpp.clang.err.log
INFO-FLOW: Done: GCC PP 39 time: 0.3 seconds per iteration
INFO-FLOW: Source syntax check for synthesis
INFO-FLOW: run_clang exec: C:/Xilinx/Vitis_HLS/2023.1/win64/tools/clang-3.9-csynth/bin/clang -foptimization-record-file=D:/ITCL_video/movDataZynq/prj_hls/hls_path_Thr/solution1/.autopilot/db/clang.diag.yml -mllvm -pass-remarks-missed=reflow|pasta|unroll -mllvm -pass-remarks=reflow|pasta|unroll|inline -fsyntax-only -fhls -target fpga64-xilinx-linux-gnu D:/ITCL_video/movDataZynq/prj_hls/hls_path_Thr/solution1/.autopilot/db/path_thr_axis.pp.0.cpp {-hls-platform-db-name=C:/Xilinx/Vitis_HLS/2023.1/common/technology\xilinx/common/platform.db} -hls-platform-name=zynq_slow -device-resource-info=BRAM_280.000000_DSP_220.000000_FF_106400.000000_LUT_53200.000000_SLICE_13300.000000_URAM_0.000000 -device-name-info=xc7z020clg484-1 > D:/ITCL_video/movDataZynq/prj_hls/hls_path_Thr/solution1/.autopilot/db/clang.out.log 2> D:/ITCL_video/movDataZynq/prj_hls/hls_path_Thr/solution1/.autopilot/db/clang.err.log
Execute       clang_tidy xilinx-systemc-detector -desc systemc-detector D:/ITCL_video/movDataZynq/prj_hls/hls_path_Thr/solution1/.autopilot/db/path_thr_axis.pp.0.cpp std=gnu++14 -target fpga  -directive=D:/ITCL_video/movDataZynq/prj_hls/hls_path_Thr/solution1/.autopilot/db/.systemc_flag 
INFO-FLOW: exec C:/Xilinx/Vitis_HLS/2023.1/win64/tools/clang-3.9-csynth/bin/clang-tidy -header-filter=.* --checks=-*,xilinx-systemc-detector -import-directive=D:/ITCL_video/movDataZynq/prj_hls/hls_path_Thr/solution1/.autopilot/db/.systemc_flag -fix-errors D:/ITCL_video/movDataZynq/prj_hls/hls_path_Thr/solution1/.autopilot/db/path_thr_axis.pp.0.cpp -- -std=gnu++14 -target fpga -fhls -ferror-limit=0
Command       clang_tidy done; 0.627 sec.
INFO-FLOW: Running: clang-tidy CDT preprocess 39
Execute       clang_tidy xilinx-directive2pragma -desc directive2pragma D:/ITCL_video/movDataZynq/prj_hls/hls_path_Thr/solution1/.autopilot/db/path_thr_axis.pp.0.cpp std=gnu++14 -target fpga  -directive=D:/ITCL_video/movDataZynq/prj_hls/hls_path_Thr/solution1/.autopilot/db/all.directive.json 
INFO-FLOW: exec C:/Xilinx/Vitis_HLS/2023.1/win64/tools/clang-3.9-csynth/bin/clang-tidy -header-filter=.* --checks=-*,xilinx-directive2pragma -import-directive=D:/ITCL_video/movDataZynq/prj_hls/hls_path_Thr/solution1/.autopilot/db/all.directive.json -fix-errors D:/ITCL_video/movDataZynq/prj_hls/hls_path_Thr/solution1/.autopilot/db/path_thr_axis.pp.0.cpp -- -std=gnu++14 -target fpga -fhls -ferror-limit=0
Command       clang_tidy done; 0.911 sec.
INFO-FLOW: Done: clang-tidy CDT preprocess 39 time: 0.9 seconds per iteration
INFO-FLOW: Calling xilinx-label-all-loops ... 
INFO-FLOW: Calling xilinx-aggregate-on-hls-vector ... 
Execute       clang_tidy -errorcheck -desc loop-label xilinx-label-all-loops,xilinx-aggregate-on-hls-vector,,xilinx-warn-mayneed-no-ctor-attribute D:/ITCL_video/movDataZynq/prj_hls/hls_path_Thr/solution1/.autopilot/db/path_thr_axis.pp.0.cpp std=gnu++14 -target fpga  
INFO-FLOW: run_clang exec: C:/Xilinx/Vitis_HLS/2023.1/win64/tools/clang-3.9-csynth/bin/clang-tidy -export-fixes=D:/ITCL_video/movDataZynq/prj_hls/hls_path_Thr/solution1/.autopilot/db/path_thr_axis.pp.0.cpp.clang-tidy.loop-label.diag.yml -header-filter=.* --checks=-*,xilinx-label-all-loops,xilinx-aggregate-on-hls-vector,,xilinx-warn-mayneed-no-ctor-attribute -fix-errors D:/ITCL_video/movDataZynq/prj_hls/hls_path_Thr/solution1/.autopilot/db/path_thr_axis.pp.0.cpp -- -std=gnu++14 -target fpga -fhls -ferror-limit=0 > D:/ITCL_video/movDataZynq/prj_hls/hls_path_Thr/solution1/.autopilot/db/path_thr_axis.pp.0.cpp.clang-tidy.loop-label.out.log 2> D:/ITCL_video/movDataZynq/prj_hls/hls_path_Thr/solution1/.autopilot/db/path_thr_axis.pp.0.cpp.clang-tidy.loop-label.err.log
Execute         source C:/Xilinx/Vitis_HLS/2023.1/tps/tcl/tcllib1.11.1/yaml/yaml.tcl 
Command       clang_tidy done; 1.122 sec.
INFO-FLOW: run_clang exec: C:/Xilinx/Vitis_HLS/2023.1/win64/tools/clang-3.9-csynth/bin/xilinx-dataflow-lawyer -export-fixes=D:/ITCL_video/movDataZynq/prj_hls/hls_path_Thr/solution1/.autopilot/db/path_thr_axis.pp.0.cpp.xilinx-dataflow-lawyer.diag.yml D:/ITCL_video/movDataZynq/prj_hls/hls_path_Thr/solution1/.autopilot/db/path_thr_axis.pp.0.cpp -- -std=gnu++14 -target fpga -fhls -ferror-limit=0 -fstrict-dataflow > D:/ITCL_video/movDataZynq/prj_hls/hls_path_Thr/solution1/.autopilot/db/path_thr_axis.pp.0.cpp.xilinx-dataflow-lawyer.out.log 2> D:/ITCL_video/movDataZynq/prj_hls/hls_path_Thr/solution1/.autopilot/db/path_thr_axis.pp.0.cpp.xilinx-dataflow-lawyer.err.log
Execute       ap_part_info -name xc7z020-clg484-1 -data info 
INFO-FLOW: compiling source code to llvm bc
INFO-FLOW: run_clang exec: C:/Xilinx/Vitis_HLS/2023.1/win64/tools/clang-3.9-csynth/bin/clang -foptimization-record-file=D:/ITCL_video/movDataZynq/prj_hls/hls_path_Thr/solution1/.autopilot/db/path_thr_axis.pp.0.cpp.clang.diag.yml -mllvm -pass-remarks-missed=reflow|pasta|unroll -mllvm -pass-remarks=reflow|pasta|unroll|inline -fno-limit-debug-info -fhls -flto -fno-exceptions -Wno-error=c++11-narrowing D:/ITCL_video/movDataZynq/prj_hls/hls_path_Thr/solution1/.autopilot/db/path_thr_axis.pp.0.cpp -fno-math-errno -c -emit-llvm -mllvm -disable-llvm-optzns -Werror=implicit-function-declaration -Werror=implicit-hls-streams -Werror=return-type -Wpragmas -Wunused-parameter -Wdump-hls-pragmas -Wno-error=dump-hls-pragmas -fno-threadsafe-statics -fno-use-cxa-atexit -std=gnu++14 -target fpga64-xilinx-linux-gnu -D__VITIS_HLS__ -DAESL_SYN -D__SYNTHESIS__ -D__HLS_SYN__ -I C:/Xilinx/Vitis_HLS/2023.1/common/technology/autopilot -I C:/Xilinx/Vitis_HLS/2023.1/common/technology/autopilot/ap_sysc -include etc/autopilot_ssdm_op.h -D__DSP48E1__ -g -o D:/ITCL_video/movDataZynq/prj_hls/hls_path_Thr/solution1/.autopilot/db/path_thr_axis.bc {-hls-platform-db-name=C:/Xilinx/Vitis_HLS/2023.1/common/technology\xilinx/common/platform.db} -hls-platform-name=zynq_slow -device-resource-info=BRAM_280.000000_DSP_220.000000_FF_106400.000000_LUT_53200.000000_SLICE_13300.000000_URAM_0.000000 -device-name-info=xc7z020clg484-1 > D:/ITCL_video/movDataZynq/prj_hls/hls_path_Thr/solution1/.autopilot/db/path_thr_axis.pp.0.cpp.clang.out.log 2> D:/ITCL_video/movDataZynq/prj_hls/hls_path_Thr/solution1/.autopilot/db/path_thr_axis.pp.0.cpp.clang.err.log
INFO: [HLS 200-111] Finished Source Code Analysis and Preprocessing: CPU user time: 0 seconds. CPU system time: 0 seconds. Elapsed time: 5.298 seconds; current allocated memory: 1.027 GB.
INFO-FLOW: Linking Debug ...
INFO-FLOW: Linking dut bc code.
Execute       run_link_or_opt -out D:/ITCL_video/movDataZynq/prj_hls/hls_path_Thr/solution1/.autopilot/db/a.g.ld.0.bc -args  "D:/ITCL_video/movDataZynq/prj_hls/hls_path_Thr/solution1/.autopilot/db/path_thr_axis.g.bc"  
INFO-FLOW: run_clang exec: C:/Xilinx/Vitis_HLS/2023.1/win64/tools/clang-3.9-csynth/bin/llvm-link D:/ITCL_video/movDataZynq/prj_hls/hls_path_Thr/solution1/.autopilot/db/path_thr_axis.g.bc -o D:/ITCL_video/movDataZynq/prj_hls/hls_path_Thr/solution1/.autopilot/db/a.g.ld.0.bc > D:/ITCL_video/movDataZynq/prj_hls/hls_path_Thr/solution1/.autopilot/db/a.g.ld.0.bc.llvm-link.out.log 2> D:/ITCL_video/movDataZynq/prj_hls/hls_path_Thr/solution1/.autopilot/db/a.g.ld.0.bc.llvm-link.err.log
INFO-FLOW: 
Execute       run_link_or_opt -opt -out D:/ITCL_video/movDataZynq/prj_hls/hls_path_Thr/solution1/.autopilot/db/a.g.ld.1.lower.bc -args D:/ITCL_video/movDataZynq/prj_hls/hls_path_Thr/solution1/.autopilot/db/a.g.ld.0.bc -reflow-lower-math-intrinsics 
INFO-FLOW: run_clang exec: C:/Xilinx/Vitis_HLS/2023.1/win64/tools/clang-3.9-csynth/bin/opt -pass-remarks-missed=reflow|pasta|unroll -pass-remarks=reflow|pasta|unroll|inline -pass-remarks-output=D:/ITCL_video/movDataZynq/prj_hls/hls_path_Thr/solution1/.autopilot/db/a.g.ld.1.lower.bc.opt.diag.yml D:/ITCL_video/movDataZynq/prj_hls/hls_path_Thr/solution1/.autopilot/db/a.g.ld.0.bc -reflow-lower-math-intrinsics -o D:/ITCL_video/movDataZynq/prj_hls/hls_path_Thr/solution1/.autopilot/db/a.g.ld.1.lower.bc > D:/ITCL_video/movDataZynq/prj_hls/hls_path_Thr/solution1/.autopilot/db/a.g.ld.1.lower.bc.opt.out.log 2> D:/ITCL_video/movDataZynq/prj_hls/hls_path_Thr/solution1/.autopilot/db/a.g.ld.1.lower.bc.opt.err.log
INFO-FLOW: 
INFO-FLOW: Running: gen_design_size_report post-opt
INFO-FLOW: Done: gen_design_size_report post-opt time: 0 seconds per iteration
Command       run_link_or_opt done; 0.19 sec.
INFO-FLOW: Linking math bc lib
Execute       run_link_or_opt -out D:/ITCL_video/movDataZynq/prj_hls/hls_path_Thr/solution1/.autopilot/db/a.g.ld.2.m1.bc -args D:/ITCL_video/movDataZynq/prj_hls/hls_path_Thr/solution1/.autopilot/db/a.g.ld.1.lower.bc -only-needed C:/Xilinx/Vitis_HLS/2023.1/win64/lib/libhlsm_39.bc C:/Xilinx/Vitis_HLS/2023.1/win64/lib/libhlsmc++_39.bc 
INFO-FLOW: run_clang exec: C:/Xilinx/Vitis_HLS/2023.1/win64/tools/clang-3.9-csynth/bin/llvm-link D:/ITCL_video/movDataZynq/prj_hls/hls_path_Thr/solution1/.autopilot/db/a.g.ld.1.lower.bc -only-needed C:/Xilinx/Vitis_HLS/2023.1/win64/lib/libhlsm_39.bc C:/Xilinx/Vitis_HLS/2023.1/win64/lib/libhlsmc++_39.bc -o D:/ITCL_video/movDataZynq/prj_hls/hls_path_Thr/solution1/.autopilot/db/a.g.ld.2.m1.bc > D:/ITCL_video/movDataZynq/prj_hls/hls_path_Thr/solution1/.autopilot/db/a.g.ld.2.m1.bc.llvm-link.out.log 2> D:/ITCL_video/movDataZynq/prj_hls/hls_path_Thr/solution1/.autopilot/db/a.g.ld.2.m1.bc.llvm-link.err.log
INFO-FLOW: 
Command       run_link_or_opt done; 1.912 sec.
Execute       run_link_or_opt -opt -out D:/ITCL_video/movDataZynq/prj_hls/hls_path_Thr/solution1/.autopilot/db/a.g.ld.3.fpc.bc -args D:/ITCL_video/movDataZynq/prj_hls/hls_path_Thr/solution1/.autopilot/db/a.g.ld.2.m1.bc -reflow-globaldce -hls-top-function-name=path_thr_axis -reflow-float-conversion 
INFO-FLOW: run_clang exec: C:/Xilinx/Vitis_HLS/2023.1/win64/tools/clang-3.9-csynth/bin/opt -pass-remarks-missed=reflow|pasta|unroll -pass-remarks=reflow|pasta|unroll|inline -pass-remarks-output=D:/ITCL_video/movDataZynq/prj_hls/hls_path_Thr/solution1/.autopilot/db/a.g.ld.3.fpc.bc.opt.diag.yml D:/ITCL_video/movDataZynq/prj_hls/hls_path_Thr/solution1/.autopilot/db/a.g.ld.2.m1.bc -reflow-globaldce -hls-top-function-name=path_thr_axis -reflow-float-conversion -o D:/ITCL_video/movDataZynq/prj_hls/hls_path_Thr/solution1/.autopilot/db/a.g.ld.3.fpc.bc > D:/ITCL_video/movDataZynq/prj_hls/hls_path_Thr/solution1/.autopilot/db/a.g.ld.3.fpc.bc.opt.out.log 2> D:/ITCL_video/movDataZynq/prj_hls/hls_path_Thr/solution1/.autopilot/db/a.g.ld.3.fpc.bc.opt.err.log
INFO-FLOW: 
INFO-FLOW: Running: gen_design_size_report post-opt
INFO-FLOW: Done: gen_design_size_report post-opt time: 0 seconds per iteration
Command       run_link_or_opt done; 0.87 sec.
Execute       run_link_or_opt -out D:/ITCL_video/movDataZynq/prj_hls/hls_path_Thr/solution1/.autopilot/db/a.g.ld.4.m2.bc -args D:/ITCL_video/movDataZynq/prj_hls/hls_path_Thr/solution1/.autopilot/db/a.g.ld.3.fpc.bc -only-needed C:/Xilinx/Vitis_HLS/2023.1/win64/lib/libfloatconversion_39.bc 
INFO-FLOW: run_clang exec: C:/Xilinx/Vitis_HLS/2023.1/win64/tools/clang-3.9-csynth/bin/llvm-link D:/ITCL_video/movDataZynq/prj_hls/hls_path_Thr/solution1/.autopilot/db/a.g.ld.3.fpc.bc -only-needed C:/Xilinx/Vitis_HLS/2023.1/win64/lib/libfloatconversion_39.bc -o D:/ITCL_video/movDataZynq/prj_hls/hls_path_Thr/solution1/.autopilot/db/a.g.ld.4.m2.bc > D:/ITCL_video/movDataZynq/prj_hls/hls_path_Thr/solution1/.autopilot/db/a.g.ld.4.m2.bc.llvm-link.out.log 2> D:/ITCL_video/movDataZynq/prj_hls/hls_path_Thr/solution1/.autopilot/db/a.g.ld.4.m2.bc.llvm-link.err.log
INFO-FLOW: 
Execute       run_link_or_opt -opt -out D:/ITCL_video/movDataZynq/prj_hls/hls_path_Thr/solution1/.autopilot/db/a.g.ld.5.gdce.bc -args D:/ITCL_video/movDataZynq/prj_hls/hls_path_Thr/solution1/.autopilot/db/a.g.ld.4.m2.bc -reflow-globaldce -hls-top-function-name=path_thr_axis 
INFO-FLOW: run_clang exec: C:/Xilinx/Vitis_HLS/2023.1/win64/tools/clang-3.9-csynth/bin/opt -pass-remarks-missed=reflow|pasta|unroll -pass-remarks=reflow|pasta|unroll|inline -pass-remarks-output=D:/ITCL_video/movDataZynq/prj_hls/hls_path_Thr/solution1/.autopilot/db/a.g.ld.5.gdce.bc.opt.diag.yml D:/ITCL_video/movDataZynq/prj_hls/hls_path_Thr/solution1/.autopilot/db/a.g.ld.4.m2.bc -reflow-globaldce -hls-top-function-name=path_thr_axis -o D:/ITCL_video/movDataZynq/prj_hls/hls_path_Thr/solution1/.autopilot/db/a.g.ld.5.gdce.bc > D:/ITCL_video/movDataZynq/prj_hls/hls_path_Thr/solution1/.autopilot/db/a.g.ld.5.gdce.bc.opt.out.log 2> D:/ITCL_video/movDataZynq/prj_hls/hls_path_Thr/solution1/.autopilot/db/a.g.ld.5.gdce.bc.opt.err.log
INFO-FLOW: 
INFO-FLOW: Running: gen_design_size_report post-opt
INFO-FLOW: Done: gen_design_size_report post-opt time: 0 seconds per iteration
Execute       send_msg_by_id INFO @200-777@%s Vivado 
INFO: [HLS 200-777] Using interface defaults for 'Vivado' flow target.
Execute       is_m_axi_addr64 
INFO-FLOW: Doing LTO.
INFO-FLOW: run_clang exec: C:/Xilinx/Vitis_HLS/2023.1/win64/tools/clang-3.9-csynth/bin/clang -foptimization-record-file=D:/ITCL_video/movDataZynq/prj_hls/hls_path_Thr/solution1/.autopilot/db/a.g.ld.0.bc.clang.reflow.diag.yml -mllvm -pass-remarks-missed=reflow|pasta|unroll -mllvm -pass-remarks=reflow|pasta|unroll|inline -fhls -mllvm -hls-top-function-name=path_thr_axis -mllvm -hls-db-dir -mllvm D:/ITCL_video/movDataZynq/prj_hls/hls_path_Thr/solution1/.autopilot/db -emit-llvm -c -target fpga64-xilinx-none -mllvm -xcl-xmlinfo=D:/ITCL_video/movDataZynq/prj_hls/hls_path_Thr/solution1/.autopilot/db/kernel.internal.xml -mllvm -top-io-mapping-info=D:/ITCL_video/movDataZynq/prj_hls/hls_path_Thr/solution1/.autopilot/db/top-io-fe.xml -mllvm -hls-bitcode-version=3.1 -mllvm -reflow-enable-slave-interface-default-setting=true -mllvm -gen-kernel-xml=false -mllvm -default-maxi-offset=slave -mllvm -maxi-latency=0 -mllvm -hls-maxi-data-size-in-bits=8 -mllvm -hls-maxi-max-data-size-in-bits=1024 -mllvm -hls-max-widen-size-in-bits=0 -mllvm -xcl-kernel-max-mem-ports=0 -mllvm -maxi-read-trans=16 -mllvm -maxi-write-trans=16 -mllvm -maxi-read-burst-len=16 -mllvm -maxi-write-burst-len=16 -mllvm -reflow-enable-saxi-64bits=0 -mllvm -reflow-basic-block-instr-threshold=200000 -mllvm -reflow-auto-pipeline-threshold=64 -mllvm -reflow-enable-maxi-auto-id-channel=0 -mllvm -enable-fp-thr=0 -mllvm -reflow-bdd-simplify-threshold=1024 -mllvm -reflow-fanout-threshold=16 -mllvm -assume-maxi-align=1 -mllvm -reflow-pipeline-style-llvm-setting=2 -mllvm -reflow-enable-dataflow-strict-mode-checking=1 -ftime-report -mllvm -time-passes -mllvm -reflow-auto-array-partition-mode=default -mllvm -reflow-enable-auto-array-partition=true -mllvm -reflow-enable-auto-parallel-performance-driven=true -mllvm -reflow-enable-partition-for-automation=true -mllvm -reflow-aggregate-bitwidth-threshold=4096 -mllvm -reflow-reserved-saxilite-registers=1024 -mllvm -reflow-assume-no-address-wrap=true -mllvm -reflow-enable-occurrence-inference=true -mllvm -hls -mllvm -disable-inlined-alloca-merging=true -mllvm -default-clock-period=10 -x ir D:/ITCL_video/movDataZynq/prj_hls/hls_path_Thr/solution1/.autopilot/db/a.g.ld.5.gdce.bc -o D:/ITCL_video/movDataZynq/prj_hls/hls_path_Thr/solution1/.autopilot/db/a.g.lto.bc {-hls-platform-db-name=C:/Xilinx/Vitis_HLS/2023.1/common/technology\xilinx/common/platform.db} -hls-platform-name=zynq_slow -device-resource-info=BRAM_280.000000_DSP_220.000000_FF_106400.000000_LUT_53200.000000_SLICE_13300.000000_URAM_0.000000 -device-name-info=xc7z020clg484-1 > D:/ITCL_video/movDataZynq/prj_hls/hls_path_Thr/solution1/.autopilot/db/a.g.ld.0.bc.clang.reflow.out.log 2> D:/ITCL_video/movDataZynq/prj_hls/hls_path_Thr/solution1/.autopilot/db/a.g.ld.0.bc.clang.reflow.err.log
INFO-FLOW: DBG:PUTS: copy_raw_kernel_xml ap_link_39: kernel.xml not generated: D:/ITCL_video/movDataZynq/prj_hls/hls_path_Thr/solution1/.autopilot/db/kernel.internal.xml
INFO: [HLS 200-111] Finished Compiling Optimization and Transform: CPU user time: 0 seconds. CPU system time: 0 seconds. Elapsed time: 3.775 seconds; current allocated memory: 1.027 GB.
INFO: [HLS 200-111] Finished Checking Pragmas: CPU user time: 0 seconds. CPU system time: 0 seconds. Elapsed time: 0.002 seconds; current allocated memory: 1.027 GB.
Execute       opt_and_import_c a -opt_level=2 -skip_syncheck=0 -ng=0 -keep_printf=0 
Execute         cleanup_all_models 
INFO: [HLS 200-10] Starting code transformations ...
INFO-FLOW: Running Standard Transforms...
Execute         transform -hls -share-std-xform -demangle-name -inline-byval-memcpy -always-inline -promote-dbg-pointer -interface-preproc -mem2reg -scalarrepl -mem2reg -keep-read-access -instcombine -dce -promote-dbg-pointer -bitop-raise -loop-simplify -indvarspre -indvars -loop-simplify -xunroll -constprop -instcombine -simplifycfg -indvars -simplifycfg -dce -globaldce -basicaa -simplifycfg -mem2reg -globalopt -global-constprop -deadargelim -instcombine -simplifycfg -scalarrepl -instcombine -reassociate -licm -simplifycfg -loop-simplify -indvars -instcombine -simplifycfg -mem2reg -loop-simplify -indvars -instcombine -gvn -gvn -instcombine -adce -break-crit-edges -simplifycfg -loop-delete -global-array-opt -dce -dse -adce -find-syn-modules -top path_thr_axis -deadargelim -mem2reg -instcombine -dce -presyn-prepare -auto-rom-infer -interface-preproc -syn-check -check-rec-only -find-region -simplifycfg -func-extr -function-inline -globaldce -mem2reg -instcombine -dce -gvn -globaldce -adce -adse -constprop -instcombine -bit-constprop -instcombine -dce -simplifycfg -bitop-raise -simplifycfg -dce -loop-delete -reassociate -globalopt -global-privatize -mem2reg -dce -global-constprop -pointer-simplify -constprop -dce -auto-shift-reg-idiom -promote-dbg-pointer -norm-name D:/ITCL_video/movDataZynq/prj_hls/hls_path_Thr/solution1/.autopilot/db/a.g.0.bc -o D:/ITCL_video/movDataZynq/prj_hls/hls_path_Thr/solution1/.autopilot/db/a.g.1.bc -f -phase std-opt 
Command         transform done; 0.112 sec.
INFO: [HLS 200-111] Finished Standard Transforms: CPU user time: 0 seconds. CPU system time: 0 seconds. Elapsed time: 0.134 seconds; current allocated memory: 1.031 GB.
INFO: [HLS 200-10] Checking synthesizability ...
INFO-FLOW: Checking Synthesizability 1/2..
Execute         transform -hls -syn-check -check-rec-only -scalarrepl -norm-name -dce -mem2reg -instcombine -directive-preproc -mem2reg -dse -dce -auto-rom-infer -dce -pag -array-normalize -instcombine -dce -array-seg-normalize -instcombine -dce -data-pack -instcombine -dce -inst-simplify -array-flatten -instcombine -dce -array-burst -dce -deadargelim -promote-global-argument -simplifycfg -mem2reg -globaldce -dce -deadargelim -dce -instcombine -function-inline -globaldce -dce -doublePtrSimplify -doublePtrElim -dce -doublePtrSimplify -promote-dbg-pointer -dce -scalarrepl -dse -adse -instcombine -ptrLegalization -simplifycfg -dce -instcombine -pointer-simplify -ptrArgReplace -dce -instcombine -resolve-double-ptr -scalarrepl -norm-name -dce -mem2reg -instcombine -ptrLegalization -simplifycfg -deadargelim -instcombine -dce -inst-simplify -directive-preproc -mem2reg -dse -dce -globaldce D:/ITCL_video/movDataZynq/prj_hls/hls_path_Thr/solution1/.autopilot/db/a.g.1.bc -o D:/ITCL_video/movDataZynq/prj_hls/hls_path_Thr/solution1/.autopilot/db/a.g.2.prechk.bc -f 
INFO-FLOW: Checking Synthesizability 2/2..
Execute         transform -syn-check D:/ITCL_video/movDataZynq/prj_hls/hls_path_Thr/solution1/.autopilot/db/a.g.2.prechk.bc -o D:/ITCL_video/movDataZynq/prj_hls/hls_path_Thr/solution1/.autopilot/db/a.g.2.bc -f -phase syn-check 
INFO: [HLS 200-111] Finished Checking Synthesizability: CPU user time: 0 seconds. CPU system time: 0 seconds. Elapsed time: 0.046 seconds; current allocated memory: 1.033 GB.
INFO-FLOW: Compiler optimizing ...
INFO-FLOW: Share syncheck's 1.bc for syn flow: copy D:/ITCL_video/movDataZynq/prj_hls/hls_path_Thr/solution1/.autopilot/db/a.g.1.bc to D:/ITCL_video/movDataZynq/prj_hls/hls_path_Thr/solution1/.autopilot/db/a.o.1.bc
INFO-FLOW: Presyn 1...
Execute         transform -hls -tmp D:/ITCL_video/movDataZynq/prj_hls/hls_path_Thr/solution1/.autopilot/db -interface-port-rename -directive-preproc -mem2reg -dse -dce -scalarrepl -norm-name -deadargelim -mem2reg -instcombine -dce -simplifycfg -auto-rom-infer -dce -resource-proc -clib-intrinsic-prepare -dce -func-buffer -dce -pag -array-normalize -func-legal -instcombine -gvn -constprop -dce -simplifycfg -mem2reg -globaldce -resolve-double-ptr -dce -deadargelim -dce -instcombine -ptrArgReplace -mem2reg -dce -array-seg-normalize -deadargelim -instcombine -dce -directive-preproc -mem2reg -dse -dce -pointer-simplify -dce -port-alignment -dce -interface-preproc -data-pack -instcombine -dce -basicaa -aggr-aa -aggrmodref-aa -aggr-aa -gvn -gvn -basicaa -aggr-aa -aggrmodref-aa -aggr-aa -dse -adse -adce -loop-simplify -indvars -instcombine -gvn -loop-simplify -mem2reg -dce -find-region -instcombine -auto-loop-pipeline -inst-simplify -interface-preproc -cfgopt -instcombine -indvars -auto-loop-unroll -loop-simplify -loop-bound -xunroll -constprop -instcombine -simplifycfg -indvars -simplifycfg -dce -globaldce -clean-region -attach-range -gvn -inst-simplify -constprop -simplifycfg -dce -pointer-simplify -dce -globalopt -constprop -dce -array-promote -scalar-auto-dep-elim -constprop -dce -ptrArgReplace -mem2reg -simplifycfg -dce -instcombine -dce -array-transform-check -array-reshape -instcombine -simplifycfg -dce -ptrArgReplace -deadargelim -mem2reg -instcombine -simplifycfg -dce -indvars -loop-simplify -loop-bound -xunroll -constprop -instcombine -simplifycfg -indvars -simplifycfg -dce -globaldce -basicaa -aggr-aa -aggrmodref-aa -aggr-aa -dse -duplicate-dataflow-processes -globaldce -instcombine -array-partition -prepare-dynamic-array-partition -instcombine -simplifycfg -dce -ptrArgReplace -global-constprop -deadargelim -mem2reg -func-legal -dce -global-constprop -deadargelim -mem2reg -simplifycfg -dce -merge-param -deadargelim -globalopt -constprop -dce -array-promote -scalar-auto-dep-elim -constprop -dce -ptrArgReplace -mem2reg -simplifycfg -dce -mem-intrinsic-preproc -dce -global-internalize -global-privatize -mem2reg -globaldce -promote-global-argument -ptrArgReplace -mem2reg -dce -globalopt -mergereturn -simplify-global-access -mem2reg -dce -pointer-simplify -dce -functionattrs -basicaa -aggr-aa -aggrmodref-aa -aggr-aa -gvn -gvn -basicaa -aggr-aa -aggrmodref-aa -aggr-aa -dse -adse -adce -dce -norm-name -basicaa -aggr-aa -aggrmodref-aa -aggr-aa -accesses-merge -function-inline -complex-op-raise -inst-simplify -globaldce -func-legal -dce -loop-bound -arraycheck -bitwidthmin2 -bitwidthmin2 -on-by-dataflow -loop-delete -instcombine -simplifycfg -globaldce -dce -gvn -deadargelim -dce -loop-simplify -clean-region -simplifycfg -propagate-stable-arguments -loop-stream -instcombine -simplifycfg -dce -globaldce -duplicate-dataflow-processes -stream-intrinsic-preproc -dce -check-ap-stream -loop-simplify -eliminate-keepreads -extract-dataflow-in-loop -loop-simplify -dce -gvn -deadargelim -dse -duplicate-dataflow-processes -check-dataflow-syntax -legalize-stream-variable -globaldce -legalize-global -extract-subproc -dce -dead-channel-elimination -canonicalize-gep -globaldce -dce -gvn -hls-dead-arg-elim -deadargelim -directive-preproc -canonicalize-dataflow -dce -globaldce -scalar-preprocessing -scalar-propagation2 -deadargelim -globaldce -mem2reg -check-dataflow-channels -function-stream -dce -globaldce -prop-fifo-spec -internal-stream-gen -canonicalize-gep -globaldce -dce -gvn -deadargelim -mergereturn -indvars -loop-simplify -instcombine -array-stream -array-seg-normalize -array-partition -func-legal -instcombine -simplifycfg -dce -bundle-memfifo-ops -deadargelim -directive-preproc -mem2reg -dse -dce -group-axi-access -licm -simplifycfg -dce -loop-delete -hls-display -norm-name D:/ITCL_video/movDataZynq/prj_hls/hls_path_Thr/solution1/.autopilot/db/a.o.1.bc -o D:/ITCL_video/movDataZynq/prj_hls/hls_path_Thr/solution1/.autopilot/db/a.o.1.tmp.bc -f 
INFO-FLOW: Presyn 2...
Execute         transform -hls -keep-callgraph -scalarrepl -mem2reg -port-alignment -attach-range -dce -pipe-mux-gen -indvars -loop-bound -inst-simplify -instcombine -dce -merge-array-access -mem2reg -dce -clean-region -mergereturn -if-conv -instcombine -dce -constprop -basicaa -aggr-aa -aggrmodref-aa -aggr-aa -gvn -gvn -basicaa -aggr-aa -aggrmodref-aa -aggr-aa -dse -adse -adce -scalarrepl -mem2reg -global-constprop -deadargelim -deadargelim -instcombine -dce -simplifycfg -ptrArgReplace -mem2reg -function-inline -globaldce -mem2reg -instcombine -dce -expr-balance -instcombine -dce -bitwidthmin2 -bitwidthmin2 -interface-preproc -directive-preproc -inst-rectify -instcombine -dce -functionattrs -constprop -instcombine -bit-constprop -simplify-global-access -globalopt -globaldce -inst-simplify -instcombine -elimdeaddata -dce -loop-delete -simplifycfg -loop-simplify -barrier -norm-name D:/ITCL_video/movDataZynq/prj_hls/hls_path_Thr/solution1/.autopilot/db/a.o.1.tmp.bc -o D:/ITCL_video/movDataZynq/prj_hls/hls_path_Thr/solution1/.autopilot/db/a.o.2.bc -f -phase presyn 
INFO: [HLS 200-111] Finished Loop, function and other optimizations: CPU user time: 0 seconds. CPU system time: 0 seconds. Elapsed time: 0.089 seconds; current allocated memory: 1.053 GB.
INFO-FLOW: Building ssdm...
Execute         transform -hls -auto-function-inline -globaldce -ptrArgReplace -mem2reg -dce -reset-lda -loop-simplify -indvars -aggr-aa -licm -loop-dep -loop-bound -licm -loop-simplify -loop-sink-hoist -flattenloopnest -array-flatten -gvn -instcombine -dce -array-map -dce -func-legal -gvn -adce -instcombine -cfgopt -simplifycfg-lite -loop-simplify -array-burst -promote-global-argument -dce -array-seg-normalize -basicaa -aggrmodref-aa -globalsmodref-aa -aggr-aa -gvn -gvn -basicaa -aggrmodref-aa -globalsmodref-aa -aggr-aa -dse -adse -adce -licm -inst-simplify -dce -globaldce -instcombine -array-stream -eliminate-keepreads -instcombine -dce -deadargelim -doublePtrSimplify -doublePtrElim -dce -doublePtrSimplify -promote-dbg-pointer -dce -scalarrepl -mem2reg -norm-name -mem2reg -instcombine -dse -adse -adce -ptrLegalization -dce -auto-rom-infer -array-flatten -dce -instcombine -check-doubleptr -loop-rot -constprop -cfgopt -simplifycfg-lite -loop-simplify -indvars -pointer-simplify -dce -loop-bound -loop-simplify -loop-preproc -constprop -global-constprop -gvn -mem2reg -instcombine -dce -loop-bound -loop-merge -dce -deadargelim -dce -canonicalize-dataflow -dce -deadargelim -globaldce -mem2reg -bram-byte-enable -load-elim -read-loop-dep -loop-simplify -loop-extract-inner -directive-preproc -bitwidthmin2 -bitwidthmin2 -read-loop-dep -interface-preproc -directive-preproc -interface-gen -bram-byte-enable-spec-prop -deadargelim -inst-simplify -dce -gvn -mem2reg -instcombine -dce -adse -loop-bound -instcombine -cfgopt -simplifycfg-lite -loop-simplify -clean-region -io-protocol -find-region -mem2reg -bitop-raise -complex-op-raise -inst-simplify -inst-rectify -instcombine -adce -deadargelim -float-op-raise -loop-simplify -phi-opt -bitop-raise -cfgopt -simplifycfg-lite -strip-dead-prototypes -interface-lower -bitop-lower -intrinsic-lower -auto-function-inline -basicaa -aggrmodref-aa -globalsmodref-aa -aggr-aa -inst-simplify -simplifycfg-lite -loop-simplify -mergereturn -inst-simplify -inst-rectify -globaldce -dce -load-elim -bitop-lower -float-op-raise -fma-raise -loop-rewind -pointer-simplify -dce -cfgopt -dce -loop-bound -loop-dep -read-loop-dep -dce -dyn-mem-reuse -dce -recurrence-min -dce -share-scalar-alloca -deadargelim -dce -check-stream -norm-name -legalize -validate-dataflow -inst-clarity -bitwidth -dce -dump-loop-dep-to-ir -check-all-ssdm -dump-complexity-metric -cdfg-build D:/ITCL_video/movDataZynq/prj_hls/hls_path_Thr/solution1/.autopilot/db/a.o.2.bc -o D:/ITCL_video/movDataZynq/prj_hls/hls_path_Thr/solution1/.autopilot/db/a.o.3.bc -f -phase build-ssdm 
Execute           auto_get_db
INFO: [HLS 200-111] Finished Architecture Synthesis: CPU user time: 1 seconds. CPU system time: 0 seconds. Elapsed time: 0.075 seconds; current allocated memory: 1.056 GB.
INFO-FLOW: Finish building internal data model.
Command       opt_and_import_c done; 0.347 sec.
Command     elaborate done; 9.435 sec.
Execute     ap_eval exec zip -j D:/ITCL_video/movDataZynq/prj_hls/hls_path_Thr/solution1/.autopilot/db/dut.hcp $dbDir/a.o.3.bc $dbDir/${topname}.rtl_wrap.cfg.tcl $dbDir/apatb_${topname}.cpp $dbDir/apatb_${topname}_util.cpp $dbDir/apatb_${topname}_ir.ll $dbDir/mapper_${topname}.cpp $dbDir/top-io-fe.xml $dbDir/kernel.internal.xml $workdir/../hls.app 
Command     ap_eval done; 0.125 sec.
Execute     autosyn -from_csynth_design=1 
INFO: [HLS 200-10] Starting hardware synthesis ...
INFO-FLOW: Synthesizing C/C++ design ...
INFO: [HLS 200-10] Synthesizing 'path_thr_axis' ...
Execute       ap_set_top_model path_thr_axis 
Execute       get_model_list path_thr_axis -filter all-wo-channel -topdown 
Execute       preproc_iomode -model path_thr_axis 
Execute       preproc_iomode -model path_thr_axis_Pipeline_VITIS_LOOP_31_1 
Execute       get_model_list path_thr_axis -filter all-wo-channel 
INFO-FLOW: Model list for configure: path_thr_axis_Pipeline_VITIS_LOOP_31_1 path_thr_axis
INFO-FLOW: Configuring Module : path_thr_axis_Pipeline_VITIS_LOOP_31_1 ...
Execute       set_default_model path_thr_axis_Pipeline_VITIS_LOOP_31_1 
Execute       apply_spec_resource_limit path_thr_axis_Pipeline_VITIS_LOOP_31_1 
INFO-FLOW: Configuring Module : path_thr_axis ...
Execute       set_default_model path_thr_axis 
Execute       apply_spec_resource_limit path_thr_axis 
INFO-FLOW: Model list for preprocess: path_thr_axis_Pipeline_VITIS_LOOP_31_1 path_thr_axis
INFO-FLOW: Preprocessing Module: path_thr_axis_Pipeline_VITIS_LOOP_31_1 ...
Execute       set_default_model path_thr_axis_Pipeline_VITIS_LOOP_31_1 
Execute       cdfg_preprocess -model path_thr_axis_Pipeline_VITIS_LOOP_31_1 
Execute       rtl_gen_preprocess path_thr_axis_Pipeline_VITIS_LOOP_31_1 
INFO-FLOW: Preprocessing Module: path_thr_axis ...
Execute       set_default_model path_thr_axis 
Execute       cdfg_preprocess -model path_thr_axis 
Execute       rtl_gen_preprocess path_thr_axis 
INFO-FLOW: Model list for synthesis: path_thr_axis_Pipeline_VITIS_LOOP_31_1 path_thr_axis
INFO: [HLS 200-10] ----------------------------------------------------------------
INFO: [HLS 200-42] -- Implementing module 'path_thr_axis_Pipeline_VITIS_LOOP_31_1' 
INFO: [HLS 200-10] ----------------------------------------------------------------
Execute       set_default_model path_thr_axis_Pipeline_VITIS_LOOP_31_1 
Execute       schedule -model path_thr_axis_Pipeline_VITIS_LOOP_31_1 
INFO: [SCHED 204-11] Starting scheduling ...
INFO: [SCHED 204-61] Pipelining loop 'VITIS_LOOP_31_1'.
INFO: [HLS 200-1470] Pipelining result : Target II = 1, Final II = 1, Depth = 2, loop 'VITIS_LOOP_31_1'
INFO: [SCHED 204-11] Finished scheduling.
Command       schedule done; 0.111 sec.
INFO: [HLS 200-111] Finished Scheduling: CPU user time: 0 seconds. CPU system time: 0 seconds. Elapsed time: 0.28 seconds; current allocated memory: 1.060 GB.
Execute       syn_report -verbosereport -o D:/ITCL_video/movDataZynq/prj_hls/hls_path_Thr/solution1/.autopilot/db/path_thr_axis_Pipeline_VITIS_LOOP_31_1.verbose.sched.rpt 
Execute         list_part -family xc7z020-clg484-1 
Execute           ap_family_info -name xc7z020-clg484-1 -data names 
Execute           ap_part_info -quiet -name xc7z020-clg484-1 -data family 
Execute       db_write -o D:/ITCL_video/movDataZynq/prj_hls/hls_path_Thr/solution1/.autopilot/db/path_thr_axis_Pipeline_VITIS_LOOP_31_1.sched.adb -f 
INFO-FLOW: Finish scheduling path_thr_axis_Pipeline_VITIS_LOOP_31_1.
Execute       set_default_model path_thr_axis_Pipeline_VITIS_LOOP_31_1 
Execute       bind -model path_thr_axis_Pipeline_VITIS_LOOP_31_1 
INFO: [BIND 205-100] Starting micro-architecture generation ...
INFO: [BIND 205-101] Performing variable lifetime analysis.
INFO: [BIND 205-101] Exploring resource sharing.
INFO: [BIND 205-101] Binding ...
INFO: [BIND 205-100] Finished micro-architecture generation.
INFO: [HLS 200-111] Finished Binding: CPU user time: 0 seconds. CPU system time: 0 seconds. Elapsed time: 0.14 seconds; current allocated memory: 1.061 GB.
Execute       syn_report -verbosereport -o D:/ITCL_video/movDataZynq/prj_hls/hls_path_Thr/solution1/.autopilot/db/path_thr_axis_Pipeline_VITIS_LOOP_31_1.verbose.bind.rpt 
Execute         list_part -family xc7z020-clg484-1 
Execute           ap_family_info -name xc7z020-clg484-1 -data names 
Execute           ap_part_info -quiet -name xc7z020-clg484-1 -data family 
Execute       db_write -o D:/ITCL_video/movDataZynq/prj_hls/hls_path_Thr/solution1/.autopilot/db/path_thr_axis_Pipeline_VITIS_LOOP_31_1.bind.adb -f 
INFO-FLOW: Finish binding path_thr_axis_Pipeline_VITIS_LOOP_31_1.
INFO: [HLS 200-10] ----------------------------------------------------------------
INFO: [HLS 200-42] -- Implementing module 'path_thr_axis' 
INFO: [HLS 200-10] ----------------------------------------------------------------
Execute       set_default_model path_thr_axis 
Execute       schedule -model path_thr_axis 
INFO: [SCHED 204-11] Starting scheduling ...
INFO: [SCHED 204-11] Finished scheduling.
INFO: [HLS 200-111] Finished Scheduling: CPU user time: 0 seconds. CPU system time: 0 seconds. Elapsed time: 0.095 seconds; current allocated memory: 1.061 GB.
Execute       syn_report -verbosereport -o D:/ITCL_video/movDataZynq/prj_hls/hls_path_Thr/solution1/.autopilot/db/path_thr_axis.verbose.sched.rpt 
Execute         list_part -family xc7z020-clg484-1 
Execute           ap_family_info -name xc7z020-clg484-1 -data names 
Execute           ap_part_info -quiet -name xc7z020-clg484-1 -data family 
Execute       db_write -o D:/ITCL_video/movDataZynq/prj_hls/hls_path_Thr/solution1/.autopilot/db/path_thr_axis.sched.adb -f 
INFO-FLOW: Finish scheduling path_thr_axis.
Execute       set_default_model path_thr_axis 
Execute       bind -model path_thr_axis 
INFO: [BIND 205-100] Starting micro-architecture generation ...
INFO: [BIND 205-101] Performing variable lifetime analysis.
INFO: [BIND 205-101] Exploring resource sharing.
INFO: [BIND 205-101] Binding ...
INFO: [BIND 205-100] Finished micro-architecture generation.
INFO: [HLS 200-111] Finished Binding: CPU user time: 0 seconds. CPU system time: 0 seconds. Elapsed time: 0.106 seconds; current allocated memory: 1.061 GB.
Execute       syn_report -verbosereport -o D:/ITCL_video/movDataZynq/prj_hls/hls_path_Thr/solution1/.autopilot/db/path_thr_axis.verbose.bind.rpt 
Execute         list_part -family xc7z020-clg484-1 
Execute           ap_family_info -name xc7z020-clg484-1 -data names 
Execute           ap_part_info -quiet -name xc7z020-clg484-1 -data family 
Execute       db_write -o D:/ITCL_video/movDataZynq/prj_hls/hls_path_Thr/solution1/.autopilot/db/path_thr_axis.bind.adb -f 
INFO-FLOW: Finish binding path_thr_axis.
Execute       get_model_list path_thr_axis -filter all-wo-channel 
INFO-FLOW: Preprocessing for RTLGen ...
Execute       rtl_gen_preprocess path_thr_axis_Pipeline_VITIS_LOOP_31_1 
Execute       rtl_gen_preprocess path_thr_axis 
INFO-FLOW: Model list for RTL generation: path_thr_axis_Pipeline_VITIS_LOOP_31_1 path_thr_axis
INFO: [HLS 200-10] ----------------------------------------------------------------
INFO: [HLS 200-10] -- Generating RTL for module 'path_thr_axis_Pipeline_VITIS_LOOP_31_1' 
INFO: [HLS 200-10] ----------------------------------------------------------------
Execute       create_rtl_model path_thr_axis_Pipeline_VITIS_LOOP_31_1 -top_prefix path_thr_axis_ -sub_prefix path_thr_axis_ -mg_file D:/ITCL_video/movDataZynq/prj_hls/hls_path_Thr/solution1/.autopilot/db/path_thr_axis_Pipeline_VITIS_LOOP_31_1.compgen.tcl 
INFO: [RTGEN 206-100] Finished creating RTL model for 'path_thr_axis_Pipeline_VITIS_LOOP_31_1'.
INFO: [HLS 200-111] Finished Creating RTL model: CPU user time: 0 seconds. CPU system time: 0 seconds. Elapsed time: 0.082 seconds; current allocated memory: 1.063 GB.
Execute       source D:/ITCL_video/movDataZynq/prj_hls/hls_path_Thr/solution1/.autopilot/db/path_thr_axis.rtl_wrap.cfg.tcl 
Execute       gen_rtl path_thr_axis_Pipeline_VITIS_LOOP_31_1 -style xilinx -f -lang vhdl -o D:/ITCL_video/movDataZynq/prj_hls/hls_path_Thr/solution1/syn/vhdl/path_thr_axis_path_thr_axis_Pipeline_VITIS_LOOP_31_1 
Execute       gen_rtl path_thr_axis_Pipeline_VITIS_LOOP_31_1 -style xilinx -f -lang vlog -o D:/ITCL_video/movDataZynq/prj_hls/hls_path_Thr/solution1/syn/verilog/path_thr_axis_path_thr_axis_Pipeline_VITIS_LOOP_31_1 
Execute       syn_report -csynth -model path_thr_axis_Pipeline_VITIS_LOOP_31_1 -o D:/ITCL_video/movDataZynq/prj_hls/hls_path_Thr/solution1/syn/report/path_thr_axis_Pipeline_VITIS_LOOP_31_1_csynth.rpt 
Execute         list_part -family xc7z020-clg484-1 
Execute           ap_family_info -name xc7z020-clg484-1 -data names 
Execute           ap_part_info -quiet -name xc7z020-clg484-1 -data family 
Execute       syn_report -rtlxml -model path_thr_axis_Pipeline_VITIS_LOOP_31_1 -o D:/ITCL_video/movDataZynq/prj_hls/hls_path_Thr/solution1/syn/report/path_thr_axis_Pipeline_VITIS_LOOP_31_1_csynth.xml 
Execute         list_part -family xc7z020-clg484-1 
Execute           ap_family_info -name xc7z020-clg484-1 -data names 
Execute           ap_part_info -quiet -name xc7z020-clg484-1 -data family 
Execute       syn_report -verbosereport -model path_thr_axis_Pipeline_VITIS_LOOP_31_1 -o D:/ITCL_video/movDataZynq/prj_hls/hls_path_Thr/solution1/.autopilot/db/path_thr_axis_Pipeline_VITIS_LOOP_31_1.verbose.rpt 
Execute         list_part -family xc7z020-clg484-1 
Execute           ap_family_info -name xc7z020-clg484-1 -data names 
Execute           ap_part_info -quiet -name xc7z020-clg484-1 -data family 
Execute       db_write -model path_thr_axis_Pipeline_VITIS_LOOP_31_1 -f -o D:/ITCL_video/movDataZynq/prj_hls/hls_path_Thr/solution1/.autopilot/db/path_thr_axis_Pipeline_VITIS_LOOP_31_1.adb 
Execute       db_write -model path_thr_axis_Pipeline_VITIS_LOOP_31_1 -bindview -o D:/ITCL_video/movDataZynq/prj_hls/hls_path_Thr/solution1/.autopilot/db/design.bindinfo.xml 
Execute       gen_tb_info path_thr_axis_Pipeline_VITIS_LOOP_31_1 -p D:/ITCL_video/movDataZynq/prj_hls/hls_path_Thr/solution1/.autopilot/db -o D:/ITCL_video/movDataZynq/prj_hls/hls_path_Thr/solution1/.autopilot/db/path_thr_axis_Pipeline_VITIS_LOOP_31_1 
INFO: [HLS 200-10] ----------------------------------------------------------------
INFO: [HLS 200-10] -- Generating RTL for module 'path_thr_axis' 
INFO: [HLS 200-10] ----------------------------------------------------------------
Execute       create_rtl_model path_thr_axis -top_prefix  -sub_prefix path_thr_axis_ -mg_file D:/ITCL_video/movDataZynq/prj_hls/hls_path_Thr/solution1/.autopilot/db/path_thr_axis.compgen.tcl 
WARNING: [RTGEN 206-101] Design contains AXI ports. Reset is fixed to synchronous and active low.
INFO: [RTGEN 206-500] Setting interface mode on port 'path_thr_axis/strm_in_V_data_V' to 'axis' (register, both mode).
INFO: [RTGEN 206-500] Setting interface mode on port 'path_thr_axis/strm_in_V_keep_V' to 'axis' (register, both mode).
INFO: [RTGEN 206-500] Setting interface mode on port 'path_thr_axis/strm_in_V_strb_V' to 'axis' (register, both mode).
INFO: [RTGEN 206-500] Setting interface mode on port 'path_thr_axis/strm_in_V_user_V' to 'axis' (register, both mode).
INFO: [RTGEN 206-500] Setting interface mode on port 'path_thr_axis/strm_in_V_last_V' to 'axis' (register, both mode).
INFO: [RTGEN 206-500] Setting interface mode on port 'path_thr_axis/strm_in_V_id_V' to 'axis' (register, both mode).
INFO: [RTGEN 206-500] Setting interface mode on port 'path_thr_axis/strm_in_V_dest_V' to 'axis' (register, both mode).
INFO: [RTGEN 206-500] Setting interface mode on port 'path_thr_axis/strm_out_V_data_V' to 'axis' (register, both mode).
INFO: [RTGEN 206-500] Setting interface mode on port 'path_thr_axis/strm_out_V_keep_V' to 'axis' (register, both mode).
INFO: [RTGEN 206-500] Setting interface mode on port 'path_thr_axis/strm_out_V_strb_V' to 'axis' (register, both mode).
INFO: [RTGEN 206-500] Setting interface mode on port 'path_thr_axis/strm_out_V_user_V' to 'axis' (register, both mode).
INFO: [RTGEN 206-500] Setting interface mode on port 'path_thr_axis/strm_out_V_last_V' to 'axis' (register, both mode).
INFO: [RTGEN 206-500] Setting interface mode on port 'path_thr_axis/strm_out_V_id_V' to 'axis' (register, both mode).
INFO: [RTGEN 206-500] Setting interface mode on port 'path_thr_axis/strm_out_V_dest_V' to 'axis' (register, both mode).
INFO: [RTGEN 206-500] Setting interface mode on port 'path_thr_axis/statistics' to 's_axilite & ap_vld'.
INFO: [RTGEN 206-500] Setting interface mode on function 'path_thr_axis' to 'ap_ctrl_none'.
WARNING: [RTGEN 206-101] Register 'addr' is power-on initialization.
INFO: [RTGEN 206-100] Bundling port 'statistics' to AXI-Lite port Axi_lite.
INFO: [RTGEN 206-100] Finished creating RTL model for 'path_thr_axis'.
Command       create_rtl_model done; 0.24 sec.
INFO: [HLS 200-111] Finished Creating RTL model: CPU user time: 0 seconds. CPU system time: 0 seconds. Elapsed time: 0.474 seconds; current allocated memory: 1.065 GB.
Execute       source D:/ITCL_video/movDataZynq/prj_hls/hls_path_Thr/solution1/.autopilot/db/path_thr_axis.rtl_wrap.cfg.tcl 
Execute       gen_rtl path_thr_axis -istop -style xilinx -f -lang vhdl -o D:/ITCL_video/movDataZynq/prj_hls/hls_path_Thr/solution1/syn/vhdl/path_thr_axis 
Execute       gen_rtl path_thr_axis -istop -style xilinx -f -lang vlog -o D:/ITCL_video/movDataZynq/prj_hls/hls_path_Thr/solution1/syn/verilog/path_thr_axis 
Execute       syn_report -csynth -model path_thr_axis -o D:/ITCL_video/movDataZynq/prj_hls/hls_path_Thr/solution1/syn/report/path_thr_axis_csynth.rpt 
Execute         list_part -family xc7z020-clg484-1 
Execute           ap_family_info -name xc7z020-clg484-1 -data names 
Execute           ap_part_info -quiet -name xc7z020-clg484-1 -data family 
Execute       syn_report -rtlxml -model path_thr_axis -o D:/ITCL_video/movDataZynq/prj_hls/hls_path_Thr/solution1/syn/report/path_thr_axis_csynth.xml 
Execute         list_part -family xc7z020-clg484-1 
Execute           ap_family_info -name xc7z020-clg484-1 -data names 
Execute           ap_part_info -quiet -name xc7z020-clg484-1 -data family 
Execute       syn_report -verbosereport -model path_thr_axis -o D:/ITCL_video/movDataZynq/prj_hls/hls_path_Thr/solution1/.autopilot/db/path_thr_axis.verbose.rpt 
Execute         list_part -family xc7z020-clg484-1 
Execute           ap_family_info -name xc7z020-clg484-1 -data names 
Execute           ap_part_info -quiet -name xc7z020-clg484-1 -data family 
Execute       db_write -model path_thr_axis -f -o D:/ITCL_video/movDataZynq/prj_hls/hls_path_Thr/solution1/.autopilot/db/path_thr_axis.adb 
Execute       db_write -model path_thr_axis -bindview -o D:/ITCL_video/movDataZynq/prj_hls/hls_path_Thr/solution1/.autopilot/db/design.bindinfo.xml 
Execute       gen_tb_info path_thr_axis -p D:/ITCL_video/movDataZynq/prj_hls/hls_path_Thr/solution1/.autopilot/db -o D:/ITCL_video/movDataZynq/prj_hls/hls_path_Thr/solution1/.autopilot/db/path_thr_axis 
Execute       export_constraint_db -f -tool general -o D:/ITCL_video/movDataZynq/prj_hls/hls_path_Thr/solution1/.autopilot/db/path_thr_axis.constraint.tcl 
Execute       syn_report -designview -model path_thr_axis -o D:/ITCL_video/movDataZynq/prj_hls/hls_path_Thr/solution1/.autopilot/db/path_thr_axis.design.xml 
Execute       syn_report -csynthDesign -model path_thr_axis -o D:/ITCL_video/movDataZynq/prj_hls/hls_path_Thr/solution1/syn/report/csynth.rpt -MHOut D:/ITCL_video/movDataZynq/prj_hls/hls_path_Thr/solution1/.autopilot/db/kernel_module_hierarchy.tcl 
Execute         list_part -family xc7z020-clg484-1 
Execute           ap_family_info -name xc7z020-clg484-1 -data names 
Execute           ap_part_info -quiet -name xc7z020-clg484-1 -data family 
Execute       syn_report -wcfg -model path_thr_axis -o D:/ITCL_video/movDataZynq/prj_hls/hls_path_Thr/solution1/.autopilot/db/path_thr_axis_dataflow_ana.wcfg 
Execute       syn_report -protoinst -model path_thr_axis -o D:/ITCL_video/movDataZynq/prj_hls/hls_path_Thr/solution1/.autopilot/db/path_thr_axis.protoinst 
Execute       sc_get_clocks path_thr_axis 
Execute       sc_get_portdomain path_thr_axis 
INFO-FLOW: Model list for RTL component generation: path_thr_axis_Pipeline_VITIS_LOOP_31_1 path_thr_axis
INFO-FLOW: Handling components in module [path_thr_axis_Pipeline_VITIS_LOOP_31_1] ... 
Execute       source D:/ITCL_video/movDataZynq/prj_hls/hls_path_Thr/solution1/.autopilot/db/path_thr_axis_Pipeline_VITIS_LOOP_31_1.compgen.tcl 
INFO-FLOW: Handling components in module [path_thr_axis] ... 
Execute       source D:/ITCL_video/movDataZynq/prj_hls/hls_path_Thr/solution1/.autopilot/db/path_thr_axis.compgen.tcl 
INFO-FLOW: Found component path_thr_axis_Axi_lite_s_axi.
INFO-FLOW: Append model path_thr_axis_Axi_lite_s_axi
INFO-FLOW: Found component path_thr_axis_regslice_both.
INFO-FLOW: Append model path_thr_axis_regslice_both
INFO-FLOW: Found component path_thr_axis_regslice_both.
INFO-FLOW: Append model path_thr_axis_regslice_both
INFO-FLOW: Found component path_thr_axis_regslice_both.
INFO-FLOW: Append model path_thr_axis_regslice_both
INFO-FLOW: Found component path_thr_axis_regslice_both.
INFO-FLOW: Append model path_thr_axis_regslice_both
INFO-FLOW: Found component path_thr_axis_regslice_both.
INFO-FLOW: Append model path_thr_axis_regslice_both
INFO-FLOW: Found component path_thr_axis_regslice_both.
INFO-FLOW: Append model path_thr_axis_regslice_both
INFO-FLOW: Found component path_thr_axis_regslice_both.
INFO-FLOW: Append model path_thr_axis_regslice_both
INFO-FLOW: Found component path_thr_axis_regslice_both.
INFO-FLOW: Append model path_thr_axis_regslice_both
INFO-FLOW: Found component path_thr_axis_regslice_both.
INFO-FLOW: Append model path_thr_axis_regslice_both
INFO-FLOW: Found component path_thr_axis_regslice_both.
INFO-FLOW: Append model path_thr_axis_regslice_both
INFO-FLOW: Found component path_thr_axis_regslice_both.
INFO-FLOW: Append model path_thr_axis_regslice_both
INFO-FLOW: Found component path_thr_axis_regslice_both.
INFO-FLOW: Append model path_thr_axis_regslice_both
INFO-FLOW: Found component path_thr_axis_regslice_both.
INFO-FLOW: Append model path_thr_axis_regslice_both
INFO-FLOW: Found component path_thr_axis_regslice_both.
INFO-FLOW: Append model path_thr_axis_regslice_both
INFO-FLOW: Append model path_thr_axis_Pipeline_VITIS_LOOP_31_1
INFO-FLOW: Append model path_thr_axis
INFO-FLOW: Generating RTL model list ...
INFO-FLOW: All models in this session: path_thr_axis_Axi_lite_s_axi path_thr_axis_regslice_both path_thr_axis_regslice_both path_thr_axis_regslice_both path_thr_axis_regslice_both path_thr_axis_regslice_both path_thr_axis_regslice_both path_thr_axis_regslice_both path_thr_axis_regslice_both path_thr_axis_regslice_both path_thr_axis_regslice_both path_thr_axis_regslice_both path_thr_axis_regslice_both path_thr_axis_regslice_both path_thr_axis_regslice_both path_thr_axis_Pipeline_VITIS_LOOP_31_1 path_thr_axis
INFO-FLOW: Generating D:/ITCL_video/movDataZynq/prj_hls/hls_path_Thr/solution1/.autopilot/db/autopilot.rtl.models.txt file...
INFO-FLOW: To file: write model path_thr_axis_Axi_lite_s_axi
INFO-FLOW: To file: write model path_thr_axis_regslice_both
INFO-FLOW: To file: write model path_thr_axis_regslice_both
INFO-FLOW: To file: write model path_thr_axis_regslice_both
INFO-FLOW: To file: write model path_thr_axis_regslice_both
INFO-FLOW: To file: write model path_thr_axis_regslice_both
INFO-FLOW: To file: write model path_thr_axis_regslice_both
INFO-FLOW: To file: write model path_thr_axis_regslice_both
INFO-FLOW: To file: write model path_thr_axis_regslice_both
INFO-FLOW: To file: write model path_thr_axis_regslice_both
INFO-FLOW: To file: write model path_thr_axis_regslice_both
INFO-FLOW: To file: write model path_thr_axis_regslice_both
INFO-FLOW: To file: write model path_thr_axis_regslice_both
INFO-FLOW: To file: write model path_thr_axis_regslice_both
INFO-FLOW: To file: write model path_thr_axis_regslice_both
INFO-FLOW: To file: write model path_thr_axis_Pipeline_VITIS_LOOP_31_1
INFO-FLOW: To file: write model path_thr_axis
INFO-FLOW: Generating D:/ITCL_video/movDataZynq/prj_hls/hls_path_Thr/solution1/.autopilot/db/autopilot.rtl.models.tcl file...
INFO-FLOW: Finished generating RTL model list.


INFO-FLOW: RTL Generation done.
INFO-FLOW: CAS Generation done.
INFO-FLOW: CBC Generation done.
INFO-FLOW: DBG:PROC: ::AESL_AUTOMG::auto_generate_csynth_design
INFO-FLOW: DBG:PUTS: read_platform_lib D:/ITCL_video/movDataZynq/prj_hls/hls_path_Thr/solution1/.autopilot/db/global.setting.tcl
Execute       source C:/Xilinx/Vitis_HLS/2023.1/common/technology/generic/autopilot/common.gen 
Execute         source C:/Xilinx/Vitis_HLS/2023.1/common/technology/generic/autopilot/APCoreGen.gen 
Execute       source C:/Xilinx/Vitis_HLS/2023.1/common/technology/generic/autopilot/op.gen 
Execute       source C:/Xilinx/Vitis_HLS/2023.1/common/technology/generic/autopilot/op_simcore.gen 
Execute       source C:/Xilinx/Vitis_HLS/2023.1/common/technology/generic/autopilot/interface.gen 
Execute       source D:/ITCL_video/movDataZynq/prj_hls/hls_path_Thr/solution1/.autopilot/db/global.setting.tcl 
Execute       source C:/Xilinx/Vitis_HLS/2023.1/common/technology/xilinx/common/xilinx.gen 
Execute         source C:/Xilinx/Vitis_HLS/2023.1/common/technology/xilinx/interface/plb46.gen 
Execute         source C:/Xilinx/Vitis_HLS/2023.1/common/technology/xilinx/interface/axi4.gen 
Execute         source C:/Xilinx/Vitis_HLS/2023.1/common/technology/xilinx/interface/nativeAXI4.gen 
Execute           source C:/Xilinx/Vitis_HLS/2023.1/common/technology/xilinx/interface/saxilite.gen 
Execute         source C:/Xilinx/Vitis_HLS/2023.1/common/technology/xilinx/scripts/xilinxcoregen.gen 
Execute         source C:/Xilinx/Vitis_HLS/2023.1/common/technology/xilinx/interface/XilEDKCoreGen.gen 
Execute         source C:/Xilinx/Vitis_HLS/2023.1/common/technology/xilinx/ip/dds_compiler.gen 
Execute         source C:/Xilinx/Vitis_HLS/2023.1/common/technology/xilinx/ip/util.gen 
Execute         source C:/Xilinx/Vitis_HLS/2023.1/common/technology/xilinx/ip/xfft.gen 
Execute         source C:/Xilinx/Vitis_HLS/2023.1/common/technology/xilinx/ip/xfir.gen 
Execute         source C:/Xilinx/Vitis_HLS/2023.1/common/technology/xilinx/DSP48/dsp48.gen 
Command       ap_source done; 0.115 sec.
INFO-FLOW: DBG:PUTS:   using AESL_AUTOCG::g_clock_period=10.000 (was NA)
INFO-FLOW: DBG:PROC: ::AESL_AUTOMG::generate_ip_cores gen_sim_model='1' gen_fp_models='0' gen_for_export='0' dstSCDir='' dstVhdlDir='D:/ITCL_video/movDataZynq/prj_hls/hls_path_Thr/solution1/.autopilot/db/vhdl' dstVlogDir='D:/ITCL_video/movDataZynq/prj_hls/hls_path_Thr/solution1/.autopilot/db/vlog' tclDir='D:/ITCL_video/movDataZynq/prj_hls/hls_path_Thr/solution1/.autopilot/db' modelList='path_thr_axis_Axi_lite_s_axi
path_thr_axis_regslice_both
path_thr_axis_regslice_both
path_thr_axis_regslice_both
path_thr_axis_regslice_both
path_thr_axis_regslice_both
path_thr_axis_regslice_both
path_thr_axis_regslice_both
path_thr_axis_regslice_both
path_thr_axis_regslice_both
path_thr_axis_regslice_both
path_thr_axis_regslice_both
path_thr_axis_regslice_both
path_thr_axis_regslice_both
path_thr_axis_regslice_both
path_thr_axis_Pipeline_VITIS_LOOP_31_1
path_thr_axis
' expOnly='0'
Execute       source D:/ITCL_video/movDataZynq/prj_hls/hls_path_Thr/solution1/.autopilot/db/global.setting.tcl 
Execute       ap_part_info -name xc7z020-clg484-1 -data names -quiet 
Execute       ap_part_info -name xc7z020-clg484-1 -data info -quiet 
Execute       source D:/ITCL_video/movDataZynq/prj_hls/hls_path_Thr/solution1/.autopilot/db/global.setting.tcl 
Execute       source D:/ITCL_video/movDataZynq/prj_hls/hls_path_Thr/solution1/.autopilot/db/global.setting.tcl 
Execute       source D:/ITCL_video/movDataZynq/prj_hls/hls_path_Thr/solution1/.autopilot/db/path_thr_axis_Pipeline_VITIS_LOOP_31_1.compgen.tcl 
Execute       source D:/ITCL_video/movDataZynq/prj_hls/hls_path_Thr/solution1/.autopilot/db/path_thr_axis.compgen.tcl 
Execute         source ./Axi_lite.slave.tcl 
Command       ap_source done; 0.179 sec.
INFO: [HLS 200-111] Finished Generating all RTL models: CPU user time: 0 seconds. CPU system time: 0 seconds. Elapsed time: 0.684 seconds; current allocated memory: 1.070 GB.
INFO-FLOW: DBG:PROC: ::HLSREPORTS::create_csynth_xml bind_info_var='bind_info' RtlSubPrefix='path_thr_axis_' outfile=''
INFO-FLOW: Running: create_csynth_xml read xml data
INFO-FLOW: Done: create_csynth_xml read xml data time: 0 seconds per iteration
INFO-FLOW: Running: create_csynth_xml bind info
INFO-FLOW: No bind nodes found for module_name path_thr_axis
INFO-FLOW: Done: create_csynth_xml bind info time: 0 seconds per iteration
INFO-FLOW: Running: create_csynth_xml config info
INFO-FLOW: Done: create_csynth_xml config info time: 0.2 seconds per iteration
INFO-FLOW: Running: create_csynth_xml write xml
INFO-FLOW: Done: create_csynth_xml write xml time: 0 seconds per iteration
INFO-FLOW: DBG:PUTS:      create_csynth_xml wrote csynth_xml=D:/ITCL_video/movDataZynq/prj_hls/hls_path_Thr/solution1/syn/report/csynth.xml
INFO-FLOW: DBG:PROC: ::AP::DESIGN_DATA::generate_json generate_bd_files='0' generate_xo_files='0' modelList='path_thr_axis_Axi_lite_s_axi
path_thr_axis_regslice_both
path_thr_axis_regslice_both
path_thr_axis_regslice_both
path_thr_axis_regslice_both
path_thr_axis_regslice_both
path_thr_axis_regslice_both
path_thr_axis_regslice_both
path_thr_axis_regslice_both
path_thr_axis_regslice_both
path_thr_axis_regslice_both
path_thr_axis_regslice_both
path_thr_axis_regslice_both
path_thr_axis_regslice_both
path_thr_axis_regslice_both
path_thr_axis_Pipeline_VITIS_LOOP_31_1
path_thr_axis
' rtl_lang='both' bootstrap_tcl='false' outdir='' outfilename=''
Execute       source D:/ITCL_video/movDataZynq/prj_hls/hls_path_Thr/solution1/.autopilot/db/global.setting.tcl 
Execute       source D:/ITCL_video/movDataZynq/prj_hls/hls_path_Thr/solution1/.autopilot/db/global.setting.tcl 
Execute       source D:/ITCL_video/movDataZynq/prj_hls/hls_path_Thr/solution1/.autopilot/db/top-io-be.tcl 
Execute       source D:/ITCL_video/movDataZynq/prj_hls/hls_path_Thr/solution1/.autopilot/db/path_thr_axis.tbgen.tcl 
Execute       source D:/ITCL_video/movDataZynq/prj_hls/hls_path_Thr/solution1/.autopilot/db/path_thr_axis.compgen.dataonly.tcl 
Execute       source D:/ITCL_video/movDataZynq/prj_hls/hls_path_Thr/solution1/.autopilot/db/path_thr_axis.compgen.dataonly.tcl 
Execute       source D:/ITCL_video/movDataZynq/prj_hls/hls_path_Thr/solution1/.autopilot/db/path_thr_axis.rtl_wrap.cfg.tcl 
Execute       source D:/ITCL_video/movDataZynq/prj_hls/hls_path_Thr/solution1/.autopilot/db/path_thr_axis.compgen.dataonly.tcl 
Execute       source D:/ITCL_video/movDataZynq/prj_hls/hls_path_Thr/solution1/.autopilot/db/path_thr_axis_Pipeline_VITIS_LOOP_31_1.tbgen.tcl 
Execute       source D:/ITCL_video/movDataZynq/prj_hls/hls_path_Thr/solution1/.autopilot/db/path_thr_axis.tbgen.tcl 
Execute       source D:/ITCL_video/movDataZynq/prj_hls/hls_path_Thr/solution1/.autopilot/db/global.setting.tcl 
Execute       ap_part_info -name xc7z020-clg484-1 -data names -quiet 
Execute       ap_part_info -name xc7z020-clg484-1 -data info -quiet 
Execute       source D:/ITCL_video/movDataZynq/prj_hls/hls_path_Thr/solution1/.autopilot/db/path_thr_axis.constraint.tcl 
Execute       sc_get_clocks path_thr_axis 
Execute       source D:/ITCL_video/movDataZynq/prj_hls/hls_path_Thr/solution1/.autopilot/db/global.setting.tcl 
INFO-FLOW: DBG:PROC: ::HLSREPORTS::add_csynth_report_sections bind_info_dict='adapter_nodes {{BINDTYPE adapter DISPLAY {bind_adapter axilite} ID {} IMPL {} LATENCY {} OPTYPE {} PRAGMA yes RTLNAME Axi_lite_s_axi_U SOURCE {} VARIABLE {} MODULE path_thr_axis LOOP {} BUNDLEDNAME Axi_lite DSP 0 BRAM 0 URAM 0}} report_dict {TOPINST path_thr_axis MODULE2INSTS {path_thr_axis path_thr_axis path_thr_axis_Pipeline_VITIS_LOOP_31_1 grp_path_thr_axis_Pipeline_VITIS_LOOP_31_1_fu_82} INST2MODULE {path_thr_axis path_thr_axis grp_path_thr_axis_Pipeline_VITIS_LOOP_31_1_fu_82 path_thr_axis_Pipeline_VITIS_LOOP_31_1} INSTDATA {path_thr_axis {DEPTH 1 CHILDREN grp_path_thr_axis_Pipeline_VITIS_LOOP_31_1_fu_82} grp_path_thr_axis_Pipeline_VITIS_LOOP_31_1_fu_82 {DEPTH 2 CHILDREN {}}} MODULEDATA {path_thr_axis_Pipeline_VITIS_LOOP_31_1 {BINDINFO {{BINDTYPE op ID {} IMPL fabric LATENCY 0 OPTYPE add PRAGMA {} RTLNAME data_wr_fu_242_p2 SOURCE ../hls_src/path_thr_axis.cpp:43 VARIABLE data_wr LOOP VITIS_LOOP_31_1 BUNDLEDNAME {} DSP 0 BRAM 0 URAM 0 DISPNAME {bind_op add}} {BINDTYPE op ID {} IMPL fabric LATENCY 0 OPTYPE add PRAGMA {} RTLNAME add_ln51_fu_248_p2 SOURCE ../hls_src/path_thr_axis.cpp:51 VARIABLE add_ln51 LOOP VITIS_LOOP_31_1 BUNDLEDNAME {} DSP 0 BRAM 0 URAM 0 DISPNAME {bind_op add}}} AREA {DSP 0 BRAM 0 URAM 0}} path_thr_axis {AREA {DSP 0 BRAM 0 URAM 0}}}}'
INFO-FLOW: DBG:PUTS:      update_csynth_reports json2rpt_hw_sw_interfaces
INFO-FLOW: Running: gen_csynth_sec_pragma
INFO-FLOW: Done: gen_csynth_sec_pragma time: 0 seconds per iteration
INFO-FLOW: DBG:PUTS:      update_csynth_reports wrote xml
INFO-FLOW: DBG:PUTS:      update_csynth_reports appended to csynth rpt file
INFO: [HLS 200-111] Finished Updating report files: CPU user time: 0 seconds. CPU system time: 0 seconds. Elapsed time: 0.59 seconds; current allocated memory: 1.072 GB.
INFO: [VHDL 208-304] Generating VHDL RTL for path_thr_axis.
INFO: [VLOG 209-307] Generating Verilog RTL for path_thr_axis.
Execute       syn_report -model path_thr_axis -printsummary 
INFO: [HLS 200-790] **** Loop Constraint Status: All loop constraints were satisfied.
INFO: [HLS 200-789] **** Estimated Fmax: 206.70 MHz
Command     autosyn done; 2.427 sec.
Command   csynth_design done; 12.103 sec.
INFO: [HLS 200-111] Finished Command csynth_design CPU user time: 1 seconds. CPU system time: 0 seconds. Elapsed time: 12.103 seconds; current allocated memory: 48.992 MB.
Command ap_source done; 17.969 sec.
Execute cleanup_all 
INFO-FLOW: Workspace D:/ITCL_video/movDataZynq/prj_hls/hls_path_Thr/solution1 opened at Wed Aug 30 10:22:44 +0200 2023
Execute     ap_set_clock -name default -period 10 -default=false 
INFO: [SYN 201-201] Setting up clock 'default' with a period of 10ns.
Execute     set_part xc7z020-clg484-1 
Execute       create_platform xc7z020-clg484-1 -board  
DBG:HLSDevice: Trying to load device library: C:/Xilinx/Vitis_HLS/2023.1\lib\win64.o\xv_hlsvwrap.dll
DBG:HLSDevice: first parts/arch.xml in RDI_DATADIR: C:/Xilinx/Vivado/2023.1/data/parts/arch.xml
DBG:HLSDevice: init success
INFO: [HLS 200-1611] Setting target device to 'xc7z020-clg484-1'
Command       create_platform done; 5.061 sec.
Execute       source C:/Xilinx/Vitis_HLS/2023.1/common/technology/xilinx/common/xilinx.gen 
Execute         source C:/Xilinx/Vitis_HLS/2023.1/common/technology/xilinx/interface/plb46.gen 
Execute         source C:/Xilinx/Vitis_HLS/2023.1/common/technology/xilinx/interface/axi4.gen 
Execute         source C:/Xilinx/Vitis_HLS/2023.1/common/technology/xilinx/interface/nativeAXI4.gen 
Execute           source C:/Xilinx/Vitis_HLS/2023.1/common/technology/xilinx/interface/saxilite.gen 
Execute         source C:/Xilinx/Vitis_HLS/2023.1/common/technology/xilinx/scripts/xilinxcoregen.gen 
Execute         source C:/Xilinx/Vitis_HLS/2023.1/common/technology/xilinx/interface/XilEDKCoreGen.gen 
Execute         source C:/Xilinx/Vitis_HLS/2023.1/common/technology/xilinx/ip/dds_compiler.gen 
Execute         source C:/Xilinx/Vitis_HLS/2023.1/common/technology/xilinx/ip/util.gen 
Execute         source C:/Xilinx/Vitis_HLS/2023.1/common/technology/xilinx/ip/xfft.gen 
Execute         source C:/Xilinx/Vitis_HLS/2023.1/common/technology/xilinx/ip/xfir.gen 
Execute         source C:/Xilinx/Vitis_HLS/2023.1/common/technology/xilinx/DSP48/dsp48.gen 
Command       ap_source done; 0.121 sec.
Execute       ap_part_info -name xc7z020-clg484-1 -data info 
Execute       config_compile -quiet -complex-mul-dsp=0 
Command     set_part done; 5.221 sec.
Execute     send_msg_by_id INFO @200-1505@%s%s  vivado 
INFO: [HLS 200-1505] Using flow_target 'vivado'
Execute     send_msg_by_id INFO @200-1464@%s config_export -format=ip_catalog 
INFO: [HLS 200-1464] Running solution command: config_export -format=ip_catalog
Execute     config_export -format=ip_catalog 
Execute     send_msg_by_id INFO @200-1464@%s config_export -rtl=verilog 
INFO: [HLS 200-1464] Running solution command: config_export -rtl=verilog
Execute     config_export -rtl=verilog 
Command   open_solution done; 5.369 sec.
Execute   set_part xc7z020-clg484-1 
INFO: [HLS 200-1510] Running: set_part xc7z020-clg484-1 
Execute     create_platform xc7z020-clg484-1 -board  
Execute     source C:/Xilinx/Vitis_HLS/2023.1/common/technology/xilinx/common/xilinx.gen 
Execute       source C:/Xilinx/Vitis_HLS/2023.1/common/technology/xilinx/interface/plb46.gen 
Execute       source C:/Xilinx/Vitis_HLS/2023.1/common/technology/xilinx/interface/axi4.gen 
Execute       source C:/Xilinx/Vitis_HLS/2023.1/common/technology/xilinx/interface/nativeAXI4.gen 
Execute         source C:/Xilinx/Vitis_HLS/2023.1/common/technology/xilinx/interface/saxilite.gen 
Execute       source C:/Xilinx/Vitis_HLS/2023.1/common/technology/xilinx/scripts/xilinxcoregen.gen 
Execute       source C:/Xilinx/Vitis_HLS/2023.1/common/technology/xilinx/interface/XilEDKCoreGen.gen 
Execute       source C:/Xilinx/Vitis_HLS/2023.1/common/technology/xilinx/ip/dds_compiler.gen 
Execute       source C:/Xilinx/Vitis_HLS/2023.1/common/technology/xilinx/ip/util.gen 
Execute       source C:/Xilinx/Vitis_HLS/2023.1/common/technology/xilinx/ip/xfft.gen 
Execute       source C:/Xilinx/Vitis_HLS/2023.1/common/technology/xilinx/ip/xfir.gen 
Execute       source C:/Xilinx/Vitis_HLS/2023.1/common/technology/xilinx/DSP48/dsp48.gen 
Command     ap_source done; 0.117 sec.
Execute     ap_part_info -name xc7z020-clg484-1 -data info 
Execute     config_compile -quiet -complex-mul-dsp=0 
Command   set_part done; 0.187 sec.
Execute   create_clock -period 10 -name default 
INFO: [HLS 200-1510] Running: create_clock -period 10 -name default 
Execute   config_export -format ip_catalog -rtl verilog 
INFO: [HLS 200-1510] Running: config_export -format ip_catalog -rtl verilog 
Execute   source ./hls_path_Thr/solution1/directives.tcl 
INFO: [HLS 200-1510] Running: source ./hls_path_Thr/solution1/directives.tcl
Execute     set_directive_top -name path_thr_axis path_thr_axis 
INFO: [HLS 200-1510] Running: set_directive_top -name path_thr_axis path_thr_axis 
Execute   export_design -rtl verilog -format ip_catalog 
INFO: [HLS 200-1510] Running: export_design -rtl verilog -format ip_catalog 
Execute     config_export -format=ip_catalog -rtl=verilog 
INFO-FLOW: DBG:PUTS: export_design_wrap: -format ip_catalog -rtl verilog
Execute     source D:/ITCL_video/movDataZynq/prj_hls/hls_path_Thr/solution1/.autopilot/db/global.setting.tcl 
INFO-FLOW: DBG:PUTS:   auto_impl: pack: -export -rtl verilog
INFO-FLOW: DBG:PROC: ::AESL_AUTOIMPL::auto_impl args='-export -rtl verilog'
Execute     source D:/ITCL_video/movDataZynq/prj_hls/hls_path_Thr/solution1/.autopilot/db/global.setting.tcl 
INFO: [IMPL 213-8] Exporting RTL as a Vivado IP.
INFO-FLOW: DBG:PUTS: automg_wrap -export -pcore_version 1.00.a -rtl vlog -tool Vivado -impltomg_flag
INFO-FLOW: DBG:PROC: ::AESL_AUTOMG::auto_generate args='-export -pcore_version 1.00.a -rtl vlog -tool Vivado -impltomg_flag'
INFO-FLOW: DBG:PUTS:     auto_generate -export -pcore_version 1.00.a -rtl vlog -tool Vivado -impltomg_flag
Execute     source D:/ITCL_video/movDataZynq/prj_hls/hls_path_Thr/solution1/.autopilot/db/global.setting.tcl 
INFO-FLOW: DBG:PUTS: read_platform_lib D:/ITCL_video/movDataZynq/prj_hls/hls_path_Thr/solution1/.autopilot/db/global.setting.tcl
Execute     source C:/Xilinx/Vitis_HLS/2023.1/common/technology/generic/autopilot/common.gen 
Execute       source C:/Xilinx/Vitis_HLS/2023.1/common/technology/generic/autopilot/APCoreGen.gen 
Execute     source C:/Xilinx/Vitis_HLS/2023.1/common/technology/generic/autopilot/op.gen 
Execute     source C:/Xilinx/Vitis_HLS/2023.1/common/technology/generic/autopilot/op_simcore.gen 
Execute     source C:/Xilinx/Vitis_HLS/2023.1/common/technology/generic/autopilot/interface.gen 
Execute     source D:/ITCL_video/movDataZynq/prj_hls/hls_path_Thr/solution1/.autopilot/db/global.setting.tcl 
Execute     source C:/Xilinx/Vitis_HLS/2023.1/common/technology/xilinx/common/xilinx.gen 
Execute       source C:/Xilinx/Vitis_HLS/2023.1/common/technology/xilinx/interface/plb46.gen 
Execute       source C:/Xilinx/Vitis_HLS/2023.1/common/technology/xilinx/interface/axi4.gen 
Execute       source C:/Xilinx/Vitis_HLS/2023.1/common/technology/xilinx/interface/nativeAXI4.gen 
Execute         source C:/Xilinx/Vitis_HLS/2023.1/common/technology/xilinx/interface/saxilite.gen 
Execute       source C:/Xilinx/Vitis_HLS/2023.1/common/technology/xilinx/scripts/xilinxcoregen.gen 
Execute       source C:/Xilinx/Vitis_HLS/2023.1/common/technology/xilinx/interface/XilEDKCoreGen.gen 
Execute       source C:/Xilinx/Vitis_HLS/2023.1/common/technology/xilinx/ip/dds_compiler.gen 
Execute       source C:/Xilinx/Vitis_HLS/2023.1/common/technology/xilinx/ip/util.gen 
Execute       source C:/Xilinx/Vitis_HLS/2023.1/common/technology/xilinx/ip/xfft.gen 
Execute       source C:/Xilinx/Vitis_HLS/2023.1/common/technology/xilinx/ip/xfir.gen 
Execute       source C:/Xilinx/Vitis_HLS/2023.1/common/technology/xilinx/DSP48/dsp48.gen 
Command     ap_source done; 0.114 sec.
INFO-FLOW: DBG:PUTS:   using AESL_AUTOCG::g_clock_period=10.000 (was NA)
INFO-FLOW: DBG:PUTS:       initCTypeInfo top_module=path_thr_axis xml_exists=0
Execute     source D:/ITCL_video/movDataZynq/prj_hls/hls_path_Thr/solution1/.autopilot/db/path_thr_axis.rtl_wrap.cfg.tcl 
Execute     source D:/ITCL_video/movDataZynq/prj_hls/hls_path_Thr/solution1/.autopilot/db/path_thr_axis.rtl_wrap.cfg.tcl 
Execute     source D:/ITCL_video/movDataZynq/prj_hls/hls_path_Thr/solution1/.autopilot/db/path_thr_axis.rtl_wrap.cfg.tcl 
Execute     source D:/ITCL_video/movDataZynq/prj_hls/hls_path_Thr/solution1/.autopilot/db/path_thr_axis.tbgen.tcl 
Execute     source D:/ITCL_video/movDataZynq/prj_hls/hls_path_Thr/solution1/.autopilot/db/path_thr_axis.tbgen.tcl 
Execute     source D:/ITCL_video/movDataZynq/prj_hls/hls_path_Thr/solution1/.autopilot/db/global.setting.tcl 
Execute     source D:/ITCL_video/movDataZynq/prj_hls/hls_path_Thr/solution1/.autopilot/db/path_thr_axis.tbgen.tcl 
INFO-FLOW: DBG:PUTS:       cosim_export_main adding deadlock detection to path_thr_axis
INFO-FLOW: DBG:PUTS: Skipping loadAnalyze_DB, #g_database=15
INFO-FLOW: DBG:PUTS:       generate_json generate_bd_files=0 generate_xo_files=false #modelList=17 #gSsdmPorts=0
INFO-FLOW: DBG:PROC: ::AP::DESIGN_DATA::generate_json generate_bd_files='0' generate_xo_files='false' modelList='path_thr_axis_Axi_lite_s_axi
path_thr_axis_regslice_both
path_thr_axis_regslice_both
path_thr_axis_regslice_both
path_thr_axis_regslice_both
path_thr_axis_regslice_both
path_thr_axis_regslice_both
path_thr_axis_regslice_both
path_thr_axis_regslice_both
path_thr_axis_regslice_both
path_thr_axis_regslice_both
path_thr_axis_regslice_both
path_thr_axis_regslice_both
path_thr_axis_regslice_both
path_thr_axis_regslice_both
path_thr_axis_Pipeline_VITIS_LOOP_31_1
path_thr_axis
' rtl_lang='vlog' bootstrap_tcl='false' outdir='' outfilename=''
Execute     source C:/Xilinx/Vitis_HLS/2023.1/tps/tcl/tcllib1.11.1/yaml/huddle.tcl 
Execute     source C:/Xilinx/Vitis_HLS/2023.1/tps/tcl/tcllib1.11.1/yaml/json2huddle.tcl 
Execute       source C:/Xilinx/Vitis_HLS/2023.1/tps/tcl/tcllib1.11.1/try/try.tcl 
Execute     source D:/ITCL_video/movDataZynq/prj_hls/hls_path_Thr/solution1/.autopilot/db/global.setting.tcl 
Execute     source D:/ITCL_video/movDataZynq/prj_hls/hls_path_Thr/solution1/.autopilot/db/global.setting.tcl 
Execute     source D:/ITCL_video/movDataZynq/prj_hls/hls_path_Thr/solution1/.autopilot/db/top-io-be.tcl 
Execute     source D:/ITCL_video/movDataZynq/prj_hls/hls_path_Thr/solution1/.autopilot/db/path_thr_axis.tbgen.tcl 
Execute     source D:/ITCL_video/movDataZynq/prj_hls/hls_path_Thr/solution1/.autopilot/db/path_thr_axis.compgen.dataonly.tcl 
Execute     source D:/ITCL_video/movDataZynq/prj_hls/hls_path_Thr/solution1/.autopilot/db/path_thr_axis.compgen.dataonly.tcl 
Execute     source D:/ITCL_video/movDataZynq/prj_hls/hls_path_Thr/solution1/.autopilot/db/path_thr_axis.rtl_wrap.cfg.tcl 
Execute     source D:/ITCL_video/movDataZynq/prj_hls/hls_path_Thr/solution1/.autopilot/db/path_thr_axis.compgen.dataonly.tcl 
Execute     source D:/ITCL_video/movDataZynq/prj_hls/hls_path_Thr/solution1/.autopilot/db/path_thr_axis_Pipeline_VITIS_LOOP_31_1.tbgen.tcl 
Execute     source D:/ITCL_video/movDataZynq/prj_hls/hls_path_Thr/solution1/.autopilot/db/path_thr_axis.tbgen.tcl 
Execute     source D:/ITCL_video/movDataZynq/prj_hls/hls_path_Thr/solution1/.autopilot/db/global.setting.tcl 
Execute     ap_part_info -name xc7z020-clg484-1 -data names -quiet 
Execute     ap_part_info -name xc7z020-clg484-1 -data info -quiet 
Execute     source D:/ITCL_video/movDataZynq/prj_hls/hls_path_Thr/solution1/.autopilot/db/path_thr_axis.constraint.tcl 
Execute     sc_get_clocks path_thr_axis 
Execute     source D:/ITCL_video/movDataZynq/prj_hls/hls_path_Thr/solution1/.autopilot/db/global.setting.tcl 
Execute     source D:/ITCL_video/movDataZynq/prj_hls/hls_path_Thr/solution1/.autopilot/db/global.setting.tcl 
Execute     source D:/ITCL_video/movDataZynq/prj_hls/hls_path_Thr/solution1/.autopilot/db/path_thr_axis.tbgen.tcl 
INFO-FLOW: DBG:PUTS:       cosim_export_main adding deadlock detection to path_thr_axis
INFO-FLOW: DBG:PUTS:       copy ip_driver_dir 1_0 D:/ITCL_video/movDataZynq/prj_hls/hls_path_Thr/solution1/.autopilot/db/driver
INFO-FLOW: DBG:PUTS:       generate_ip_script #gSsdmPorts=0 g_lang=vlog is_sdaccel=false is_sdsoc=true xo_file=
Execute     ap_part_info -name xc7z020-clg484-1 -data names -quiet 
Execute     ap_part_info -name xc7z020-clg484-1 -data info -quiet 
Execute     ap_part_info -name xc7z020-clg484-1 -data names -quiet 
Execute     ap_part_info -name xc7z020-clg484-1 -data info -quiet 
Execute     source D:/ITCL_video/movDataZynq/prj_hls/hls_path_Thr/solution1/.autopilot/db/path_thr_axis.tbgen.tcl 
Execute     source D:/ITCL_video/movDataZynq/prj_hls/hls_path_Thr/solution1/.autopilot/db/path_thr_axis.compgen.dataonly.tcl 
Execute     source D:/ITCL_video/movDataZynq/prj_hls/hls_path_Thr/solution1/.autopilot/db/path_thr_axis.compgen.dataonly.tcl 
Execute     source D:/ITCL_video/movDataZynq/prj_hls/hls_path_Thr/solution1/.autopilot/db/path_thr_axis.tbgen.tcl 
Execute     source D:/ITCL_video/movDataZynq/prj_hls/hls_path_Thr/solution1/.autopilot/db/path_thr_axis.tbgen.tcl 
Execute     source D:/ITCL_video/movDataZynq/prj_hls/hls_path_Thr/solution1/.autopilot/db/path_thr_axis.tbgen.tcl 
Execute     source D:/ITCL_video/movDataZynq/prj_hls/hls_path_Thr/solution1/.autopilot/db/path_thr_axis.tbgen.tcl 
Execute     source D:/ITCL_video/movDataZynq/prj_hls/hls_path_Thr/solution1/.autopilot/db/path_thr_axis.tbgen.tcl 
Execute     source D:/ITCL_video/movDataZynq/prj_hls/hls_path_Thr/solution1/.autopilot/db/path_thr_axis.tbgen.tcl 
Execute     source D:/ITCL_video/movDataZynq/prj_hls/hls_path_Thr/solution1/.autopilot/db/path_thr_axis.tbgen.tcl 
Execute     source D:/ITCL_video/movDataZynq/prj_hls/hls_path_Thr/solution1/.autopilot/db/path_thr_axis.tbgen.tcl 
Execute     source D:/ITCL_video/movDataZynq/prj_hls/hls_path_Thr/solution1/.autopilot/db/global.setting.tcl 
INFO-FLOW: DBG:PUTS:       generate_top_info
INFO-FLOW: DBG:PUTS:       prepArgInfo -> loadAnalyze_DB top_module=path_thr_axis
Execute     source D:/ITCL_video/movDataZynq/prj_hls/hls_path_Thr/solution1/.autopilot/db/path_thr_axis.rtl_wrap.cfg.tcl 
Execute     source D:/ITCL_video/movDataZynq/prj_hls/hls_path_Thr/solution1/.autopilot/db/path_thr_axis.rtl_wrap.cfg.tcl 
Execute     source D:/ITCL_video/movDataZynq/prj_hls/hls_path_Thr/solution1/.autopilot/db/path_thr_axis.rtl_wrap.cfg.tcl 
Execute     source D:/ITCL_video/movDataZynq/prj_hls/hls_path_Thr/solution1/.autopilot/db/path_thr_axis.tbgen.tcl 
Execute     source D:/ITCL_video/movDataZynq/prj_hls/hls_path_Thr/solution1/.autopilot/db/path_thr_axis.tbgen.tcl 
Execute     ap_part_info -name xc7z020-clg484-1 -data names -quiet 
Execute     ap_part_info -name xc7z020-clg484-1 -data info -quiet 
Execute     source D:/ITCL_video/movDataZynq/prj_hls/hls_path_Thr/solution1/.autopilot/db/global.setting.tcl 
Execute     ap_part_info -name xc7z020-clg484-1 -data names -quiet 
Execute     ap_part_info -name xc7z020-clg484-1 -data info -quiet 
Execute     ap_part_info -name xc7z020-clg484-1 -data names -quiet 
Execute     ap_part_info -name xc7z020-clg484-1 -data info -quiet 
Execute     source D:/ITCL_video/movDataZynq/prj_hls/hls_path_Thr/solution1/.autopilot/db/path_thr_axis.tbgen.tcl 
Execute     source D:/ITCL_video/movDataZynq/prj_hls/hls_path_Thr/solution1/.autopilot/db/global.setting.tcl 
Execute     source D:/ITCL_video/movDataZynq/prj_hls/hls_path_Thr/solution1/.autopilot/db/path_thr_axis.constraint.tcl 
INFO-FLOW: DBG:PUTS:       generate_syn_sh
Execute     ap_part_info -name xc7z020-clg484-1 -data names -quiet 
Execute     ap_part_info -name xc7z020-clg484-1 -data info -quiet 
Execute     source D:/ITCL_video/movDataZynq/prj_hls/hls_path_Thr/solution1/.autopilot/db/global.setting.tcl 
INFO-FLOW: DBG:PUTS:       generate_imp_constraints
Execute     ap_part_info -name xc7z020-clg484-1 -data names -quiet 
Execute     ap_part_info -name xc7z020-clg484-1 -data info -quiet 
Execute     source D:/ITCL_video/movDataZynq/prj_hls/hls_path_Thr/solution1/.autopilot/db/path_thr_axis.constraint.tcl 
Execute     source D:/ITCL_video/movDataZynq/prj_hls/hls_path_Thr/solution1/.autopilot/db/path_thr_axis.tbgen.tcl 
INFO-FLOW: DBG:PUTS:       delete-temp-dirs (skipped for debug)
Execute     ap_part_info -name xc7z020-clg484-1 -data names -quiet 
Execute     ap_part_info -name xc7z020-clg484-1 -data info -quiet 
INFO-FLOW: DBG:PUTS: read_platform_lib D:/ITCL_video/movDataZynq/prj_hls/hls_path_Thr/solution1/.autopilot/db/global.setting.tcl
Execute     source C:/Xilinx/Vitis_HLS/2023.1/common/technology/generic/autopilot/common.gen 
Execute       source C:/Xilinx/Vitis_HLS/2023.1/common/technology/generic/autopilot/APCoreGen.gen 
Execute     source C:/Xilinx/Vitis_HLS/2023.1/common/technology/generic/autopilot/op.gen 
Execute     source C:/Xilinx/Vitis_HLS/2023.1/common/technology/generic/autopilot/op_simcore.gen 
Execute     source C:/Xilinx/Vitis_HLS/2023.1/common/technology/generic/autopilot/interface.gen 
Execute     source D:/ITCL_video/movDataZynq/prj_hls/hls_path_Thr/solution1/.autopilot/db/global.setting.tcl 
Execute     source C:/Xilinx/Vitis_HLS/2023.1/common/technology/xilinx/common/xilinx.gen 
Execute       source C:/Xilinx/Vitis_HLS/2023.1/common/technology/xilinx/interface/plb46.gen 
Execute       source C:/Xilinx/Vitis_HLS/2023.1/common/technology/xilinx/interface/axi4.gen 
Execute       source C:/Xilinx/Vitis_HLS/2023.1/common/technology/xilinx/interface/nativeAXI4.gen 
Execute         source C:/Xilinx/Vitis_HLS/2023.1/common/technology/xilinx/interface/saxilite.gen 
Execute       source C:/Xilinx/Vitis_HLS/2023.1/common/technology/xilinx/scripts/xilinxcoregen.gen 
Execute       source C:/Xilinx/Vitis_HLS/2023.1/common/technology/xilinx/interface/XilEDKCoreGen.gen 
Execute       source C:/Xilinx/Vitis_HLS/2023.1/common/technology/xilinx/ip/dds_compiler.gen 
Execute       source C:/Xilinx/Vitis_HLS/2023.1/common/technology/xilinx/ip/util.gen 
Execute       source C:/Xilinx/Vitis_HLS/2023.1/common/technology/xilinx/ip/xfft.gen 
Execute       source C:/Xilinx/Vitis_HLS/2023.1/common/technology/xilinx/ip/xfir.gen 
Execute       source C:/Xilinx/Vitis_HLS/2023.1/common/technology/xilinx/DSP48/dsp48.gen 
Command     ap_source done; 0.115 sec.
INFO-FLOW: DBG:PUTS:     IP package: exec D:/ITCL_video/movDataZynq/prj_hls/hls_path_Thr/solution1/impl/ip/pack.bat
INFO-FLOW: DBG:PUTS:     IP package: success D:/ITCL_video/movDataZynq/prj_hls/hls_path_Thr/solution1/impl/ip/pack.bat
Execute     send_msg_by_id INFO @200-802@%s hls_path_Thr/solution1/impl/export.zip 
INFO: [HLS 200-802] Generated output file hls_path_Thr/solution1/impl/export.zip
Command   export_design done; 25.981 sec.
INFO: [HLS 200-111] Finished Command export_design CPU user time: 0 seconds. CPU system time: 0 seconds. Elapsed time: 25.981 seconds; current allocated memory: 7.449 MB.
Command ap_source done; 31.585 sec.
Execute cleanup_all 
