22:21:30 DEBUG : Logs will be stored at 'D:/ITCL_video/movDataZynq/prj_vitis/cpyData/IDE.log'.
22:22:13 INFO  : Launching XSCT server: xsct.bat -n  -interactive D:\ITCL_video\movDataZynq\prj_vitis\cpyData\temp_xsdb_launch_script.tcl
22:22:14 INFO  : Registering command handlers for Vitis TCF services
22:22:17 INFO  : Platform repository initialization has completed.
22:22:19 INFO  : XSCT server has started successfully.
22:22:22 INFO  : plnx-install-location is set to ''
22:22:22 INFO  : Successfully done setting XSCT server connection channel  
22:22:22 INFO  : Successfully done query RDI_DATADIR 
22:22:22 INFO  : Successfully done setting workspace for the tool. 
22:23:54 INFO  : Result from executing command 'getProjects': platf
22:23:54 INFO  : Result from executing command 'getPlatforms': xilinx_vck190_base_202310_1|C:/Xilinx/Vitis/2023.1/base_platforms/xilinx_vck190_base_202310_1/xilinx_vck190_base_202310_1.xpfm;xilinx_vck190_base_dfx_202310_1|C:/Xilinx/Vitis/2023.1/base_platforms/xilinx_vck190_base_dfx_202310_1/xilinx_vck190_base_dfx_202310_1.xpfm;xilinx_vek280_es1_base_202310_1|C:/Xilinx/Vitis/2023.1/base_platforms/xilinx_vek280_es1_base_202310_1/xilinx_vek280_es1_base_202310_1.xpfm;xilinx_vmk180_base_202310_1|C:/Xilinx/Vitis/2023.1/base_platforms/xilinx_vmk180_base_202310_1/xilinx_vmk180_base_202310_1.xpfm;xilinx_zcu102_base_202310_1|C:/Xilinx/Vitis/2023.1/base_platforms/xilinx_zcu102_base_202310_1/xilinx_zcu102_base_202310_1.xpfm;xilinx_zcu102_base_dfx_202310_1|C:/Xilinx/Vitis/2023.1/base_platforms/xilinx_zcu102_base_dfx_202310_1/xilinx_zcu102_base_dfx_202310_1.xpfm;xilinx_zcu104_base_202310_1|C:/Xilinx/Vitis/2023.1/base_platforms/xilinx_zcu104_base_202310_1/xilinx_zcu104_base_202310_1.xpfm
22:26:45 INFO  : Result from executing command 'getProjects': platf
22:26:45 INFO  : Result from executing command 'getPlatforms': platf|D:/ITCL_video/movDataZynq/prj_vitis/cpyData/platf/export/platf/platf.xpfm;xilinx_vck190_base_202310_1|C:/Xilinx/Vitis/2023.1/base_platforms/xilinx_vck190_base_202310_1/xilinx_vck190_base_202310_1.xpfm;xilinx_vck190_base_dfx_202310_1|C:/Xilinx/Vitis/2023.1/base_platforms/xilinx_vck190_base_dfx_202310_1/xilinx_vck190_base_dfx_202310_1.xpfm;xilinx_vek280_es1_base_202310_1|C:/Xilinx/Vitis/2023.1/base_platforms/xilinx_vek280_es1_base_202310_1/xilinx_vek280_es1_base_202310_1.xpfm;xilinx_vmk180_base_202310_1|C:/Xilinx/Vitis/2023.1/base_platforms/xilinx_vmk180_base_202310_1/xilinx_vmk180_base_202310_1.xpfm;xilinx_zcu102_base_202310_1|C:/Xilinx/Vitis/2023.1/base_platforms/xilinx_zcu102_base_202310_1/xilinx_zcu102_base_202310_1.xpfm;xilinx_zcu102_base_dfx_202310_1|C:/Xilinx/Vitis/2023.1/base_platforms/xilinx_zcu102_base_dfx_202310_1/xilinx_zcu102_base_dfx_202310_1.xpfm;xilinx_zcu104_base_202310_1|C:/Xilinx/Vitis/2023.1/base_platforms/xilinx_zcu104_base_202310_1/xilinx_zcu104_base_202310_1.xpfm
22:26:48 INFO  : Checking for BSP changes to sync application flags for project 'app'...
22:27:44 INFO  : Checking for BSP changes to sync application flags for project 'app'...
22:31:19 INFO  : Checking for BSP changes to sync application flags for project 'app'...
22:35:03 INFO  : Result from executing command 'removePlatformRepo': 
22:35:50 INFO  : Result from executing command 'getProjects': platf
22:35:50 INFO  : Result from executing command 'getPlatforms': xilinx_vck190_base_202310_1|C:/Xilinx/Vitis/2023.1/base_platforms/xilinx_vck190_base_202310_1/xilinx_vck190_base_202310_1.xpfm;xilinx_vck190_base_dfx_202310_1|C:/Xilinx/Vitis/2023.1/base_platforms/xilinx_vck190_base_dfx_202310_1/xilinx_vck190_base_dfx_202310_1.xpfm;xilinx_vek280_es1_base_202310_1|C:/Xilinx/Vitis/2023.1/base_platforms/xilinx_vek280_es1_base_202310_1/xilinx_vek280_es1_base_202310_1.xpfm;xilinx_vmk180_base_202310_1|C:/Xilinx/Vitis/2023.1/base_platforms/xilinx_vmk180_base_202310_1/xilinx_vmk180_base_202310_1.xpfm;xilinx_zcu102_base_202310_1|C:/Xilinx/Vitis/2023.1/base_platforms/xilinx_zcu102_base_202310_1/xilinx_zcu102_base_202310_1.xpfm;xilinx_zcu102_base_dfx_202310_1|C:/Xilinx/Vitis/2023.1/base_platforms/xilinx_zcu102_base_dfx_202310_1/xilinx_zcu102_base_dfx_202310_1.xpfm;xilinx_zcu104_base_202310_1|C:/Xilinx/Vitis/2023.1/base_platforms/xilinx_zcu104_base_202310_1/xilinx_zcu104_base_202310_1.xpfm
22:38:27 INFO  : Checking for BSP changes to sync application flags for project 'app'...
22:45:30 INFO  : Checking for BSP changes to sync application flags for project 'app'...
22:46:05 ERROR : Emulation support is not available for Windows OS. 
22:46:13 INFO  : Connected to target on host '127.0.0.1' and port '3121'.
22:46:13 INFO  : Jtag cable 'Digilent Zybo Z7 210351A6B445A' is selected.
22:46:13 INFO  : 'jtag frequency' command is executed.
22:46:13 INFO  : Context for 'APU' is selected.
22:46:13 INFO  : System reset is completed.
22:46:16 INFO  : 'after 3000' command is executed.
22:46:17 INFO  : 'targets -set -filter {jtag_cable_name =~ "Digilent Zybo Z7 210351A6B445A" && level==0 && jtag_device_ctx=="jsn-Zybo Z7-210351A6B445A-23727093-0"}' command is executed.
22:46:19 INFO  : Device configured successfully with "D:/ITCL_video/movDataZynq/prj_vitis/cpyData/app/_ide/bitstream/design_1_wrapper.bit"
22:46:19 INFO  : Context for 'APU' is selected.
22:46:19 INFO  : Hardware design and registers information is loaded from 'D:/ITCL_video/movDataZynq/prj_vitis/cpyData/platf/export/platf/hw/design_1_wrapper.xsa'.
22:46:19 INFO  : 'configparams force-mem-access 1' command is executed.
22:46:19 INFO  : Context for 'APU' is selected.
22:46:19 INFO  : Sourcing of 'D:/ITCL_video/movDataZynq/prj_vitis/cpyData/app/_ide/psinit/ps7_init.tcl' is done.
22:46:20 INFO  : 'ps7_init' command is executed.
22:46:20 INFO  : 'ps7_post_config' command is executed.
22:46:20 INFO  : Context for processor 'ps7_cortexa9_0' is selected.
22:46:21 INFO  : The application 'D:/ITCL_video/movDataZynq/prj_vitis/cpyData/app/Debug/app.elf' is downloaded to processor 'ps7_cortexa9_0'.
22:46:21 INFO  : 'configparams force-mem-access 0' command is executed.
22:46:21 INFO  : ----------------XSDB Script----------------
connect -url tcp:127.0.0.1:3121
targets -set -nocase -filter {name =~"APU*"}
rst -system
after 3000
targets -set -filter {jtag_cable_name =~ "Digilent Zybo Z7 210351A6B445A" && level==0 && jtag_device_ctx=="jsn-Zybo Z7-210351A6B445A-23727093-0"}
fpga -file D:/ITCL_video/movDataZynq/prj_vitis/cpyData/app/_ide/bitstream/design_1_wrapper.bit
targets -set -nocase -filter {name =~"APU*"}
loadhw -hw D:/ITCL_video/movDataZynq/prj_vitis/cpyData/platf/export/platf/hw/design_1_wrapper.xsa -mem-ranges [list {0x40000000 0xbfffffff}] -regs
configparams force-mem-access 1
targets -set -nocase -filter {name =~"APU*"}
source D:/ITCL_video/movDataZynq/prj_vitis/cpyData/app/_ide/psinit/ps7_init.tcl
ps7_init
ps7_post_config
targets -set -nocase -filter {name =~ "*A9*#0"}
dow D:/ITCL_video/movDataZynq/prj_vitis/cpyData/app/Debug/app.elf
configparams force-mem-access 0
----------------End of Script----------------

22:46:22 INFO  : Context for processor 'ps7_cortexa9_0' is selected.
22:46:22 INFO  : 'con' command is executed.
22:46:22 INFO  : ----------------XSDB Script (After Launch)----------------
targets -set -nocase -filter {name =~ "*A9*#0"}
con
----------------End of Script----------------

22:46:22 INFO  : Launch script is exported to file 'D:\ITCL_video\movDataZynq\prj_vitis\cpyData\app_system\_ide\scripts\debugger_app-default.tcl'
22:48:34 INFO  : Disconnected from the channel tcfchan#4.
22:48:36 INFO  : 'targets -set -filter {jtag_cable_name =~ "Digilent Zybo Z7 210351A6B445A" && level==0 && jtag_device_ctx=="jsn-Zybo Z7-210351A6B445A-23727093-0"}' command is executed.
22:48:36 INFO  : 'fpga -state' command is executed.
22:48:36 INFO  : Connected to target on host '127.0.0.1' and port '3121'.
22:48:36 INFO  : Jtag cable 'Digilent Zybo Z7 210351A6B445A' is selected.
22:48:36 INFO  : 'jtag frequency' command is executed.
22:48:36 INFO  : Context for 'APU' is selected.
22:48:36 INFO  : Hardware design and registers information is loaded from 'D:/ITCL_video/movDataZynq/prj_vitis/cpyData/platf/export/platf/hw/design_1_wrapper.xsa'.
22:48:36 INFO  : 'configparams force-mem-access 1' command is executed.
22:48:36 INFO  : Context for 'APU' is selected.
22:48:36 INFO  : 'stop' command is executed.
22:48:36 INFO  : Context for processor 'ps7_cortexa9_0' is selected.
22:48:36 INFO  : Processor reset is completed for 'ps7_cortexa9_0'.
22:48:36 INFO  : Context for processor 'ps7_cortexa9_0' is selected.
22:48:38 INFO  : The application 'D:/ITCL_video/movDataZynq/prj_vitis/cpyData/app/Debug/app.elf' is downloaded to processor 'ps7_cortexa9_0'.
22:48:38 INFO  : 'configparams force-mem-access 0' command is executed.
22:48:38 INFO  : ----------------XSDB Script----------------
connect -url tcp:127.0.0.1:3121
targets -set -nocase -filter {name =~"APU*"}
loadhw -hw D:/ITCL_video/movDataZynq/prj_vitis/cpyData/platf/export/platf/hw/design_1_wrapper.xsa -mem-ranges [list {0x40000000 0xbfffffff}] -regs
configparams force-mem-access 1
targets -set -nocase -filter {name =~"APU*"}
stop
targets -set -nocase -filter {name =~ "*A9*#0"}
rst -processor
targets -set -nocase -filter {name =~ "*A9*#0"}
dow D:/ITCL_video/movDataZynq/prj_vitis/cpyData/app/Debug/app.elf
configparams force-mem-access 0
----------------End of Script----------------

22:48:38 INFO  : Context for processor 'ps7_cortexa9_0' is selected.
22:48:38 INFO  : 'con' command is executed.
22:48:38 INFO  : ----------------XSDB Script (After Launch)----------------
targets -set -nocase -filter {name =~ "*A9*#0"}
con
----------------End of Script----------------

22:48:38 INFO  : Launch script is exported to file 'D:\ITCL_video\movDataZynq\prj_vitis\cpyData\app_system\_ide\scripts\app-noreset.tcl'
22:52:55 INFO  : Checking for BSP changes to sync application flags for project 'app'...
22:53:33 INFO  : Checking for BSP changes to sync application flags for project 'app'...
22:53:41 INFO  : Disconnected from the channel tcfchan#5.
22:53:45 INFO  : 'targets -set -filter {jtag_cable_name =~ "Digilent Zybo Z7 210351A6B445A" && level==0 && jtag_device_ctx=="jsn-Zybo Z7-210351A6B445A-23727093-0"}' command is executed.
22:53:45 INFO  : 'fpga -state' command is executed.
22:53:45 INFO  : Connected to target on host '127.0.0.1' and port '3121'.
22:53:45 INFO  : Jtag cable 'Digilent Zybo Z7 210351A6B445A' is selected.
22:53:45 INFO  : 'jtag frequency' command is executed.
22:53:45 INFO  : Context for 'APU' is selected.
22:53:45 INFO  : Hardware design and registers information is loaded from 'D:/ITCL_video/movDataZynq/prj_vitis/cpyData/platf/export/platf/hw/design_1_wrapper.xsa'.
22:53:45 INFO  : 'configparams force-mem-access 1' command is executed.
22:53:45 INFO  : Context for 'APU' is selected.
22:53:45 INFO  : 'stop' command is executed.
22:53:45 INFO  : Context for processor 'ps7_cortexa9_0' is selected.
22:53:45 INFO  : Processor reset is completed for 'ps7_cortexa9_0'.
22:53:45 INFO  : Context for processor 'ps7_cortexa9_0' is selected.
22:53:47 INFO  : The application 'D:/ITCL_video/movDataZynq/prj_vitis/cpyData/app/Debug/app.elf' is downloaded to processor 'ps7_cortexa9_0'.
22:53:47 INFO  : 'configparams force-mem-access 0' command is executed.
22:53:47 INFO  : ----------------XSDB Script----------------
connect -url tcp:127.0.0.1:3121
targets -set -nocase -filter {name =~"APU*"}
loadhw -hw D:/ITCL_video/movDataZynq/prj_vitis/cpyData/platf/export/platf/hw/design_1_wrapper.xsa -mem-ranges [list {0x40000000 0xbfffffff}] -regs
configparams force-mem-access 1
targets -set -nocase -filter {name =~"APU*"}
stop
targets -set -nocase -filter {name =~ "*A9*#0"}
rst -processor
targets -set -nocase -filter {name =~ "*A9*#0"}
dow D:/ITCL_video/movDataZynq/prj_vitis/cpyData/app/Debug/app.elf
configparams force-mem-access 0
----------------End of Script----------------

22:53:47 INFO  : Context for processor 'ps7_cortexa9_0' is selected.
22:53:47 INFO  : 'con' command is executed.
22:53:47 INFO  : ----------------XSDB Script (After Launch)----------------
targets -set -nocase -filter {name =~ "*A9*#0"}
con
----------------End of Script----------------

22:53:47 INFO  : Launch script is exported to file 'D:\ITCL_video\movDataZynq\prj_vitis\cpyData\app_system\_ide\scripts\app-noreset.tcl'
22:59:57 INFO  : Disconnected from the channel tcfchan#6.
22:59:59 INFO  : 'targets -set -filter {jtag_cable_name =~ "Digilent Zybo Z7 210351A6B445A" && level==0 && jtag_device_ctx=="jsn-Zybo Z7-210351A6B445A-23727093-0"}' command is executed.
22:59:59 INFO  : 'fpga -state' command is executed.
22:59:59 INFO  : Connected to target on host '127.0.0.1' and port '3121'.
22:59:59 INFO  : Jtag cable 'Digilent Zybo Z7 210351A6B445A' is selected.
22:59:59 INFO  : 'jtag frequency' command is executed.
22:59:59 INFO  : Context for 'APU' is selected.
22:59:59 INFO  : Hardware design and registers information is loaded from 'D:/ITCL_video/movDataZynq/prj_vitis/cpyData/platf/export/platf/hw/design_1_wrapper.xsa'.
22:59:59 INFO  : 'configparams force-mem-access 1' command is executed.
22:59:59 INFO  : Context for 'APU' is selected.
22:59:59 INFO  : 'stop' command is executed.
22:59:59 INFO  : Context for processor 'ps7_cortexa9_0' is selected.
22:59:59 INFO  : Processor reset is completed for 'ps7_cortexa9_0'.
22:59:59 INFO  : Context for processor 'ps7_cortexa9_0' is selected.
23:00:01 INFO  : The application 'D:/ITCL_video/movDataZynq/prj_vitis/cpyData/app/Debug/app.elf' is downloaded to processor 'ps7_cortexa9_0'.
23:00:01 INFO  : 'configparams force-mem-access 0' command is executed.
23:00:01 INFO  : ----------------XSDB Script----------------
connect -url tcp:127.0.0.1:3121
targets -set -nocase -filter {name =~"APU*"}
loadhw -hw D:/ITCL_video/movDataZynq/prj_vitis/cpyData/platf/export/platf/hw/design_1_wrapper.xsa -mem-ranges [list {0x40000000 0xbfffffff}] -regs
configparams force-mem-access 1
targets -set -nocase -filter {name =~"APU*"}
stop
targets -set -nocase -filter {name =~ "*A9*#0"}
rst -processor
targets -set -nocase -filter {name =~ "*A9*#0"}
dow D:/ITCL_video/movDataZynq/prj_vitis/cpyData/app/Debug/app.elf
configparams force-mem-access 0
----------------End of Script----------------

23:00:01 INFO  : Context for processor 'ps7_cortexa9_0' is selected.
23:00:01 INFO  : 'con' command is executed.
23:00:01 INFO  : ----------------XSDB Script (After Launch)----------------
targets -set -nocase -filter {name =~ "*A9*#0"}
con
----------------End of Script----------------

23:00:01 INFO  : Launch script is exported to file 'D:\ITCL_video\movDataZynq\prj_vitis\cpyData\app_system\_ide\scripts\app-noreset.tcl'
23:00:09 INFO  : Checking for BSP changes to sync application flags for project 'app'...
23:00:24 INFO  : Disconnected from the channel tcfchan#7.
23:00:26 INFO  : 'targets -set -filter {jtag_cable_name =~ "Digilent Zybo Z7 210351A6B445A" && level==0 && jtag_device_ctx=="jsn-Zybo Z7-210351A6B445A-23727093-0"}' command is executed.
23:00:26 INFO  : 'fpga -state' command is executed.
23:00:26 INFO  : Connected to target on host '127.0.0.1' and port '3121'.
23:00:26 INFO  : Jtag cable 'Digilent Zybo Z7 210351A6B445A' is selected.
23:00:26 INFO  : 'jtag frequency' command is executed.
23:00:26 INFO  : Context for 'APU' is selected.
23:00:26 INFO  : Hardware design and registers information is loaded from 'D:/ITCL_video/movDataZynq/prj_vitis/cpyData/platf/export/platf/hw/design_1_wrapper.xsa'.
23:00:26 INFO  : 'configparams force-mem-access 1' command is executed.
23:00:26 INFO  : Context for 'APU' is selected.
23:00:26 INFO  : 'stop' command is executed.
23:00:26 INFO  : Context for processor 'ps7_cortexa9_0' is selected.
23:00:26 INFO  : Processor reset is completed for 'ps7_cortexa9_0'.
23:00:26 INFO  : Context for processor 'ps7_cortexa9_0' is selected.
23:00:28 INFO  : The application 'D:/ITCL_video/movDataZynq/prj_vitis/cpyData/app/Debug/app.elf' is downloaded to processor 'ps7_cortexa9_0'.
23:00:28 INFO  : 'configparams force-mem-access 0' command is executed.
23:00:28 INFO  : ----------------XSDB Script----------------
connect -url tcp:127.0.0.1:3121
targets -set -nocase -filter {name =~"APU*"}
loadhw -hw D:/ITCL_video/movDataZynq/prj_vitis/cpyData/platf/export/platf/hw/design_1_wrapper.xsa -mem-ranges [list {0x40000000 0xbfffffff}] -regs
configparams force-mem-access 1
targets -set -nocase -filter {name =~"APU*"}
stop
targets -set -nocase -filter {name =~ "*A9*#0"}
rst -processor
targets -set -nocase -filter {name =~ "*A9*#0"}
dow D:/ITCL_video/movDataZynq/prj_vitis/cpyData/app/Debug/app.elf
configparams force-mem-access 0
----------------End of Script----------------

23:00:28 INFO  : Context for processor 'ps7_cortexa9_0' is selected.
23:00:28 INFO  : 'con' command is executed.
23:00:28 INFO  : ----------------XSDB Script (After Launch)----------------
targets -set -nocase -filter {name =~ "*A9*#0"}
con
----------------End of Script----------------

23:00:28 INFO  : Launch script is exported to file 'D:\ITCL_video\movDataZynq\prj_vitis\cpyData\app_system\_ide\scripts\app-noreset.tcl'
23:02:11 INFO  : Checking for BSP changes to sync application flags for project 'app'...
23:02:20 INFO  : Disconnected from the channel tcfchan#8.
23:02:21 INFO  : 'targets -set -filter {jtag_cable_name =~ "Digilent Zybo Z7 210351A6B445A" && level==0 && jtag_device_ctx=="jsn-Zybo Z7-210351A6B445A-23727093-0"}' command is executed.
23:02:21 ERROR : No supported FPGA device found
23:02:21 ERROR : No supported FPGA device found
23:02:27 INFO  : 'targets -set -filter {jtag_cable_name =~ "Digilent Zybo Z7 210351A6B445A" && level==0 && jtag_device_ctx=="jsn-Zybo Z7-210351A6B445A-23727093-0"}' command is executed.
23:02:27 INFO  : 'fpga -state' command is executed.
23:02:27 INFO  : Connected to target on host '127.0.0.1' and port '3121'.
23:02:27 INFO  : Jtag cable 'Digilent Zybo Z7 210351A6B445A' is selected.
23:02:27 INFO  : 'jtag frequency' command is executed.
23:02:27 INFO  : Context for 'APU' is selected.
23:02:27 INFO  : Hardware design and registers information is loaded from 'D:/ITCL_video/movDataZynq/prj_vitis/cpyData/platf/export/platf/hw/design_1_wrapper.xsa'.
23:02:27 INFO  : 'configparams force-mem-access 1' command is executed.
23:02:27 INFO  : Context for 'APU' is selected.
23:02:27 INFO  : 'stop' command is executed.
23:02:27 INFO  : Context for processor 'ps7_cortexa9_0' is selected.
23:02:27 INFO  : Processor reset is completed for 'ps7_cortexa9_0'.
23:02:27 INFO  : Context for processor 'ps7_cortexa9_0' is selected.
23:02:29 INFO  : The application 'D:/ITCL_video/movDataZynq/prj_vitis/cpyData/app/Debug/app.elf' is downloaded to processor 'ps7_cortexa9_0'.
23:02:29 INFO  : 'configparams force-mem-access 0' command is executed.
23:02:29 INFO  : ----------------XSDB Script----------------
connect -url tcp:127.0.0.1:3121
targets -set -nocase -filter {name =~"APU*"}
loadhw -hw D:/ITCL_video/movDataZynq/prj_vitis/cpyData/platf/export/platf/hw/design_1_wrapper.xsa -mem-ranges [list {0x40000000 0xbfffffff}] -regs
configparams force-mem-access 1
targets -set -nocase -filter {name =~"APU*"}
stop
targets -set -nocase -filter {name =~ "*A9*#0"}
rst -processor
targets -set -nocase -filter {name =~ "*A9*#0"}
dow D:/ITCL_video/movDataZynq/prj_vitis/cpyData/app/Debug/app.elf
configparams force-mem-access 0
----------------End of Script----------------

23:02:29 INFO  : Context for processor 'ps7_cortexa9_0' is selected.
23:02:29 INFO  : 'con' command is executed.
23:02:29 INFO  : ----------------XSDB Script (After Launch)----------------
targets -set -nocase -filter {name =~ "*A9*#0"}
con
----------------End of Script----------------

23:02:29 INFO  : Launch script is exported to file 'D:\ITCL_video\movDataZynq\prj_vitis\cpyData\app_system\_ide\scripts\app-noreset.tcl'
23:02:59 INFO  : Disconnected from the channel tcfchan#9.
23:03:00 INFO  : 'targets -set -filter {jtag_cable_name =~ "Digilent Zybo Z7 210351A6B445A" && level==0 && jtag_device_ctx=="jsn-Zybo Z7-210351A6B445A-23727093-0"}' command is executed.
23:03:00 ERROR : No supported FPGA device found
23:03:00 ERROR : No supported FPGA device found
23:03:29 INFO  : 'targets -set -filter {jtag_cable_name =~ "Digilent Zybo Z7 210351A6B445A" && level==0 && jtag_device_ctx=="jsn-Zybo Z7-210351A6B445A-23727093-0"}' command is executed.
23:03:29 INFO  : 'fpga -state' command is executed.
23:03:29 INFO  : Connected to target on host '127.0.0.1' and port '3121'.
23:03:29 INFO  : Jtag cable 'Digilent Zybo Z7 210351A6B445A' is selected.
23:03:29 INFO  : 'jtag frequency' command is executed.
23:03:29 INFO  : Context for 'APU' is selected.
23:03:29 INFO  : Hardware design and registers information is loaded from 'D:/ITCL_video/movDataZynq/prj_vitis/cpyData/platf/export/platf/hw/design_1_wrapper.xsa'.
23:03:29 INFO  : 'configparams force-mem-access 1' command is executed.
23:03:29 INFO  : Context for 'APU' is selected.
23:03:29 INFO  : 'stop' command is executed.
23:03:29 INFO  : Context for processor 'ps7_cortexa9_0' is selected.
23:03:30 INFO  : Processor reset is completed for 'ps7_cortexa9_0'.
23:03:30 INFO  : Context for processor 'ps7_cortexa9_0' is selected.
23:03:31 INFO  : The application 'D:/ITCL_video/movDataZynq/prj_vitis/cpyData/app/Debug/app.elf' is downloaded to processor 'ps7_cortexa9_0'.
23:03:31 INFO  : 'configparams force-mem-access 0' command is executed.
23:03:31 INFO  : ----------------XSDB Script----------------
connect -url tcp:127.0.0.1:3121
targets -set -nocase -filter {name =~"APU*"}
loadhw -hw D:/ITCL_video/movDataZynq/prj_vitis/cpyData/platf/export/platf/hw/design_1_wrapper.xsa -mem-ranges [list {0x40000000 0xbfffffff}] -regs
configparams force-mem-access 1
targets -set -nocase -filter {name =~"APU*"}
stop
targets -set -nocase -filter {name =~ "*A9*#0"}
rst -processor
targets -set -nocase -filter {name =~ "*A9*#0"}
dow D:/ITCL_video/movDataZynq/prj_vitis/cpyData/app/Debug/app.elf
configparams force-mem-access 0
----------------End of Script----------------

23:03:31 INFO  : Context for processor 'ps7_cortexa9_0' is selected.
23:03:31 INFO  : 'con' command is executed.
23:03:31 INFO  : ----------------XSDB Script (After Launch)----------------
targets -set -nocase -filter {name =~ "*A9*#0"}
con
----------------End of Script----------------

23:03:31 INFO  : Launch script is exported to file 'D:\ITCL_video\movDataZynq\prj_vitis\cpyData\app_system\_ide\scripts\app-noreset.tcl'
23:05:02 INFO  : Disconnected from the channel tcfchan#10.
23:05:03 INFO  : Connected to target on host '127.0.0.1' and port '3121'.
23:05:05 INFO  : Jtag cable 'Digilent Zybo Z7 210351A6B445A' is selected.
23:05:05 INFO  : 'jtag frequency' command is executed.
23:05:05 INFO  : Context for 'APU' is selected.
23:05:05 INFO  : System reset is completed.
23:05:08 INFO  : 'after 3000' command is executed.
23:05:08 INFO  : 'targets -set -filter {jtag_cable_name =~ "Digilent Zybo Z7 210351A6B445A" && level==0 && jtag_device_ctx=="jsn-Zybo Z7-210351A6B445A-23727093-0"}' command is executed.
23:05:11 INFO  : Device configured successfully with "D:/ITCL_video/movDataZynq/prj_vitis/cpyData/app/_ide/bitstream/design_1_wrapper.bit"
23:05:11 INFO  : Context for 'APU' is selected.
23:05:11 INFO  : Hardware design and registers information is loaded from 'D:/ITCL_video/movDataZynq/prj_vitis/cpyData/platf/export/platf/hw/design_1_wrapper.xsa'.
23:05:11 INFO  : 'configparams force-mem-access 1' command is executed.
23:05:11 INFO  : Context for 'APU' is selected.
23:05:11 INFO  : Sourcing of 'D:/ITCL_video/movDataZynq/prj_vitis/cpyData/app/_ide/psinit/ps7_init.tcl' is done.
23:05:11 INFO  : 'ps7_init' command is executed.
23:05:11 INFO  : 'ps7_post_config' command is executed.
23:05:11 INFO  : Context for processor 'ps7_cortexa9_0' is selected.
23:05:13 INFO  : The application 'D:/ITCL_video/movDataZynq/prj_vitis/cpyData/app/Debug/app.elf' is downloaded to processor 'ps7_cortexa9_0'.
23:05:13 INFO  : 'configparams force-mem-access 0' command is executed.
23:05:13 INFO  : ----------------XSDB Script----------------
connect -url tcp:127.0.0.1:3121
targets -set -nocase -filter {name =~"APU*"}
rst -system
after 3000
targets -set -filter {jtag_cable_name =~ "Digilent Zybo Z7 210351A6B445A" && level==0 && jtag_device_ctx=="jsn-Zybo Z7-210351A6B445A-23727093-0"}
fpga -file D:/ITCL_video/movDataZynq/prj_vitis/cpyData/app/_ide/bitstream/design_1_wrapper.bit
targets -set -nocase -filter {name =~"APU*"}
loadhw -hw D:/ITCL_video/movDataZynq/prj_vitis/cpyData/platf/export/platf/hw/design_1_wrapper.xsa -mem-ranges [list {0x40000000 0xbfffffff}] -regs
configparams force-mem-access 1
targets -set -nocase -filter {name =~"APU*"}
source D:/ITCL_video/movDataZynq/prj_vitis/cpyData/app/_ide/psinit/ps7_init.tcl
ps7_init
ps7_post_config
targets -set -nocase -filter {name =~ "*A9*#0"}
dow D:/ITCL_video/movDataZynq/prj_vitis/cpyData/app/Debug/app.elf
configparams force-mem-access 0
----------------End of Script----------------

23:05:13 INFO  : Context for processor 'ps7_cortexa9_0' is selected.
23:05:13 INFO  : 'con' command is executed.
23:05:13 INFO  : ----------------XSDB Script (After Launch)----------------
targets -set -nocase -filter {name =~ "*A9*#0"}
con
----------------End of Script----------------

23:05:13 INFO  : Launch script is exported to file 'D:\ITCL_video\movDataZynq\prj_vitis\cpyData\app_system\_ide\scripts\debugger_app-default.tcl'
23:06:22 INFO  : Checking for BSP changes to sync application flags for project 'app'...
23:06:35 INFO  : Disconnected from the channel tcfchan#11.
23:06:36 INFO  : Connected to target on host '127.0.0.1' and port '3121'.
23:06:37 INFO  : Jtag cable 'Digilent Zybo Z7 210351A6B445A' is selected.
23:06:37 INFO  : 'jtag frequency' command is executed.
23:06:37 INFO  : Context for 'APU' is selected.
23:06:37 INFO  : System reset is completed.
23:06:40 INFO  : 'after 3000' command is executed.
23:06:40 INFO  : 'targets -set -filter {jtag_cable_name =~ "Digilent Zybo Z7 210351A6B445A" && level==0 && jtag_device_ctx=="jsn-Zybo Z7-210351A6B445A-23727093-0"}' command is executed.
23:06:42 INFO  : Device configured successfully with "D:/ITCL_video/movDataZynq/prj_vitis/cpyData/app/_ide/bitstream/design_1_wrapper.bit"
23:06:42 INFO  : Context for 'APU' is selected.
23:06:42 INFO  : Hardware design and registers information is loaded from 'D:/ITCL_video/movDataZynq/prj_vitis/cpyData/platf/export/platf/hw/design_1_wrapper.xsa'.
23:06:42 INFO  : 'configparams force-mem-access 1' command is executed.
23:06:42 INFO  : Context for 'APU' is selected.
23:06:42 INFO  : Sourcing of 'D:/ITCL_video/movDataZynq/prj_vitis/cpyData/app/_ide/psinit/ps7_init.tcl' is done.
23:06:43 INFO  : 'ps7_init' command is executed.
23:06:43 INFO  : 'ps7_post_config' command is executed.
23:06:43 INFO  : Context for processor 'ps7_cortexa9_0' is selected.
23:06:44 INFO  : The application 'D:/ITCL_video/movDataZynq/prj_vitis/cpyData/app/Debug/app.elf' is downloaded to processor 'ps7_cortexa9_0'.
23:06:45 INFO  : 'configparams force-mem-access 0' command is executed.
23:06:45 INFO  : ----------------XSDB Script----------------
connect -url tcp:127.0.0.1:3121
targets -set -nocase -filter {name =~"APU*"}
rst -system
after 3000
targets -set -filter {jtag_cable_name =~ "Digilent Zybo Z7 210351A6B445A" && level==0 && jtag_device_ctx=="jsn-Zybo Z7-210351A6B445A-23727093-0"}
fpga -file D:/ITCL_video/movDataZynq/prj_vitis/cpyData/app/_ide/bitstream/design_1_wrapper.bit
targets -set -nocase -filter {name =~"APU*"}
loadhw -hw D:/ITCL_video/movDataZynq/prj_vitis/cpyData/platf/export/platf/hw/design_1_wrapper.xsa -mem-ranges [list {0x40000000 0xbfffffff}] -regs
configparams force-mem-access 1
targets -set -nocase -filter {name =~"APU*"}
source D:/ITCL_video/movDataZynq/prj_vitis/cpyData/app/_ide/psinit/ps7_init.tcl
ps7_init
ps7_post_config
targets -set -nocase -filter {name =~ "*A9*#0"}
dow D:/ITCL_video/movDataZynq/prj_vitis/cpyData/app/Debug/app.elf
configparams force-mem-access 0
----------------End of Script----------------

23:06:45 INFO  : Context for processor 'ps7_cortexa9_0' is selected.
23:06:45 INFO  : 'con' command is executed.
23:06:45 INFO  : ----------------XSDB Script (After Launch)----------------
targets -set -nocase -filter {name =~ "*A9*#0"}
con
----------------End of Script----------------

23:06:45 INFO  : Launch script is exported to file 'D:\ITCL_video\movDataZynq\prj_vitis\cpyData\app_system\_ide\scripts\debugger_app-default.tcl'
23:07:05 INFO  : Checking for BSP changes to sync application flags for project 'app'...
23:07:14 INFO  : Disconnected from the channel tcfchan#12.
23:07:15 INFO  : Connected to target on host '127.0.0.1' and port '3121'.
23:07:16 INFO  : Jtag cable 'Digilent Zybo Z7 210351A6B445A' is selected.
23:07:16 INFO  : 'jtag frequency' command is executed.
23:07:16 INFO  : Context for 'APU' is selected.
23:07:16 INFO  : System reset is completed.
23:07:19 INFO  : 'after 3000' command is executed.
23:07:19 INFO  : 'targets -set -filter {jtag_cable_name =~ "Digilent Zybo Z7 210351A6B445A" && level==0 && jtag_device_ctx=="jsn-Zybo Z7-210351A6B445A-23727093-0"}' command is executed.
23:07:21 INFO  : Device configured successfully with "D:/ITCL_video/movDataZynq/prj_vitis/cpyData/app/_ide/bitstream/design_1_wrapper.bit"
23:07:21 INFO  : Context for 'APU' is selected.
23:07:21 INFO  : Hardware design and registers information is loaded from 'D:/ITCL_video/movDataZynq/prj_vitis/cpyData/platf/export/platf/hw/design_1_wrapper.xsa'.
23:07:21 INFO  : 'configparams force-mem-access 1' command is executed.
23:07:21 INFO  : Context for 'APU' is selected.
23:07:21 INFO  : Sourcing of 'D:/ITCL_video/movDataZynq/prj_vitis/cpyData/app/_ide/psinit/ps7_init.tcl' is done.
23:07:22 INFO  : 'ps7_init' command is executed.
23:07:22 INFO  : 'ps7_post_config' command is executed.
23:07:22 INFO  : Context for processor 'ps7_cortexa9_0' is selected.
23:07:23 INFO  : The application 'D:/ITCL_video/movDataZynq/prj_vitis/cpyData/app/Debug/app.elf' is downloaded to processor 'ps7_cortexa9_0'.
23:07:23 INFO  : 'configparams force-mem-access 0' command is executed.
23:07:23 INFO  : ----------------XSDB Script----------------
connect -url tcp:127.0.0.1:3121
targets -set -nocase -filter {name =~"APU*"}
rst -system
after 3000
targets -set -filter {jtag_cable_name =~ "Digilent Zybo Z7 210351A6B445A" && level==0 && jtag_device_ctx=="jsn-Zybo Z7-210351A6B445A-23727093-0"}
fpga -file D:/ITCL_video/movDataZynq/prj_vitis/cpyData/app/_ide/bitstream/design_1_wrapper.bit
targets -set -nocase -filter {name =~"APU*"}
loadhw -hw D:/ITCL_video/movDataZynq/prj_vitis/cpyData/platf/export/platf/hw/design_1_wrapper.xsa -mem-ranges [list {0x40000000 0xbfffffff}] -regs
configparams force-mem-access 1
targets -set -nocase -filter {name =~"APU*"}
source D:/ITCL_video/movDataZynq/prj_vitis/cpyData/app/_ide/psinit/ps7_init.tcl
ps7_init
ps7_post_config
targets -set -nocase -filter {name =~ "*A9*#0"}
dow D:/ITCL_video/movDataZynq/prj_vitis/cpyData/app/Debug/app.elf
configparams force-mem-access 0
----------------End of Script----------------

23:07:24 INFO  : Context for processor 'ps7_cortexa9_0' is selected.
23:07:24 INFO  : 'con' command is executed.
23:07:24 INFO  : ----------------XSDB Script (After Launch)----------------
targets -set -nocase -filter {name =~ "*A9*#0"}
con
----------------End of Script----------------

23:07:24 INFO  : Launch script is exported to file 'D:\ITCL_video\movDataZynq\prj_vitis\cpyData\app_system\_ide\scripts\debugger_app-default.tcl'
23:07:52 INFO  : Disconnected from the channel tcfchan#13.
23:07:53 INFO  : Connected to target on host '127.0.0.1' and port '3121'.
23:08:03 INFO  : ----------------XSDB Script----------------
connect -url tcp:127.0.0.1:3121
----------------End of Script----------------

23:08:03 ERROR : Could not find Jtag device on the board for connection 'Local'.


Troubleshooting hints:
1. Check whether board is connected to system properly.
2. In case of zynq board, check whether Digilent/Xilinx cable switch settings are correct.
3. If you are using Xilinx Platform Cable USB, ensure that status LED is green.
23:08:12 INFO  : Connected to target on host '127.0.0.1' and port '3121'.
23:08:12 INFO  : Jtag cable 'Digilent Zybo Z7 210351A6B445A' is selected.
23:08:12 INFO  : 'jtag frequency' command is executed.
23:08:12 INFO  : Context for 'APU' is selected.
23:08:12 INFO  : System reset is completed.
23:08:15 INFO  : 'after 3000' command is executed.
23:08:15 INFO  : 'targets -set -filter {jtag_cable_name =~ "Digilent Zybo Z7 210351A6B445A" && level==0 && jtag_device_ctx=="jsn-Zybo Z7-210351A6B445A-23727093-0"}' command is executed.
23:08:18 INFO  : Device configured successfully with "D:/ITCL_video/movDataZynq/prj_vitis/cpyData/app/_ide/bitstream/design_1_wrapper.bit"
23:08:18 INFO  : Context for 'APU' is selected.
23:08:18 INFO  : Hardware design and registers information is loaded from 'D:/ITCL_video/movDataZynq/prj_vitis/cpyData/platf/export/platf/hw/design_1_wrapper.xsa'.
23:08:18 INFO  : 'configparams force-mem-access 1' command is executed.
23:08:18 INFO  : Context for 'APU' is selected.
23:08:18 INFO  : Sourcing of 'D:/ITCL_video/movDataZynq/prj_vitis/cpyData/app/_ide/psinit/ps7_init.tcl' is done.
23:08:18 INFO  : 'ps7_init' command is executed.
23:08:18 INFO  : 'ps7_post_config' command is executed.
23:08:18 INFO  : Context for processor 'ps7_cortexa9_0' is selected.
23:08:20 INFO  : The application 'D:/ITCL_video/movDataZynq/prj_vitis/cpyData/app/Debug/app.elf' is downloaded to processor 'ps7_cortexa9_0'.
23:08:20 INFO  : 'configparams force-mem-access 0' command is executed.
23:08:20 INFO  : ----------------XSDB Script----------------
connect -url tcp:127.0.0.1:3121
targets -set -nocase -filter {name =~"APU*"}
rst -system
after 3000
targets -set -filter {jtag_cable_name =~ "Digilent Zybo Z7 210351A6B445A" && level==0 && jtag_device_ctx=="jsn-Zybo Z7-210351A6B445A-23727093-0"}
fpga -file D:/ITCL_video/movDataZynq/prj_vitis/cpyData/app/_ide/bitstream/design_1_wrapper.bit
targets -set -nocase -filter {name =~"APU*"}
loadhw -hw D:/ITCL_video/movDataZynq/prj_vitis/cpyData/platf/export/platf/hw/design_1_wrapper.xsa -mem-ranges [list {0x40000000 0xbfffffff}] -regs
configparams force-mem-access 1
targets -set -nocase -filter {name =~"APU*"}
source D:/ITCL_video/movDataZynq/prj_vitis/cpyData/app/_ide/psinit/ps7_init.tcl
ps7_init
ps7_post_config
targets -set -nocase -filter {name =~ "*A9*#0"}
dow D:/ITCL_video/movDataZynq/prj_vitis/cpyData/app/Debug/app.elf
configparams force-mem-access 0
----------------End of Script----------------

23:08:20 INFO  : Context for processor 'ps7_cortexa9_0' is selected.
23:08:20 INFO  : 'con' command is executed.
23:08:20 INFO  : ----------------XSDB Script (After Launch)----------------
targets -set -nocase -filter {name =~ "*A9*#0"}
con
----------------End of Script----------------

23:08:20 INFO  : Launch script is exported to file 'D:\ITCL_video\movDataZynq\prj_vitis\cpyData\app_system\_ide\scripts\debugger_app-default.tcl'
23:14:24 INFO  : Disconnected from the channel tcfchan#14.
23:14:25 INFO  : Connected to target on host '127.0.0.1' and port '3121'.
23:14:25 INFO  : Jtag cable 'Digilent Zybo Z7 210351A6B445A' is selected.
23:14:25 INFO  : 'jtag frequency' command is executed.
23:14:25 INFO  : Context for 'APU' is selected.
23:14:25 INFO  : System reset is completed.
23:14:28 INFO  : 'after 3000' command is executed.
23:14:28 INFO  : 'targets -set -filter {jtag_cable_name =~ "Digilent Zybo Z7 210351A6B445A" && level==0 && jtag_device_ctx=="jsn-Zybo Z7-210351A6B445A-23727093-0"}' command is executed.
23:14:31 INFO  : Device configured successfully with "D:/ITCL_video/movDataZynq/prj_vitis/cpyData/app/_ide/bitstream/design_1_wrapper.bit"
23:14:31 INFO  : Context for 'APU' is selected.
23:14:31 INFO  : Hardware design and registers information is loaded from 'D:/ITCL_video/movDataZynq/prj_vitis/cpyData/platf/export/platf/hw/design_1_wrapper.xsa'.
23:14:31 INFO  : 'configparams force-mem-access 1' command is executed.
23:14:31 INFO  : Context for 'APU' is selected.
23:14:31 INFO  : Sourcing of 'D:/ITCL_video/movDataZynq/prj_vitis/cpyData/app/_ide/psinit/ps7_init.tcl' is done.
23:14:33 INFO  : 'ps7_init' command is executed.
23:14:33 INFO  : 'ps7_post_config' command is executed.
23:14:33 INFO  : Context for processor 'ps7_cortexa9_0' is selected.
23:14:36 INFO  : The application 'D:/ITCL_video/movDataZynq/prj_vitis/cpyData/app/Debug/app.elf' is downloaded to processor 'ps7_cortexa9_0'.
23:14:36 INFO  : 'configparams force-mem-access 0' command is executed.
23:14:36 INFO  : ----------------XSDB Script----------------
connect -url tcp:127.0.0.1:3121
targets -set -nocase -filter {name =~"APU*"}
rst -system
after 3000
targets -set -filter {jtag_cable_name =~ "Digilent Zybo Z7 210351A6B445A" && level==0 && jtag_device_ctx=="jsn-Zybo Z7-210351A6B445A-23727093-0"}
fpga -file D:/ITCL_video/movDataZynq/prj_vitis/cpyData/app/_ide/bitstream/design_1_wrapper.bit
targets -set -nocase -filter {name =~"APU*"}
loadhw -hw D:/ITCL_video/movDataZynq/prj_vitis/cpyData/platf/export/platf/hw/design_1_wrapper.xsa -mem-ranges [list {0x40000000 0xbfffffff}] -regs
configparams force-mem-access 1
targets -set -nocase -filter {name =~"APU*"}
source D:/ITCL_video/movDataZynq/prj_vitis/cpyData/app/_ide/psinit/ps7_init.tcl
ps7_init
ps7_post_config
targets -set -nocase -filter {name =~ "*A9*#0"}
dow D:/ITCL_video/movDataZynq/prj_vitis/cpyData/app/Debug/app.elf
configparams force-mem-access 0
----------------End of Script----------------

23:14:36 INFO  : Context for processor 'ps7_cortexa9_0' is selected.
23:14:36 INFO  : 'con' command is executed.
23:14:36 INFO  : ----------------XSDB Script (After Launch)----------------
targets -set -nocase -filter {name =~ "*A9*#0"}
con
----------------End of Script----------------

23:14:36 INFO  : Launch script is exported to file 'D:\ITCL_video\movDataZynq\prj_vitis\cpyData\app_system\_ide\scripts\debugger_app-default.tcl'
23:16:14 INFO  : Disconnected from the channel tcfchan#15.
23:16:15 INFO  : Connected to target on host '127.0.0.1' and port '3121'.
23:16:15 INFO  : Jtag cable 'Digilent Zybo Z7 210351A6B445A' is selected.
23:16:15 INFO  : 'jtag frequency' command is executed.
23:16:15 INFO  : Context for 'APU' is selected.
23:16:15 INFO  : System reset is completed.
23:16:18 INFO  : 'after 3000' command is executed.
23:16:18 INFO  : 'targets -set -filter {jtag_cable_name =~ "Digilent Zybo Z7 210351A6B445A" && level==0 && jtag_device_ctx=="jsn-Zybo Z7-210351A6B445A-23727093-0"}' command is executed.
23:16:21 INFO  : Device configured successfully with "D:/ITCL_video/movDataZynq/prj_vitis/cpyData/app/_ide/bitstream/design_1_wrapper.bit"
23:16:21 INFO  : Context for 'APU' is selected.
23:16:21 INFO  : Hardware design and registers information is loaded from 'D:/ITCL_video/movDataZynq/prj_vitis/cpyData/platf/export/platf/hw/design_1_wrapper.xsa'.
23:16:21 INFO  : 'configparams force-mem-access 1' command is executed.
23:16:21 INFO  : Context for 'APU' is selected.
23:16:21 INFO  : Sourcing of 'D:/ITCL_video/movDataZynq/prj_vitis/cpyData/app/_ide/psinit/ps7_init.tcl' is done.
23:16:22 INFO  : 'ps7_init' command is executed.
23:16:22 INFO  : 'ps7_post_config' command is executed.
23:16:22 INFO  : Context for processor 'ps7_cortexa9_0' is selected.
23:16:24 INFO  : The application 'D:/ITCL_video/movDataZynq/prj_vitis/cpyData/app/Debug/app.elf' is downloaded to processor 'ps7_cortexa9_0'.
23:16:24 INFO  : 'configparams force-mem-access 0' command is executed.
23:16:24 INFO  : ----------------XSDB Script----------------
connect -url tcp:127.0.0.1:3121
targets -set -nocase -filter {name =~"APU*"}
rst -system
after 3000
targets -set -filter {jtag_cable_name =~ "Digilent Zybo Z7 210351A6B445A" && level==0 && jtag_device_ctx=="jsn-Zybo Z7-210351A6B445A-23727093-0"}
fpga -file D:/ITCL_video/movDataZynq/prj_vitis/cpyData/app/_ide/bitstream/design_1_wrapper.bit
targets -set -nocase -filter {name =~"APU*"}
loadhw -hw D:/ITCL_video/movDataZynq/prj_vitis/cpyData/platf/export/platf/hw/design_1_wrapper.xsa -mem-ranges [list {0x40000000 0xbfffffff}] -regs
configparams force-mem-access 1
targets -set -nocase -filter {name =~"APU*"}
source D:/ITCL_video/movDataZynq/prj_vitis/cpyData/app/_ide/psinit/ps7_init.tcl
ps7_init
ps7_post_config
targets -set -nocase -filter {name =~ "*A9*#0"}
dow D:/ITCL_video/movDataZynq/prj_vitis/cpyData/app/Debug/app.elf
configparams force-mem-access 0
----------------End of Script----------------

23:16:24 INFO  : Context for processor 'ps7_cortexa9_0' is selected.
23:16:24 INFO  : 'con' command is executed.
23:16:24 INFO  : ----------------XSDB Script (After Launch)----------------
targets -set -nocase -filter {name =~ "*A9*#0"}
con
----------------End of Script----------------

23:16:24 INFO  : Launch script is exported to file 'D:\ITCL_video\movDataZynq\prj_vitis\cpyData\app_system\_ide\scripts\debugger_app-default.tcl'
23:17:46 INFO  : Disconnected from the channel tcfchan#16.
23:17:47 INFO  : Connected to target on host '127.0.0.1' and port '3121'.
23:17:47 INFO  : Jtag cable 'Digilent Zybo Z7 210351A6B445A' is selected.
23:17:47 INFO  : 'jtag frequency' command is executed.
23:17:48 INFO  : Context for 'APU' is selected.
23:17:48 INFO  : System reset is completed.
23:17:51 INFO  : 'after 3000' command is executed.
23:17:51 INFO  : 'targets -set -filter {jtag_cable_name =~ "Digilent Zybo Z7 210351A6B445A" && level==0 && jtag_device_ctx=="jsn-Zybo Z7-210351A6B445A-23727093-0"}' command is executed.
23:17:53 INFO  : Device configured successfully with "D:/ITCL_video/movDataZynq/prj_vitis/cpyData/app/_ide/bitstream/design_1_wrapper.bit"
23:17:53 INFO  : Context for 'APU' is selected.
23:17:53 INFO  : Hardware design and registers information is loaded from 'D:/ITCL_video/movDataZynq/prj_vitis/cpyData/platf/export/platf/hw/design_1_wrapper.xsa'.
23:17:53 INFO  : 'configparams force-mem-access 1' command is executed.
23:17:53 INFO  : Context for 'APU' is selected.
23:17:53 INFO  : Sourcing of 'D:/ITCL_video/movDataZynq/prj_vitis/cpyData/app/_ide/psinit/ps7_init.tcl' is done.
23:17:54 INFO  : 'ps7_init' command is executed.
23:17:54 INFO  : 'ps7_post_config' command is executed.
23:17:54 INFO  : Context for processor 'ps7_cortexa9_0' is selected.
23:17:56 INFO  : The application 'D:/ITCL_video/movDataZynq/prj_vitis/cpyData/app/Debug/app.elf' is downloaded to processor 'ps7_cortexa9_0'.
23:17:56 INFO  : 'configparams force-mem-access 0' command is executed.
23:17:56 INFO  : ----------------XSDB Script----------------
connect -url tcp:127.0.0.1:3121
targets -set -nocase -filter {name =~"APU*"}
rst -system
after 3000
targets -set -filter {jtag_cable_name =~ "Digilent Zybo Z7 210351A6B445A" && level==0 && jtag_device_ctx=="jsn-Zybo Z7-210351A6B445A-23727093-0"}
fpga -file D:/ITCL_video/movDataZynq/prj_vitis/cpyData/app/_ide/bitstream/design_1_wrapper.bit
targets -set -nocase -filter {name =~"APU*"}
loadhw -hw D:/ITCL_video/movDataZynq/prj_vitis/cpyData/platf/export/platf/hw/design_1_wrapper.xsa -mem-ranges [list {0x40000000 0xbfffffff}] -regs
configparams force-mem-access 1
targets -set -nocase -filter {name =~"APU*"}
source D:/ITCL_video/movDataZynq/prj_vitis/cpyData/app/_ide/psinit/ps7_init.tcl
ps7_init
ps7_post_config
targets -set -nocase -filter {name =~ "*A9*#0"}
dow D:/ITCL_video/movDataZynq/prj_vitis/cpyData/app/Debug/app.elf
configparams force-mem-access 0
----------------End of Script----------------

23:17:56 INFO  : Context for processor 'ps7_cortexa9_0' is selected.
23:17:56 INFO  : 'con' command is executed.
23:17:56 INFO  : ----------------XSDB Script (After Launch)----------------
targets -set -nocase -filter {name =~ "*A9*#0"}
con
----------------End of Script----------------

23:17:56 INFO  : Launch script is exported to file 'D:\ITCL_video\movDataZynq\prj_vitis\cpyData\app_system\_ide\scripts\debugger_app-default.tcl'
23:18:37 INFO  : Disconnected from the channel tcfchan#17.
23:18:38 INFO  : Connected to target on host '127.0.0.1' and port '3121'.
23:18:39 INFO  : Jtag cable 'Digilent Zybo Z7 210351A6B445A' is selected.
23:18:39 INFO  : 'jtag frequency' command is executed.
23:18:39 INFO  : Context for 'APU' is selected.
23:18:39 INFO  : System reset is completed.
23:18:42 INFO  : 'after 3000' command is executed.
23:18:42 INFO  : 'targets -set -filter {jtag_cable_name =~ "Digilent Zybo Z7 210351A6B445A" && level==0 && jtag_device_ctx=="jsn-Zybo Z7-210351A6B445A-23727093-0"}' command is executed.
23:18:44 INFO  : Device configured successfully with "D:/ITCL_video/movDataZynq/prj_vitis/cpyData/app/_ide/bitstream/design_1_wrapper.bit"
23:18:44 INFO  : Context for 'APU' is selected.
23:18:44 INFO  : Hardware design and registers information is loaded from 'D:/ITCL_video/movDataZynq/prj_vitis/cpyData/platf/export/platf/hw/design_1_wrapper.xsa'.
23:18:44 INFO  : 'configparams force-mem-access 1' command is executed.
23:18:44 INFO  : Context for 'APU' is selected.
23:18:44 INFO  : Sourcing of 'D:/ITCL_video/movDataZynq/prj_vitis/cpyData/app/_ide/psinit/ps7_init.tcl' is done.
23:18:45 INFO  : 'ps7_init' command is executed.
23:18:45 INFO  : 'ps7_post_config' command is executed.
23:18:45 INFO  : Context for processor 'ps7_cortexa9_0' is selected.
23:18:47 INFO  : The application 'D:/ITCL_video/movDataZynq/prj_vitis/cpyData/app/Debug/app.elf' is downloaded to processor 'ps7_cortexa9_0'.
23:18:47 INFO  : 'configparams force-mem-access 0' command is executed.
23:18:47 INFO  : ----------------XSDB Script----------------
connect -url tcp:127.0.0.1:3121
targets -set -nocase -filter {name =~"APU*"}
rst -system
after 3000
targets -set -filter {jtag_cable_name =~ "Digilent Zybo Z7 210351A6B445A" && level==0 && jtag_device_ctx=="jsn-Zybo Z7-210351A6B445A-23727093-0"}
fpga -file D:/ITCL_video/movDataZynq/prj_vitis/cpyData/app/_ide/bitstream/design_1_wrapper.bit
targets -set -nocase -filter {name =~"APU*"}
loadhw -hw D:/ITCL_video/movDataZynq/prj_vitis/cpyData/platf/export/platf/hw/design_1_wrapper.xsa -mem-ranges [list {0x40000000 0xbfffffff}] -regs
configparams force-mem-access 1
targets -set -nocase -filter {name =~"APU*"}
source D:/ITCL_video/movDataZynq/prj_vitis/cpyData/app/_ide/psinit/ps7_init.tcl
ps7_init
ps7_post_config
targets -set -nocase -filter {name =~ "*A9*#0"}
dow D:/ITCL_video/movDataZynq/prj_vitis/cpyData/app/Debug/app.elf
configparams force-mem-access 0
----------------End of Script----------------

23:18:47 INFO  : Context for processor 'ps7_cortexa9_0' is selected.
23:18:48 INFO  : 'con' command is executed.
23:18:48 INFO  : ----------------XSDB Script (After Launch)----------------
targets -set -nocase -filter {name =~ "*A9*#0"}
con
----------------End of Script----------------

23:18:48 INFO  : Launch script is exported to file 'D:\ITCL_video\movDataZynq\prj_vitis\cpyData\app_system\_ide\scripts\debugger_app-default.tcl'
08:57:29 INFO  : Disconnected from the channel tcfchan#18.
08:57:30 INFO  : Connected to target on host '127.0.0.1' and port '3121'.
08:57:30 INFO  : Jtag cable 'Digilent Zybo Z7 210351A6B445A' is selected.
08:57:30 INFO  : 'jtag frequency' command is executed.
08:57:30 INFO  : Context for 'APU' is selected.
08:57:30 INFO  : System reset is completed.
08:57:33 INFO  : 'after 3000' command is executed.
08:57:33 INFO  : 'targets -set -filter {jtag_cable_name =~ "Digilent Zybo Z7 210351A6B445A" && level==0 && jtag_device_ctx=="jsn-Zybo Z7-210351A6B445A-23727093-0"}' command is executed.
08:57:35 INFO  : Device configured successfully with "D:/ITCL_video/movDataZynq/prj_vitis/cpyData/app/_ide/bitstream/design_1_wrapper.bit"
08:57:35 INFO  : Context for 'APU' is selected.
08:57:36 INFO  : Hardware design and registers information is loaded from 'D:/ITCL_video/movDataZynq/prj_vitis/cpyData/platf/export/platf/hw/design_1_wrapper.xsa'.
08:57:36 INFO  : 'configparams force-mem-access 1' command is executed.
08:57:36 INFO  : Context for 'APU' is selected.
08:57:36 INFO  : Sourcing of 'D:/ITCL_video/movDataZynq/prj_vitis/cpyData/app/_ide/psinit/ps7_init.tcl' is done.
08:57:36 INFO  : 'ps7_init' command is executed.
08:57:36 INFO  : 'ps7_post_config' command is executed.
08:57:36 INFO  : Context for processor 'ps7_cortexa9_0' is selected.
08:57:37 INFO  : The application 'D:/ITCL_video/movDataZynq/prj_vitis/cpyData/app/Debug/app.elf' is downloaded to processor 'ps7_cortexa9_0'.
08:57:37 INFO  : 'configparams force-mem-access 0' command is executed.
08:57:37 INFO  : ----------------XSDB Script----------------
connect -url tcp:127.0.0.1:3121
targets -set -nocase -filter {name =~"APU*"}
rst -system
after 3000
targets -set -filter {jtag_cable_name =~ "Digilent Zybo Z7 210351A6B445A" && level==0 && jtag_device_ctx=="jsn-Zybo Z7-210351A6B445A-23727093-0"}
fpga -file D:/ITCL_video/movDataZynq/prj_vitis/cpyData/app/_ide/bitstream/design_1_wrapper.bit
targets -set -nocase -filter {name =~"APU*"}
loadhw -hw D:/ITCL_video/movDataZynq/prj_vitis/cpyData/platf/export/platf/hw/design_1_wrapper.xsa -mem-ranges [list {0x40000000 0xbfffffff}] -regs
configparams force-mem-access 1
targets -set -nocase -filter {name =~"APU*"}
source D:/ITCL_video/movDataZynq/prj_vitis/cpyData/app/_ide/psinit/ps7_init.tcl
ps7_init
ps7_post_config
targets -set -nocase -filter {name =~ "*A9*#0"}
dow D:/ITCL_video/movDataZynq/prj_vitis/cpyData/app/Debug/app.elf
configparams force-mem-access 0
----------------End of Script----------------

08:57:38 INFO  : Context for processor 'ps7_cortexa9_0' is selected.
08:57:38 INFO  : 'con' command is executed.
08:57:38 INFO  : ----------------XSDB Script (After Launch)----------------
targets -set -nocase -filter {name =~ "*A9*#0"}
con
----------------End of Script----------------

08:57:38 INFO  : Launch script is exported to file 'D:\ITCL_video\movDataZynq\prj_vitis\cpyData\app_system\_ide\scripts\debugger_app-default.tcl'
09:21:13 INFO  : Checking for BSP changes to sync application flags for project 'app'...
09:21:28 INFO  : Disconnected from the channel tcfchan#19.
09:21:29 INFO  : 'targets -set -filter {jtag_cable_name =~ "Digilent Zybo Z7 210351A6B445A" && level==0 && jtag_device_ctx=="jsn-Zybo Z7-210351A6B445A-23727093-0"}' command is executed.
09:21:29 INFO  : 'fpga -state' command is executed.
09:21:29 INFO  : Connected to target on host '127.0.0.1' and port '3121'.
09:21:29 INFO  : Jtag cable 'Digilent Zybo Z7 210351A6B445A' is selected.
09:21:29 INFO  : 'jtag frequency' command is executed.
09:21:29 INFO  : Context for 'APU' is selected.
09:21:29 INFO  : Hardware design and registers information is loaded from 'D:/ITCL_video/movDataZynq/prj_vitis/cpyData/platf/export/platf/hw/design_1_wrapper.xsa'.
09:21:29 INFO  : 'configparams force-mem-access 1' command is executed.
09:21:29 INFO  : Context for 'APU' is selected.
09:21:29 INFO  : 'stop' command is executed.
09:21:29 INFO  : Context for processor 'ps7_cortexa9_0' is selected.
09:21:29 INFO  : Processor reset is completed for 'ps7_cortexa9_0'.
09:21:29 INFO  : Context for processor 'ps7_cortexa9_0' is selected.
09:21:31 INFO  : The application 'D:/ITCL_video/movDataZynq/prj_vitis/cpyData/app/Debug/app.elf' is downloaded to processor 'ps7_cortexa9_0'.
09:21:31 INFO  : 'configparams force-mem-access 0' command is executed.
09:21:31 INFO  : ----------------XSDB Script----------------
connect -url tcp:127.0.0.1:3121
targets -set -nocase -filter {name =~"APU*"}
loadhw -hw D:/ITCL_video/movDataZynq/prj_vitis/cpyData/platf/export/platf/hw/design_1_wrapper.xsa -mem-ranges [list {0x40000000 0xbfffffff}] -regs
configparams force-mem-access 1
targets -set -nocase -filter {name =~"APU*"}
stop
targets -set -nocase -filter {name =~ "*A9*#0"}
rst -processor
targets -set -nocase -filter {name =~ "*A9*#0"}
dow D:/ITCL_video/movDataZynq/prj_vitis/cpyData/app/Debug/app.elf
configparams force-mem-access 0
----------------End of Script----------------

09:21:31 INFO  : Context for processor 'ps7_cortexa9_0' is selected.
09:21:31 INFO  : 'con' command is executed.
09:21:31 INFO  : ----------------XSDB Script (After Launch)----------------
targets -set -nocase -filter {name =~ "*A9*#0"}
con
----------------End of Script----------------

09:21:31 INFO  : Launch script is exported to file 'D:\ITCL_video\movDataZynq\prj_vitis\cpyData\app_system\_ide\scripts\app-noreset.tcl'
09:22:01 INFO  : Checking for BSP changes to sync application flags for project 'app'...
09:22:41 INFO  : Disconnected from the channel tcfchan#20.
09:22:42 INFO  : Connected to target on host '127.0.0.1' and port '3121'.
09:22:42 INFO  : Jtag cable 'Digilent Zybo Z7 210351A6B445A' is selected.
09:22:42 INFO  : 'jtag frequency' command is executed.
09:22:42 INFO  : Context for 'APU' is selected.
09:22:43 INFO  : System reset is completed.
09:22:46 INFO  : 'after 3000' command is executed.
09:22:46 INFO  : 'targets -set -filter {jtag_cable_name =~ "Digilent Zybo Z7 210351A6B445A" && level==0 && jtag_device_ctx=="jsn-Zybo Z7-210351A6B445A-23727093-0"}' command is executed.
09:22:48 INFO  : Device configured successfully with "D:/ITCL_video/movDataZynq/prj_vitis/cpyData/app/_ide/bitstream/design_1_wrapper.bit"
09:22:48 INFO  : Context for 'APU' is selected.
09:22:48 INFO  : Hardware design and registers information is loaded from 'D:/ITCL_video/movDataZynq/prj_vitis/cpyData/platf/export/platf/hw/design_1_wrapper.xsa'.
09:22:48 INFO  : 'configparams force-mem-access 1' command is executed.
09:22:48 INFO  : Context for 'APU' is selected.
09:22:48 INFO  : Sourcing of 'D:/ITCL_video/movDataZynq/prj_vitis/cpyData/app/_ide/psinit/ps7_init.tcl' is done.
09:22:49 INFO  : 'ps7_init' command is executed.
09:22:49 INFO  : 'ps7_post_config' command is executed.
09:22:49 INFO  : Context for processor 'ps7_cortexa9_0' is selected.
09:22:50 INFO  : The application 'D:/ITCL_video/movDataZynq/prj_vitis/cpyData/app/Debug/app.elf' is downloaded to processor 'ps7_cortexa9_0'.
09:22:50 INFO  : 'configparams force-mem-access 0' command is executed.
09:22:50 INFO  : ----------------XSDB Script----------------
connect -url tcp:127.0.0.1:3121
targets -set -nocase -filter {name =~"APU*"}
rst -system
after 3000
targets -set -filter {jtag_cable_name =~ "Digilent Zybo Z7 210351A6B445A" && level==0 && jtag_device_ctx=="jsn-Zybo Z7-210351A6B445A-23727093-0"}
fpga -file D:/ITCL_video/movDataZynq/prj_vitis/cpyData/app/_ide/bitstream/design_1_wrapper.bit
targets -set -nocase -filter {name =~"APU*"}
loadhw -hw D:/ITCL_video/movDataZynq/prj_vitis/cpyData/platf/export/platf/hw/design_1_wrapper.xsa -mem-ranges [list {0x40000000 0xbfffffff}] -regs
configparams force-mem-access 1
targets -set -nocase -filter {name =~"APU*"}
source D:/ITCL_video/movDataZynq/prj_vitis/cpyData/app/_ide/psinit/ps7_init.tcl
ps7_init
ps7_post_config
targets -set -nocase -filter {name =~ "*A9*#0"}
dow D:/ITCL_video/movDataZynq/prj_vitis/cpyData/app/Debug/app.elf
configparams force-mem-access 0
----------------End of Script----------------

09:22:50 INFO  : Context for processor 'ps7_cortexa9_0' is selected.
09:22:50 INFO  : 'con' command is executed.
09:22:50 INFO  : ----------------XSDB Script (After Launch)----------------
targets -set -nocase -filter {name =~ "*A9*#0"}
con
----------------End of Script----------------

09:22:50 INFO  : Launch script is exported to file 'D:\ITCL_video\movDataZynq\prj_vitis\cpyData\app_system\_ide\scripts\debugger_app-default.tcl'
09:23:34 INFO  : Disconnected from the channel tcfchan#21.
09:23:35 INFO  : Connected to target on host '127.0.0.1' and port '3121'.
09:23:35 INFO  : Jtag cable 'Digilent Zybo Z7 210351A6B445A' is selected.
09:23:35 INFO  : 'jtag frequency' command is executed.
09:23:35 INFO  : Context for 'APU' is selected.
09:23:35 INFO  : System reset is completed.
09:23:38 INFO  : 'after 3000' command is executed.
09:23:38 INFO  : 'targets -set -filter {jtag_cable_name =~ "Digilent Zybo Z7 210351A6B445A" && level==0 && jtag_device_ctx=="jsn-Zybo Z7-210351A6B445A-23727093-0"}' command is executed.
09:23:41 INFO  : Device configured successfully with "D:/ITCL_video/movDataZynq/prj_vitis/cpyData/app/_ide/bitstream/design_1_wrapper.bit"
09:23:41 INFO  : Context for 'APU' is selected.
09:23:41 INFO  : Hardware design and registers information is loaded from 'D:/ITCL_video/movDataZynq/prj_vitis/cpyData/platf/export/platf/hw/design_1_wrapper.xsa'.
09:23:41 INFO  : 'configparams force-mem-access 1' command is executed.
09:23:41 INFO  : Context for 'APU' is selected.
09:23:41 INFO  : Sourcing of 'D:/ITCL_video/movDataZynq/prj_vitis/cpyData/app/_ide/psinit/ps7_init.tcl' is done.
09:23:42 INFO  : 'ps7_init' command is executed.
09:23:42 INFO  : 'ps7_post_config' command is executed.
09:23:42 INFO  : Context for processor 'ps7_cortexa9_0' is selected.
09:23:43 INFO  : The application 'D:/ITCL_video/movDataZynq/prj_vitis/cpyData/app/Debug/app.elf' is downloaded to processor 'ps7_cortexa9_0'.
09:23:43 INFO  : 'configparams force-mem-access 0' command is executed.
09:23:43 INFO  : ----------------XSDB Script----------------
connect -url tcp:127.0.0.1:3121
targets -set -nocase -filter {name =~"APU*"}
rst -system
after 3000
targets -set -filter {jtag_cable_name =~ "Digilent Zybo Z7 210351A6B445A" && level==0 && jtag_device_ctx=="jsn-Zybo Z7-210351A6B445A-23727093-0"}
fpga -file D:/ITCL_video/movDataZynq/prj_vitis/cpyData/app/_ide/bitstream/design_1_wrapper.bit
targets -set -nocase -filter {name =~"APU*"}
loadhw -hw D:/ITCL_video/movDataZynq/prj_vitis/cpyData/platf/export/platf/hw/design_1_wrapper.xsa -mem-ranges [list {0x40000000 0xbfffffff}] -regs
configparams force-mem-access 1
targets -set -nocase -filter {name =~"APU*"}
source D:/ITCL_video/movDataZynq/prj_vitis/cpyData/app/_ide/psinit/ps7_init.tcl
ps7_init
ps7_post_config
targets -set -nocase -filter {name =~ "*A9*#0"}
dow D:/ITCL_video/movDataZynq/prj_vitis/cpyData/app/Debug/app.elf
configparams force-mem-access 0
----------------End of Script----------------

09:23:43 INFO  : Context for processor 'ps7_cortexa9_0' is selected.
09:23:43 INFO  : 'con' command is executed.
09:23:43 INFO  : ----------------XSDB Script (After Launch)----------------
targets -set -nocase -filter {name =~ "*A9*#0"}
con
----------------End of Script----------------

09:23:43 INFO  : Launch script is exported to file 'D:\ITCL_video\movDataZynq\prj_vitis\cpyData\app_system\_ide\scripts\debugger_app-default.tcl'
09:27:46 INFO  : Disconnected from the channel tcfchan#22.
09:27:47 INFO  : Connected to target on host '127.0.0.1' and port '3121'.
09:27:48 INFO  : Jtag cable 'Digilent Zybo Z7 210351A6B445A' is selected.
09:27:48 INFO  : 'jtag frequency' command is executed.
09:27:48 INFO  : Context for 'APU' is selected.
09:27:48 INFO  : System reset is completed.
09:27:51 INFO  : 'after 3000' command is executed.
09:27:51 INFO  : 'targets -set -filter {jtag_cable_name =~ "Digilent Zybo Z7 210351A6B445A" && level==0 && jtag_device_ctx=="jsn-Zybo Z7-210351A6B445A-23727093-0"}' command is executed.
09:27:53 INFO  : Device configured successfully with "D:/ITCL_video/movDataZynq/prj_vitis/cpyData/app/_ide/bitstream/design_1_wrapper.bit"
09:27:53 INFO  : Context for 'APU' is selected.
09:27:54 INFO  : Hardware design and registers information is loaded from 'D:/ITCL_video/movDataZynq/prj_vitis/cpyData/platf/export/platf/hw/design_1_wrapper.xsa'.
09:27:54 INFO  : 'configparams force-mem-access 1' command is executed.
09:27:54 INFO  : Context for 'APU' is selected.
09:27:54 INFO  : Sourcing of 'D:/ITCL_video/movDataZynq/prj_vitis/cpyData/app/_ide/psinit/ps7_init.tcl' is done.
09:27:54 INFO  : 'ps7_init' command is executed.
09:27:54 INFO  : 'ps7_post_config' command is executed.
09:27:54 INFO  : Context for processor 'ps7_cortexa9_0' is selected.
09:27:56 INFO  : The application 'D:/ITCL_video/movDataZynq/prj_vitis/cpyData/app/Debug/app.elf' is downloaded to processor 'ps7_cortexa9_0'.
09:27:56 INFO  : 'configparams force-mem-access 0' command is executed.
09:27:56 INFO  : ----------------XSDB Script----------------
connect -url tcp:127.0.0.1:3121
targets -set -nocase -filter {name =~"APU*"}
rst -system
after 3000
targets -set -filter {jtag_cable_name =~ "Digilent Zybo Z7 210351A6B445A" && level==0 && jtag_device_ctx=="jsn-Zybo Z7-210351A6B445A-23727093-0"}
fpga -file D:/ITCL_video/movDataZynq/prj_vitis/cpyData/app/_ide/bitstream/design_1_wrapper.bit
targets -set -nocase -filter {name =~"APU*"}
loadhw -hw D:/ITCL_video/movDataZynq/prj_vitis/cpyData/platf/export/platf/hw/design_1_wrapper.xsa -mem-ranges [list {0x40000000 0xbfffffff}] -regs
configparams force-mem-access 1
targets -set -nocase -filter {name =~"APU*"}
source D:/ITCL_video/movDataZynq/prj_vitis/cpyData/app/_ide/psinit/ps7_init.tcl
ps7_init
ps7_post_config
targets -set -nocase -filter {name =~ "*A9*#0"}
dow D:/ITCL_video/movDataZynq/prj_vitis/cpyData/app/Debug/app.elf
configparams force-mem-access 0
----------------End of Script----------------

09:27:56 INFO  : Context for processor 'ps7_cortexa9_0' is selected.
09:27:56 INFO  : 'con' command is executed.
09:27:56 INFO  : ----------------XSDB Script (After Launch)----------------
targets -set -nocase -filter {name =~ "*A9*#0"}
con
----------------End of Script----------------

09:27:56 INFO  : Launch script is exported to file 'D:\ITCL_video\movDataZynq\prj_vitis\cpyData\app_system\_ide\scripts\debugger_app-default.tcl'
09:52:58 INFO  : Checking for BSP changes to sync application flags for project 'app'...
09:53:15 INFO  : Disconnected from the channel tcfchan#23.
09:53:16 INFO  : Connected to target on host '127.0.0.1' and port '3121'.
09:53:17 INFO  : Jtag cable 'Digilent Zybo Z7 210351A6B445A' is selected.
09:53:17 INFO  : 'jtag frequency' command is executed.
09:53:17 INFO  : Context for 'APU' is selected.
09:53:17 INFO  : System reset is completed.
09:53:20 INFO  : 'after 3000' command is executed.
09:53:21 INFO  : 'targets -set -filter {jtag_cable_name =~ "Digilent Zybo Z7 210351A6B445A" && level==0 && jtag_device_ctx=="jsn-Zybo Z7-210351A6B445A-23727093-0"}' command is executed.
09:53:23 INFO  : Device configured successfully with "D:/ITCL_video/movDataZynq/prj_vitis/cpyData/app/_ide/bitstream/design_1_wrapper.bit"
09:53:23 INFO  : Context for 'APU' is selected.
09:53:23 INFO  : Hardware design and registers information is loaded from 'D:/ITCL_video/movDataZynq/prj_vitis/cpyData/platf/export/platf/hw/design_1_wrapper.xsa'.
09:53:23 INFO  : 'configparams force-mem-access 1' command is executed.
09:53:23 INFO  : Context for 'APU' is selected.
09:53:23 INFO  : Sourcing of 'D:/ITCL_video/movDataZynq/prj_vitis/cpyData/app/_ide/psinit/ps7_init.tcl' is done.
09:53:23 INFO  : 'ps7_init' command is executed.
09:53:24 INFO  : 'ps7_post_config' command is executed.
09:53:24 INFO  : Context for processor 'ps7_cortexa9_0' is selected.
09:53:25 INFO  : The application 'D:/ITCL_video/movDataZynq/prj_vitis/cpyData/app/Debug/app.elf' is downloaded to processor 'ps7_cortexa9_0'.
09:53:25 INFO  : 'configparams force-mem-access 0' command is executed.
09:53:25 INFO  : ----------------XSDB Script----------------
connect -url tcp:127.0.0.1:3121
targets -set -nocase -filter {name =~"APU*"}
rst -system
after 3000
targets -set -filter {jtag_cable_name =~ "Digilent Zybo Z7 210351A6B445A" && level==0 && jtag_device_ctx=="jsn-Zybo Z7-210351A6B445A-23727093-0"}
fpga -file D:/ITCL_video/movDataZynq/prj_vitis/cpyData/app/_ide/bitstream/design_1_wrapper.bit
targets -set -nocase -filter {name =~"APU*"}
loadhw -hw D:/ITCL_video/movDataZynq/prj_vitis/cpyData/platf/export/platf/hw/design_1_wrapper.xsa -mem-ranges [list {0x40000000 0xbfffffff}] -regs
configparams force-mem-access 1
targets -set -nocase -filter {name =~"APU*"}
source D:/ITCL_video/movDataZynq/prj_vitis/cpyData/app/_ide/psinit/ps7_init.tcl
ps7_init
ps7_post_config
targets -set -nocase -filter {name =~ "*A9*#0"}
dow D:/ITCL_video/movDataZynq/prj_vitis/cpyData/app/Debug/app.elf
configparams force-mem-access 0
----------------End of Script----------------

09:53:25 INFO  : Context for processor 'ps7_cortexa9_0' is selected.
09:53:25 INFO  : 'con' command is executed.
09:53:25 INFO  : ----------------XSDB Script (After Launch)----------------
targets -set -nocase -filter {name =~ "*A9*#0"}
con
----------------End of Script----------------

09:53:25 INFO  : Launch script is exported to file 'D:\ITCL_video\movDataZynq\prj_vitis\cpyData\app_system\_ide\scripts\debugger_app-default.tcl'
18:29:49 INFO  : Disconnected from the channel tcfchan#24.
