
*** Running vivado
    with args -log design_1_auto_pc_1.vds -m64 -product Vivado -mode batch -messageDb vivado.pb -notrace -source design_1_auto_pc_1.tcl



****** Vivado v2023.1 (64-bit)
  **** SW Build 3865809 on Sun May  7 15:05:29 MDT 2023
  **** IP Build 3864474 on Sun May  7 20:36:21 MDT 2023
  **** SharedData Build 3865790 on Sun May 07 13:33:03 MDT 2023
    ** Copyright 1986-2022 Xilinx, Inc. All Rights Reserved.
    ** Copyright 2022-2023 Advanced Micro Devices, Inc. All Rights Reserved.

source design_1_auto_pc_1.tcl -notrace
create_project: Time (s): cpu = 00:00:14 ; elapsed = 00:00:19 . Memory (MB): peak = 1440.285 ; gain = 152.980
INFO: [IP_Flow 19-234] Refreshing IP repositories
INFO: [IP_Flow 19-1700] Loaded user IP repository 'd:/ITCL_video/movDataZynq/prj_hls'.
INFO: [IP_Flow 19-2313] Loaded Vivado IP repository 'C:/Xilinx/Vivado/2023.1/data/ip'.
INFO: [IP_Flow 19-6924] IPCACHE: Running cache check for IP inst: design_1_auto_pc_1
INFO: [IP_Flow 19-6922] IPCACHE: Exporting cached entry 5deed624134f982c to dir: d:/ITCL_video/movDataZynq/prj_vivado/path_thr/path_thr.runs/design_1_auto_pc_1_synth_1
INFO: [IP_Flow 19-6928] IPCACHE: copied cached file d:/ITCL_video/movDataZynq/prj_vivado/path_thr/path_thr.cache/ip/2023.1/5/d/5deed624134f982c/design_1_auto_pc_2.dcp to d:/ITCL_video/movDataZynq/prj_vivado/path_thr/path_thr.runs/design_1_auto_pc_1_synth_1/design_1_auto_pc_1.dcp.
INFO: [IP_Flow 19-6928] IPCACHE: copied cached file d:/ITCL_video/movDataZynq/prj_vivado/path_thr/path_thr.cache/ip/2023.1/5/d/5deed624134f982c/design_1_auto_pc_2_sim_netlist.v to d:/ITCL_video/movDataZynq/prj_vivado/path_thr/path_thr.runs/design_1_auto_pc_1_synth_1/design_1_auto_pc_1_sim_netlist.v.
INFO: [IP_Flow 19-6928] IPCACHE: copied cached file d:/ITCL_video/movDataZynq/prj_vivado/path_thr/path_thr.cache/ip/2023.1/5/d/5deed624134f982c/design_1_auto_pc_2_sim_netlist.vhdl to d:/ITCL_video/movDataZynq/prj_vivado/path_thr/path_thr.runs/design_1_auto_pc_1_synth_1/design_1_auto_pc_1_sim_netlist.vhdl.
INFO: [IP_Flow 19-6928] IPCACHE: copied cached file d:/ITCL_video/movDataZynq/prj_vivado/path_thr/path_thr.cache/ip/2023.1/5/d/5deed624134f982c/design_1_auto_pc_2_stub.v to d:/ITCL_video/movDataZynq/prj_vivado/path_thr/path_thr.runs/design_1_auto_pc_1_synth_1/design_1_auto_pc_1_stub.v.
INFO: [IP_Flow 19-6928] IPCACHE: copied cached file d:/ITCL_video/movDataZynq/prj_vivado/path_thr/path_thr.cache/ip/2023.1/5/d/5deed624134f982c/design_1_auto_pc_2_stub.vhdl to d:/ITCL_video/movDataZynq/prj_vivado/path_thr/path_thr.runs/design_1_auto_pc_1_synth_1/design_1_auto_pc_1_stub.vhdl.
INFO: [IP_Flow 19-4838] Using cached IP synthesis design for IP design_1_auto_pc_1, cache-ID = 5deed624134f982c.
INFO: [Common 17-206] Exiting Vivado at Wed Aug 30 10:54:27 2023...
