
*** Running vivado
    with args -log design_1_colector_display_0_0.vds -m64 -product Vivado -mode batch -messageDb vivado.pb -notrace -source design_1_colector_display_0_0.tcl



****** Vivado v2023.1 (64-bit)
  **** SW Build 3865809 on Sun May  7 15:05:29 MDT 2023
  **** IP Build 3864474 on Sun May  7 20:36:21 MDT 2023
  **** SharedData Build 3865790 on Sun May 07 13:33:03 MDT 2023
    ** Copyright 1986-2022 Xilinx, Inc. All Rights Reserved.
    ** Copyright 2022-2023 Advanced Micro Devices, Inc. All Rights Reserved.

source design_1_colector_display_0_0.tcl -notrace
create_project: Time (s): cpu = 00:00:26 ; elapsed = 00:00:34 . Memory (MB): peak = 1446.867 ; gain = 160.719
INFO: [IP_Flow 19-234] Refreshing IP repositories
INFO: [IP_Flow 19-1700] Loaded user IP repository 'd:/ITCL_video/movDataZynq/prj_hls'.
INFO: [IP_Flow 19-2313] Loaded Vivado IP repository 'C:/Xilinx/Vivado/2023.1/data/ip'.
INFO: [IP_Flow 19-6924] IPCACHE: Running cache check for IP inst: design_1_colector_display_0_0
Command: synth_design -top design_1_colector_display_0_0 -part xc7z020clg400-1 -incremental_mode off -mode out_of_context
Starting synth_design
Attempting to get a license for feature 'Synthesis' and/or device 'xc7z020'
INFO: [Common 17-349] Got license for feature 'Synthesis' and/or device 'xc7z020'
INFO: [Device 21-403] Loading part xc7z020clg400-1
INFO: [Synth 8-7079] Multithreading enabled for synth_design using a maximum of 2 processes.
INFO: [Synth 8-7078] Launching helper process for spawning children vivado processes
INFO: [Synth 8-7075] Helper process launched with PID 37176
---------------------------------------------------------------------------------
Starting RTL Elaboration : Time (s): cpu = 00:00:13 ; elapsed = 00:00:20 . Memory (MB): peak = 2301.871 ; gain = 410.047
---------------------------------------------------------------------------------
INFO: [Synth 8-6157] synthesizing module 'design_1_colector_display_0_0' [d:/ITCL_video/movDataZynq/prj_vivado/proj_4HP_2GP/proj_4HP_2GP.gen/sources_1/bd/design_1/ip/design_1_colector_display_0_0/synth/design_1_colector_display_0_0.v:53]
INFO: [Synth 8-6157] synthesizing module 'colector_display' [d:/ITCL_video/movDataZynq/prj_vivado/proj_4HP_2GP/proj_4HP_2GP.gen/sources_1/bd/design_1/ipshared/8b1d/hdl/verilog/colector_display.v:9]
INFO: [Synth 8-6157] synthesizing module 'colector_display_Axi_lite_s_axi' [d:/ITCL_video/movDataZynq/prj_vivado/proj_4HP_2GP/proj_4HP_2GP.gen/sources_1/bd/design_1/ipshared/8b1d/hdl/verilog/colector_display_Axi_lite_s_axi.v:9]
INFO: [Synth 8-155] case statement is not full and has no default [d:/ITCL_video/movDataZynq/prj_vivado/proj_4HP_2GP/proj_4HP_2GP.gen/sources_1/bd/design_1/ipshared/8b1d/hdl/verilog/colector_display_Axi_lite_s_axi.v:200]
INFO: [Synth 8-6155] done synthesizing module 'colector_display_Axi_lite_s_axi' (0#1) [d:/ITCL_video/movDataZynq/prj_vivado/proj_4HP_2GP/proj_4HP_2GP.gen/sources_1/bd/design_1/ipshared/8b1d/hdl/verilog/colector_display_Axi_lite_s_axi.v:9]
INFO: [Synth 8-6157] synthesizing module 'colector_display_regslice_both' [d:/ITCL_video/movDataZynq/prj_vivado/proj_4HP_2GP/proj_4HP_2GP.gen/sources_1/bd/design_1/ipshared/8b1d/hdl/verilog/colector_display_regslice_both.v:11]
INFO: [Synth 8-6155] done synthesizing module 'colector_display_regslice_both' (0#1) [d:/ITCL_video/movDataZynq/prj_vivado/proj_4HP_2GP/proj_4HP_2GP.gen/sources_1/bd/design_1/ipshared/8b1d/hdl/verilog/colector_display_regslice_both.v:11]
INFO: [Synth 8-6157] synthesizing module 'colector_display_regslice_both__parameterized0' [d:/ITCL_video/movDataZynq/prj_vivado/proj_4HP_2GP/proj_4HP_2GP.gen/sources_1/bd/design_1/ipshared/8b1d/hdl/verilog/colector_display_regslice_both.v:11]
INFO: [Synth 8-6155] done synthesizing module 'colector_display_regslice_both__parameterized0' (0#1) [d:/ITCL_video/movDataZynq/prj_vivado/proj_4HP_2GP/proj_4HP_2GP.gen/sources_1/bd/design_1/ipshared/8b1d/hdl/verilog/colector_display_regslice_both.v:11]
INFO: [Synth 8-6157] synthesizing module 'colector_display_regslice_both__parameterized1' [d:/ITCL_video/movDataZynq/prj_vivado/proj_4HP_2GP/proj_4HP_2GP.gen/sources_1/bd/design_1/ipshared/8b1d/hdl/verilog/colector_display_regslice_both.v:11]
INFO: [Synth 8-6155] done synthesizing module 'colector_display_regslice_both__parameterized1' (0#1) [d:/ITCL_video/movDataZynq/prj_vivado/proj_4HP_2GP/proj_4HP_2GP.gen/sources_1/bd/design_1/ipshared/8b1d/hdl/verilog/colector_display_regslice_both.v:11]
INFO: [Synth 8-6155] done synthesizing module 'colector_display' (0#1) [d:/ITCL_video/movDataZynq/prj_vivado/proj_4HP_2GP/proj_4HP_2GP.gen/sources_1/bd/design_1/ipshared/8b1d/hdl/verilog/colector_display.v:9]
INFO: [Synth 8-6155] done synthesizing module 'design_1_colector_display_0_0' (0#1) [d:/ITCL_video/movDataZynq/prj_vivado/proj_4HP_2GP/proj_4HP_2GP.gen/sources_1/bd/design_1/ip/design_1_colector_display_0_0/synth/design_1_colector_display_0_0.v:53]
WARNING: [Synth 8-6014] Unused sequential element rows_counter_reg was removed.  [d:/ITCL_video/movDataZynq/prj_vivado/proj_4HP_2GP/proj_4HP_2GP.gen/sources_1/bd/design_1/ipshared/8b1d/hdl/verilog/colector_display.v:349]
WARNING: [Synth 8-6014] Unused sequential element columns_counter_reg was removed.  [d:/ITCL_video/movDataZynq/prj_vivado/proj_4HP_2GP/proj_4HP_2GP.gen/sources_1/bd/design_1/ipshared/8b1d/hdl/verilog/colector_display.v:359]
WARNING: [Synth 8-6014] Unused sequential element input_data_last_reg_414_reg was removed.  [d:/ITCL_video/movDataZynq/prj_vivado/proj_4HP_2GP/proj_4HP_2GP.gen/sources_1/bd/design_1/ipshared/8b1d/hdl/verilog/colector_display.v:367]
WARNING: [Synth 8-6014] Unused sequential element input_data_user_reg_410_reg was removed.  [d:/ITCL_video/movDataZynq/prj_vivado/proj_4HP_2GP/proj_4HP_2GP.gen/sources_1/bd/design_1/ipshared/8b1d/hdl/verilog/colector_display.v:368]
WARNING: [Synth 8-6014] Unused sequential element image_wr_reg was removed.  [d:/ITCL_video/movDataZynq/prj_vivado/proj_4HP_2GP/proj_4HP_2GP.gen/sources_1/bd/design_1/ipshared/8b1d/hdl/verilog/colector_display.v:380]
---------------------------------------------------------------------------------
Finished RTL Elaboration : Time (s): cpu = 00:00:20 ; elapsed = 00:00:30 . Memory (MB): peak = 2401.582 ; gain = 509.758
---------------------------------------------------------------------------------
---------------------------------------------------------------------------------
Start Handling Custom Attributes
---------------------------------------------------------------------------------
---------------------------------------------------------------------------------
Finished Handling Custom Attributes : Time (s): cpu = 00:00:20 ; elapsed = 00:00:30 . Memory (MB): peak = 2419.492 ; gain = 527.668
---------------------------------------------------------------------------------
---------------------------------------------------------------------------------
Finished RTL Optimization Phase 1 : Time (s): cpu = 00:00:20 ; elapsed = 00:00:30 . Memory (MB): peak = 2419.492 ; gain = 527.668
---------------------------------------------------------------------------------
Netlist sorting complete. Time (s): cpu = 00:00:00 ; elapsed = 00:00:00.097 . Memory (MB): peak = 2419.492 ; gain = 0.000
INFO: [Project 1-570] Preparing netlist for logic optimization

Processing XDC Constraints
Initializing timing engine
Parsing XDC File [d:/ITCL_video/movDataZynq/prj_vivado/proj_4HP_2GP/proj_4HP_2GP.gen/sources_1/bd/design_1/ip/design_1_colector_display_0_0/constraints/colector_display_ooc.xdc] for cell 'inst'
Finished Parsing XDC File [d:/ITCL_video/movDataZynq/prj_vivado/proj_4HP_2GP/proj_4HP_2GP.gen/sources_1/bd/design_1/ip/design_1_colector_display_0_0/constraints/colector_display_ooc.xdc] for cell 'inst'
Parsing XDC File [d:/ITCL_video/movDataZynq/prj_vivado/proj_4HP_2GP/proj_4HP_2GP.runs/design_1_colector_display_0_0_synth_1/dont_touch.xdc]
Finished Parsing XDC File [d:/ITCL_video/movDataZynq/prj_vivado/proj_4HP_2GP/proj_4HP_2GP.runs/design_1_colector_display_0_0_synth_1/dont_touch.xdc]
Completed Processing XDC Constraints

Netlist sorting complete. Time (s): cpu = 00:00:00 ; elapsed = 00:00:00.001 . Memory (MB): peak = 2532.156 ; gain = 0.000
INFO: [Project 1-111] Unisim Transformation Summary:
No Unisim elements were transformed.

Constraint Validation Runtime : Time (s): cpu = 00:00:00 ; elapsed = 00:00:00.149 . Memory (MB): peak = 2532.156 ; gain = 0.000
INFO: [Designutils 20-5008] Incremental synthesis strategy off
---------------------------------------------------------------------------------
Finished Constraint Validation : Time (s): cpu = 00:00:51 ; elapsed = 00:01:10 . Memory (MB): peak = 2532.156 ; gain = 640.332
---------------------------------------------------------------------------------
---------------------------------------------------------------------------------
Start Loading Part and Timing Information
---------------------------------------------------------------------------------
Loading part: xc7z020clg400-1
---------------------------------------------------------------------------------
Finished Loading Part and Timing Information : Time (s): cpu = 00:00:51 ; elapsed = 00:01:10 . Memory (MB): peak = 2532.156 ; gain = 640.332
---------------------------------------------------------------------------------
---------------------------------------------------------------------------------
Start Applying 'set_property' XDC Constraints
---------------------------------------------------------------------------------
Applied set_property KEEP_HIERARCHY = SOFT for inst. (constraint file  d:/ITCL_video/movDataZynq/prj_vivado/proj_4HP_2GP/proj_4HP_2GP.runs/design_1_colector_display_0_0_synth_1/dont_touch.xdc, line 9).
---------------------------------------------------------------------------------
Finished applying 'set_property' XDC Constraints : Time (s): cpu = 00:00:51 ; elapsed = 00:01:10 . Memory (MB): peak = 2532.156 ; gain = 640.332
---------------------------------------------------------------------------------
INFO: [Synth 8-802] inferred FSM for state register 'wstate_reg' in module 'colector_display_Axi_lite_s_axi'
INFO: [Synth 8-802] inferred FSM for state register 'rstate_reg' in module 'colector_display_Axi_lite_s_axi'
---------------------------------------------------------------------------------------------------
                   State |                     New Encoding |                Previous Encoding 
---------------------------------------------------------------------------------------------------
                  iSTATE |                             0001 |                               11
*
                  WRIDLE |                             0010 |                               00
                  WRDATA |                             0100 |                               01
                  WRRESP |                             1000 |                               10
---------------------------------------------------------------------------------------------------
INFO: [Synth 8-3354] encoded FSM with state register 'wstate_reg' using encoding 'one-hot' in module 'colector_display_Axi_lite_s_axi'
---------------------------------------------------------------------------------------------------
                   State |                     New Encoding |                Previous Encoding 
---------------------------------------------------------------------------------------------------
                  iSTATE |                              001 |                               10
*
                  RDIDLE |                              010 |                               00
                  RDDATA |                              100 |                               01
---------------------------------------------------------------------------------------------------
INFO: [Synth 8-3354] encoded FSM with state register 'rstate_reg' using encoding 'one-hot' in module 'colector_display_Axi_lite_s_axi'
---------------------------------------------------------------------------------
Finished RTL Optimization Phase 2 : Time (s): cpu = 00:00:52 ; elapsed = 00:01:12 . Memory (MB): peak = 2532.156 ; gain = 640.332
---------------------------------------------------------------------------------
---------------------------------------------------------------------------------
Start RTL Component Statistics 
---------------------------------------------------------------------------------
Detailed RTL Component Info : 
+---Adders : 
	   3 Input   64 Bit       Adders := 1     
	   2 Input   32 Bit       Adders := 2     
+---Registers : 
	               64 Bit    Registers := 4     
	               32 Bit    Registers := 5     
	                8 Bit    Registers := 4     
	                7 Bit    Registers := 1     
	                2 Bit    Registers := 7     
	                1 Bit    Registers := 28    
+---Muxes : 
	   2 Input   64 Bit        Muxes := 2     
	   2 Input    8 Bit        Muxes := 2     
	   4 Input    4 Bit        Muxes := 1     
	   2 Input    4 Bit        Muxes := 3     
	   3 Input    3 Bit        Muxes := 1     
	   2 Input    3 Bit        Muxes := 2     
	   2 Input    2 Bit        Muxes := 7     
	   4 Input    2 Bit        Muxes := 7     
	   2 Input    1 Bit        Muxes := 14    
---------------------------------------------------------------------------------
Finished RTL Component Statistics 
---------------------------------------------------------------------------------
---------------------------------------------------------------------------------
Start Part Resource Summary
---------------------------------------------------------------------------------
Part Resources:
DSPs: 220 (col length:60)
BRAMs: 280 (col length: RAMB18 60 RAMB36 30)
---------------------------------------------------------------------------------
Finished Part Resource Summary
---------------------------------------------------------------------------------
---------------------------------------------------------------------------------
Start Cross Boundary and Area Optimization
---------------------------------------------------------------------------------
WARNING: [Synth 8-7080] Parallel synthesis criteria is not met
WARNING: [Synth 8-7129] Port strm_in_TKEEP[7] in module colector_display is either unconnected or has no load
WARNING: [Synth 8-7129] Port strm_in_TKEEP[6] in module colector_display is either unconnected or has no load
WARNING: [Synth 8-7129] Port strm_in_TKEEP[5] in module colector_display is either unconnected or has no load
WARNING: [Synth 8-7129] Port strm_in_TKEEP[4] in module colector_display is either unconnected or has no load
WARNING: [Synth 8-7129] Port strm_in_TKEEP[3] in module colector_display is either unconnected or has no load
WARNING: [Synth 8-7129] Port strm_in_TKEEP[2] in module colector_display is either unconnected or has no load
WARNING: [Synth 8-7129] Port strm_in_TKEEP[1] in module colector_display is either unconnected or has no load
WARNING: [Synth 8-7129] Port strm_in_TKEEP[0] in module colector_display is either unconnected or has no load
WARNING: [Synth 8-7129] Port strm_in_TSTRB[7] in module colector_display is either unconnected or has no load
WARNING: [Synth 8-7129] Port strm_in_TSTRB[6] in module colector_display is either unconnected or has no load
WARNING: [Synth 8-7129] Port strm_in_TSTRB[5] in module colector_display is either unconnected or has no load
WARNING: [Synth 8-7129] Port strm_in_TSTRB[4] in module colector_display is either unconnected or has no load
WARNING: [Synth 8-7129] Port strm_in_TSTRB[3] in module colector_display is either unconnected or has no load
WARNING: [Synth 8-7129] Port strm_in_TSTRB[2] in module colector_display is either unconnected or has no load
WARNING: [Synth 8-7129] Port strm_in_TSTRB[1] in module colector_display is either unconnected or has no load
WARNING: [Synth 8-7129] Port strm_in_TSTRB[0] in module colector_display is either unconnected or has no load
WARNING: [Synth 8-3332] Sequential element (Axi_lite_s_axi_U/FSM_onehot_wstate_reg[0]) is unused and will be removed from module colector_display.
WARNING: [Synth 8-3332] Sequential element (Axi_lite_s_axi_U/FSM_onehot_rstate_reg[0]) is unused and will be removed from module colector_display.
---------------------------------------------------------------------------------
Finished Cross Boundary and Area Optimization : Time (s): cpu = 00:01:01 ; elapsed = 00:01:25 . Memory (MB): peak = 2532.156 ; gain = 640.332
---------------------------------------------------------------------------------
---------------------------------------------------------------------------------
Start Applying XDC Timing Constraints
---------------------------------------------------------------------------------
---------------------------------------------------------------------------------
Finished Applying XDC Timing Constraints : Time (s): cpu = 00:01:12 ; elapsed = 00:01:43 . Memory (MB): peak = 2532.156 ; gain = 640.332
---------------------------------------------------------------------------------
---------------------------------------------------------------------------------
Start Timing Optimization
---------------------------------------------------------------------------------
---------------------------------------------------------------------------------
Finished Timing Optimization : Time (s): cpu = 00:01:16 ; elapsed = 00:01:47 . Memory (MB): peak = 2532.156 ; gain = 640.332
---------------------------------------------------------------------------------
---------------------------------------------------------------------------------
Start Technology Mapping
---------------------------------------------------------------------------------
---------------------------------------------------------------------------------
Finished Technology Mapping : Time (s): cpu = 00:01:17 ; elapsed = 00:01:48 . Memory (MB): peak = 2532.156 ; gain = 640.332
---------------------------------------------------------------------------------
---------------------------------------------------------------------------------
Start IO Insertion
---------------------------------------------------------------------------------
---------------------------------------------------------------------------------
Start Flattening Before IO Insertion
---------------------------------------------------------------------------------
---------------------------------------------------------------------------------
Finished Flattening Before IO Insertion
---------------------------------------------------------------------------------
---------------------------------------------------------------------------------
Start Final Netlist Cleanup
---------------------------------------------------------------------------------
---------------------------------------------------------------------------------
Finished Final Netlist Cleanup
---------------------------------------------------------------------------------
---------------------------------------------------------------------------------
Finished IO Insertion : Time (s): cpu = 00:01:29 ; elapsed = 00:02:05 . Memory (MB): peak = 2532.156 ; gain = 640.332
---------------------------------------------------------------------------------
---------------------------------------------------------------------------------
Start Renaming Generated Instances
---------------------------------------------------------------------------------
---------------------------------------------------------------------------------
Finished Renaming Generated Instances : Time (s): cpu = 00:01:29 ; elapsed = 00:02:05 . Memory (MB): peak = 2532.156 ; gain = 640.332
---------------------------------------------------------------------------------
---------------------------------------------------------------------------------
Start Rebuilding User Hierarchy
---------------------------------------------------------------------------------
---------------------------------------------------------------------------------
Finished Rebuilding User Hierarchy : Time (s): cpu = 00:01:29 ; elapsed = 00:02:05 . Memory (MB): peak = 2532.156 ; gain = 640.332
---------------------------------------------------------------------------------
---------------------------------------------------------------------------------
Start Renaming Generated Ports
---------------------------------------------------------------------------------
---------------------------------------------------------------------------------
Finished Renaming Generated Ports : Time (s): cpu = 00:01:29 ; elapsed = 00:02:05 . Memory (MB): peak = 2532.156 ; gain = 640.332
---------------------------------------------------------------------------------
---------------------------------------------------------------------------------
Start Handling Custom Attributes
---------------------------------------------------------------------------------
---------------------------------------------------------------------------------
Finished Handling Custom Attributes : Time (s): cpu = 00:01:29 ; elapsed = 00:02:05 . Memory (MB): peak = 2532.156 ; gain = 640.332
---------------------------------------------------------------------------------
---------------------------------------------------------------------------------
Start Renaming Generated Nets
---------------------------------------------------------------------------------
---------------------------------------------------------------------------------
Finished Renaming Generated Nets : Time (s): cpu = 00:01:29 ; elapsed = 00:02:05 . Memory (MB): peak = 2532.156 ; gain = 640.332
---------------------------------------------------------------------------------
---------------------------------------------------------------------------------
Start Writing Synthesis Report
---------------------------------------------------------------------------------

Report BlackBoxes: 
+-+--------------+----------+
| |BlackBox name |Instances |
+-+--------------+----------+
+-+--------------+----------+

Report Cell Usage: 
+------+-------+------+
|      |Cell   |Count |
+------+-------+------+
|1     |CARRY4 |    51|
|2     |LUT1   |     4|
|3     |LUT2   |     9|
|4     |LUT3   |    72|
|5     |LUT4   |    72|
|6     |LUT5   |    38|
|7     |LUT6   |   144|
|8     |FDRE   |   505|
|9     |FDSE   |     2|
+------+-------+------+
---------------------------------------------------------------------------------
Finished Writing Synthesis Report : Time (s): cpu = 00:01:29 ; elapsed = 00:02:05 . Memory (MB): peak = 2532.156 ; gain = 640.332
---------------------------------------------------------------------------------
Synthesis finished with 0 errors, 0 critical warnings and 19 warnings.
Synthesis Optimization Runtime : Time (s): cpu = 00:01:01 ; elapsed = 00:01:55 . Memory (MB): peak = 2532.156 ; gain = 527.668
Synthesis Optimization Complete : Time (s): cpu = 00:01:29 ; elapsed = 00:02:05 . Memory (MB): peak = 2532.156 ; gain = 640.332
INFO: [Project 1-571] Translating synthesized netlist
Netlist sorting complete. Time (s): cpu = 00:00:00 ; elapsed = 00:00:00.055 . Memory (MB): peak = 2532.156 ; gain = 0.000
INFO: [Netlist 29-17] Analyzing 51 Unisim elements for replacement
INFO: [Netlist 29-28] Unisim Transformation completed in 0 CPU seconds
INFO: [Project 1-570] Preparing netlist for logic optimization
INFO: [Opt 31-138] Pushed 0 inverter(s) to 0 load pin(s).
Netlist sorting complete. Time (s): cpu = 00:00:00 ; elapsed = 00:00:00 . Memory (MB): peak = 2532.156 ; gain = 0.000
INFO: [Project 1-111] Unisim Transformation Summary:
No Unisim elements were transformed.

Synth Design complete | Checksum: 1d855999
INFO: [Common 17-83] Releasing license: Synthesis
36 Infos, 24 Warnings, 0 Critical Warnings and 0 Errors encountered.
synth_design completed successfully
synth_design: Time (s): cpu = 00:01:47 ; elapsed = 00:02:54 . Memory (MB): peak = 2532.156 ; gain = 1044.504
INFO: [Common 17-600] The following parameters have non-default value.
tcl.collectionResultDisplayLimit
INFO: [Common 17-1381] The checkpoint 'd:/ITCL_video/movDataZynq/prj_vivado/proj_4HP_2GP/proj_4HP_2GP.runs/design_1_colector_display_0_0_synth_1/design_1_colector_display_0_0.dcp' has been generated.
INFO: [Coretcl 2-1648] Added synthesis output to IP cache for IP design_1_colector_display_0_0, cache-ID = 0de7458f0e96093a
INFO: [Coretcl 2-1174] Renamed 4 cell refs.
INFO: [Common 17-1381] The checkpoint 'd:/ITCL_video/movDataZynq/prj_vivado/proj_4HP_2GP/proj_4HP_2GP.runs/design_1_colector_display_0_0_synth_1/design_1_colector_display_0_0.dcp' has been generated.
INFO: [runtcl-4] Executing : report_utilization -file design_1_colector_display_0_0_utilization_synth.rpt -pb design_1_colector_display_0_0_utilization_synth.pb
INFO: [Common 17-206] Exiting Vivado at Sun Sep  3 11:17:47 2023...
