
*** Running vivado
    with args -log design_1_axis_data_fifo_0_0.vds -m64 -product Vivado -mode batch -messageDb vivado.pb -notrace -source design_1_axis_data_fifo_0_0.tcl



****** Vivado v2023.1 (64-bit)
  **** SW Build 3865809 on Sun May  7 15:05:29 MDT 2023
  **** IP Build 3864474 on Sun May  7 20:36:21 MDT 2023
  **** SharedData Build 3865790 on Sun May 07 13:33:03 MDT 2023
    ** Copyright 1986-2022 Xilinx, Inc. All Rights Reserved.
    ** Copyright 2022-2023 Advanced Micro Devices, Inc. All Rights Reserved.

source design_1_axis_data_fifo_0_0.tcl -notrace
create_project: Time (s): cpu = 00:00:19 ; elapsed = 00:00:29 . Memory (MB): peak = 1446.027 ; gain = 158.508
INFO: [IP_Flow 19-234] Refreshing IP repositories
INFO: [IP_Flow 19-1700] Loaded user IP repository 'd:/ITCL_video/movDataZynq/prj_hls'.
INFO: [IP_Flow 19-2313] Loaded Vivado IP repository 'C:/Xilinx/Vivado/2023.1/data/ip'.
INFO: [IP_Flow 19-6924] IPCACHE: Running cache check for IP inst: design_1_axis_data_fifo_0_0
INFO: [IP_Flow 19-6922] IPCACHE: Exporting cached entry 2f2ccc5f99762ff3 to dir: d:/ITCL_video/movDataZynq/prj_vivado/proj_4HP_2GP/proj_4HP_2GP.runs/design_1_axis_data_fifo_0_0_synth_1
INFO: [IP_Flow 19-6928] IPCACHE: copied cached file d:/ITCL_video/movDataZynq/prj_vivado/proj_4HP_2GP/proj_4HP_2GP.cache/ip/2023.1/2/f/2f2ccc5f99762ff3/design_1_axis_data_fifo_1_0.dcp to d:/ITCL_video/movDataZynq/prj_vivado/proj_4HP_2GP/proj_4HP_2GP.runs/design_1_axis_data_fifo_0_0_synth_1/design_1_axis_data_fifo_0_0.dcp.
INFO: [IP_Flow 19-6928] IPCACHE: copied cached file d:/ITCL_video/movDataZynq/prj_vivado/proj_4HP_2GP/proj_4HP_2GP.cache/ip/2023.1/2/f/2f2ccc5f99762ff3/design_1_axis_data_fifo_1_0_sim_netlist.v to d:/ITCL_video/movDataZynq/prj_vivado/proj_4HP_2GP/proj_4HP_2GP.runs/design_1_axis_data_fifo_0_0_synth_1/design_1_axis_data_fifo_0_0_sim_netlist.v.
INFO: [IP_Flow 19-6928] IPCACHE: copied cached file d:/ITCL_video/movDataZynq/prj_vivado/proj_4HP_2GP/proj_4HP_2GP.cache/ip/2023.1/2/f/2f2ccc5f99762ff3/design_1_axis_data_fifo_1_0_sim_netlist.vhdl to d:/ITCL_video/movDataZynq/prj_vivado/proj_4HP_2GP/proj_4HP_2GP.runs/design_1_axis_data_fifo_0_0_synth_1/design_1_axis_data_fifo_0_0_sim_netlist.vhdl.
INFO: [IP_Flow 19-6928] IPCACHE: copied cached file d:/ITCL_video/movDataZynq/prj_vivado/proj_4HP_2GP/proj_4HP_2GP.cache/ip/2023.1/2/f/2f2ccc5f99762ff3/design_1_axis_data_fifo_1_0_stub.v to d:/ITCL_video/movDataZynq/prj_vivado/proj_4HP_2GP/proj_4HP_2GP.runs/design_1_axis_data_fifo_0_0_synth_1/design_1_axis_data_fifo_0_0_stub.v.
INFO: [IP_Flow 19-6928] IPCACHE: copied cached file d:/ITCL_video/movDataZynq/prj_vivado/proj_4HP_2GP/proj_4HP_2GP.cache/ip/2023.1/2/f/2f2ccc5f99762ff3/design_1_axis_data_fifo_1_0_stub.vhdl to d:/ITCL_video/movDataZynq/prj_vivado/proj_4HP_2GP/proj_4HP_2GP.runs/design_1_axis_data_fifo_0_0_synth_1/design_1_axis_data_fifo_0_0_stub.vhdl.
INFO: [IP_Flow 19-4838] Using cached IP synthesis design for IP design_1_axis_data_fifo_0_0, cache-ID = 2f2ccc5f99762ff3.
INFO: [Common 17-206] Exiting Vivado at Sun Sep  3 11:06:08 2023...
